#
# A fatal error has been detected by the Java Runtime Environment:
#
#  EXCEPTION_ACCESS_VIOLATION (0xc0000005) at pc=0x00007ff84e98150a, pid=8480, tid=4392
#
# JRE version: OpenJDK Runtime Environment (11.0.8+10) (build 11.0.8+10-b944.6842174)
# Java VM: OpenJDK 64-Bit Server VM (11.0.8+10-b944.6842174, mixed mode, tiered, compressed oops, g1 gc, windows-amd64)
# Problematic frame:
# V  [jvm.dll+0x70150a]
#
# No core dump will be written. Minidumps are not enabled by default on client versions of Windows
#
# If you would like to submit a bug report, please visit:
#   https://bugreport.java.com/bugreport/crash.jsp
#

---------------  S U M M A R Y ------------

Command Line: --add-opens=java.base/java.util=ALL-UNNAMED --add-opens=java.base/java.lang=ALL-UNNAMED --add-opens=java.base/java.lang.invoke=ALL-UNNAMED --add-opens=java.prefs/java.util.prefs=ALL-UNNAMED -Xmx2048m -Dfile.encoding=UTF-8 -Duser.country=US -Duser.language=en -Duser.variant org.gradle.launcher.daemon.bootstrap.GradleDaemon 6.7.1

Host: Intel(R) Core(TM) i3-2310M CPU @ 2.10GHz, 4 cores, 3G,  Windows 10 , 64 bit Build 19041 (10.0.19041.1023)
Time: Sun Jul 25 14:08:15 2021 Iran Daylight Time elapsed time: 8 seconds (0d 0h 0m 8s)

---------------  T H R E A D  ---------------

Current thread (0x0000029fc70b6000):  JavaThread "Daemon worker" [_thread_in_vm, id=4392, stack(0x000000d75f600000,0x000000d75f700000)]

Stack: [0x000000d75f600000,0x000000d75f700000],  sp=0x000000d75f6f97a0,  free space=997k
Native frames: (J=compiled Java code, j=interpreted, Vv=VM code, C=native code)
V  [jvm.dll+0x70150a]
V  [jvm.dll+0x700c7c]
V  [jvm.dll+0x35b91f]
V  [jvm.dll+0x35ac44]
V  [jvm.dll+0x35abe8]
V  [jvm.dll+0x368327]
C  0x0000029faf17e5bd

Java frames: (J=compiled Java code, j=interpreted, Vv=VM code)
j  org.gradle.api.internal.artifacts.repositories.resolver.AbstractResourcePattern.<init>(Ljava/lang/String;)V+1
j  org.gradle.api.internal.artifacts.repositories.resolver.IvyResourcePattern.<init>(Ljava/lang/String;)V+2
j  org.gradle.internal.resource.local.ivy.LocallyAvailableResourceFinderFactory.addForPattern(Ljava/util/List;Ljava/lang/String;)V+150
j  org.gradle.internal.resource.local.ivy.LocallyAvailableResourceFinderFactory.create()Lorg/gradle/internal/resource/local/LocallyAvailableResourceFinder;+36
j  org.gradle.api.internal.artifacts.DependencyManagementBuildScopeServices.createArtifactRevisionIdLocallyAvailableResourceFinder(Lorg/gradle/api/internal/artifacts/ivyservice/ArtifactCachesProvider;Lorg/gradle/api/internal/artifacts/mvnsettings/LocalMavenRepositoryLocator;Lorg/gradle/api/internal/artifacts/ivyservice/modulecache/FileStoreAndIndexProvider;Lorg/gradle/internal/hash/ChecksumService;)Lorg/gradle/internal/resource/local/LocallyAvailableResourceFinder;+19
v  ~StubRoutines::call_stub
J 2170  jdk.internal.reflect.NativeMethodAccessorImpl.invoke0(Ljava/lang/reflect/Method;Ljava/lang/Object;[Ljava/lang/Object;)Ljava/lang/Object; java.base@11.0.8 (0 bytes) @ 0x0000029fb6d05b3f [0x0000029fb6d05ac0+0x000000000000007f]
J 2169 c1 jdk.internal.reflect.NativeMethodAccessorImpl.invoke(Ljava/lang/Object;[Ljava/lang/Object;)Ljava/lang/Object; java.base@11.0.8 (104 bytes) @ 0x0000029fafaefe24 [0x0000029fafaef240+0x0000000000000be4]
J 1602 c1 jdk.internal.reflect.DelegatingMethodAccessorImpl.invoke(Ljava/lang/Object;[Ljava/lang/Object;)Ljava/lang/Object; java.base@11.0.8 (10 bytes) @ 0x0000029fafa3833c [0x0000029fafa38240+0x00000000000000fc]
J 2242 c1 org.gradle.internal.reflect.JavaMethod.invoke(Ljava/lang/Object;[Ljava/lang/Object;)Ljava/lang/Object; (74 bytes) @ 0x0000029fafb151dc [0x0000029fafb14e40+0x000000000000039c]
J 2241 c1 org.gradle.internal.service.ReflectionBasedServiceMethod.invoke(Ljava/lang/Object;[Ljava/lang/Object;)Ljava/lang/Object; (16 bytes) @ 0x0000029fafb1486c [0x0000029fafb147e0+0x000000000000008c]
J 2245 c1 org.gradle.internal.service.DefaultServiceRegistry$FactoryMethodService.invokeMethod([Ljava/lang/Object;)Ljava/lang/Object; (151 bytes) @ 0x0000029fafb18034 [0x0000029fafb17f20+0x0000000000000114]
J 2238 c1 org.gradle.internal.service.DefaultServiceRegistry$FactoryService.create()Ljava/lang/Object; (18 bytes) @ 0x0000029fafb1408c [0x0000029fafb13f60+0x000000000000012c]
J 1822 c1 org.gradle.internal.service.DefaultServiceRegistry$ManagedObjectServiceProvider.getInstance()Ljava/lang/Object; (81 bytes) @ 0x0000029faf849ca4 [0x0000029faf849a60+0x0000000000000244]
J 1821 c1 org.gradle.internal.service.DefaultServiceRegistry$SingletonService.get()Ljava/lang/Object; (5 bytes) @ 0x0000029faf7f79b4 [0x0000029faf7f7940+0x0000000000000074]
J 2239 c1 org.gradle.internal.service.DefaultServiceRegistry$FactoryService.assembleParameters()[Ljava/lang/Object; (58 bytes) @ 0x0000029fafb137ac [0x0000029fafb13580+0x000000000000022c]
J 2238 c1 org.gradle.internal.service.DefaultServiceRegistry$FactoryService.create()Ljava/lang/Object; (18 bytes) @ 0x0000029fafb13fdc [0x0000029fafb13f60+0x000000000000007c]
J 1822 c1 org.gradle.internal.service.DefaultServiceRegistry$ManagedObjectServiceProvider.getInstance()Ljava/lang/Object; (81 bytes) @ 0x0000029faf849ca4 [0x0000029faf849a60+0x0000000000000244]
J 1821 c1 org.gradle.internal.service.DefaultServiceRegistry$SingletonService.get()Ljava/lang/Object; (5 bytes) @ 0x0000029faf7f79b4 [0x0000029faf7f7940+0x0000000000000074]
J 2239 c1 org.gradle.internal.service.DefaultServiceRegistry$FactoryService.assembleParameters()[Ljava/lang/Object; (58 bytes) @ 0x0000029fafb137ac [0x0000029fafb13580+0x000000000000022c]
J 2238 c1 org.gradle.internal.service.DefaultServiceRegistry$FactoryService.create()Ljava/lang/Object; (18 bytes) @ 0x0000029fafb13fdc [0x0000029fafb13f60+0x000000000000007c]
J 1822 c1 org.gradle.internal.service.DefaultServiceRegistry$ManagedObjectServiceProvider.getInstance()Ljava/lang/Object; (81 bytes) @ 0x0000029faf849ca4 [0x0000029faf849a60+0x0000000000000244]
J 1821 c1 org.gradle.internal.service.DefaultServiceRegistry$SingletonService.get()Ljava/lang/Object; (5 bytes) @ 0x0000029faf7f79b4 [0x0000029faf7f7940+0x0000000000000074]
J 2239 c1 org.gradle.internal.service.DefaultServiceRegistry$FactoryService.assembleParameters()[Ljava/lang/Object; (58 bytes) @ 0x0000029fafb137ac [0x0000029fafb13580+0x000000000000022c]
J 2238 c1 org.gradle.internal.service.DefaultServiceRegistry$FactoryService.create()Ljava/lang/Object; (18 bytes) @ 0x0000029fafb13fdc [0x0000029fafb13f60+0x000000000000007c]
J 1822 c1 org.gradle.internal.service.DefaultServiceRegistry$ManagedObjectServiceProvider.getInstance()Ljava/lang/Object; (81 bytes) @ 0x0000029faf849ca4 [0x0000029faf849a60+0x0000000000000244]
J 1821 c1 org.gradle.internal.service.DefaultServiceRegistry$SingletonService.get()Ljava/lang/Object; (5 bytes) @ 0x0000029faf7f79b4 [0x0000029faf7f7940+0x0000000000000074]
J 2239 c1 org.gradle.internal.service.DefaultServiceRegistry$FactoryService.assembleParameters()[Ljava/lang/Object; (58 bytes) @ 0x0000029fafb137ac [0x0000029fafb13580+0x000000000000022c]
J 2238 c1 org.gradle.internal.service.DefaultServiceRegistry$FactoryService.create()Ljava/lang/Object; (18 bytes) @ 0x0000029fafb13fdc [0x0000029fafb13f60+0x000000000000007c]
J 1822 c1 org.gradle.internal.service.DefaultServiceRegistry$ManagedObjectServiceProvider.getInstance()Ljava/lang/Object; (81 bytes) @ 0x0000029faf849ca4 [0x0000029faf849a60+0x0000000000000244]
J 1821 c1 org.gradle.internal.service.DefaultServiceRegistry$SingletonService.get()Ljava/lang/Object; (5 bytes) @ 0x0000029faf7f79b4 [0x0000029faf7f7940+0x0000000000000074]
J 2239 c1 org.gradle.internal.service.DefaultServiceRegistry$FactoryService.assembleParameters()[Ljava/lang/Object; (58 bytes) @ 0x0000029fafb137ac [0x0000029fafb13580+0x000000000000022c]
J 2238 c1 org.gradle.internal.service.DefaultServiceRegistry$FactoryService.create()Ljava/lang/Object; (18 bytes) @ 0x0000029fafb13fdc [0x0000029fafb13f60+0x000000000000007c]
J 1822 c1 org.gradle.internal.service.DefaultServiceRegistry$ManagedObjectServiceProvider.getInstance()Ljava/lang/Object; (81 bytes) @ 0x0000029faf849ca4 [0x0000029faf849a60+0x0000000000000244]
J 1821 c1 org.gradle.internal.service.DefaultServiceRegistry$SingletonService.get()Ljava/lang/Object; (5 bytes) @ 0x0000029faf7f79b4 [0x0000029faf7f7940+0x0000000000000074]
j  org.gradle.internal.service.DefaultServiceRegistry.find(Ljava/lang/reflect/Type;)Ljava/lang/Object;+22
j  org.gradle.internal.service.DefaultServiceRegistry.get(Ljava/lang/reflect/Type;)Ljava/lang/Object;+2
j  org.gradle.internal.service.DefaultServiceRegistry.get(Ljava/lang/Class;)Ljava/lang/Object;+3
j  org.gradle.api.internal.artifacts.DefaultDependencyManagementServices$DefaultDependencyResolutionServices.getDependencyLockingHandler()Lorg/gradle/api/artifacts/dsl/DependencyLockingHandler;+6
j  org.gradle.api.internal.initialization.DefaultScriptHandler.<init>(Lorg/gradle/groovy/scripts/ScriptSource;Lorg/gradle/api/internal/artifacts/DependencyResolutionServices;Lorg/gradle/api/internal/initialization/ClassLoaderScope;Lorg/gradle/api/internal/initialization/ScriptClassPathResolver;Lorg/gradle/api/internal/model/NamedObjectInstantiator;)V+43
j  org.gradle.api.internal.initialization.DefaultScriptHandlerFactory.create(Lorg/gradle/groovy/scripts/ScriptSource;Lorg/gradle/api/internal/initialization/ClassLoaderScope;Lorg/gradle/api/internal/DomainObjectContext;)Lorg/gradle/api/internal/initialization/ScriptHandlerInternal;+44
j  org.gradle.api.internal.initialization.DefaultScriptHandlerFactory.create(Lorg/gradle/groovy/scripts/ScriptSource;Lorg/gradle/api/internal/initialization/ClassLoaderScope;)Lorg/gradle/api/internal/initialization/ScriptHandlerInternal;+6
j  org.gradle.initialization.SettingsFactory.createSettings(Lorg/gradle/api/internal/GradleInternal;Ljava/io/File;Lorg/gradle/groovy/scripts/ScriptSource;Ljava/util/Map;Lorg/gradle/StartParameter;Lorg/gradle/api/internal/initialization/ClassLoaderScope;)Lorg/gradle/api/internal/SettingsInternal;+18
j  org.gradle.initialization.ScriptEvaluatingSettingsProcessor.process(Lorg/gradle/api/internal/GradleInternal;Lorg/gradle/initialization/SettingsLocation;Lorg/gradle/api/internal/initialization/ClassLoaderScope;Lorg/gradle/StartParameter;)Lorg/gradle/api/internal/SettingsInternal;+59
j  org.gradle.initialization.SettingsEvaluatedCallbackFiringSettingsProcessor.process(Lorg/gradle/api/internal/GradleInternal;Lorg/gradle/initialization/SettingsLocation;Lorg/gradle/api/internal/initialization/ClassLoaderScope;Lorg/gradle/StartParameter;)Lorg/gradle/api/internal/SettingsInternal;+9
j  org.gradle.initialization.RootBuildCacheControllerSettingsProcessor.process(Lorg/gradle/api/internal/GradleInternal;Lorg/gradle/initialization/SettingsLocation;Lorg/gradle/api/internal/initialization/ClassLoaderScope;Lorg/gradle/StartParameter;)Lorg/gradle/api/internal/SettingsInternal;+9
j  org.gradle.initialization.BuildOperationSettingsProcessor$2.call(Lorg/gradle/internal/operations/BuildOperationContext;)Lorg/gradle/api/internal/SettingsInternal;+23
j  org.gradle.initialization.BuildOperationSettingsProcessor$2.call(Lorg/gradle/internal/operations/BuildOperationContext;)Ljava/lang/Object;+2
j  org.gradle.internal.operations.DefaultBuildOperationRunner$CallableBuildOperationWorker.execute(Lorg/gradle/internal/operations/CallableBuildOperation;Lorg/gradle/internal/operations/BuildOperationContext;)V+3
j  org.gradle.internal.operations.DefaultBuildOperationRunner$CallableBuildOperationWorker.execute(Lorg/gradle/internal/operations/BuildOperation;Lorg/gradle/internal/operations/BuildOperationContext;)V+6
j  org.gradle.internal.operations.DefaultBuildOperationRunner$3.execute(Lorg/gradle/internal/operations/BuildOperationDescriptor;Lorg/gradle/internal/operations/BuildOperationState;Lorg/gradle/internal/operations/BuildOperationState;Lorg/gradle/internal/operations/DefaultBuildOperationRunner$ReadableBuildOperationContext;Lorg/gradle/internal/operations/DefaultBuildOperationRunner$BuildOperationExecutionListener;)Lorg/gradle/internal/operations/BuildOperation;+22
j  org.gradle.internal.operations.DefaultBuildOperationRunner$3.execute(Lorg/gradle/internal/operations/BuildOperationDescriptor;Lorg/gradle/internal/operations/BuildOperationState;Lorg/gradle/internal/operations/BuildOperationState;Lorg/gradle/internal/operations/DefaultBuildOperationRunner$ReadableBuildOperationContext;Lorg/gradle/internal/operations/DefaultBuildOperationRunner$BuildOperationExecutionListener;)Ljava/lang/Object;+8
j  org.gradle.internal.operations.DefaultBuildOperationRunner.execute(Lorg/gradle/internal/operations/BuildOperationDescriptor$Builder;Lorg/gradle/internal/operations/BuildOperationState;Lorg/gradle/internal/operations/DefaultBuildOperationRunner$BuildOperationExecution;)Ljava/lang/Object;+134
j  org.gradle.internal.operations.DefaultBuildOperationRunner.execute(Lorg/gradle/internal/operations/BuildOperation;Lorg/gradle/internal/operations/BuildOperationWorker;Lorg/gradle/internal/operations/BuildOperationState;)V+18
j  org.gradle.internal.operations.DefaultBuildOperationRunner.call(Lorg/gradle/internal/operations/CallableBuildOperation;)Ljava/lang/Object;+16
j  org.gradle.internal.operations.DefaultBuildOperationExecutor.lambda$call$2(Lorg/gradle/internal/operations/CallableBuildOperation;Lorg/gradle/internal/operations/BuildOperationState;)Ljava/lang/Object;+5
j  org.gradle.internal.operations.DefaultBuildOperationExecutor$$Lambda$140.apply(Ljava/lang/Object;)Ljava/lang/Object;+12
j  org.gradle.internal.operations.UnmanagedBuildOperationWrapper.callWithUnmanagedSupport(Lorg/gradle/internal/operations/BuildOperationState;Ljava/util/function/Function;)Ljava/lang/Object;+8
j  org.gradle.internal.operations.DefaultBuildOperationExecutor.call(Lorg/gradle/internal/operations/CallableBuildOperation;)Ljava/lang/Object;+15
j  org.gradle.initialization.BuildOperationSettingsProcessor.process(Lorg/gradle/api/internal/GradleInternal;Lorg/gradle/initialization/SettingsLocation;Lorg/gradle/api/internal/initialization/ClassLoaderScope;Lorg/gradle/StartParameter;)Lorg/gradle/api/internal/SettingsInternal;+17
j  org.gradle.initialization.DefaultSettingsLoader.findSettingsAndLoadIfAppropriate(Lorg/gradle/api/internal/GradleInternal;Lorg/gradle/StartParameter;Lorg/gradle/initialization/SettingsLocation;Lorg/gradle/api/internal/initialization/ClassLoaderScope;)Lorg/gradle/api/internal/SettingsInternal;+9
j  org.gradle.initialization.DefaultSettingsLoader.findAndLoadSettings(Lorg/gradle/api/internal/GradleInternal;)Lorg/gradle/api/internal/SettingsInternal;+38
j  org.gradle.initialization.SettingsAttachingSettingsLoader.findAndLoadSettings(Lorg/gradle/api/internal/GradleInternal;)Lorg/gradle/api/internal/SettingsInternal;+5
j  org.gradle.internal.composite.CommandLineIncludedBuildSettingsLoader.findAndLoadSettings(Lorg/gradle/api/internal/GradleInternal;)Lorg/gradle/api/internal/SettingsInternal;+5
j  org.gradle.internal.composite.ChildBuildRegisteringSettingsLoader.findAndLoadSettings(Lorg/gradle/api/internal/GradleInternal;)Lorg/gradle/api/internal/SettingsInternal;+5
j  org.gradle.internal.composite.CompositeBuildSettingsLoader.findAndLoadSettings(Lorg/gradle/api/internal/GradleInternal;)Lorg/gradle/api/internal/SettingsInternal;+5
j  org.gradle.initialization.DefaultSettingsPreparer.prepareSettings(Lorg/gradle/api/internal/GradleInternal;)V+41
j  org.gradle.initialization.BuildOperationFiringSettingsPreparer$LoadBuild.doLoadBuild()V+11
j  org.gradle.initialization.BuildOperationFiringSettingsPreparer$LoadBuild.run(Lorg/gradle/internal/operations/BuildOperationContext;)V+1
j  org.gradle.internal.operations.DefaultBuildOperationRunner$1.execute(Lorg/gradle/internal/operations/RunnableBuildOperation;Lorg/gradle/internal/operations/BuildOperationContext;)V+2
j  org.gradle.internal.operations.DefaultBuildOperationRunner$1.execute(Lorg/gradle/internal/operations/BuildOperation;Lorg/gradle/internal/operations/BuildOperationContext;)V+6
j  org.gradle.internal.operations.DefaultBuildOperationRunner$3.execute(Lorg/gradle/internal/operations/BuildOperationDescriptor;Lorg/gradle/internal/operations/BuildOperationState;Lorg/gradle/internal/operations/BuildOperationState;Lorg/gradle/internal/operations/DefaultBuildOperationRunner$ReadableBuildOperationContext;Lorg/gradle/internal/operations/DefaultBuildOperationRunner$BuildOperationExecutionListener;)Lorg/gradle/internal/operations/BuildOperation;+22
j  org.gradle.internal.operations.DefaultBuildOperationRunner$3.execute(Lorg/gradle/internal/operations/BuildOperationDescriptor;Lorg/gradle/internal/operations/BuildOperationState;Lorg/gradle/internal/operations/BuildOperationState;Lorg/gradle/internal/operations/DefaultBuildOperationRunner$ReadableBuildOperationContext;Lorg/gradle/internal/operations/DefaultBuildOperationRunner$BuildOperationExecutionListener;)Ljava/lang/Object;+8
j  org.gradle.internal.operations.DefaultBuildOperationRunner.execute(Lorg/gradle/internal/operations/BuildOperationDescriptor$Builder;Lorg/gradle/internal/operations/BuildOperationState;Lorg/gradle/internal/operations/DefaultBuildOperationRunner$BuildOperationExecution;)Ljava/lang/Object;+134
j  org.gradle.internal.operations.DefaultBuildOperationRunner.execute(Lorg/gradle/internal/operations/BuildOperation;Lorg/gradle/internal/operations/BuildOperationWorker;Lorg/gradle/internal/operations/BuildOperationState;)V+18
j  org.gradle.internal.operations.DefaultBuildOperationRunner.run(Lorg/gradle/internal/operations/RunnableBuildOperation;)V+9
j  org.gradle.internal.operations.DefaultBuildOperationExecutor.lambda$run$1(Lorg/gradle/internal/operations/RunnableBuildOperation;Lorg/gradle/internal/operations/BuildOperationState;)V+5
j  org.gradle.internal.operations.DefaultBuildOperationExecutor$$Lambda$144.accept(Ljava/lang/Object;)V+12
j  org.gradle.internal.operations.UnmanagedBuildOperationWrapper.runWithUnmanagedSupport(Lorg/gradle/internal/operations/BuildOperationState;Ljava/util/function/Consumer;)V+8
j  org.gradle.internal.operations.DefaultBuildOperationExecutor.run(Lorg/gradle/internal/operations/RunnableBuildOperation;)V+15
j  org.gradle.initialization.BuildOperationFiringSettingsPreparer.prepareSettings(Lorg/gradle/api/internal/GradleInternal;)V+13
j  org.gradle.initialization.DefaultGradleLauncher.prepareSettings()V+28
j  org.gradle.initialization.DefaultGradleLauncher.doClassicBuildStages(Lorg/gradle/initialization/DefaultGradleLauncher$Stage;)V+17
j  org.gradle.initialization.DefaultGradleLauncher.doBuildStages(Lorg/gradle/initialization/DefaultGradleLauncher$Stage;)V+80
j  org.gradle.initialization.DefaultGradleLauncher.executeTasks()Lorg/gradle/api/internal/GradleInternal;+4
j  org.gradle.internal.invocation.GradleBuildController$$Lambda$142.execute(Ljava/lang/Object;)V+4
j  org.gradle.internal.invocation.GradleBuildController$1.create()Lorg/gradle/api/internal/GradleInternal;+21
j  org.gradle.internal.invocation.GradleBuildController$1.create()Ljava/lang/Object;+1
j  org.gradle.internal.work.DefaultWorkerLeaseService.withLocks(Ljava/lang/Iterable;Lorg/gradle/internal/Factory;)Ljava/lang/Object;+26
j  org.gradle.internal.invocation.GradleBuildController.doBuild(Lorg/gradle/api/Action;)Lorg/gradle/api/internal/GradleInternal;+25
j  org.gradle.internal.invocation.GradleBuildController.run()Lorg/gradle/api/internal/GradleInternal;+6
j  org.gradle.tooling.internal.provider.runner.BuildModelActionRunner.run(Lorg/gradle/internal/invocation/BuildAction;Lorg/gradle/internal/invocation/BuildController;)Lorg/gradle/internal/invocation/BuildActionRunner$Result;+78
j  org.gradle.launcher.exec.ChainingBuildActionRunner.run(Lorg/gradle/internal/invocation/BuildAction;Lorg/gradle/internal/invocation/BuildController;)Lorg/gradle/internal/invocation/BuildActionRunner$Result;+34
j  org.gradle.launcher.exec.ChainingBuildActionRunner.run(Lorg/gradle/internal/invocation/BuildAction;Lorg/gradle/internal/invocation/BuildController;)Lorg/gradle/internal/invocation/BuildActionRunner$Result;+34
j  org.gradle.launcher.exec.BuildOutcomeReportingBuildActionRunner.run(Lorg/gradle/internal/invocation/BuildAction;Lorg/gradle/internal/invocation/BuildController;)Lorg/gradle/internal/invocation/BuildActionRunner$Result;+143
j  org.gradle.tooling.internal.provider.ValidatingBuildActionRunner.run(Lorg/gradle/internal/invocation/BuildAction;Lorg/gradle/internal/invocation/BuildController;)Lorg/gradle/internal/invocation/BuildActionRunner$Result;+6
j  org.gradle.tooling.internal.provider.FileSystemWatchingBuildActionRunner.run(Lorg/gradle/internal/invocation/BuildAction;Lorg/gradle/internal/invocation/BuildController;)Lorg/gradle/internal/invocation/BuildActionRunner$Result;+161
j  org.gradle.launcher.exec.BuildCompletionNotifyingBuildActionRunner.run(Lorg/gradle/internal/invocation/BuildAction;Lorg/gradle/internal/invocation/BuildController;)Lorg/gradle/internal/invocation/BuildActionRunner$Result;+28
j  org.gradle.launcher.exec.RunAsBuildOperationBuildActionRunner$3.call(Lorg/gradle/internal/operations/BuildOperationContext;)Lorg/gradle/internal/invocation/BuildActionRunner$Result;+71
j  org.gradle.launcher.exec.RunAsBuildOperationBuildActionRunner$3.call(Lorg/gradle/internal/operations/BuildOperationContext;)Ljava/lang/Object;+2
j  org.gradle.internal.operations.DefaultBuildOperationRunner$CallableBuildOperationWorker.execute(Lorg/gradle/internal/operations/CallableBuildOperation;Lorg/gradle/internal/operations/BuildOperationContext;)V+3
j  org.gradle.internal.operations.DefaultBuildOperationRunner$CallableBuildOperationWorker.execute(Lorg/gradle/internal/operations/BuildOperation;Lorg/gradle/internal/operations/BuildOperationContext;)V+6
j  org.gradle.internal.operations.DefaultBuildOperationRunner$3.execute(Lorg/gradle/internal/operations/BuildOperationDescriptor;Lorg/gradle/internal/operations/BuildOperationState;Lorg/gradle/internal/operations/BuildOperationState;Lorg/gradle/internal/operations/DefaultBuildOperationRunner$ReadableBuildOperationContext;Lorg/gradle/internal/operations/DefaultBuildOperationRunner$BuildOperationExecutionListener;)Lorg/gradle/internal/operations/BuildOperation;+22
j  org.gradle.internal.operations.DefaultBuildOperationRunner$3.execute(Lorg/gradle/internal/operations/BuildOperationDescriptor;Lorg/gradle/internal/operations/BuildOperationState;Lorg/gradle/internal/operations/BuildOperationState;Lorg/gradle/internal/operations/DefaultBuildOperationRunner$ReadableBuildOperationContext;Lorg/gradle/internal/operations/DefaultBuildOperationRunner$BuildOperationExecutionListener;)Ljava/lang/Object;+8
j  org.gradle.internal.operations.DefaultBuildOperationRunner.execute(Lorg/gradle/internal/operations/BuildOperationDescriptor$Builder;Lorg/gradle/internal/operations/BuildOperationState;Lorg/gradle/internal/operations/DefaultBuildOperationRunner$BuildOperationExecution;)Ljava/lang/Object;+134
j  org.gradle.internal.operations.DefaultBuildOperationRunner.execute(Lorg/gradle/internal/operations/BuildOperation;Lorg/gradle/internal/operations/BuildOperationWorker;Lorg/gradle/internal/operations/BuildOperationState;)V+18
j  org.gradle.internal.operations.DefaultBuildOperationRunner.call(Lorg/gradle/internal/operations/CallableBuildOperation;)Ljava/lang/Object;+16
j  org.gradle.internal.operations.DefaultBuildOperationExecutor.lambda$call$2(Lorg/gradle/internal/operations/CallableBuildOperation;Lorg/gradle/internal/operations/BuildOperationState;)Ljava/lang/Object;+5
j  org.gradle.internal.operations.DefaultBuildOperationExecutor$$Lambda$140.apply(Ljava/lang/Object;)Ljava/lang/Object;+12
j  org.gradle.internal.operations.UnmanagedBuildOperationWrapper.callWithUnmanagedSupport(Lorg/gradle/internal/operations/BuildOperationState;Ljava/util/function/Function;)Ljava/lang/Object;+8
j  org.gradle.internal.operations.DefaultBuildOperationExecutor.call(Lorg/gradle/internal/operations/CallableBuildOperation;)Ljava/lang/Object;+15
j  org.gradle.launcher.exec.RunAsBuildOperationBuildActionRunner.run(Lorg/gradle/internal/invocation/BuildAction;Lorg/gradle/internal/invocation/BuildController;)Lorg/gradle/internal/invocation/BuildActionRunner$Result;+33
j  org.gradle.launcher.exec.InProcessBuildActionExecuter.lambda$execute$0(Lorg/gradle/internal/invocation/BuildAction;Lorg/gradle/internal/invocation/BuildController;)Lorg/gradle/launcher/exec/BuildActionResult;+6
j  org.gradle.launcher.exec.InProcessBuildActionExecuter$$Lambda$139.transform(Ljava/lang/Object;)Ljava/lang/Object;+12
j  org.gradle.composite.internal.DefaultRootBuildState.run(Lorg/gradle/api/Transformer;)Ljava/lang/Object;+43
j  org.gradle.launcher.exec.InProcessBuildActionExecuter.execute(Lorg/gradle/internal/invocation/BuildAction;Lorg/gradle/launcher/exec/BuildActionParameters;Lorg/gradle/internal/buildtree/BuildTreeContext;)Lorg/gradle/launcher/exec/BuildActionResult;+39
j  org.gradle.launcher.exec.InProcessBuildActionExecuter.execute(Lorg/gradle/internal/invocation/BuildAction;Ljava/lang/Object;Ljava/lang/Object;)Lorg/gradle/launcher/exec/BuildActionResult;+10
j  org.gradle.launcher.exec.BuildTreeScopeLifecycleBuildActionExecuter.lambda$execute$0(Lorg/gradle/internal/invocation/BuildAction;Lorg/gradle/launcher/exec/BuildActionParameters;Lorg/gradle/internal/buildtree/BuildTreeContext;)Lorg/gradle/launcher/exec/BuildActionResult;+19
j  org.gradle.launcher.exec.BuildTreeScopeLifecycleBuildActionExecuter$$Lambda$93.apply(Ljava/lang/Object;)Ljava/lang/Object;+12
j  org.gradle.internal.buildtree.BuildTreeState.run(Ljava/util/function/Function;)Ljava/lang/Object;+7
j  org.gradle.launcher.exec.BuildTreeScopeLifecycleBuildActionExecuter.execute(Lorg/gradle/internal/invocation/BuildAction;Lorg/gradle/launcher/exec/BuildActionParameters;Lorg/gradle/internal/session/BuildSessionContext;)Lorg/gradle/launcher/exec/BuildActionResult;+46
j  org.gradle.launcher.exec.BuildTreeScopeLifecycleBuildActionExecuter.execute(Lorg/gradle/internal/invocation/BuildAction;Ljava/lang/Object;Ljava/lang/Object;)Lorg/gradle/launcher/exec/BuildActionResult;+10
j  org.gradle.tooling.internal.provider.ContinuousBuildActionExecuter.execute(Lorg/gradle/internal/invocation/BuildAction;Lorg/gradle/launcher/exec/BuildActionParameters;Lorg/gradle/internal/session/BuildSessionContext;)Lorg/gradle/launcher/exec/BuildActionResult;+59
j  org.gradle.tooling.internal.provider.ContinuousBuildActionExecuter.execute(Lorg/gradle/internal/invocation/BuildAction;Ljava/lang/Object;Ljava/lang/Object;)Lorg/gradle/launcher/exec/BuildActionResult;+10
j  org.gradle.tooling.internal.provider.SubscribableBuildActionExecuter.execute(Lorg/gradle/internal/invocation/BuildAction;Lorg/gradle/launcher/exec/BuildActionParameters;Lorg/gradle/internal/session/BuildSessionContext;)Lorg/gradle/launcher/exec/BuildActionResult;+33
j  org.gradle.tooling.internal.provider.SubscribableBuildActionExecuter.execute(Lorg/gradle/internal/invocation/BuildAction;Ljava/lang/Object;Ljava/lang/Object;)Lorg/gradle/launcher/exec/BuildActionResult;+10
j  org.gradle.tooling.internal.provider.SessionScopeLifecycleBuildActionExecuter.lambda$execute$0(Lorg/gradle/internal/invocation/BuildAction;Lorg/gradle/launcher/exec/BuildActionParameters;Lorg/gradle/internal/session/BuildSessionContext;)Lorg/gradle/launcher/exec/BuildActionResult;+52
j  org.gradle.tooling.internal.provider.SessionScopeLifecycleBuildActionExecuter$$Lambda$87.apply(Ljava/lang/Object;)Ljava/lang/Object;+12
j  org.gradle.internal.session.BuildSessionState.run(Ljava/util/function/Function;)Ljava/lang/Object;+9
j  org.gradle.tooling.internal.provider.SessionScopeLifecycleBuildActionExecuter.execute(Lorg/gradle/internal/invocation/BuildAction;Lorg/gradle/launcher/exec/BuildActionParameters;Lorg/gradle/initialization/BuildRequestContext;)Lorg/gradle/launcher/exec/BuildActionResult;+74
j  org.gradle.tooling.internal.provider.SessionScopeLifecycleBuildActionExecuter.execute(Lorg/gradle/internal/invocation/BuildAction;Ljava/lang/Object;Ljava/lang/Object;)Lorg/gradle/launcher/exec/BuildActionResult;+10
j  org.gradle.tooling.internal.provider.GradleThreadBuildActionExecuter.execute(Lorg/gradle/internal/invocation/BuildAction;Lorg/gradle/launcher/exec/BuildActionParameters;Lorg/gradle/initialization/BuildRequestContext;)Lorg/gradle/launcher/exec/BuildActionResult;+10
j  org.gradle.tooling.internal.provider.GradleThreadBuildActionExecuter.execute(Lorg/gradle/internal/invocation/BuildAction;Ljava/lang/Object;Ljava/lang/Object;)Lorg/gradle/launcher/exec/BuildActionResult;+10
j  org.gradle.tooling.internal.provider.StartParamsValidatingActionExecuter.execute(Lorg/gradle/internal/invocation/BuildAction;Lorg/gradle/launcher/exec/BuildActionParameters;Lorg/gradle/initialization/BuildRequestContext;)Lorg/gradle/launcher/exec/BuildActionResult;+175
j  org.gradle.tooling.internal.provider.StartParamsValidatingActionExecuter.execute(Lorg/gradle/internal/invocation/BuildAction;Ljava/lang/Object;Ljava/lang/Object;)Lorg/gradle/launcher/exec/BuildActionResult;+10
j  org.gradle.tooling.internal.provider.SessionFailureReportingActionExecuter.execute(Lorg/gradle/internal/invocation/BuildAction;Lorg/gradle/launcher/exec/BuildActionParameters;Lorg/gradle/initialization/BuildRequestContext;)Lorg/gradle/launcher/exec/BuildActionResult;+7
j  org.gradle.tooling.internal.provider.SessionFailureReportingActionExecuter.execute(Lorg/gradle/internal/invocation/BuildAction;Ljava/lang/Object;Ljava/lang/Object;)Lorg/gradle/launcher/exec/BuildActionResult;+10
j  org.gradle.tooling.internal.provider.SetupLoggingActionExecuter.execute(Lorg/gradle/internal/invocation/BuildAction;Lorg/gradle/launcher/exec/BuildActionParameters;Lorg/gradle/initialization/BuildRequestContext;)Lorg/gradle/launcher/exec/BuildActionResult;+50
j  org.gradle.tooling.internal.provider.SetupLoggingActionExecuter.execute(Lorg/gradle/internal/invocation/BuildAction;Ljava/lang/Object;Ljava/lang/Object;)Lorg/gradle/launcher/exec/BuildActionResult;+10
j  org.gradle.launcher.daemon.server.exec.ExecuteBuild.doBuild(Lorg/gradle/launcher/daemon/server/api/DaemonCommandExecution;Lorg/gradle/launcher/daemon/protocol/Build;)V+114
j  org.gradle.launcher.daemon.server.exec.BuildCommandOnly.execute(Lorg/gradle/launcher/daemon/server/api/DaemonCommandExecution;)V+49
j  org.gradle.launcher.daemon.server.api.DaemonCommandExecution.proceed()Z+23
j  org.gradle.launcher.daemon.server.exec.WatchForDisconnection.execute(Lorg/gradle/launcher/daemon/server/api/DaemonCommandExecution;)V+19
j  org.gradle.launcher.daemon.server.api.DaemonCommandExecution.proceed()Z+23
j  org.gradle.launcher.daemon.server.exec.ResetDeprecationLogger.execute(Lorg/gradle/launcher/daemon/server/api/DaemonCommandExecution;)V+7
j  org.gradle.launcher.daemon.server.api.DaemonCommandExecution.proceed()Z+23
j  org.gradle.launcher.daemon.server.exec.RequestStopIfSingleUsedDaemon.execute(Lorg/gradle/launcher/daemon/server/api/DaemonCommandExecution;)V+33
j  org.gradle.launcher.daemon.server.api.DaemonCommandExecution.proceed()Z+23
j  org.gradle.launcher.daemon.server.exec.ForwardClientInput$2.create()Ljava/lang/Void;+4
j  org.gradle.launcher.daemon.server.exec.ForwardClientInput$2.create()Ljava/lang/Object;+1
j  org.gradle.util.Swapper.swap(Ljava/lang/Object;Lorg/gradle/internal/Factory;)Ljava/lang/Object;+21
j  org.gradle.launcher.daemon.server.exec.ForwardClientInput.execute(Lorg/gradle/launcher/daemon/server/api/DaemonCommandExecution;)V+63
j  org.gradle.launcher.daemon.server.api.DaemonCommandExecution.proceed()Z+23
j  org.gradle.launcher.daemon.server.exec.LogAndCheckHealth.execute(Lorg/gradle/launcher/daemon/server/api/DaemonCommandExecution;)V+28
j  org.gradle.launcher.daemon.server.api.DaemonCommandExecution.proceed()Z+23
j  org.gradle.launcher.daemon.server.exec.LogToClient.doBuild(Lorg/gradle/launcher/daemon/server/api/DaemonCommandExecution;Lorg/gradle/launcher/daemon/protocol/Build;)V+87
j  org.gradle.launcher.daemon.server.exec.BuildCommandOnly.execute(Lorg/gradle/launcher/daemon/server/api/DaemonCommandExecution;)V+49
j  org.gradle.launcher.daemon.server.api.DaemonCommandExecution.proceed()Z+23
j  org.gradle.launcher.daemon.server.exec.EstablishBuildEnvironment.doBuild(Lorg/gradle/launcher/daemon/server/api/DaemonCommandExecution;Lorg/gradle/launcher/daemon/protocol/Build;)V+356
j  org.gradle.launcher.daemon.server.exec.BuildCommandOnly.execute(Lorg/gradle/launcher/daemon/server/api/DaemonCommandExecution;)V+49
j  org.gradle.launcher.daemon.server.api.DaemonCommandExecution.proceed()Z+23
j  org.gradle.launcher.daemon.server.exec.StartBuildOrRespondWithBusy$1.run()V+44
j  org.gradle.launcher.daemon.server.DaemonStateCoordinator$1.run()V+4
j  org.gradle.internal.concurrent.ExecutorPolicy$CatchAndRecordFailures.onExecute(Ljava/lang/Runnable;)V+1
j  org.gradle.internal.concurrent.ManagedExecutorImpl$1.run()V+25
j  java.util.concurrent.ThreadPoolExecutor.runWorker(Ljava/util/concurrent/ThreadPoolExecutor$Worker;)V+92 java.base@11.0.8
j  java.util.concurrent.ThreadPoolExecutor$Worker.run()V+5 java.base@11.0.8
j  org.gradle.internal.concurrent.ThreadFactoryImpl$ManagedThreadRunnable.run()V+7
j  java.lang.Thread.run()V+11 java.base@11.0.8
v  ~StubRoutines::call_stub

siginfo: EXCEPTION_ACCESS_VIOLATION (0xc0000005), reading address 0x0000021fc80a93a0


Register to memory mapping:

RIP=0x00007ff84e98150a jvm.dll
RAX=0x0000000100138040 is a pointer to class: 
org.gradle.internal.resource.ExternalResourceName {0x0000000100138048}
RBX=0x0000029fc7d73e70 points into unknown readable memory: 06 00 00 00 78 00 00 00
RCX=0x0000000000000006 is an unknown value
RDX=0x0000029fc75af0c0 points into unknown readable memory: a0 92 0a c8 9f 02 00 00
RSP=0x000000d75f6f97a0 is pointing into the stack for thread: 0x0000029fc70b6000
RBP=0x000000000000000d is an unknown value
RSI=0x000000d75f6f98c0 is pointing into the stack for thread: 0x0000029fc70b6000
RDI=0x0000021fc80a9380 is an unknown value
R8 =0x0000000000000007 is an unknown value
R9 =0x0000029fc7d73e70 points into unknown readable memory: 06 00 00 00 78 00 00 00
R10={method} {0x0000029fc80a92a8} 'getRoot' '()Lorg/gradle/internal/resource/ExternalResourceName;' in 'org/gradle/internal/resource/ExternalResourceName'
R11=0x0000029fc87adc80 points into unknown readable memory: 31 00 08 00 8c 6f 6f 72
R12=0x0000000000000016 is an unknown value
R13=0x0000029fc6fc0150 points into unknown readable memory: 02 00 00 00 00 00 00 00
R14=0x0000029fc80a82b0 is pointing into metadata
R15=0x0000029fc70b6000 is a thread


Registers:
RAX=0x0000000100138040, RBX=0x0000029fc7d73e70, RCX=0x0000000000000006, RDX=0x0000029fc75af0c0
RSP=0x000000d75f6f97a0, RBP=0x000000000000000d, RSI=0x000000d75f6f98c0, RDI=0x0000021fc80a9380
R8 =0x0000000000000007, R9 =0x0000029fc7d73e70, R10=0x0000029fc80a92a0, R11=0x0000029fc87adc80
R12=0x0000000000000016, R13=0x0000029fc6fc0150, R14=0x0000029fc80a82b0, R15=0x0000029fc70b6000
RIP=0x00007ff84e98150a, EFLAGS=0x0000000000010246

Top of Stack: (sp=0x000000d75f6f97a0)
0x000000d75f6f97a0:   0000029fc70b6000 0000029fc6fc0690
0x000000d75f6f97b0:   000000d75f6f98c0 0000029fc70b6000
0x000000d75f6f97c0:   0000029fc80a92a0 0000029fc70b6000
0x000000d75f6f97d0:   0000000000000431 0000029fc70b6000
0x000000d75f6f97e0:   0000029fcadbb100 00007ff84e980c7c
0x000000d75f6f97f0:   0000000000000000 0000000000000000
0x000000d75f6f9800:   000000d75f6f98f0 0000000100138040
0x000000d75f6f9810:   00000000b5006f8c 0000029fc87adc80
0x000000d75f6f9820:   0000029fcadbacc0 0000000000000431
0x000000d75f6f9830:   0000029fcadbacc0 00007ff88115fde6
0x000000d75f6f9840:   0000000000000000 0000000000000010
0x000000d75f6f9850:   0000029fc64d1790 0000029fc64d17a0
0x000000d75f6f9860:   0000029fc64d1b78 00000000000003d8
0x000000d75f6f9870:   0000000000000000 0000000005445099
0x000000d75f6f9880:   000000d75f6f9b01 0000029fab7db6a0
0x000000d75f6f9890:   0000029fab7dc000 0000029fab7dc050 

Instructions: (pc=0x00007ff84e98150a)
0x00007ff84e98140a:   85 c0 75 62 48 89 5c 24 48 e8 68 08 ed ff 48 8d
0x00007ff84e98141a:   15 71 0a 17 00 48 8b c8 48 8b d8 ff 15 d5 bf 03
0x00007ff84e98142a:   00 48 89 7c 24 38 48 89 05 71 7f 31 00 48 85 c0
0x00007ff84e98143a:   75 22 48 8d 15 6d 0a 17 00 89 05 37 be 29 00 48
0x00007ff84e98144a:   8b cb 48 89 7c 24 40 ff 15 a9 bf 03 00 48 89 05
0x00007ff84e98145a:   4a 7f 31 00 48 8b 05 43 7f 31 00 48 8b 5c 24 48
0x00007ff84e98146a:   48 83 c4 20 5f c3 48 8b 05 31 7f 31 00 48 83 c4
0x00007ff84e98147a:   20 5f c3 cc cc cc 48 89 6c 24 18 48 89 74 24 20
0x00007ff84e98148a:   41 54 41 56 41 57 48 83 ec 30 48 83 3d 54 7f 31
0x00007ff84e98149a:   00 00 4c 8b fa 48 8b f1 74 18 48 8b 49 58 e8 33
0x00007ff84e9814aa:   2c dc ff 48 8b d0 48 8d 0d f1 0e 17 00 e8 64 e5
0x00007ff84e9814ba:   ff ff 48 8b 46 58 33 ed 48 89 5c 24 50 48 89 7c
0x00007ff84e9814ca:   24 58 4c 8b b0 98 01 00 00 4d 63 26 4d 85 e4 0f
0x00007ff84e9814da:   8e ac 00 00 00 49 83 c6 08 0f 1f 40 00 66 0f 1f
0x00007ff84e9814ea:   84 00 00 00 00 00 48 8b 46 58 0f b6 88 3a 01 00
0x00007ff84e9814fa:   00 c0 e9 02 f6 c1 01 0f 85 d6 00 00 00 49 8b 3e
0x00007ff84e98150a:   f7 47 20 00 05 00 00 75 68 48 8b 47 08 0f b6 48
0x00007ff84e98151a:   24 c0 e9 06 f6 c1 01 75 58 48 89 7c 24 20 4c 89
0x00007ff84e98152a:   7c 24 28 49 8b 9f 80 02 00 00 8b 13 3b 53 04 75
0x00007ff84e98153a:   08 48 8b cb e8 6d 86 c6 ff 48 63 0b 48 8d 54 24
0x00007ff84e98154a:   20 4d 8b c7 8d 41 01 89 03 48 8b 43 18 48 89 3c
0x00007ff84e98155a:   c8 48 8b ce e8 3d 2d 00 00 48 8d 4c 24 20 e8 33
0x00007ff84e98156a:   8d c3 ff 49 83 7f 08 00 75 69 48 83 7e 10 00 75
0x00007ff84e98157a:   62 48 ff c5 49 83 c6 08 49 3b ec 0f 8c 65 ff ff
0x00007ff84e98158a:   ff 48 8b 4e 58 0f b6 81 3a 01 00 00 c0 e8 02 a8
0x00007ff84e98159a:   01 74 40 48 83 3d 4b 7e 31 00 00 74 14 e8 34 2b
0x00007ff84e9815aa:   dc ff 48 8b d0 48 8d 0d 1a 0e 17 00 e8 65 e4 ff
0x00007ff84e9815ba:   ff 48 83 3d 0d 46 2e 00 00 74 18 48 8b 4e 58 e8
0x00007ff84e9815ca:   12 2b dc ff 48 8b d0 48 8d 0d f8 0d 17 00 e8 a3
0x00007ff84e9815da:   49 c5 ff 48 8b 7c 24 58 48 8b 5c 24 50 48 8b 6c
0x00007ff84e9815ea:   24 60 48 8b 74 24 68 48 83 c4 30 41 5f 41 5e 41
0x00007ff84e9815fa:   5c c3 cc cc cc cc 48 89 5c 24 08 48 89 74 24 10 


Stack slot to memory mapping:
stack at sp + 0 slots: 0x0000029fc70b6000 is a thread
stack at sp + 1 slots: 0x0000029fc6fc0690 points into unknown readable memory: 02 00 00 00 00 00 00 00
stack at sp + 2 slots: 0x000000d75f6f98c0 is pointing into the stack for thread: 0x0000029fc70b6000
stack at sp + 3 slots: 0x0000029fc70b6000 is a thread
stack at sp + 4 slots: {method} {0x0000029fc80a92a8} 'getRoot' '()Lorg/gradle/internal/resource/ExternalResourceName;' in 'org/gradle/internal/resource/ExternalResourceName'
stack at sp + 5 slots: 0x0000029fc70b6000 is a thread
stack at sp + 6 slots: 0x0000000000000431 is an unknown value
stack at sp + 7 slots: 0x0000029fc70b6000 is a thread


---------------  P R O C E S S  ---------------

Threads class SMR info:
_java_thread_list=0x0000029fca73dec0, length=26, elements={
0x0000029fab7da000, 0x0000029fc59a0800, 0x0000029fc59a3800, 0x0000029fc6320800,
0x0000029fc6321800, 0x0000029fc6325800, 0x0000029fc632f800, 0x0000029fc632b000,
0x0000029fc6465800, 0x0000029fc6480000, 0x0000029fc65ef000, 0x0000029fc72ec800,
0x0000029fc6e26800, 0x0000029fc66f0800, 0x0000029fc7a6f000, 0x0000029fc816e000,
0x0000029fc70b6000, 0x0000029fc765d800, 0x0000029fc8b1a000, 0x0000029fc7ba2000,
0x0000029fc6874000, 0x0000029fc6872800, 0x0000029fc6875000, 0x0000029fc6875800,
0x0000029fc6873000, 0x0000029fc6871800
}

Java Threads: ( => current thread )
  0x0000029fab7da000 JavaThread "main" [_thread_blocked, id=2040, stack(0x000000d75da00000,0x000000d75db00000)]
  0x0000029fc59a0800 JavaThread "Reference Handler" daemon [_thread_blocked, id=1200, stack(0x000000d75e100000,0x000000d75e200000)]
  0x0000029fc59a3800 JavaThread "Finalizer" daemon [_thread_blocked, id=8532, stack(0x000000d75e200000,0x000000d75e300000)]
  0x0000029fc6320800 JavaThread "Signal Dispatcher" daemon [_thread_blocked, id=8320, stack(0x000000d75e300000,0x000000d75e400000)]
  0x0000029fc6321800 JavaThread "Attach Listener" daemon [_thread_blocked, id=7884, stack(0x000000d75e400000,0x000000d75e500000)]
  0x0000029fc6325800 JavaThread "C2 CompilerThread0" daemon [_thread_blocked, id=4272, stack(0x000000d75e500000,0x000000d75e600000)]
  0x0000029fc632f800 JavaThread "C1 CompilerThread0" daemon [_thread_blocked, id=9188, stack(0x000000d75e600000,0x000000d75e700000)]
  0x0000029fc632b000 JavaThread "Sweeper thread" daemon [_thread_blocked, id=5128, stack(0x000000d75e700000,0x000000d75e800000)]
  0x0000029fc6465800 JavaThread "Common-Cleaner" daemon [_thread_blocked, id=7052, stack(0x000000d75e800000,0x000000d75e900000)]
  0x0000029fc6480000 JavaThread "Service Thread" daemon [_thread_blocked, id=5912, stack(0x000000d75e900000,0x000000d75ea00000)]
  0x0000029fc65ef000 JavaThread "Daemon health stats" [_thread_blocked, id=8092, stack(0x000000d75eb00000,0x000000d75ec00000)]
  0x0000029fc72ec800 JavaThread "Incoming local TCP Connector on port 51402" [_thread_in_native, id=4412, stack(0x000000d75f100000,0x000000d75f200000)]
  0x0000029fc6e26800 JavaThread "Daemon periodic checks" [_thread_blocked, id=8812, stack(0x000000d75f200000,0x000000d75f300000)]
  0x0000029fc66f0800 JavaThread "Daemon" [_thread_blocked, id=7452, stack(0x000000d75f300000,0x000000d75f400000)]
  0x0000029fc7a6f000 JavaThread "Handler for socket connection from /127.0.0.1:51402 to /127.0.0.1:51403" [_thread_in_native, id=236, stack(0x000000d75f400000,0x000000d75f500000)]
  0x0000029fc816e000 JavaThread "Cancel handler" [_thread_blocked, id=6592, stack(0x000000d75f500000,0x000000d75f600000)]
=>0x0000029fc70b6000 JavaThread "Daemon worker" [_thread_in_vm, id=4392, stack(0x000000d75f600000,0x000000d75f700000)]
  0x0000029fc765d800 JavaThread "Asynchronous log dispatcher for DefaultDaemonConnection: socket connection from /127.0.0.1:51402 to /127.0.0.1:51403" [_thread_blocked, id=3260, stack(0x000000d75f700000,0x000000d75f800000)]
  0x0000029fc8b1a000 JavaThread "Stdin handler" [_thread_blocked, id=7560, stack(0x000000d75f800000,0x000000d75f900000)]
  0x0000029fc7ba2000 JavaThread "Thread-8" [_thread_blocked, id=5092, stack(0x000000d75f900000,0x000000d75fa00000)]
  0x0000029fc6874000 JavaThread "Cache worker for file hash cache (C:\Users\mohamad\.gradle\caches\6.7.1\fileHashes)" [_thread_blocked, id=1528, stack(0x000000d75fa00000,0x000000d75fb00000)]
  0x0000029fc6872800 JavaThread "File lock request listener" [_thread_in_native, id=8596, stack(0x000000d75fb00000,0x000000d75fc00000)]
  0x0000029fc6875000 JavaThread "Cache worker for journal cache (C:\Users\mohamad\.gradle\caches\journal-1)" [_thread_blocked, id=7492, stack(0x000000d75fc00000,0x000000d75fd00000)]
  0x0000029fc6875800 JavaThread "Cache worker for file hash cache (C:\Users\mohamad\AndroidStudioProjects\EnglishMusic\.gradle\6.7.1\fileHashes)" [_thread_blocked, id=5708, stack(0x000000d75fe00000,0x000000d75ff00000)]
  0x0000029fc6873000 JavaThread "Cache worker for checksums cache (C:\Users\mohamad\AndroidStudioProjects\EnglishMusic\.gradle\checksums)" [_thread_blocked, id=5700, stack(0x000000d75fd00000,0x000000d75fe00000)]
  0x0000029fc6871800 JavaThread "Cache worker for cache directory md-supplier (C:\Users\mohamad\.gradle\caches\6.7.1\md-supplier)" [_thread_blocked, id=8408, stack(0x000000d75ff00000,0x000000d760000000)]

Other Threads:
  0x0000029fc5999800 VMThread "VM Thread" [stack: 0x000000d75e000000,0x000000d75e100000] [id=4160]
  0x0000029fc6480800 WatcherThread [stack: 0x000000d75ea00000,0x000000d75eb00000] [id=8472]
  0x0000029fab7f2000 GCTaskThread "GC Thread#0" [stack: 0x000000d75db00000,0x000000d75dc00000] [id=9008]
  0x0000029fc6c5b000 GCTaskThread "GC Thread#1" [stack: 0x000000d75ec00000,0x000000d75ed00000] [id=8412]
  0x0000029fc726e800 GCTaskThread "GC Thread#2" [stack: 0x000000d75ed00000,0x000000d75ee00000] [id=7964]
  0x0000029fc7c8d000 GCTaskThread "GC Thread#3" [stack: 0x000000d75ee00000,0x000000d75ef00000] [id=8096]
  0x0000029fab823000 ConcurrentGCThread "G1 Main Marker" [stack: 0x000000d75dc00000,0x000000d75dd00000] [id=9200]
  0x0000029fab825800 ConcurrentGCThread "G1 Conc#0" [stack: 0x000000d75dd00000,0x000000d75de00000] [id=5316]
  0x0000029fab87f000 ConcurrentGCThread "G1 Refine#0" [stack: 0x000000d75de00000,0x000000d75df00000] [id=4316]
  0x0000029fab880000 ConcurrentGCThread "G1 Young RemSet Sampling" [stack: 0x000000d75df00000,0x000000d75e000000] [id=7164]

Threads with active compile tasks:

VM state:not at safepoint (normal execution)

VM Mutex/Monitor currently owned by a thread: None

Heap address: 0x0000000080000000, size: 2048 MB, Compressed Oops mode: 32-bit
Narrow klass base: 0x0000000000000000, Narrow klass shift: 3
Compressed class space size: 1073741824 Address: 0x0000000100000000

Heap:
 garbage-first heap   total 78848K, used 46364K [0x0000000080000000, 0x0000000100000000)
  region size 1024K, 33 young (33792K), 4 survivors (4096K)
 Metaspace       used 26885K, capacity 27483K, committed 27648K, reserved 1073152K
  class space    used 3540K, capacity 3756K, committed 3840K, reserved 1048576K
Heap Regions: E=young(eden), S=young(survivor), O=old, HS=humongous(starts), HC=humongous(continues), CS=collection set, F=free, A=archive, TAMS=top-at-mark-start (previous, next)
|   0|0x0000000080000000, 0x0000000080100000, 0x0000000080100000|100%| O|  |TAMS 0x0000000080100000, 0x0000000080000000| Untracked 
|   1|0x0000000080100000, 0x0000000080200000, 0x0000000080200000|100%| O|  |TAMS 0x0000000080200000, 0x0000000080100000| Untracked 
|   2|0x0000000080200000, 0x0000000080300000, 0x0000000080300000|100%| O|  |TAMS 0x0000000080300000, 0x0000000080200000| Untracked 
|   3|0x0000000080300000, 0x0000000080400000, 0x0000000080400000|100%|HS|  |TAMS 0x0000000080400000, 0x0000000080300000| Complete 
|   4|0x0000000080400000, 0x0000000080500000, 0x0000000080500000|100%|HC|  |TAMS 0x0000000080500000, 0x0000000080400000| Complete 
|   5|0x0000000080500000, 0x0000000080600000, 0x0000000080600000|100%|HC|  |TAMS 0x0000000080600000, 0x0000000080500000| Complete 
|   6|0x0000000080600000, 0x0000000080700000, 0x0000000080700000|100%| O|  |TAMS 0x0000000080700000, 0x0000000080600000| Untracked 
|   7|0x0000000080700000, 0x0000000080800000, 0x0000000080800000|100%| O|  |TAMS 0x0000000080800000, 0x0000000080700000| Untracked 
|   8|0x0000000080800000, 0x0000000080900000, 0x0000000080900000|100%| O|  |TAMS 0x0000000080900000, 0x0000000080800000| Untracked 
|   9|0x0000000080900000, 0x0000000080a00000, 0x0000000080a00000|100%| O|  |TAMS 0x0000000080a00000, 0x0000000080900000| Untracked 
|  10|0x0000000080a00000, 0x0000000080b00000, 0x0000000080b00000|100%| O|  |TAMS 0x0000000080b00000, 0x0000000080a00000| Untracked 
|  11|0x0000000080b00000, 0x0000000080c00000, 0x0000000080c00000|100%| O|  |TAMS 0x0000000080c00000, 0x0000000080b00000| Untracked 
|  12|0x0000000080c00000, 0x0000000080d00000, 0x0000000080d00000|100%| O|  |TAMS 0x0000000080d00000, 0x0000000080c00000| Untracked 
|  13|0x0000000080d00000, 0x0000000080df8e00, 0x0000000080e00000| 97%| O|  |TAMS 0x0000000080df8e00, 0x0000000080d00000| Untracked 
|  14|0x0000000080e00000, 0x0000000080e00000, 0x0000000080f00000|  0%| F|  |TAMS 0x0000000080e00000, 0x0000000080e00000| Untracked 
|  15|0x0000000080f00000, 0x0000000080f00000, 0x0000000081000000|  0%| F|  |TAMS 0x0000000080f00000, 0x0000000080f00000| Untracked 
|  16|0x0000000081000000, 0x0000000081000000, 0x0000000081100000|  0%| F|  |TAMS 0x0000000081000000, 0x0000000081000000| Untracked 
|  17|0x0000000081100000, 0x0000000081100000, 0x0000000081200000|  0%| F|  |TAMS 0x0000000081100000, 0x0000000081100000| Untracked 
|  18|0x0000000081200000, 0x0000000081200000, 0x0000000081300000|  0%| F|  |TAMS 0x0000000081200000, 0x0000000081200000| Untracked 
|  19|0x0000000081300000, 0x0000000081300000, 0x0000000081400000|  0%| F|  |TAMS 0x0000000081300000, 0x0000000081300000| Untracked 
|  20|0x0000000081400000, 0x0000000081400000, 0x0000000081500000|  0%| F|  |TAMS 0x0000000081400000, 0x0000000081400000| Untracked 
|  21|0x0000000081500000, 0x0000000081500000, 0x0000000081600000|  0%| F|  |TAMS 0x0000000081500000, 0x0000000081500000| Untracked 
|  22|0x0000000081600000, 0x0000000081600000, 0x0000000081700000|  0%| F|  |TAMS 0x0000000081600000, 0x0000000081600000| Untracked 
|  23|0x0000000081700000, 0x0000000081700000, 0x0000000081800000|  0%| F|  |TAMS 0x0000000081700000, 0x0000000081700000| Untracked 
|  24|0x0000000081800000, 0x0000000081800000, 0x0000000081900000|  0%| F|  |TAMS 0x0000000081800000, 0x0000000081800000| Untracked 
|  25|0x0000000081900000, 0x0000000081900000, 0x0000000081a00000|  0%| F|  |TAMS 0x0000000081900000, 0x0000000081900000| Untracked 
|  26|0x0000000081a00000, 0x0000000081a00000, 0x0000000081b00000|  0%| F|  |TAMS 0x0000000081a00000, 0x0000000081a00000| Untracked 
|  27|0x0000000081b00000, 0x0000000081b00000, 0x0000000081c00000|  0%| F|  |TAMS 0x0000000081b00000, 0x0000000081b00000| Untracked 
|  28|0x0000000081c00000, 0x0000000081c00000, 0x0000000081d00000|  0%| F|  |TAMS 0x0000000081c00000, 0x0000000081c00000| Untracked 
|  29|0x0000000081d00000, 0x0000000081d00000, 0x0000000081e00000|  0%| F|  |TAMS 0x0000000081d00000, 0x0000000081d00000| Untracked 
|  30|0x0000000081e00000, 0x0000000081e00000, 0x0000000081f00000|  0%| F|  |TAMS 0x0000000081e00000, 0x0000000081e00000| Untracked 
|  31|0x0000000081f00000, 0x0000000081f00000, 0x0000000082000000|  0%| F|  |TAMS 0x0000000081f00000, 0x0000000081f00000| Untracked 
|  32|0x0000000082000000, 0x0000000082000000, 0x0000000082100000|  0%| F|  |TAMS 0x0000000082000000, 0x0000000082000000| Untracked 
|  33|0x0000000082100000, 0x0000000082100000, 0x0000000082200000|  0%| F|  |TAMS 0x0000000082100000, 0x0000000082100000| Untracked 
|  34|0x0000000082200000, 0x0000000082200000, 0x0000000082300000|  0%| F|  |TAMS 0x0000000082200000, 0x0000000082200000| Untracked 
|  35|0x0000000082300000, 0x0000000082300000, 0x0000000082400000|  0%| F|  |TAMS 0x0000000082300000, 0x0000000082300000| Untracked 
|  36|0x0000000082400000, 0x0000000082400000, 0x0000000082500000|  0%| F|  |TAMS 0x0000000082400000, 0x0000000082400000| Untracked 
|  37|0x0000000082500000, 0x0000000082500000, 0x0000000082600000|  0%| F|  |TAMS 0x0000000082500000, 0x0000000082500000| Untracked 
|  38|0x0000000082600000, 0x0000000082600000, 0x0000000082700000|  0%| F|  |TAMS 0x0000000082600000, 0x0000000082600000| Untracked 
|  39|0x0000000082700000, 0x0000000082700000, 0x0000000082800000|  0%| F|  |TAMS 0x0000000082700000, 0x0000000082700000| Untracked 
|  40|0x0000000082800000, 0x0000000082800000, 0x0000000082900000|  0%| F|  |TAMS 0x0000000082800000, 0x0000000082800000| Untracked 
|  41|0x0000000082900000, 0x0000000082900000, 0x0000000082a00000|  0%| F|  |TAMS 0x0000000082900000, 0x0000000082900000| Untracked 
|  42|0x0000000082a00000, 0x0000000082a00000, 0x0000000082b00000|  0%| F|  |TAMS 0x0000000082a00000, 0x0000000082a00000| Untracked 
|  43|0x0000000082b00000, 0x0000000082b4e590, 0x0000000082c00000| 30%| S|CS|TAMS 0x0000000082b00000, 0x0000000082b00000| Complete 
|  44|0x0000000082c00000, 0x0000000082d00000, 0x0000000082d00000|100%| S|CS|TAMS 0x0000000082c00000, 0x0000000082c00000| Complete 
|  45|0x0000000082d00000, 0x0000000082e00000, 0x0000000082e00000|100%| S|CS|TAMS 0x0000000082d00000, 0x0000000082d00000| Complete 
|  46|0x0000000082e00000, 0x0000000082f00000, 0x0000000082f00000|100%| S|CS|TAMS 0x0000000082e00000, 0x0000000082e00000| Complete 
|  47|0x0000000082f00000, 0x0000000082f00000, 0x0000000083000000|  0%| F|  |TAMS 0x0000000082f00000, 0x0000000082f00000| Untracked 
|  48|0x0000000083000000, 0x0000000083070870, 0x0000000083100000| 43%| E|  |TAMS 0x0000000083000000, 0x0000000083000000| Complete 
|  49|0x0000000083100000, 0x0000000083200000, 0x0000000083200000|100%| E|CS|TAMS 0x0000000083100000, 0x0000000083100000| Complete 
|  50|0x0000000083200000, 0x0000000083300000, 0x0000000083300000|100%| E|CS|TAMS 0x0000000083200000, 0x0000000083200000| Complete 
|  51|0x0000000083300000, 0x0000000083400000, 0x0000000083400000|100%| E|CS|TAMS 0x0000000083300000, 0x0000000083300000| Complete 
|  52|0x0000000083400000, 0x0000000083500000, 0x0000000083500000|100%| E|CS|TAMS 0x0000000083400000, 0x0000000083400000| Complete 
|  53|0x0000000083500000, 0x0000000083600000, 0x0000000083600000|100%| E|CS|TAMS 0x0000000083500000, 0x0000000083500000| Complete 
|  54|0x0000000083600000, 0x0000000083700000, 0x0000000083700000|100%| E|CS|TAMS 0x0000000083600000, 0x0000000083600000| Complete 
|  55|0x0000000083700000, 0x0000000083800000, 0x0000000083800000|100%| E|CS|TAMS 0x0000000083700000, 0x0000000083700000| Complete 
|  56|0x0000000083800000, 0x0000000083900000, 0x0000000083900000|100%| E|CS|TAMS 0x0000000083800000, 0x0000000083800000| Complete 
|  57|0x0000000083900000, 0x0000000083a00000, 0x0000000083a00000|100%| E|CS|TAMS 0x0000000083900000, 0x0000000083900000| Complete 
|  58|0x0000000083a00000, 0x0000000083b00000, 0x0000000083b00000|100%| E|CS|TAMS 0x0000000083a00000, 0x0000000083a00000| Complete 
|  59|0x0000000083b00000, 0x0000000083c00000, 0x0000000083c00000|100%| E|CS|TAMS 0x0000000083b00000, 0x0000000083b00000| Complete 
|  60|0x0000000083c00000, 0x0000000083d00000, 0x0000000083d00000|100%| E|CS|TAMS 0x0000000083c00000, 0x0000000083c00000| Complete 
|  61|0x0000000083d00000, 0x0000000083e00000, 0x0000000083e00000|100%| E|CS|TAMS 0x0000000083d00000, 0x0000000083d00000| Complete 
|  62|0x0000000083e00000, 0x0000000083f00000, 0x0000000083f00000|100%| E|CS|TAMS 0x0000000083e00000, 0x0000000083e00000| Complete 
|  63|0x0000000083f00000, 0x0000000084000000, 0x0000000084000000|100%| E|CS|TAMS 0x0000000083f00000, 0x0000000083f00000| Complete 
|  64|0x0000000084000000, 0x0000000084100000, 0x0000000084100000|100%| E|CS|TAMS 0x0000000084000000, 0x0000000084000000| Complete 
|  65|0x0000000084100000, 0x0000000084200000, 0x0000000084200000|100%| E|CS|TAMS 0x0000000084100000, 0x0000000084100000| Complete 
|  66|0x0000000084200000, 0x0000000084300000, 0x0000000084300000|100%| E|CS|TAMS 0x0000000084200000, 0x0000000084200000| Complete 
|  67|0x0000000084300000, 0x0000000084400000, 0x0000000084400000|100%| E|CS|TAMS 0x0000000084300000, 0x0000000084300000| Complete 
|  68|0x0000000084400000, 0x0000000084500000, 0x0000000084500000|100%| E|CS|TAMS 0x0000000084400000, 0x0000000084400000| Complete 
|  69|0x0000000084500000, 0x0000000084600000, 0x0000000084600000|100%| E|CS|TAMS 0x0000000084500000, 0x0000000084500000| Complete 
|  70|0x0000000084600000, 0x0000000084700000, 0x0000000084700000|100%| E|CS|TAMS 0x0000000084600000, 0x0000000084600000| Complete 
|  71|0x0000000084700000, 0x0000000084800000, 0x0000000084800000|100%| E|CS|TAMS 0x0000000084700000, 0x0000000084700000| Complete 
|  72|0x0000000084800000, 0x0000000084900000, 0x0000000084900000|100%| E|CS|TAMS 0x0000000084800000, 0x0000000084800000| Complete 
|  73|0x0000000084900000, 0x0000000084a00000, 0x0000000084a00000|100%| E|CS|TAMS 0x0000000084900000, 0x0000000084900000| Complete 
|  74|0x0000000084a00000, 0x0000000084b00000, 0x0000000084b00000|100%| E|CS|TAMS 0x0000000084a00000, 0x0000000084a00000| Complete 
|  75|0x0000000084b00000, 0x0000000084c00000, 0x0000000084c00000|100%| E|CS|TAMS 0x0000000084b00000, 0x0000000084b00000| Complete 
|  76|0x0000000084c00000, 0x0000000084d00000, 0x0000000084d00000|100%| E|CS|TAMS 0x0000000084c00000, 0x0000000084c00000| Complete 

Card table byte_map: [0x0000029fbeb80000,0x0000029fbef80000] _byte_map_base: 0x0000029fbe780000

Marking Bits (Prev, Next): (CMBitMap*) 0x0000029fab81a2c0, (CMBitMap*) 0x0000029fab81a288
 Prev Bits: [0x0000029fc1380000, 0x0000029fc3380000)
 Next Bits: [0x0000029fbf380000, 0x0000029fc1380000)

Polling page: 0x0000029fa9fd0000

Metaspace:

Usage:
  Non-class:     23.17 MB capacity,    22.80 MB ( 98%) used,   330.59 KB (  1%) free+waste,    50.81 KB ( <1%) overhead. 
      Class:      3.67 MB capacity,     3.46 MB ( 94%) used,   190.20 KB (  5%) free+waste,    25.44 KB ( <1%) overhead. 
       Both:     26.84 MB capacity,    26.26 MB ( 98%) used,   520.79 KB (  2%) free+waste,    76.25 KB ( <1%) overhead. 

Virtual space:
  Non-class space:       24.00 MB reserved,      23.25 MB ( 97%) committed 
      Class space:        1.00 GB reserved,       3.75 MB ( <1%) committed 
             Both:        1.02 GB reserved,      27.00 MB (  3%) committed 

Chunk freelists:
   Non-Class:  17.00 KB
       Class:  20.00 KB
        Both:  37.00 KB

MaxMetaspaceSize: 17179869184.00 GB
CompressedClassSpaceSize: 1.00 GB

CodeHeap 'non-profiled nmethods': size=120064Kb used=1024Kb max_used=1024Kb free=119040Kb
 bounds [0x0000029fb6c20000, 0x0000029fb6e90000, 0x0000029fbe160000]
CodeHeap 'profiled nmethods': size=120000Kb used=4337Kb max_used=4337Kb free=115662Kb
 bounds [0x0000029faf6f0000, 0x0000029fafb30000, 0x0000029fb6c20000]
CodeHeap 'non-nmethods': size=5696Kb used=1141Kb max_used=1173Kb free=4554Kb
 bounds [0x0000029faf160000, 0x0000029faf3d0000, 0x0000029faf6f0000]
 total_blobs=2570 nmethods=2085 adapters=396
 compilation: enabled
              stopped_count=0, restarted_count=0
 full_count=0

Compilation events (20 events):
Event: 8.762 Thread 0x0000029fc632f800 2272       3       java.lang.invoke.LambdaForm::methodType (48 bytes)
Event: 8.763 Thread 0x0000029fc632f800 nmethod 2272 0x0000029fafb25e90 code [0x0000029fafb260a0, 0x0000029fafb26658]
Event: 8.775 Thread 0x0000029fc632f800 2273       1       org.gradle.internal.event.DefaultListenerManager::access$100 (5 bytes)
Event: 8.776 Thread 0x0000029fc632f800 nmethod 2273 0x0000029fb6d1cb90 code [0x0000029fb6d1cd40, 0x0000029fb6d1cdd8]
Event: 8.777 Thread 0x0000029fc6325800 2274       4       java.lang.reflect.ProxyGenerator$ConstantPool::getValue (87 bytes)
Event: 8.800 Thread 0x0000029fc632f800 2276       3       java.lang.invoke.MemberName::<init> (131 bytes)
Event: 8.801 Thread 0x0000029fc632f800 nmethod 2276 0x0000029fafb26910 code [0x0000029fafb26c60, 0x0000029fafb28058]
Event: 8.802 Thread 0x0000029fc632f800 2277       3       java.lang.invoke.MemberName::hashCode (43 bytes)
Event: 8.803 Thread 0x0000029fc632f800 nmethod 2277 0x0000029fafb28610 code [0x0000029fafb28880, 0x0000029fafb29528]
Event: 8.803 Thread 0x0000029fc632f800 2278       3       java.lang.Byte::hashCode (8 bytes)
Event: 8.803 Thread 0x0000029fc632f800 nmethod 2278 0x0000029fafb29890 code [0x0000029fafb29a40, 0x0000029fafb29b98]
Event: 8.808 Thread 0x0000029fc632f800 2279       3       com.google.common.cache.LocalCache::usesAccessQueue (20 bytes)
Event: 8.808 Thread 0x0000029fc632f800 nmethod 2279 0x0000029fafb29c90 code [0x0000029fafb29e60, 0x0000029fafb2a198]
Event: 8.808 Thread 0x0000029fc632f800 2280       3       java.util.concurrent.locks.AbstractQueuedSynchronizer::compareAndSetState (10 bytes)
Event: 8.809 Thread 0x0000029fc632f800 nmethod 2280 0x0000029fafb2a290 code [0x0000029fafb2a4a0, 0x0000029fafb2aa18]
Event: 8.831 Thread 0x0000029fc632f800 2282       3       java.util.Optional::ofNullable (15 bytes)
Event: 8.832 Thread 0x0000029fc632f800 nmethod 2282 0x0000029fafb2ac90 code [0x0000029fafb2ae80, 0x0000029fafb2b348]
Event: 8.836 Thread 0x0000029fc6325800 nmethod 2274 0x0000029fb6d1d090 code [0x0000029fb6d1d2e0, 0x0000029fb6d1ebd8]
Event: 8.837 Thread 0x0000029fc6325800 2275       4       java.util.ArrayDeque::pollFirst (36 bytes)
Event: 8.838 Thread 0x0000029fc6325800 nmethod 2275 0x0000029fb6d1f890 code [0x0000029fb6d1fa20, 0x0000029fb6d1fb18]

GC Heap History (14 events):
Event: 1.111 GC heap before
{Heap before GC invocations=0 (full 0):
 garbage-first heap   total 65536K, used 19456K [0x0000000080000000, 0x0000000100000000)
  region size 1024K, 14 young (14336K), 0 survivors (0K)
 Metaspace       used 7446K, capacity 7611K, committed 7680K, reserved 1056768K
  class space    used 683K, capacity 748K, committed 768K, reserved 1048576K
}
Event: 1.121 GC heap after
{Heap after GC invocations=1 (full 0):
 garbage-first heap   total 65536K, used 7665K [0x0000000080000000, 0x0000000100000000)
  region size 1024K, 2 young (2048K), 2 survivors (2048K)
 Metaspace       used 7446K, capacity 7611K, committed 7680K, reserved 1056768K
  class space    used 683K, capacity 748K, committed 768K, reserved 1048576K
}
Event: 1.674 GC heap before
{Heap before GC invocations=1 (full 0):
 garbage-first heap   total 65536K, used 18929K [0x0000000080000000, 0x0000000100000000)
  region size 1024K, 13 young (13312K), 2 survivors (2048K)
 Metaspace       used 10440K, capacity 10640K, committed 11008K, reserved 1058816K
  class space    used 1100K, capacity 1164K, committed 1280K, reserved 1048576K
}
Event: 1.681 GC heap after
{Heap after GC invocations=2 (full 0):
 garbage-first heap   total 65536K, used 8728K [0x0000000080000000, 0x0000000100000000)
  region size 1024K, 1 young (1024K), 1 survivors (1024K)
 Metaspace       used 10440K, capacity 10640K, committed 11008K, reserved 1058816K
  class space    used 1100K, capacity 1164K, committed 1280K, reserved 1048576K
}
Event: 2.142 GC heap before
{Heap before GC invocations=2 (full 0):
 garbage-first heap   total 65536K, used 30232K [0x0000000080000000, 0x0000000100000000)
  region size 1024K, 23 young (23552K), 1 survivors (1024K)
 Metaspace       used 10565K, capacity 10769K, committed 11008K, reserved 1058816K
  class space    used 1100K, capacity 1164K, committed 1280K, reserved 1048576K
}
Event: 2.148 GC heap after
{Heap after GC invocations=3 (full 0):
 garbage-first heap   total 65536K, used 10997K [0x0000000080000000, 0x0000000100000000)
  region size 1024K, 3 young (3072K), 3 survivors (3072K)
 Metaspace       used 10565K, capacity 10769K, committed 11008K, reserved 1058816K
  class space    used 1100K, capacity 1164K, committed 1280K, reserved 1048576K
}
Event: 3.706 GC heap before
{Heap before GC invocations=3 (full 0):
 garbage-first heap   total 65536K, used 35573K [0x0000000080000000, 0x0000000100000000)
  region size 1024K, 27 young (27648K), 3 survivors (3072K)
 Metaspace       used 13902K, capacity 14179K, committed 14208K, reserved 1062912K
  class space    used 1563K, capacity 1642K, committed 1664K, reserved 1048576K
}
Event: 3.716 GC heap after
{Heap after GC invocations=4 (full 0):
 garbage-first heap   total 65536K, used 14456K [0x0000000080000000, 0x0000000100000000)
  region size 1024K, 4 young (4096K), 4 survivors (4096K)
 Metaspace       used 13902K, capacity 14179K, committed 14208K, reserved 1062912K
  class space    used 1563K, capacity 1642K, committed 1664K, reserved 1048576K
}
Event: 5.915 GC heap before
{Heap before GC invocations=4 (full 0):
 garbage-first heap   total 65536K, used 38008K [0x0000000080000000, 0x0000000100000000)
  region size 1024K, 28 young (28672K), 4 survivors (4096K)
 Metaspace       used 18995K, capacity 19464K, committed 19712K, reserved 1067008K
  class space    used 2302K, capacity 2456K, committed 2560K, reserved 1048576K
}
Event: 5.929 GC heap after
{Heap after GC invocations=5 (full 0):
 garbage-first heap   total 78848K, used 15961K [0x0000000080000000, 0x0000000100000000)
  region size 1024K, 2 young (2048K), 2 survivors (2048K)
 Metaspace       used 18995K, capacity 19464K, committed 19712K, reserved 1067008K
  class space    used 2302K, capacity 2456K, committed 2560K, reserved 1048576K
}
Event: 6.524 GC heap before
{Heap before GC invocations=5 (full 0):
 garbage-first heap   total 78848K, used 26201K [0x0000000080000000, 0x0000000100000000)
  region size 1024K, 14 young (14336K), 2 survivors (2048K)
 Metaspace       used 20658K, capacity 21105K, committed 21248K, reserved 1067008K
  class space    used 2532K, capacity 2710K, committed 2816K, reserved 1048576K
}
Event: 6.530 GC heap after
{Heap after GC invocations=6 (full 0):
 garbage-first heap   total 78848K, used 16355K [0x0000000080000000, 0x0000000100000000)
  region size 1024K, 2 young (2048K), 2 survivors (2048K)
 Metaspace       used 20658K, capacity 21105K, committed 21248K, reserved 1067008K
  class space    used 2532K, capacity 2710K, committed 2816K, reserved 1048576K
}
Event: 7.720 GC heap before
{Heap before GC invocations=7 (full 0):
 garbage-first heap   total 78848K, used 44003K [0x0000000080000000, 0x0000000100000000)
  region size 1024K, 30 young (30720K), 2 survivors (2048K)
 Metaspace       used 24065K, capacity 24669K, committed 24832K, reserved 1071104K
  class space    used 3065K, capacity 3262K, committed 3328K, reserved 1048576K
}
Event: 7.728 GC heap after
{Heap after GC invocations=8 (full 0):
 garbage-first heap   total 78848K, used 17692K [0x0000000080000000, 0x0000000100000000)
  region size 1024K, 4 young (4096K), 4 survivors (4096K)
 Metaspace       used 24065K, capacity 24669K, committed 24832K, reserved 1071104K
  class space    used 3065K, capacity 3262K, committed 3328K, reserved 1048576K
}

Deoptimization events (20 events):
Event: 8.216 Thread 0x0000029fc70b6000 Uncommon trap: trap_request=0xffffffde fr.pc=0x0000029fb6ce7be0 relative=0x0000000000000320
Event: 8.216 Thread 0x0000029fc70b6000 Uncommon trap: reason=class_check action=maybe_recompile pc=0x0000029fb6ce7be0 method=java.util.Collections$SetFromMap.remove(Ljava/lang/Object;)Z @ 5 c2
Event: 8.216 Thread 0x0000029fc70b6000 DEOPT PACKING pc=0x0000029fb6ce7be0 sp=0x000000d75f6fc7e0
Event: 8.216 Thread 0x0000029fc70b6000 DEOPT UNPACKING pc=0x0000029faf18742f sp=0x000000d75f6fc7c8 mode 2
Event: 8.216 Thread 0x0000029fc70b6000 Uncommon trap: trap_request=0xffffffde fr.pc=0x0000029fb6ce7be0 relative=0x0000000000000320
Event: 8.216 Thread 0x0000029fc70b6000 Uncommon trap: reason=class_check action=maybe_recompile pc=0x0000029fb6ce7be0 method=java.util.Collections$SetFromMap.remove(Ljava/lang/Object;)Z @ 5 c2
Event: 8.216 Thread 0x0000029fc70b6000 DEOPT PACKING pc=0x0000029fb6ce7be0 sp=0x000000d75f6fc760
Event: 8.216 Thread 0x0000029fc70b6000 DEOPT UNPACKING pc=0x0000029faf18742f sp=0x000000d75f6fc748 mode 2
Event: 8.285 Thread 0x0000029fc70b6000 Uncommon trap: trap_request=0xffffff4d fr.pc=0x0000029fb6c43290 relative=0x0000000000000450
Event: 8.285 Thread 0x0000029fc70b6000 Uncommon trap: reason=unstable_if action=reinterpret pc=0x0000029fb6c43290 method=java.util.Properties$LineReader.readLine()I @ 249 c2
Event: 8.285 Thread 0x0000029fc70b6000 DEOPT PACKING pc=0x0000029fb6c43290 sp=0x000000d75f6fbbb0
Event: 8.285 Thread 0x0000029fc70b6000 DEOPT UNPACKING pc=0x0000029faf18742f sp=0x000000d75f6fbb40 mode 2
Event: 8.517 Thread 0x0000029fc70b6000 Uncommon trap: trap_request=0xffffff4d fr.pc=0x0000029fb6d03bcc relative=0x000000000000020c
Event: 8.517 Thread 0x0000029fc70b6000 Uncommon trap: reason=unstable_if action=reinterpret pc=0x0000029fb6d03bcc method=java.util.HashMap.hash(Ljava/lang/Object;)I @ 1 c2
Event: 8.517 Thread 0x0000029fc70b6000 DEOPT PACKING pc=0x0000029fb6d03bcc sp=0x000000d75f6f8690
Event: 8.517 Thread 0x0000029fc70b6000 DEOPT UNPACKING pc=0x0000029faf18742f sp=0x000000d75f6f85c8 mode 2
Event: 8.532 Thread 0x0000029fc70b6000 Uncommon trap: trap_request=0xffffff4d fr.pc=0x0000029fb6cda12c relative=0x000000000000008c
Event: 8.532 Thread 0x0000029fc70b6000 Uncommon trap: reason=unstable_if action=reinterpret pc=0x0000029fb6cda12c method=java.util.HashMap.hash(Ljava/lang/Object;)I @ 1 c2
Event: 8.532 Thread 0x0000029fc70b6000 DEOPT PACKING pc=0x0000029fb6cda12c sp=0x000000d75f6f7fc0
Event: 8.532 Thread 0x0000029fc70b6000 DEOPT UNPACKING pc=0x0000029faf18742f sp=0x000000d75f6f7f58 mode 2

Classes redefined (0 events):
No events

Internal exceptions (20 events):
Event: 6.650 Thread 0x0000029fc70b6000 Exception <a 'java/lang/NoSuchMethodError'{0x0000000084902c30}: 'void java.lang.invoke.DirectMethodHandle$Holder.invokeSpecial(java.lang.Object, java.lang.Object)'> (0x0000000084902c30) thrown at [./src/hotspot/share/interpreter/linkResolver.cpp, line 773]
Event: 6.984 Thread 0x0000029fc70b6000 Exception <a 'java/lang/NoSuchMethodError'{0x0000000083eb6f88}: 'java.lang.Object java.lang.invoke.DirectMethodHandle$Holder.invokeVirtual(java.lang.Object, java.lang.Object, java.lang.Object, java.lang.Object)'> (0x0000000083eb6f88) thrown at [./src/hotspot/share/interpreter/linkResolver.cpp, line 773]
Event: 7.581 Thread 0x0000029fc70b6000 Exception <a 'java/lang/NoSuchMethodError'{0x0000000083140ff8}: 'void java.lang.invoke.DirectMethodHandle$Holder.invokeSpecial(java.lang.Object, java.lang.Object, java.lang.Object, java.lang.Object, java.lang.Object, java.lang.Object)'> (0x0000000083140ff8) thrown at [./src/hotspot/share/interpreter/linkResolver.cpp, line 773]
Event: 7.675 Thread 0x0000029fc70b6000 Exception <a 'java/lang/NoSuchMethodError'{0x00000000830eb520}: 'java.lang.Object java.lang.invoke.Invokers$Holder.invoker(java.lang.Object, java.lang.Object, java.lang.Object)'> (0x00000000830eb520) thrown at [./src/hotspot/share/interpreter/linkResolver.cpp, line 773]
Event: 7.717 Thread 0x0000029fc70b6000 Exception <a 'java/lang/NoSuchMethodError'{0x0000000082febef8}: 'void java.lang.invoke.DirectMethodHandle$Holder.invokeSpecial(java.lang.Object, java.lang.Object, java.lang.Object, java.lang.Object, java.lang.Object, java.lang.Object, java.lang.Object)'> (0x0000000082febef8) thrown at [./src/hotspot/share/interpreter/linkResolver.cpp, line 773]
Event: 7.718 Thread 0x0000029fc70b6000 Exception <a 'java/lang/NoSuchMethodError'{0x0000000082ff4140}: 'java.lang.Object java.lang.invoke.Invokers$Holder.linkToTargetMethod(java.lang.Object, java.lang.Object, java.lang.Object, java.lang.Object, java.lang.Object, java.lang.Object)'> (0x0000000082ff4140) thrown at [./src/hotspot/share/interpreter/linkResolver.cpp, line 773]
Event: 7.763 Thread 0x0000029fc70b6000 Exception <a 'java/lang/NoSuchMethodError'{0x0000000084b300f8}: 'java.lang.Object java.lang.invoke.DirectMethodHandle$Holder.invokeVirtual(java.lang.Object, java.lang.Object, java.lang.Object, java.lang.Object, java.lang.Object, java.lang.Object, java.lang.Object, java.lang.Object, java.lang.Object, java.lang.Object, java.lang.Object, java.lang.Object, java.lang.Object, java.lang.Object, java.lang.Object, java.lang.Object, java.lang.Object)'> (0x0000000084b300f8) thrown at [./src/hotspot/share/interpreter/
Event: 7.780 Thread 0x0000029fc70b6000 Exception <a 'java/lang/NoSuchMethodError'{0x0000000084b5eca0}: 'java.lang.Object java.lang.invoke.DirectMethodHandle$Holder.invokeSpecial(java.lang.Object, java.lang.Object, java.lang.Object, java.lang.Object, java.lang.Object, java.lang.Object, java.lang.Object, java.lang.Object, java.lang.Object)'> (0x0000000084b5eca0) thrown at [./src/hotspot/share/interpreter/linkResolver.cpp, line 773]
Event: 8.212 Thread 0x0000029fc70b6000 Exception <a 'java/lang/NoSuchMethodError'{0x00000000842ac7a8}: 'java.lang.Object java.lang.invoke.DirectMethodHandle$Holder.invokeStatic(java.lang.Object, java.lang.Object, java.lang.Object, int, java.lang.Object, java.lang.Object)'> (0x00000000842ac7a8) thrown at [./src/hotspot/share/interpreter/linkResolver.cpp, line 773]
Event: 8.213 Thread 0x0000029fc70b6000 Exception <a 'java/lang/NoSuchMethodError'{0x00000000842b3b10}: 'java.lang.Object java.lang.invoke.Invokers$Holder.linkToTargetMethod(java.lang.Object, java.lang.Object, int, java.lang.Object, java.lang.Object, java.lang.Object)'> (0x00000000842b3b10) thrown at [./src/hotspot/share/interpreter/linkResolver.cpp, line 773]
Event: 8.259 Thread 0x0000029fc70b6000 Exception <a 'java/lang/NoSuchMethodError'{0x0000000084036700}: 'void java.lang.invoke.DirectMethodHandle$Holder.invokeSpecial(java.lang.Object, java.lang.Object, java.lang.Object, java.lang.Object)'> (0x0000000084036700) thrown at [./src/hotspot/share/interpreter/linkResolver.cpp, line 773]
Event: 8.517 Thread 0x0000029fc70b6000 Implicit null exception at 0x0000029fb6d039f5 to 0x0000029fb6d03bbc
Event: 8.532 Thread 0x0000029fc70b6000 Implicit null exception at 0x0000029fb6cda0af to 0x0000029fb6cda11d
Event: 8.688 Thread 0x0000029fc70b6000 Exception <a 'java/lang/NoSuchMethodError'{0x000000008363aa00}: 'java.lang.Object java.lang.invoke.DirectMethodHandle$Holder.invokeSpecialIFC(java.lang.Object, java.lang.Object, java.lang.Object, java.lang.Object)'> (0x000000008363aa00) thrown at [./src/hotspot/share/interpreter/linkResolver.cpp, line 773]
Event: 8.700 Thread 0x0000029fc70b6000 Exception <a 'java/lang/NoSuchMethodError'{0x00000000836f6d40}: 'java.lang.Object java.lang.invoke.DirectMethodHandle$Holder.invokeSpecial(java.lang.Object, java.lang.Object, java.lang.Object, java.lang.Object, java.lang.Object, java.lang.Object, java.lang.Object, java.lang.Object, java.lang.Object, java.lang.Object, java.lang.Object, java.lang.Object, java.lang.Object)'> (0x00000000836f6d40) thrown at [./src/hotspot/share/interpreter/linkResolver.cpp, line 773]
Event: 8.701 Thread 0x0000029fc70b6000 Exception <a 'java/lang/NoSuchMethodError'{0x00000000835085a8}: 'java.lang.Object java.lang.invoke.DirectMethodHandle$Holder.invokeSpecial(java.lang.Object, java.lang.Object, java.lang.Object, java.lang.Object, java.lang.Object, java.lang.Object, java.lang.Object, java.lang.Object, java.lang.Object, java.lang.Object, java.lang.Object, java.lang.Object)'> (0x00000000835085a8) thrown at [./src/hotspot/share/interpreter/linkResolver.cpp, line 773]
Event: 8.702 Thread 0x0000029fc70b6000 Exception <a 'java/lang/NoSuchMethodError'{0x000000008350d6d0}: 'java.lang.Object java.lang.invoke.Invokers$Holder.linkToTargetMethod(java.lang.Object, java.lang.Object, java.lang.Object, java.lang.Object, java.lang.Object, java.lang.Object, java.lang.Object, java.lang.Object, java.lang.Object, java.lang.Object, java.lang.Object)'> (0x000000008350d6d0) thrown at [./src/hotspot/share/interpreter/linkResolver.cpp, line 773]
Event: 8.731 Thread 0x0000029fc70b6000 Exception <a 'java/lang/NoSuchMethodError'{0x0000000083405940}: 'java.lang.Object java.lang.invoke.DirectMethodHandle$Holder.invokeSpecial(java.lang.Object, java.lang.Object, java.lang.Object, java.lang.Object, java.lang.Object, java.lang.Object, java.lang.Object, java.lang.Object, java.lang.Object, java.lang.Object, java.lang.Object, java.lang.Object, java.lang.Object, java.lang.Object)'> (0x0000000083405940) thrown at [./src/hotspot/share/interpreter/linkResolver.cpp, line 773]
Event: 8.732 Thread 0x0000029fc70b6000 Exception <a 'java/lang/NoSuchMethodError'{0x0000000083416f38}: 'java.lang.Object java.lang.invoke.Invokers$Holder.linkToTargetMethod(java.lang.Object, java.lang.Object, java.lang.Object, java.lang.Object, java.lang.Object, java.lang.Object, java.lang.Object, java.lang.Object, java.lang.Object, java.lang.Object, java.lang.Object, java.lang.Object)'> (0x0000000083416f38) thrown at [./src/hotspot/share/interpreter/linkResolver.cpp, line 773]
Event: 8.762 Thread 0x0000029fc70b6000 Exception <a 'java/lang/NoSuchMethodError'{0x000000008348fab8}: 'java.lang.Object java.lang.invoke.DirectMethodHandle$Holder.invokeStaticInit(java.lang.Object, java.lang.Object, java.lang.Object, java.lang.Object)'> (0x000000008348fab8) thrown at [./src/hotspot/share/interpreter/linkResolver.cpp, line 773]

Events (20 events):
Event: 8.832 loading class org/gradle/internal/resource/local/AbstractLocallyAvailableResourceFinder
Event: 8.832 loading class org/gradle/internal/resource/local/AbstractLocallyAvailableResourceFinder done
Event: 8.832 loading class org/gradle/internal/resource/local/LocallyAvailableResourceCandidates
Event: 8.832 loading class org/gradle/internal/resource/local/LocallyAvailableResourceCandidates done
Event: 8.833 loading class org/gradle/internal/component/external/model/ModuleComponentArtifactMetadata
Event: 8.833 loading class org/gradle/internal/component/external/model/ModuleComponentArtifactMetadata done
Event: 8.833 loading class org/gradle/internal/component/external/model/ModuleComponentArtifactMetadata
Event: 8.833 loading class org/gradle/internal/component/external/model/ModuleComponentArtifactMetadata done
Event: 8.833 loading class org/gradle/internal/resource/local/ivy/LocallyAvailableResourceFinderFactory
Event: 8.833 loading class org/gradle/internal/resource/local/ivy/LocallyAvailableResourceFinderFactory done
Event: 8.833 loading class org/gradle/internal/resource/local/FileStoreSearcher
Event: 8.833 loading class org/gradle/internal/resource/local/FileStoreSearcher done
Event: 8.833 loading class org/gradle/internal/Factory
Event: 8.833 loading class org/gradle/internal/Factory done
Event: 8.833 loading class org/gradle/internal/resource/local/FileStoreSearcher
Event: 8.833 loading class org/gradle/internal/resource/local/FileStoreSearcher done
Event: 8.834 loading class org/gradle/api/internal/artifacts/repositories/resolver/IvyResourcePattern
Event: 8.834 loading class org/gradle/api/internal/artifacts/repositories/resolver/IvyResourcePattern done
Event: 8.835 loading class org/gradle/api/internal/artifacts/repositories/resolver/AbstractResourcePattern
Event: 8.835 loading class org/gradle/api/internal/artifacts/repositories/resolver/AbstractResourcePattern done


Dynamic libraries:
0x00007ff612b40000 - 0x00007ff612b4a000 	C:\Program Files\Android\Android Studio\jre\bin\java.exe
0x00007ff883930000 - 0x00007ff883b25000 	C:\WINDOWS\SYSTEM32\ntdll.dll
0x00007ff8819a0000 - 0x00007ff881a5d000 	C:\WINDOWS\System32\KERNEL32.DLL
0x00007ff881250000 - 0x00007ff881519000 	C:\WINDOWS\System32\KERNELBASE.dll
0x00007ff881150000 - 0x00007ff881250000 	C:\WINDOWS\System32\ucrtbase.dll
0x00007ff87c1d0000 - 0x00007ff87c1e7000 	C:\Program Files\Android\Android Studio\jre\bin\VCRUNTIME140.dll
0x00007ff87ae10000 - 0x00007ff87ae29000 	C:\Program Files\Android\Android Studio\jre\bin\jli.dll
0x00007ff881d40000 - 0x00007ff881ee0000 	C:\WINDOWS\System32\USER32.dll
0x00007ff8810d0000 - 0x00007ff8810f2000 	C:\WINDOWS\System32\win32u.dll
0x00007ff881ee0000 - 0x00007ff881f0a000 	C:\WINDOWS\System32\GDI32.dll
0x00007ff881720000 - 0x00007ff88182b000 	C:\WINDOWS\System32\gdi32full.dll
0x00007ff881680000 - 0x00007ff88171d000 	C:\WINDOWS\System32\msvcp_win.dll
0x00007ff873940000 - 0x00007ff873bda000 	C:\WINDOWS\WinSxS\amd64_microsoft.windows.common-controls_6595b64144ccf1df_6.0.19041.1110_none_60b5254171f9507e\COMCTL32.dll
0x00007ff8830b0000 - 0x00007ff88314e000 	C:\WINDOWS\System32\msvcrt.dll
0x00007ff883080000 - 0x00007ff8830b0000 	C:\WINDOWS\System32\IMM32.DLL
0x00007ff8688d0000 - 0x00007ff86896d000 	C:\Program Files\Android\Android Studio\jre\bin\msvcp140.dll
0x00007ff84e280000 - 0x00007ff84ed3c000 	C:\Program Files\Android\Android Studio\jre\bin\server\jvm.dll
0x00007ff882390000 - 0x00007ff88243c000 	C:\WINDOWS\System32\ADVAPI32.dll
0x00007ff882530000 - 0x00007ff8825cb000 	C:\WINDOWS\System32\sechost.dll
0x00007ff882660000 - 0x00007ff88278a000 	C:\WINDOWS\System32\RPCRT4.dll
0x00007ff871e40000 - 0x00007ff871e67000 	C:\WINDOWS\SYSTEM32\WINMM.dll
0x00007ff87ddd0000 - 0x00007ff87ddda000 	C:\WINDOWS\SYSTEM32\VERSION.dll
0x00007ff883880000 - 0x00007ff883888000 	C:\WINDOWS\System32\PSAPI.DLL
0x00007ff87d550000 - 0x00007ff87d559000 	C:\WINDOWS\SYSTEM32\WSOCK32.dll
0x00007ff883810000 - 0x00007ff88387b000 	C:\WINDOWS\System32\WS2_32.dll
0x00007ff87eb30000 - 0x00007ff87eb42000 	C:\WINDOWS\SYSTEM32\kernel.appcore.dll
0x00007ff87adf0000 - 0x00007ff87ae01000 	C:\Program Files\Android\Android Studio\jre\bin\verify.dll
0x00007ff880b60000 - 0x00007ff880d44000 	C:\WINDOWS\SYSTEM32\DBGHELP.DLL
0x00007ff880ab0000 - 0x00007ff880adc000 	C:\WINDOWS\SYSTEM32\dbgcore.DLL
0x00007ff881830000 - 0x00007ff8818b3000 	C:\WINDOWS\System32\bcryptPrimitives.dll
0x00007ff877770000 - 0x00007ff877799000 	C:\Program Files\Android\Android Studio\jre\bin\java.dll
0x00007ff87d3b0000 - 0x00007ff87d3bb000 	C:\Program Files\Android\Android Studio\jre\bin\jimage.dll
0x00007ff8744c0000 - 0x00007ff8744d8000 	C:\Program Files\Android\Android Studio\jre\bin\zip.dll
0x00007ff8828e0000 - 0x00007ff88301f000 	C:\WINDOWS\System32\SHELL32.dll
0x00007ff87eb50000 - 0x00007ff87f2e1000 	C:\WINDOWS\SYSTEM32\windows.storage.dll
0x00007ff881f20000 - 0x00007ff882275000 	C:\WINDOWS\System32\combase.dll
0x00007ff880630000 - 0x00007ff88065c000 	C:\WINDOWS\SYSTEM32\Wldp.dll
0x00007ff8822e0000 - 0x00007ff88238e000 	C:\WINDOWS\System32\SHCORE.dll
0x00007ff883270000 - 0x00007ff8832c5000 	C:\WINDOWS\System32\shlwapi.dll
0x00007ff880fb0000 - 0x00007ff880fcf000 	C:\WINDOWS\SYSTEM32\profapi.dll
0x00007ff873330000 - 0x00007ff87334a000 	C:\Program Files\Android\Android Studio\jre\bin\net.dll
0x00007ff875750000 - 0x00007ff87585a000 	C:\WINDOWS\SYSTEM32\WINHTTP.dll
0x00007ff880110000 - 0x00007ff88017a000 	C:\WINDOWS\system32\mswsock.dll
0x00007ff873310000 - 0x00007ff873324000 	C:\Program Files\Android\Android Studio\jre\bin\nio.dll
0x00007ff879000000 - 0x00007ff879027000 	C:\Users\mohamad\.gradle\native\fdc75f09e3144964f2cf3f50f0aa648679c211496f362492102eb8c894070792\windows-amd64\native-platform.dll
0x00007ff854bc0000 - 0x00007ff854d56000 	C:\Users\mohamad\.gradle\native\12488b8bf47d2d4c9fbf2f6322a914ad602e24e48041cd04a747c6da556b65c4\windows-amd64\native-platform-file-events.dll
0x00007ff87ade0000 - 0x00007ff87adea000 	C:\Program Files\Android\Android Studio\jre\bin\management.dll
0x00007ff87aa80000 - 0x00007ff87aa8c000 	C:\Program Files\Android\Android Studio\jre\bin\management_ext.dll
0x00007ff880d90000 - 0x00007ff880da8000 	C:\WINDOWS\SYSTEM32\CRYPTSP.dll
0x00007ff87fab0000 - 0x00007ff87fae4000 	C:\WINDOWS\system32\rsaenh.dll
0x00007ff881970000 - 0x00007ff881997000 	C:\WINDOWS\System32\bcrypt.dll
0x00007ff880f30000 - 0x00007ff880f5e000 	C:\WINDOWS\SYSTEM32\USERENV.dll
0x00007ff880590000 - 0x00007ff88059c000 	C:\WINDOWS\SYSTEM32\CRYPTBASE.dll
0x00007ff87fe00000 - 0x00007ff87fe3b000 	C:\WINDOWS\SYSTEM32\IPHLPAPI.DLL
0x00007ff882520000 - 0x00007ff882528000 	C:\WINDOWS\System32\NSI.dll
0x00007ff8798b0000 - 0x00007ff8798c7000 	C:\WINDOWS\SYSTEM32\dhcpcsvc6.DLL
0x00007ff87a380000 - 0x00007ff87a39d000 	C:\WINDOWS\SYSTEM32\dhcpcsvc.DLL
0x00007ff87fe40000 - 0x00007ff87ff0c000 	C:\WINDOWS\SYSTEM32\DNSAPI.dll
0x00007ff87a620000 - 0x00007ff87a62b000 	C:\WINDOWS\SYSTEM32\WINNSI.DLL

dbghelp: loaded successfully - version: 4.0.5 - missing functions: none
symbol engine: initialized successfully - sym options: 0x614 - pdb path: .;C:\Program Files\Android\Android Studio\jre\bin;C:\WINDOWS\SYSTEM32;C:\WINDOWS\WinSxS\amd64_microsoft.windows.common-controls_6595b64144ccf1df_6.0.19041.1110_none_60b5254171f9507e;C:\Program Files\Android\Android Studio\jre\bin\server;C:\Users\mohamad\.gradle\native\fdc75f09e3144964f2cf3f50f0aa648679c211496f362492102eb8c894070792\windows-amd64;C:\Users\mohamad\.gradle\native\12488b8bf47d2d4c9fbf2f6322a914ad602e24e48041cd04a747c6da556b65c4\windows-amd64

VM Arguments:
jvm_args: --add-opens=java.base/java.util=ALL-UNNAMED --add-opens=java.base/java.lang=ALL-UNNAMED --add-opens=java.base/java.lang.invoke=ALL-UNNAMED --add-opens=java.prefs/java.util.prefs=ALL-UNNAMED -Xmx2048m -Dfile.encoding=UTF-8 -Duser.country=US -Duser.language=en -Duser.variant 
java_command: org.gradle.launcher.daemon.bootstrap.GradleDaemon 6.7.1
java_class_path (initial): C:\Users\mohamad\.gradle\wrapper\dists\gradle-6.7.1-all\2moa8rlfac5eqlcfgk98k0deb\gradle-6.7.1\lib\gradle-launcher-6.7.1.jar
Launcher Type: SUN_STANDARD

[Global flags]
     intx CICompilerCount                          = 3                                         {product} {ergonomic}
     uint ConcGCThreads                            = 1                                         {product} {ergonomic}
     uint G1ConcRefinementThreads                  = 4                                         {product} {ergonomic}
   size_t G1HeapRegionSize                         = 1048576                                   {product} {ergonomic}
    uintx GCDrainStackTargetSize                   = 64                                        {product} {ergonomic}
   size_t InitialHeapSize                          = 67108864                                  {product} {ergonomic}
   size_t MarkStackSize                            = 4194304                                   {product} {ergonomic}
   size_t MaxHeapSize                              = 2147483648                                {product} {command line}
   size_t MaxNewSize                               = 1287651328                                {product} {ergonomic}
   size_t MinHeapDeltaBytes                        = 1048576                                   {product} {ergonomic}
    uintx NonNMethodCodeHeapSize                   = 5830732                                {pd product} {ergonomic}
    uintx NonProfiledCodeHeapSize                  = 122913754                              {pd product} {ergonomic}
    uintx ProfiledCodeHeapSize                     = 122913754                              {pd product} {ergonomic}
    uintx ReservedCodeCacheSize                    = 251658240                              {pd product} {ergonomic}
     bool SegmentedCodeCache                       = true                                      {product} {ergonomic}
     bool UseCompressedClassPointers               = true                                 {lp64_product} {ergonomic}
     bool UseCompressedOops                        = true                                 {lp64_product} {ergonomic}
     bool UseG1GC                                  = true                                      {product} {ergonomic}
     bool UseLargePagesIndividualAllocation        = false                                  {pd product} {ergonomic}

Logging:
Log output configuration:
 #0: stdout all=warning uptime,level,tags
 #1: stderr all=off uptime,level,tags

Environment Variables:
PATH=C:\WINDOWS\system32;C:\WINDOWS;C:\WINDOWS\System32\Wbem;C:\WINDOWS\System32\WindowsPowerShell\v1.0\;C:\WINDOWS\System32\OpenSSH\;C:\Program Files\nodejs\;C:\Program Files\Git\cmd;C:\flutter\bin;C:\Users\mohamad\AppData\Local\Microsoft\WindowsApps;C:\Users\mohamad\AppData\Roaming\npm;C:\Program Files\Git\cmd\git.exe;
USERNAME=mohamad
OS=Windows_NT
PROCESSOR_IDENTIFIER=Intel64 Family 6 Model 42 Stepping 7, GenuineIntel



---------------  S Y S T E M  ---------------

OS: Windows 10 , 64 bit Build 19041 (10.0.19041.1023)
OS uptime: 2 days 2:19 hours

CPU:total 4 (initial active 4) (2 cores per cpu, 2 threads per core) family 6 model 42 stepping 7, cmov, cx8, fxsr, mmx, sse, sse2, sse3, ssse3, sse4.1, sse4.2, popcnt, avx, clmul, ht, tsc, tscinvbit

Memory: 4k page, system-wide physical 4030M (468M free)
TotalPageFile size 10846M (AvailPageFile size 6898M)
current process WorkingSet (physical memory assigned to process): 174M, peak: 175M
current process commit charge ("private bytes"): 223M, peak: 226M

vm_info: OpenJDK 64-Bit Server VM (11.0.8+10-b944.6842174) for windows-amd64 JRE (11.0.8+10-b944.6842174), built on Sep 19 2020 01:11:42 by "builder" with MS VC++ 14.0 (VS2015)

END.
