#
# A fatal error has been detected by the Java Runtime Environment:
#
#  EXCEPTION_ACCESS_VIOLATION (0xc0000005) at pc=0x00007ff8646665ba, pid=2068, tid=3992
#
# JRE version: OpenJDK Runtime Environment (11.0.8+10) (build 11.0.8+10-b944.6842174)
# Java VM: OpenJDK 64-Bit Server VM (11.0.8+10-b944.6842174, mixed mode, tiered, compressed oops, g1 gc, windows-amd64)
# Problematic frame:
# V  [jvm.dll+0x1965ba]
#
# No core dump will be written. Minidumps are not enabled by default on client versions of Windows
#
# If you would like to submit a bug report, please visit:
#   https://bugreport.java.com/bugreport/crash.jsp
#

---------------  S U M M A R Y ------------

Command Line: --add-opens=java.base/java.util=ALL-UNNAMED --add-opens=java.base/java.lang=ALL-UNNAMED --add-opens=java.base/java.lang.invoke=ALL-UNNAMED --add-opens=java.prefs/java.util.prefs=ALL-UNNAMED -Xmx2048m -Dfile.encoding=UTF-8 -Duser.country=US -Duser.language=en -Duser.variant org.gradle.launcher.daemon.bootstrap.GradleDaemon 6.7.1

Host: Intel(R) Core(TM) i3-2310M CPU @ 2.10GHz, 4 cores, 3G,  Windows 10 , 64 bit Build 19041 (10.0.19041.1202)
Time: Wed Sep 22 11:11:26 2021 Iran Standard Time elapsed time: 87 seconds (0d 0h 1m 27s)

---------------  T H R E A D  ---------------

Current thread (0x000001e6131d5000):  JavaThread "C2 CompilerThread0" daemon [_thread_in_native, id=3992, stack(0x000000831b100000,0x000000831b200000)]


Current CompileTask:
C2:  87585 7191   !   4       com.google.common.reflect.TypeVisitor::visit (225 bytes)

Stack: [0x000000831b100000,0x000000831b200000],  sp=0x000000831b1fbee0,  free space=1007k
Native frames: (J=compiled Java code, j=interpreted, Vv=VM code, C=native code)
V  [jvm.dll+0x1965ba]
V  [jvm.dll+0x193ec6]
V  [jvm.dll+0x1f780e]
V  [jvm.dll+0x1f68d4]
V  [jvm.dll+0x17f32c]
V  [jvm.dll+0x205047]
V  [jvm.dll+0x203891]
V  [jvm.dll+0x6dad3f]
V  [jvm.dll+0x6d3895]
V  [jvm.dll+0x5dd4a6]
C  [ucrtbase.dll+0x21bb2]
C  [KERNEL32.DLL+0x17034]
C  [ntdll.dll+0x52651]


siginfo: EXCEPTION_ACCESS_VIOLATION (0xc0000005), reading address 0x0000016619c24158


Register to memory mapping:

RIP=0x00007ff8646665ba jvm.dll
RAX=0x0000016619c24148 is an unknown value
RBX=0x000001e61dab0c30 points into unknown readable memory: 00 00 00 00 00 00 00 00
RCX=0x000001e61a69f260 points into unknown readable memory: f8 b9 cb 64 f8 7f 00 00
RDX=0x000001e61da109b0 points into unknown readable memory: 00 00 00 00 00 00 00 00
RSP=0x000000831b1fbee0 is pointing into the stack for thread: 0x000001e6131d5000
RBP=0xffffffffffffffff is an unknown value
RSI=0x000000831b1fc3e0 is pointing into the stack for thread: 0x000001e6131d5000
RDI=0x0000000000000001 is an unknown value
R8 =
[error occurred during error reporting (printing register info), id 0xc0000005, EXCEPTION_ACCESS_VIOLATION (0xc0000005) at pc=0x00007ff8647a7297]

Registers:
RAX=0x0000016619c24148, RBX=0x000001e61dab0c30, RCX=0x000001e61a69f260, RDX=0x000001e61da109b0
RSP=0x000000831b1fbee0, RBP=0xffffffffffffffff, RSI=0x000000831b1fc3e0, RDI=0x0000000000000001
R8 =0x00000000ffffffff, R9 =0x0000000000000003, R10=0x00007ff864e49648, R11=0x000000000000001a
R12=0x0000000000000001, R13=0x0000000000000001, R14=0x000001e61a69f260, R15=0x0000016619c24148
RIP=0x00007ff8646665ba, EFLAGS=0x0000000000010202

Top of Stack: (sp=0x000000831b1fbee0)
0x000000831b1fbee0:   000001e61dab0af0 000001e61dab0b28
0x000000831b1fbef0:   000001e615d43ff0 00007ff864e49fb0
0x000000831b1fbf00:   0000041700000022 0000000000000002
0x000000831b1fbf10:   000001e61606c8f0 0000000000000000
0x000000831b1fbf20:   0000000000000000 0000000000000000
0x000000831b1fbf30:   0000000000002ba5 000001e6150f5b70
0x000000831b1fbf40:   000001e6150f5b80 0000000000000008
0x000000831b1fbf50:   00000000000003d8 000000831b1fc080
0x000000831b1fbf60:   0000000000000000 000000831b1fc4c8
0x000000831b1fbf70:   000000831b1fc3e0 00007ff864663ec6
0x000000831b1fbf80:   000000831b1fc3e0 000000831b1fc001
0x000000831b1fbf90:   000000831b1fc401 00000000ffffffff
0x000000831b1fbfa0:   000000000000c300 0000000000000000
0x000000831b1fbfb0:   0000008300000006 000001e6150f5b70
0x000000831b1fbfc0:   000001e6179b4020 000001e6179b7890
0x000000831b1fbfd0:   000001e6179bc008 0000000000737f08 

Instructions: (pc=0x00007ff8646665ba)
0x00007ff8646664ba:   4c 89 64 24 70 4c 89 6c 24 68 44 8d 69 01 4c 89
0x00007ff8646664ca:   74 24 60 4c 89 7c 24 58 0f 29 74 24 40 f2 0f 10
0x00007ff8646664da:   35 19 65 63 00 90 48 8b 40 30 4c 8b 3c c8 41 8b
0x00007ff8646664ea:   c5 4c 89 7c 24 30 89 44 24 20 41 83 7f 28 01 0f
0x00007ff8646664fa:   86 92 06 00 00 90 41 3b 47 18 73 0c 8b c8 49 8b
0x00007ff86466650a:   47 20 4c 8b 34 c8 eb 03 45 33 f6 41 0f b6 46 2c
0x00007ff86466651a:   45 8b e5 24 03 c6 84 24 b0 00 00 00 00 3c 02 75
0x00007ff86466652a:   17 49 8b 06 49 8b ce c6 84 24 b0 00 00 00 01 ff
0x00007ff86466653a:   90 c0 00 00 00 44 8b e0 48 8b 86 28 01 00 00 49
0x00007ff86466654a:   63 4e 28 41 0f b7 7e 2e 83 e7 01 8b 14 88 48 8b
0x00007ff86466655a:   46 70 48 8d 1c 92 48 c1 e3 05 48 03 58 20 85 d2
0x00007ff86466656a:   0f 84 21 03 00 00 85 ff 74 3a 81 8b 98 00 00 00
0x00007ff86466657a:   00 10 00 00 49 8b 46 08 48 8b 0c f8 48 8b 86 28
0x00007ff86466658a:   01 00 00 48 63 51 28 8b 0c 90 48 8b 46 70 48 8d
0x00007ff86466659a:   14 89 48 c1 e2 05 48 03 50 20 81 8a 98 00 00 00
0x00007ff8646665aa:   00 10 00 00 49 8b 06 49 8b ce ff 50 28 4c 8b f8
0x00007ff8646665ba:   8b 50 10 8d 4a e5 83 f9 01 76 08 8d 4a e2 83 f9
0x00007ff8646665ca:   01 77 07 83 8b 98 00 00 00 02 41 8b 4e 28 8b c1
0x00007ff8646665da:   c1 e8 05 3b 86 90 00 00 00 73 4f 8b f8 83 e1 1f
0x00007ff8646665ea:   48 8b 86 98 00 00 00 41 8b d5 d3 e2 8b 04 b8 23
0x00007ff8646665fa:   c2 74 37 83 8b 98 00 00 00 08 41 8b 4e 28 8b c1
0x00007ff86466660a:   c1 e8 05 3b 86 b0 00 00 00 73 1f 8b f8 83 e1 1f
0x00007ff86466661a:   48 8b 86 b8 00 00 00 41 8b d5 d3 e2 8b 04 b8 23
0x00007ff86466662a:   c2 74 07 83 8b 98 00 00 00 10 48 83 7b 18 00 49
0x00007ff86466663a:   8b c6 49 8b ce 48 0f 45 c5 48 89 43 18 49 8b 06
0x00007ff86466664a:   ff 50 78 48 8d 73 38 45 33 c0 48 8b e8 48 8d 56
0x00007ff86466665a:   54 48 8d 48 54 48 3b f1 77 05 48 3b d0 73 49 b8
0x00007ff86466666a:   02 00 00 00 48 8d 4e 10 48 8b d5 48 2b d6 44 8d
0x00007ff86466667a:   40 0e 0f 1f 40 00 f3 0f 6f 41 f0 f3 0f 6f 4c 0a
0x00007ff86466668a:   f0 48 8d 49 20 66 0f db c8 f3 0f 7f 49 d0 f3 0f
0x00007ff86466669a:   6f 54 0a e0 f3 0f 6f 41 e0 66 0f db d0 f3 0f 7f
0x00007ff8646666aa:   51 e0 48 83 e8 01 75 ce 48 8b fd 4a 8d 0c 86 48 


Stack slot to memory mapping:
stack at sp + 0 slots: 0x000001e61dab0af0 points into unknown readable memory: 00 00 00 00 00 00 00 00
stack at sp + 1 slots: 0x000001e61dab0b28 points into unknown readable memory: ff fc ff 0f 00 00 00 00
stack at sp + 2 slots: 0x000001e615d43ff0 points into unknown readable memory: 00 00 40 00 00 00 00 00
stack at sp + 3 slots: 0x00007ff864e49fb0 jvm.dll
stack at sp + 4 slots: 0x0000041700000022 is an unknown value
stack at sp + 5 slots: 0x0000000000000002 is an unknown value
stack at sp + 6 slots: 0x000001e61606c8f0 points into unknown readable memory: c8 77 ca 64 f8 7f 00 00
stack at sp + 7 slots: 0x0 is NULL


---------------  P R O C E S S  ---------------

Threads class SMR info:
_java_thread_list=0x000001e615f7dd60, length=162, elements={
0x000001e67767a800, 0x000001e613177800, 0x000001e613185000, 0x000001e6131d0800,
0x000001e6131d2000, 0x000001e6131d5000, 0x000001e6131de800, 0x000001e6131e8000,
0x000001e613b42000, 0x000001e613b6d800, 0x000001e6157c8800, 0x000001e614c03800,
0x000001e614b1d000, 0x000001e614468800, 0x000001e614010800, 0x000001e61565f800,
0x000001e61565d000, 0x000001e615660000, 0x000001e61565e000, 0x000001e61565e800,
0x000001e617954000, 0x000001e617955800, 0x000001e617956800, 0x000001e617957800,
0x000001e617959000, 0x000001e617958000, 0x000001e617953000, 0x000001e61795c000,
0x000001e61795a800, 0x000001e61795d000, 0x000001e617959800, 0x000001e61795e000,
0x000001e61795b800, 0x000001e615579000, 0x000001e615574000, 0x000001e615573000,
0x000001e615577000, 0x000001e615578000, 0x000001e615579800, 0x000001e615576800,
0x000001e61557a800, 0x000001e615575000, 0x000001e61557b800, 0x000001e615575800,
0x000001e615582000, 0x000001e61557c000, 0x000001e61557e800, 0x000001e61557f800,
0x000001e61557d000, 0x000001e61557d800, 0x000001e615581000, 0x000001e615580000,
0x000001e6183de800, 0x000001e6183dd000, 0x000001e6183dc800, 0x000001e6183df800,
0x000001e6183de000, 0x000001e6183e4800, 0x000001e6183e3000, 0x000001e6183e3800,
0x000001e6183e0800, 0x000001e6183e5800, 0x000001e6183e6000, 0x000001e6183e7000,
0x000001e6183e1000, 0x000001e6183e7800, 0x000001e6183e2000, 0x000001e6183eb000,
0x000001e6183e8800, 0x000001e6183ea000, 0x000001e6183e9800, 0x000001e614357800,
0x000001e614355800, 0x000001e614359000, 0x000001e614359800, 0x000001e61435c000,
0x000001e614356800, 0x000001e61435a800, 0x000001e61435d000, 0x000001e61435e000,
0x000001e61435b800, 0x000001e614358000, 0x000001e614361000, 0x000001e614364800,
0x000001e614360000, 0x000001e614362800, 0x000001e614362000, 0x000001e61435f800,
0x000001e614363800, 0x000001e61435e800, 0x000001e615b41800, 0x000001e615b40800,
0x000001e615b42000, 0x000001e615b43800, 0x000001e615b44800, 0x000001e615b48000,
0x000001e615b47000, 0x000001e615b48800, 0x000001e615b43000, 0x000001e615b49800,
0x000001e615b4a800, 0x000001e615b45800, 0x000001e615b4b000, 0x000001e615b4c000,
0x000001e615b46000, 0x000001e615b4d800, 0x000001e615b4c800, 0x000001e615b4e800,
0x000001e615b4f000, 0x000001e615cc6000, 0x000001e615cc2800, 0x000001e615cc2000,
0x000001e615cc3800, 0x000001e615cc5000, 0x000001e615cc0000, 0x000001e615cc1000,
0x000001e615cc6800, 0x000001e615cc8800, 0x000001e615cc7800, 0x000001e615cca000,
0x000001e615cc9000, 0x000001e615cc4800, 0x000001e615ccb800, 0x000001e615ccc800,
0x000001e615ccb000, 0x000001e615ccd800, 0x000001e615cce000, 0x000001e615ccf000,
0x000001e6186d1000, 0x000001e6186d0000, 0x000001e6186d7800, 0x000001e6186d1800,
0x000001e6186d2800, 0x000001e6186d4000, 0x000001e6186d8000, 0x000001e6186d9000,
0x000001e6186d3800, 0x000001e6186da000, 0x000001e6186da800, 0x000001e6186d5000,
0x000001e6186d6800, 0x000001e6186db800, 0x000001e6186d5800, 0x000001e6186dd000,
0x000001e6186dc000, 0x000001e6186de000, 0x000001e617eec000, 0x000001e617eed800,
0x000001e617eef000, 0x000001e617eee800, 0x000001e617ef1000, 0x000001e617ef1800,
0x000001e617ef0000, 0x000001e617ef2800, 0x000001e617eec800, 0x000001e617ef8000,
0x000001e617ef3000, 0x000001e617efa000, 0x000001e617ef5800, 0x000001e617ef6800,
0x000001e617ef7800, 0x000001e617ef9000
}

Java Threads: ( => current thread )
  0x000001e67767a800 JavaThread "main" [_thread_blocked, id=1472, stack(0x000000831a600000,0x000000831a700000)]
  0x000001e613177800 JavaThread "Reference Handler" daemon [_thread_blocked, id=8100, stack(0x000000831ad00000,0x000000831ae00000)]
  0x000001e613185000 JavaThread "Finalizer" daemon [_thread_blocked, id=2568, stack(0x000000831ae00000,0x000000831af00000)]
  0x000001e6131d0800 JavaThread "Signal Dispatcher" daemon [_thread_blocked, id=6188, stack(0x000000831af00000,0x000000831b000000)]
  0x000001e6131d2000 JavaThread "Attach Listener" daemon [_thread_blocked, id=7656, stack(0x000000831b000000,0x000000831b100000)]
=>0x000001e6131d5000 JavaThread "C2 CompilerThread0" daemon [_thread_in_native, id=3992, stack(0x000000831b100000,0x000000831b200000)]
  0x000001e6131de800 JavaThread "C1 CompilerThread0" daemon [_thread_blocked, id=6036, stack(0x000000831b200000,0x000000831b300000)]
  0x000001e6131e8000 JavaThread "Sweeper thread" daemon [_thread_blocked, id=4720, stack(0x000000831b300000,0x000000831b400000)]
  0x000001e613b42000 JavaThread "Common-Cleaner" daemon [_thread_blocked, id=7420, stack(0x000000831b400000,0x000000831b500000)]
  0x000001e613b6d800 JavaThread "Service Thread" daemon [_thread_blocked, id=6780, stack(0x000000831b500000,0x000000831b600000)]
  0x000001e6157c8800 JavaThread "Daemon health stats" [_thread_blocked, id=5756, stack(0x000000831b800000,0x000000831b900000)]
  0x000001e614c03800 JavaThread "Incoming local TCP Connector on port 61988" [_thread_in_native, id=916, stack(0x000000831bd00000,0x000000831be00000)]
  0x000001e614b1d000 JavaThread "Daemon periodic checks" [_thread_blocked, id=7860, stack(0x000000831be00000,0x000000831bf00000)]
  0x000001e614468800 JavaThread "Daemon" [_thread_blocked, id=7092, stack(0x000000831bf00000,0x000000831c000000)]
  0x000001e614010800 JavaThread "Daemon worker" [_thread_in_native, id=3640, stack(0x000000831c200000,0x000000831c300000)]
  0x000001e61565f800 JavaThread "Cache worker for file hash cache (C:\Users\mohamad\.gradle\caches\6.7.1\fileHashes)" [_thread_blocked, id=7200, stack(0x000000831c600000,0x000000831c700000)]
  0x000001e61565d000 JavaThread "File lock request listener" [_thread_in_native, id=5632, stack(0x000000831c700000,0x000000831c800000)]
  0x000001e615660000 JavaThread "Cache worker for journal cache (C:\Users\mohamad\.gradle\caches\journal-1)" [_thread_blocked, id=2456, stack(0x000000831c800000,0x000000831c900000)]
  0x000001e61565e000 JavaThread "Cache worker for execution history cache (C:\Users\mohamad\.gradle\caches\6.7.1\executionHistory)" [_thread_blocked, id=8840, stack(0x000000831cd00000,0x000000831ce00000)]
  0x000001e61565e800 JavaThread "jar transforms" [_thread_blocked, id=8060, stack(0x000000831ce00000,0x000000831cf00000)]
  0x000001e617954000 JavaThread "Cache worker for file content cache (C:\Users\mohamad\.gradle\caches\6.7.1\fileContent)" [_thread_blocked, id=7408, stack(0x000000831cf00000,0x000000831d000000)]
  0x000001e617955800 JavaThread "jar transforms Thread 2" [_thread_blocked, id=3564, stack(0x000000831d500000,0x000000831d600000)]
  0x000001e617956800 JavaThread "jar transforms Thread 3" [_thread_blocked, id=6264, stack(0x000000831d600000,0x000000831d700000)]
  0x000001e617957800 JavaThread "jar transforms Thread 4" [_thread_blocked, id=6844, stack(0x000000831d700000,0x000000831d800000)]
  0x000001e617959000 JavaThread "jar transforms Thread 5" [_thread_blocked, id=2580, stack(0x000000831d800000,0x000000831d900000)]
  0x000001e617958000 JavaThread "jar transforms Thread 6" [_thread_blocked, id=4608, stack(0x000000831d900000,0x000000831da00000)]
  0x000001e617953000 JavaThread "jar transforms Thread 7" [_thread_blocked, id=2532, stack(0x000000831da00000,0x000000831db00000)]
  0x000001e61795c000 JavaThread "jar transforms Thread 8" [_thread_blocked, id=4476, stack(0x000000831db00000,0x000000831dc00000)]
  0x000001e61795a800 JavaThread "jar transforms Thread 9" [_thread_blocked, id=8360, stack(0x000000831dc00000,0x000000831dd00000)]
  0x000001e61795d000 JavaThread "jar transforms Thread 10" [_thread_blocked, id=7032, stack(0x000000831dd00000,0x000000831de00000)]
  0x000001e617959800 JavaThread "jar transforms Thread 11" [_thread_blocked, id=8796, stack(0x000000831de00000,0x000000831df00000)]
  0x000001e61795e000 JavaThread "jar transforms Thread 12" [_thread_blocked, id=8212, stack(0x000000831df00000,0x000000831e000000)]
  0x000001e61795b800 JavaThread "jar transforms Thread 13" [_thread_blocked, id=476, stack(0x000000831e000000,0x000000831e100000)]
  0x000001e615579000 JavaThread "jar transforms Thread 14" [_thread_blocked, id=5820, stack(0x000000831e100000,0x000000831e200000)]
  0x000001e615574000 JavaThread "jar transforms Thread 15" [_thread_blocked, id=7644, stack(0x000000831e200000,0x000000831e300000)]
  0x000001e615573000 JavaThread "jar transforms Thread 16" [_thread_blocked, id=8940, stack(0x000000831e300000,0x000000831e400000)]
  0x000001e615577000 JavaThread "jar transforms Thread 17" [_thread_blocked, id=7320, stack(0x000000831e400000,0x000000831e500000)]
  0x000001e615578000 JavaThread "jar transforms Thread 18" [_thread_blocked, id=492, stack(0x000000831e500000,0x000000831e600000)]
  0x000001e615579800 JavaThread "jar transforms Thread 19" [_thread_blocked, id=5176, stack(0x000000831e600000,0x000000831e700000)]
  0x000001e615576800 JavaThread "jar transforms Thread 20" [_thread_blocked, id=6916, stack(0x000000831e700000,0x000000831e800000)]
  0x000001e61557a800 JavaThread "jar transforms Thread 21" [_thread_blocked, id=8876, stack(0x000000831e800000,0x000000831e900000)]
  0x000001e615575000 JavaThread "jar transforms Thread 22" [_thread_blocked, id=8204, stack(0x000000831e900000,0x000000831ea00000)]
  0x000001e61557b800 JavaThread "jar transforms Thread 23" [_thread_blocked, id=4416, stack(0x000000831ea00000,0x000000831eb00000)]
  0x000001e615575800 JavaThread "jar transforms Thread 24" [_thread_blocked, id=6080, stack(0x000000831eb00000,0x000000831ec00000)]
  0x000001e615582000 JavaThread "jar transforms Thread 25" [_thread_blocked, id=2620, stack(0x000000831ec00000,0x000000831ed00000)]
  0x000001e61557c000 JavaThread "jar transforms Thread 26" [_thread_blocked, id=3280, stack(0x000000831ed00000,0x000000831ee00000)]
  0x000001e61557e800 JavaThread "jar transforms Thread 27" [_thread_blocked, id=6816, stack(0x000000831ee00000,0x000000831ef00000)]
  0x000001e61557f800 JavaThread "jar transforms Thread 28" [_thread_blocked, id=2972, stack(0x000000831ef00000,0x000000831f000000)]
  0x000001e61557d000 JavaThread "jar transforms Thread 29" [_thread_blocked, id=7464, stack(0x000000831f000000,0x000000831f100000)]
  0x000001e61557d800 JavaThread "jar transforms Thread 30" [_thread_blocked, id=1716, stack(0x000000831f100000,0x000000831f200000)]
  0x000001e615581000 JavaThread "jar transforms Thread 31" [_thread_blocked, id=3928, stack(0x000000831f200000,0x000000831f300000)]
  0x000001e615580000 JavaThread "jar transforms Thread 32" [_thread_blocked, id=3064, stack(0x000000831f300000,0x000000831f400000)]
  0x000001e6183de800 JavaThread "jar transforms Thread 33" [_thread_blocked, id=4620, stack(0x000000831f400000,0x000000831f500000)]
  0x000001e6183dd000 JavaThread "jar transforms Thread 34" [_thread_blocked, id=9096, stack(0x000000831f500000,0x000000831f600000)]
  0x000001e6183dc800 JavaThread "jar transforms Thread 35" [_thread_blocked, id=7120, stack(0x000000831f600000,0x000000831f700000)]
  0x000001e6183df800 JavaThread "jar transforms Thread 36" [_thread_blocked, id=8604, stack(0x000000831f700000,0x000000831f800000)]
  0x000001e6183de000 JavaThread "jar transforms Thread 37" [_thread_blocked, id=7244, stack(0x000000831f800000,0x000000831f900000)]
  0x000001e6183e4800 JavaThread "jar transforms Thread 38" [_thread_blocked, id=5092, stack(0x000000831f900000,0x000000831fa00000)]
  0x000001e6183e3000 JavaThread "jar transforms Thread 39" [_thread_blocked, id=6004, stack(0x000000831fa00000,0x000000831fb00000)]
  0x000001e6183e3800 JavaThread "jar transforms Thread 40" [_thread_blocked, id=1148, stack(0x000000831fb00000,0x000000831fc00000)]
  0x000001e6183e0800 JavaThread "jar transforms Thread 41" [_thread_blocked, id=2236, stack(0x000000831fc00000,0x000000831fd00000)]
  0x000001e6183e5800 JavaThread "jar transforms Thread 42" [_thread_blocked, id=4672, stack(0x000000831fd00000,0x000000831fe00000)]
  0x000001e6183e6000 JavaThread "jar transforms Thread 43" [_thread_blocked, id=8684, stack(0x000000831fe00000,0x000000831ff00000)]
  0x000001e6183e7000 JavaThread "jar transforms Thread 44" [_thread_blocked, id=5824, stack(0x000000831ff00000,0x0000008320000000)]
  0x000001e6183e1000 JavaThread "jar transforms Thread 45" [_thread_blocked, id=5500, stack(0x0000008320000000,0x0000008320100000)]
  0x000001e6183e7800 JavaThread "jar transforms Thread 46" [_thread_blocked, id=3912, stack(0x0000008320100000,0x0000008320200000)]
  0x000001e6183e2000 JavaThread "jar transforms Thread 47" [_thread_blocked, id=5068, stack(0x0000008320200000,0x0000008320300000)]
  0x000001e6183eb000 JavaThread "jar transforms Thread 48" [_thread_blocked, id=6040, stack(0x0000008320300000,0x0000008320400000)]
  0x000001e6183e8800 JavaThread "jar transforms Thread 49" [_thread_blocked, id=5492, stack(0x0000008320400000,0x0000008320500000)]
  0x000001e6183ea000 JavaThread "jar transforms Thread 50" [_thread_blocked, id=5048, stack(0x0000008320500000,0x0000008320600000)]
  0x000001e6183e9800 JavaThread "jar transforms Thread 51" [_thread_blocked, id=9024, stack(0x0000008320600000,0x0000008320700000)]
  0x000001e614357800 JavaThread "jar transforms Thread 52" [_thread_blocked, id=7284, stack(0x0000008320700000,0x0000008320800000)]
  0x000001e614355800 JavaThread "jar transforms Thread 53" [_thread_blocked, id=8580, stack(0x0000008320800000,0x0000008320900000)]
  0x000001e614359000 JavaThread "jar transforms Thread 54" [_thread_blocked, id=8384, stack(0x0000008320900000,0x0000008320a00000)]
  0x000001e614359800 JavaThread "jar transforms Thread 55" [_thread_blocked, id=9180, stack(0x0000008320a00000,0x0000008320b00000)]
  0x000001e61435c000 JavaThread "jar transforms Thread 56" [_thread_blocked, id=7736, stack(0x0000008320b00000,0x0000008320c00000)]
  0x000001e614356800 JavaThread "jar transforms Thread 57" [_thread_blocked, id=7248, stack(0x0000008320c00000,0x0000008320d00000)]
  0x000001e61435a800 JavaThread "jar transforms Thread 58" [_thread_blocked, id=8168, stack(0x0000008320d00000,0x0000008320e00000)]
  0x000001e61435d000 JavaThread "jar transforms Thread 59" [_thread_blocked, id=8824, stack(0x0000008320e00000,0x0000008320f00000)]
  0x000001e61435e000 JavaThread "jar transforms Thread 60" [_thread_blocked, id=7024, stack(0x0000008320f00000,0x0000008321000000)]
  0x000001e61435b800 JavaThread "jar transforms Thread 61" [_thread_blocked, id=1388, stack(0x0000008321000000,0x0000008321100000)]
  0x000001e614358000 JavaThread "jar transforms Thread 62" [_thread_blocked, id=1384, stack(0x0000008321100000,0x0000008321200000)]
  0x000001e614361000 JavaThread "jar transforms Thread 63" [_thread_blocked, id=4676, stack(0x0000008321200000,0x0000008321300000)]
  0x000001e614364800 JavaThread "jar transforms Thread 64" [_thread_blocked, id=9144, stack(0x0000008321300000,0x0000008321400000)]
  0x000001e614360000 JavaThread "jar transforms Thread 65" [_thread_blocked, id=8608, stack(0x0000008321400000,0x0000008321500000)]
  0x000001e614362800 JavaThread "jar transforms Thread 66" [_thread_blocked, id=7400, stack(0x0000008321500000,0x0000008321600000)]
  0x000001e614362000 JavaThread "jar transforms Thread 67" [_thread_blocked, id=6588, stack(0x0000008321600000,0x0000008321700000)]
  0x000001e61435f800 JavaThread "jar transforms Thread 68" [_thread_blocked, id=2276, stack(0x0000008321700000,0x0000008321800000)]
  0x000001e614363800 JavaThread "jar transforms Thread 69" [_thread_blocked, id=3708, stack(0x0000008321800000,0x0000008321900000)]
  0x000001e61435e800 JavaThread "jar transforms Thread 70" [_thread_blocked, id=2492, stack(0x0000008321900000,0x0000008321a00000)]
  0x000001e615b41800 JavaThread "jar transforms Thread 71" [_thread_blocked, id=6060, stack(0x0000008321a00000,0x0000008321b00000)]
  0x000001e615b40800 JavaThread "jar transforms Thread 72" [_thread_blocked, id=6172, stack(0x0000008321b00000,0x0000008321c00000)]
  0x000001e615b42000 JavaThread "jar transforms Thread 73" [_thread_blocked, id=5328, stack(0x0000008321c00000,0x0000008321d00000)]
  0x000001e615b43800 JavaThread "jar transforms Thread 74" [_thread_blocked, id=972, stack(0x0000008321d00000,0x0000008321e00000)]
  0x000001e615b44800 JavaThread "jar transforms Thread 75" [_thread_blocked, id=5136, stack(0x0000008321e00000,0x0000008321f00000)]
  0x000001e615b48000 JavaThread "jar transforms Thread 76" [_thread_blocked, id=8564, stack(0x0000008321f00000,0x0000008322000000)]
  0x000001e615b47000 JavaThread "jar transforms Thread 77" [_thread_blocked, id=7840, stack(0x0000008322000000,0x0000008322100000)]
  0x000001e615b48800 JavaThread "jar transforms Thread 78" [_thread_blocked, id=5184, stack(0x0000008322100000,0x0000008322200000)]
  0x000001e615b43000 JavaThread "jar transforms Thread 79" [_thread_blocked, id=8068, stack(0x0000008322200000,0x0000008322300000)]
  0x000001e615b49800 JavaThread "jar transforms Thread 80" [_thread_blocked, id=8256, stack(0x0000008322300000,0x0000008322400000)]
  0x000001e615b4a800 JavaThread "jar transforms Thread 81" [_thread_blocked, id=5920, stack(0x0000008322400000,0x0000008322500000)]
  0x000001e615b45800 JavaThread "jar transforms Thread 82" [_thread_blocked, id=4140, stack(0x0000008322500000,0x0000008322600000)]
  0x000001e615b4b000 JavaThread "jar transforms Thread 83" [_thread_blocked, id=6648, stack(0x0000008322600000,0x0000008322700000)]
  0x000001e615b4c000 JavaThread "jar transforms Thread 84" [_thread_blocked, id=3968, stack(0x0000008322700000,0x0000008322800000)]
  0x000001e615b46000 JavaThread "jar transforms Thread 85" [_thread_blocked, id=532, stack(0x0000008322800000,0x0000008322900000)]
  0x000001e615b4d800 JavaThread "jar transforms Thread 86" [_thread_blocked, id=8264, stack(0x0000008322900000,0x0000008322a00000)]
  0x000001e615b4c800 JavaThread "jar transforms Thread 87" [_thread_blocked, id=8780, stack(0x0000008322a00000,0x0000008322b00000)]
  0x000001e615b4e800 JavaThread "jar transforms Thread 88" [_thread_blocked, id=2216, stack(0x0000008322b00000,0x0000008322c00000)]
  0x000001e615b4f000 JavaThread "jar transforms Thread 89" [_thread_blocked, id=8052, stack(0x0000008322c00000,0x0000008322d00000)]
  0x000001e615cc6000 JavaThread "jar transforms Thread 90" [_thread_blocked, id=4908, stack(0x0000008322d00000,0x0000008322e00000)]
  0x000001e615cc2800 JavaThread "jar transforms Thread 91" [_thread_blocked, id=6356, stack(0x0000008322e00000,0x0000008322f00000)]
  0x000001e615cc2000 JavaThread "jar transforms Thread 92" [_thread_blocked, id=1408, stack(0x0000008322f00000,0x0000008323000000)]
  0x000001e615cc3800 JavaThread "jar transforms Thread 93" [_thread_blocked, id=7484, stack(0x0000008323000000,0x0000008323100000)]
  0x000001e615cc5000 JavaThread "jar transforms Thread 94" [_thread_blocked, id=8088, stack(0x0000008323100000,0x0000008323200000)]
  0x000001e615cc0000 JavaThread "jar transforms Thread 95" [_thread_blocked, id=3988, stack(0x0000008323200000,0x0000008323300000)]
  0x000001e615cc1000 JavaThread "jar transforms Thread 96" [_thread_blocked, id=240, stack(0x0000008323300000,0x0000008323400000)]
  0x000001e615cc6800 JavaThread "jar transforms Thread 97" [_thread_blocked, id=7572, stack(0x0000008323400000,0x0000008323500000)]
  0x000001e615cc8800 JavaThread "jar transforms Thread 98" [_thread_blocked, id=1016, stack(0x0000008323500000,0x0000008323600000)]
  0x000001e615cc7800 JavaThread "jar transforms Thread 99" [_thread_blocked, id=7444, stack(0x0000008323600000,0x0000008323700000)]
  0x000001e615cca000 JavaThread "jar transforms Thread 100" [_thread_blocked, id=4164, stack(0x0000008323700000,0x0000008323800000)]
  0x000001e615cc9000 JavaThread "jar transforms Thread 101" [_thread_blocked, id=8820, stack(0x0000008323800000,0x0000008323900000)]
  0x000001e615cc4800 JavaThread "jar transforms Thread 102" [_thread_blocked, id=4896, stack(0x0000008323900000,0x0000008323a00000)]
  0x000001e615ccb800 JavaThread "jar transforms Thread 103" [_thread_blocked, id=2624, stack(0x0000008323a00000,0x0000008323b00000)]
  0x000001e615ccc800 JavaThread "jar transforms Thread 104" [_thread_blocked, id=4540, stack(0x0000008323b00000,0x0000008323c00000)]
  0x000001e615ccb000 JavaThread "jar transforms Thread 105" [_thread_blocked, id=6124, stack(0x0000008323c00000,0x0000008323d00000)]
  0x000001e615ccd800 JavaThread "jar transforms Thread 106" [_thread_blocked, id=1756, stack(0x0000008323d00000,0x0000008323e00000)]
  0x000001e615cce000 JavaThread "jar transforms Thread 107" [_thread_blocked, id=1612, stack(0x0000008323e00000,0x0000008323f00000)]
  0x000001e615ccf000 JavaThread "jar transforms Thread 108" [_thread_blocked, id=8612, stack(0x0000008323f00000,0x0000008324000000)]
  0x000001e6186d1000 JavaThread "jar transforms Thread 109" [_thread_blocked, id=8832, stack(0x0000008324000000,0x0000008324100000)]
  0x000001e6186d0000 JavaThread "jar transforms Thread 110" [_thread_blocked, id=176, stack(0x0000008324100000,0x0000008324200000)]
  0x000001e6186d7800 JavaThread "jar transforms Thread 111" [_thread_blocked, id=8040, stack(0x0000008324200000,0x0000008324300000)]
  0x000001e6186d1800 JavaThread "jar transforms Thread 112" [_thread_blocked, id=6980, stack(0x0000008324300000,0x0000008324400000)]
  0x000001e6186d2800 JavaThread "jar transforms Thread 113" [_thread_blocked, id=8696, stack(0x0000008324400000,0x0000008324500000)]
  0x000001e6186d4000 JavaThread "jar transforms Thread 114" [_thread_blocked, id=7904, stack(0x0000008324500000,0x0000008324600000)]
  0x000001e6186d8000 JavaThread "jar transforms Thread 115" [_thread_blocked, id=7304, stack(0x0000008324600000,0x0000008324700000)]
  0x000001e6186d9000 JavaThread "jar transforms Thread 116" [_thread_blocked, id=4224, stack(0x0000008324700000,0x0000008324800000)]
  0x000001e6186d3800 JavaThread "jar transforms Thread 117" [_thread_blocked, id=1684, stack(0x0000008324800000,0x0000008324900000)]
  0x000001e6186da000 JavaThread "jar transforms Thread 118" [_thread_blocked, id=7044, stack(0x0000008324900000,0x0000008324a00000)]
  0x000001e6186da800 JavaThread "jar transforms Thread 119" [_thread_blocked, id=1212, stack(0x0000008324a00000,0x0000008324b00000)]
  0x000001e6186d5000 JavaThread "jar transforms Thread 120" [_thread_blocked, id=5972, stack(0x0000008324b00000,0x0000008324c00000)]
  0x000001e6186d6800 JavaThread "jar transforms Thread 121" [_thread_blocked, id=6412, stack(0x0000008324c00000,0x0000008324d00000)]
  0x000001e6186db800 JavaThread "jar transforms Thread 122" [_thread_blocked, id=7680, stack(0x0000008324d00000,0x0000008324e00000)]
  0x000001e6186d5800 JavaThread "jar transforms Thread 123" [_thread_blocked, id=7056, stack(0x0000008324e00000,0x0000008324f00000)]
  0x000001e6186dd000 JavaThread "jar transforms Thread 124" [_thread_blocked, id=2576, stack(0x0000008324f00000,0x0000008325000000)]
  0x000001e6186dc000 JavaThread "jar transforms Thread 125" [_thread_blocked, id=7488, stack(0x0000008325000000,0x0000008325100000)]
  0x000001e6186de000 JavaThread "jar transforms Thread 126" [_thread_blocked, id=2344, stack(0x0000008325100000,0x0000008325200000)]
  0x000001e617eec000 JavaThread "Memory manager" [_thread_blocked, id=5080, stack(0x0000008325200000,0x0000008325300000)]
  0x000001e617eed800 JavaThread "pool-3-thread-1" [_thread_blocked, id=2524, stack(0x0000008325400000,0x0000008325500000)]
  0x000001e617eef000 JavaThread "Handler for socket connection from /127.0.0.1:61988 to /127.0.0.1:62017" [_thread_in_native, id=8004, stack(0x000000831a300000,0x000000831a400000)]
  0x000001e617eee800 JavaThread "Cancel handler" [_thread_blocked, id=7560, stack(0x000000831a400000,0x000000831a500000)]
  0x000001e617ef1000 JavaThread "Asynchronous log dispatcher for DefaultDaemonConnection: socket connection from /127.0.0.1:61988 to /127.0.0.1:62017" [_thread_blocked, id=708, stack(0x000000831a500000,0x000000831a600000)]
  0x000001e617ef1800 JavaThread "Stdin handler" [_thread_blocked, id=5684, stack(0x000000831c000000,0x000000831c100000)]
  0x000001e617ef0000 JavaThread "Thread-159" [_thread_blocked, id=5944, stack(0x000000831c100000,0x000000831c200000)]
  0x000001e617ef2800 JavaThread "Cache worker for file hash cache (C:\Users\mohamad\AndroidStudioProjects\EnglishMusic\.gradle\6.7.1\fileHashes)" [_thread_blocked, id=4660, stack(0x000000831c300000,0x000000831c400000)]
  0x000001e617eec800 JavaThread "Cache worker for checksums cache (C:\Users\mohamad\AndroidStudioProjects\EnglishMusic\.gradle\checksums)" [_thread_blocked, id=6956, stack(0x000000831c400000,0x000000831c500000)]
  0x000001e617ef8000 JavaThread "Cache worker for cache directory md-supplier (C:\Users\mohamad\.gradle\caches\6.7.1\md-supplier)" [_thread_blocked, id=8704, stack(0x000000831c500000,0x000000831c600000)]
  0x000001e617ef3000 JavaThread "Cache worker for cache directory md-rule (C:\Users\mohamad\.gradle\caches\6.7.1\md-rule)" [_thread_blocked, id=5412, stack(0x000000831c900000,0x000000831ca00000)]
  0x000001e617efa000 JavaThread "Cache worker for Build Output Cleanup Cache (C:\Users\mohamad\AndroidStudioProjects\EnglishMusic\.gradle\buildOutputCleanup)" [_thread_blocked, id=2984, stack(0x000000831ca00000,0x000000831cb00000)]
  0x000001e617ef5800 JavaThread "Build operations" [_thread_blocked, id=4904, stack(0x000000831cb00000,0x000000831cc00000)]
  0x000001e617ef6800 JavaThread "Build operations Thread 2" [_thread_blocked, id=2516, stack(0x000000831cc00000,0x000000831cd00000)]
  0x000001e617ef7800 JavaThread "Build operations Thread 3" [_thread_blocked, id=5848, stack(0x000000831d000000,0x000000831d100000)]
  0x000001e617ef9000 JavaThread "Build operations Thread 4" [_thread_blocked, id=7784, stack(0x000000831d100000,0x000000831d200000)]

Other Threads:
  0x000001e613173800 VMThread "VM Thread" [stack: 0x000000831ac00000,0x000000831ad00000] [id=8228]
  0x000001e613b6e000 WatcherThread [stack: 0x000000831b600000,0x000000831b700000] [id=8124]
  0x000001e677692800 GCTaskThread "GC Thread#0" [stack: 0x000000831a700000,0x000000831a800000] [id=9188]
  0x000001e614331000 GCTaskThread "GC Thread#1" [stack: 0x000000831b700000,0x000000831b800000] [id=5428]
  0x000001e6153bc800 GCTaskThread "GC Thread#2" [stack: 0x000000831b900000,0x000000831ba00000] [id=9084]
  0x000001e6153e2000 GCTaskThread "GC Thread#3" [stack: 0x000000831ba00000,0x000000831bb00000] [id=2712]
  0x000001e6776c4000 ConcurrentGCThread "G1 Main Marker" [stack: 0x000000831a800000,0x000000831a900000] [id=4560]
  0x000001e6776c7000 ConcurrentGCThread "G1 Conc#0" [stack: 0x000000831a900000,0x000000831aa00000] [id=6636]
  0x000001e677722800 ConcurrentGCThread "G1 Refine#0" [stack: 0x000000831aa00000,0x000000831ab00000] [id=9060]
  0x000001e677723800 ConcurrentGCThread "G1 Young RemSet Sampling" [stack: 0x000000831ab00000,0x000000831ac00000] [id=5188]

Threads with active compile tasks:
C2 CompilerThread0  88053 7191   !   4       com.google.common.reflect.TypeVisitor::visit (225 bytes)

VM state:at safepoint (normal execution)

VM Mutex/Monitor currently owned by a thread:  ([mutex/lock_event])
[0x000001e677676a00] Threads_lock - owner thread: 0x000001e613173800
[0x000001e677677300] Heap_lock - owner thread: 0x000001e614010800

Heap address: 0x0000000080000000, size: 2048 MB, Compressed Oops mode: 32-bit
Narrow klass base: 0x0000000000000000, Narrow klass shift: 3
Compressed class space size: 1073741824 Address: 0x0000000100000000

Heap:
 garbage-first heap   total 116736K, used 90228K [0x0000000080000000, 0x0000000100000000)
  region size 1024K, 29 young (29696K), 3 survivors (3072K)
 Metaspace       used 76629K, capacity 78339K, committed 78464K, reserved 1118208K
  class space    used 9735K, capacity 10339K, committed 10368K, reserved 1048576K
Heap Regions: E=young(eden), S=young(survivor), O=old, HS=humongous(starts), HC=humongous(continues), CS=collection set, F=free, A=archive, TAMS=top-at-mark-start (previous, next)
|   0|0x0000000080000000, 0x0000000080100000, 0x0000000080100000|100%| O|  |TAMS 0x0000000080100000, 0x0000000080100000| Untracked 
|   1|0x0000000080100000, 0x0000000080200000, 0x0000000080200000|100%| O|  |TAMS 0x0000000080200000, 0x0000000080200000| Untracked 
|   2|0x0000000080200000, 0x0000000080300000, 0x0000000080300000|100%| O|  |TAMS 0x0000000080300000, 0x0000000080300000| Untracked 
|   3|0x0000000080300000, 0x0000000080400000, 0x0000000080400000|100%|HS|  |TAMS 0x0000000080400000, 0x0000000080400000| Complete 
|   4|0x0000000080400000, 0x0000000080500000, 0x0000000080500000|100%|HC|  |TAMS 0x0000000080500000, 0x0000000080500000| Complete 
|   5|0x0000000080500000, 0x0000000080600000, 0x0000000080600000|100%|HC|  |TAMS 0x0000000080600000, 0x0000000080600000| Complete 
|   6|0x0000000080600000, 0x0000000080700000, 0x0000000080700000|100%| O|  |TAMS 0x0000000080700000, 0x0000000080700000| Untracked 
|   7|0x0000000080700000, 0x0000000080800000, 0x0000000080800000|100%| O|  |TAMS 0x0000000080800000, 0x0000000080800000| Untracked 
|   8|0x0000000080800000, 0x0000000080900000, 0x0000000080900000|100%| O|  |TAMS 0x0000000080900000, 0x0000000080900000| Untracked 
|   9|0x0000000080900000, 0x0000000080a00000, 0x0000000080a00000|100%| O|  |TAMS 0x0000000080a00000, 0x0000000080a00000| Untracked 
|  10|0x0000000080a00000, 0x0000000080b00000, 0x0000000080b00000|100%| O|  |TAMS 0x0000000080b00000, 0x0000000080b00000| Untracked 
|  11|0x0000000080b00000, 0x0000000080c00000, 0x0000000080c00000|100%| O|  |TAMS 0x0000000080c00000, 0x0000000080c00000| Untracked 
|  12|0x0000000080c00000, 0x0000000080d00000, 0x0000000080d00000|100%| O|  |TAMS 0x0000000080d00000, 0x0000000080d00000| Untracked 
|  13|0x0000000080d00000, 0x0000000080e00000, 0x0000000080e00000|100%| O|  |TAMS 0x0000000080e00000, 0x0000000080e00000| Untracked 
|  14|0x0000000080e00000, 0x0000000080f00000, 0x0000000080f00000|100%| O|  |TAMS 0x0000000080f00000, 0x0000000080f00000| Untracked 
|  15|0x0000000080f00000, 0x0000000081000000, 0x0000000081000000|100%| O|  |TAMS 0x0000000081000000, 0x0000000081000000| Untracked 
|  16|0x0000000081000000, 0x0000000081100000, 0x0000000081100000|100%| O|  |TAMS 0x0000000081100000, 0x0000000081100000| Untracked 
|  17|0x0000000081100000, 0x0000000081200000, 0x0000000081200000|100%| O|  |TAMS 0x0000000081200000, 0x0000000081200000| Untracked 
|  18|0x0000000081200000, 0x0000000081300000, 0x0000000081300000|100%| O|  |TAMS 0x0000000081300000, 0x0000000081300000| Untracked 
|  19|0x0000000081300000, 0x0000000081400000, 0x0000000081400000|100%| O|  |TAMS 0x0000000081400000, 0x0000000081400000| Untracked 
|  20|0x0000000081400000, 0x0000000081500000, 0x0000000081500000|100%| O|  |TAMS 0x0000000081500000, 0x0000000081500000| Untracked 
|  21|0x0000000081500000, 0x0000000081600000, 0x0000000081600000|100%| O|  |TAMS 0x0000000081600000, 0x0000000081600000| Untracked 
|  22|0x0000000081600000, 0x0000000081700000, 0x0000000081700000|100%| O|  |TAMS 0x0000000081700000, 0x0000000081700000| Untracked 
|  23|0x0000000081700000, 0x0000000081800000, 0x0000000081800000|100%| O|  |TAMS 0x0000000081800000, 0x0000000081800000| Untracked 
|  24|0x0000000081800000, 0x0000000081900000, 0x0000000081900000|100%| O|  |TAMS 0x0000000081900000, 0x0000000081900000| Untracked 
|  25|0x0000000081900000, 0x0000000081a00000, 0x0000000081a00000|100%| O|  |TAMS 0x0000000081a00000, 0x0000000081a00000| Untracked 
|  26|0x0000000081a00000, 0x0000000081b00000, 0x0000000081b00000|100%| O|  |TAMS 0x0000000081b00000, 0x0000000081b00000| Untracked 
|  27|0x0000000081b00000, 0x0000000081c00000, 0x0000000081c00000|100%|HS|  |TAMS 0x0000000081c00000, 0x0000000081c00000| Complete 
|  28|0x0000000081c00000, 0x0000000081d00000, 0x0000000081d00000|100%|HS|  |TAMS 0x0000000081d00000, 0x0000000081d00000| Complete 
|  29|0x0000000081d00000, 0x0000000081e00000, 0x0000000081e00000|100%| O|  |TAMS 0x0000000081e00000, 0x0000000081e00000| Untracked 
|  30|0x0000000081e00000, 0x0000000081f00000, 0x0000000081f00000|100%| O|  |TAMS 0x0000000081f00000, 0x0000000081f00000| Untracked 
|  31|0x0000000081f00000, 0x0000000082000000, 0x0000000082000000|100%| O|  |TAMS 0x0000000082000000, 0x0000000082000000| Untracked 
|  32|0x0000000082000000, 0x0000000082100000, 0x0000000082100000|100%| O|  |TAMS 0x0000000082100000, 0x0000000082100000| Untracked 
|  33|0x0000000082100000, 0x0000000082200000, 0x0000000082200000|100%| O|  |TAMS 0x0000000082200000, 0x0000000082200000| Untracked 
|  34|0x0000000082200000, 0x0000000082300000, 0x0000000082300000|100%|HS|  |TAMS 0x0000000082300000, 0x0000000082300000| Complete 
|  35|0x0000000082300000, 0x0000000082400000, 0x0000000082400000|100%|HC|  |TAMS 0x0000000082400000, 0x0000000082400000| Complete 
|  36|0x0000000082400000, 0x0000000082500000, 0x0000000082500000|100%|HC|  |TAMS 0x0000000082500000, 0x0000000082500000| Complete 
|  37|0x0000000082500000, 0x0000000082600000, 0x0000000082600000|100%| O|  |TAMS 0x0000000082600000, 0x0000000082600000| Untracked 
|  38|0x0000000082600000, 0x0000000082700000, 0x0000000082700000|100%| O|  |TAMS 0x0000000082700000, 0x0000000082700000| Untracked 
|  39|0x0000000082700000, 0x0000000082800000, 0x0000000082800000|100%| O|  |TAMS 0x0000000082800000, 0x0000000082800000| Untracked 
|  40|0x0000000082800000, 0x0000000082900000, 0x0000000082900000|100%|HS|  |TAMS 0x0000000082900000, 0x0000000082900000| Complete 
|  41|0x0000000082900000, 0x0000000082a00000, 0x0000000082a00000|100%|HC|  |TAMS 0x0000000082a00000, 0x0000000082a00000| Complete 
|  42|0x0000000082a00000, 0x0000000082b00000, 0x0000000082b00000|100%| O|  |TAMS 0x0000000082b00000, 0x0000000082b00000| Untracked 
|  43|0x0000000082b00000, 0x0000000082c00000, 0x0000000082c00000|100%| O|  |TAMS 0x0000000082c00000, 0x0000000082c00000| Untracked 
|  44|0x0000000082c00000, 0x0000000082d00000, 0x0000000082d00000|100%| O|  |TAMS 0x0000000082d00000, 0x0000000082d00000| Untracked 
|  45|0x0000000082d00000, 0x0000000082e00000, 0x0000000082e00000|100%| O|  |TAMS 0x0000000082e00000, 0x0000000082e00000| Untracked 
|  46|0x0000000082e00000, 0x0000000082f00000, 0x0000000082f00000|100%| O|  |TAMS 0x0000000082f00000, 0x0000000082f00000| Untracked 
|  47|0x0000000082f00000, 0x0000000083000000, 0x0000000083000000|100%| O|  |TAMS 0x0000000083000000, 0x0000000083000000| Untracked 
|  48|0x0000000083000000, 0x0000000083100000, 0x0000000083100000|100%| O|  |TAMS 0x0000000083100000, 0x0000000083100000| Untracked 
|  49|0x0000000083100000, 0x0000000083200000, 0x0000000083200000|100%| O|  |TAMS 0x0000000083200000, 0x0000000083200000| Untracked 
|  50|0x0000000083200000, 0x0000000083300000, 0x0000000083300000|100%| O|  |TAMS 0x0000000083300000, 0x0000000083300000| Untracked 
|  51|0x0000000083300000, 0x0000000083400000, 0x0000000083400000|100%| O|  |TAMS 0x0000000083400000, 0x0000000083400000| Untracked 
|  52|0x0000000083400000, 0x0000000083500000, 0x0000000083500000|100%| O|  |TAMS 0x0000000083500000, 0x0000000083500000| Untracked 
|  53|0x0000000083500000, 0x0000000083600000, 0x0000000083600000|100%| O|  |TAMS 0x0000000083600000, 0x0000000083600000| Untracked 
|  54|0x0000000083600000, 0x0000000083700000, 0x0000000083700000|100%| O|  |TAMS 0x0000000083700000, 0x0000000083700000| Untracked 
|  55|0x0000000083700000, 0x0000000083800000, 0x0000000083800000|100%| O|  |TAMS 0x0000000083800000, 0x0000000083800000| Untracked 
|  56|0x0000000083800000, 0x0000000083900000, 0x0000000083900000|100%| O|  |TAMS 0x0000000083900000, 0x0000000083900000| Untracked 
|  57|0x0000000083900000, 0x0000000083a00000, 0x0000000083a00000|100%| O|  |TAMS 0x0000000083a00000, 0x0000000083a00000| Untracked 
|  58|0x0000000083a00000, 0x0000000083b00000, 0x0000000083b00000|100%| O|  |TAMS 0x0000000083b00000, 0x0000000083b00000| Untracked 
|  59|0x0000000083b00000, 0x0000000083b5fac0, 0x0000000083c00000| 37%| O|  |TAMS 0x0000000083b45e00, 0x0000000083c00000| Untracked 
|  60|0x0000000083c00000, 0x0000000083c00000, 0x0000000083d00000|  0%| F|  |TAMS 0x0000000083c00000, 0x0000000083c00000| Untracked 
|  61|0x0000000083d00000, 0x0000000083d00000, 0x0000000083e00000|  0%| F|  |TAMS 0x0000000083d00000, 0x0000000083d00000| Untracked 
|  62|0x0000000083e00000, 0x0000000083e00000, 0x0000000083f00000|  0%| F|  |TAMS 0x0000000083e00000, 0x0000000083e00000| Untracked 
|  63|0x0000000083f00000, 0x0000000083f00000, 0x0000000084000000|  0%| F|  |TAMS 0x0000000083f00000, 0x0000000083f00000| Untracked 
|  64|0x0000000084000000, 0x0000000084000000, 0x0000000084100000|  0%| F|  |TAMS 0x0000000084000000, 0x0000000084000000| Untracked 
|  65|0x0000000084100000, 0x0000000084100000, 0x0000000084200000|  0%| F|  |TAMS 0x0000000084100000, 0x0000000084100000| Untracked 
|  66|0x0000000084200000, 0x0000000084200000, 0x0000000084300000|  0%| F|  |TAMS 0x0000000084200000, 0x0000000084200000| Untracked 
|  67|0x0000000084300000, 0x0000000084300000, 0x0000000084400000|  0%| F|  |TAMS 0x0000000084300000, 0x0000000084300000| Untracked 
|  68|0x0000000084400000, 0x0000000084400000, 0x0000000084500000|  0%| F|  |TAMS 0x0000000084400000, 0x0000000084400000| Untracked 
|  69|0x0000000084500000, 0x0000000084500000, 0x0000000084600000|  0%| F|  |TAMS 0x0000000084500000, 0x0000000084500000| Untracked 
|  70|0x0000000084600000, 0x0000000084600000, 0x0000000084700000|  0%| F|  |TAMS 0x0000000084600000, 0x0000000084600000| Untracked 
|  71|0x0000000084700000, 0x0000000084700000, 0x0000000084800000|  0%| F|  |TAMS 0x0000000084700000, 0x0000000084700000| Untracked 
|  72|0x0000000084800000, 0x0000000084800000, 0x0000000084900000|  0%| F|  |TAMS 0x0000000084800000, 0x0000000084800000| Untracked 
|  73|0x0000000084900000, 0x0000000084900000, 0x0000000084a00000|  0%| F|  |TAMS 0x0000000084900000, 0x0000000084900000| Untracked 
|  74|0x0000000084a00000, 0x0000000084a00000, 0x0000000084b00000|  0%| F|  |TAMS 0x0000000084a00000, 0x0000000084a00000| Untracked 
|  75|0x0000000084b00000, 0x0000000084b00000, 0x0000000084c00000|  0%| F|  |TAMS 0x0000000084b00000, 0x0000000084b00000| Untracked 
|  76|0x0000000084c00000, 0x0000000084c00000, 0x0000000084d00000|  0%| F|  |TAMS 0x0000000084c00000, 0x0000000084c00000| Untracked 
|  77|0x0000000084d00000, 0x0000000084d00000, 0x0000000084e00000|  0%| F|  |TAMS 0x0000000084d00000, 0x0000000084d00000| Untracked 
|  78|0x0000000084e00000, 0x0000000084e00000, 0x0000000084f00000|  0%| F|  |TAMS 0x0000000084e00000, 0x0000000084e00000| Untracked 
|  79|0x0000000084f00000, 0x0000000084f00000, 0x0000000085000000|  0%| F|  |TAMS 0x0000000084f00000, 0x0000000084f00000| Untracked 
|  80|0x0000000085000000, 0x0000000085000000, 0x0000000085100000|  0%| F|  |TAMS 0x0000000085000000, 0x0000000085000000| Untracked 
|  81|0x0000000085100000, 0x0000000085100000, 0x0000000085200000|  0%| F|  |TAMS 0x0000000085100000, 0x0000000085100000| Untracked 
|  82|0x0000000085200000, 0x00000000852f6d40, 0x0000000085300000| 96%| S|  |TAMS 0x0000000085200000, 0x0000000085200000| Complete 
|  83|0x0000000085300000, 0x0000000085400000, 0x0000000085400000|100%| S|  |TAMS 0x0000000085300000, 0x0000000085300000| Complete 
|  84|0x0000000085400000, 0x0000000085500000, 0x0000000085500000|100%| S|  |TAMS 0x0000000085400000, 0x0000000085400000| Complete 
|  85|0x0000000085500000, 0x00000000855d7568, 0x0000000085600000| 84%| E|CS|TAMS 0x0000000085500000, 0x00000000855d7568| Complete 
|  86|0x0000000085600000, 0x0000000085700000, 0x0000000085700000|100%| E|CS|TAMS 0x0000000085600000, 0x0000000085700000| Complete 
|  87|0x0000000085700000, 0x0000000085800000, 0x0000000085800000|100%| E|CS|TAMS 0x0000000085700000, 0x0000000085800000| Complete 
|  88|0x0000000085800000, 0x0000000085900000, 0x0000000085900000|100%| E|CS|TAMS 0x0000000085800000, 0x0000000085900000| Complete 
|  89|0x0000000085900000, 0x0000000085a00000, 0x0000000085a00000|100%| E|CS|TAMS 0x0000000085900000, 0x0000000085a00000| Complete 
|  90|0x0000000085a00000, 0x0000000085b00000, 0x0000000085b00000|100%| E|CS|TAMS 0x0000000085a00000, 0x0000000085b00000| Complete 
|  91|0x0000000085b00000, 0x0000000085c00000, 0x0000000085c00000|100%| E|CS|TAMS 0x0000000085b00000, 0x0000000085c00000| Complete 
|  92|0x0000000085c00000, 0x0000000085d00000, 0x0000000085d00000|100%| E|CS|TAMS 0x0000000085c00000, 0x0000000085d00000| Complete 
|  93|0x0000000085d00000, 0x0000000085e00000, 0x0000000085e00000|100%| E|CS|TAMS 0x0000000085d00000, 0x0000000085e00000| Complete 
|  94|0x0000000085e00000, 0x0000000085f00000, 0x0000000085f00000|100%| E|CS|TAMS 0x0000000085e00000, 0x0000000085f00000| Complete 
|  95|0x0000000085f00000, 0x0000000086000000, 0x0000000086000000|100%| E|CS|TAMS 0x0000000085f00000, 0x0000000086000000| Complete 
|  96|0x0000000086000000, 0x0000000086100000, 0x0000000086100000|100%| E|CS|TAMS 0x0000000086000000, 0x0000000086100000| Complete 
|  97|0x0000000086100000, 0x0000000086200000, 0x0000000086200000|100%| E|CS|TAMS 0x0000000086100000, 0x0000000086200000| Complete 
|  98|0x0000000086200000, 0x0000000086300000, 0x0000000086300000|100%| E|CS|TAMS 0x0000000086200000, 0x0000000086300000| Complete 
|  99|0x0000000086300000, 0x0000000086400000, 0x0000000086400000|100%| E|CS|TAMS 0x0000000086300000, 0x0000000086400000| Complete 
| 100|0x0000000086400000, 0x0000000086500000, 0x0000000086500000|100%| E|CS|TAMS 0x0000000086400000, 0x0000000086500000| Complete 
| 101|0x0000000086500000, 0x0000000086600000, 0x0000000086600000|100%| E|CS|TAMS 0x0000000086500000, 0x0000000086600000| Complete 
| 102|0x0000000086600000, 0x0000000086700000, 0x0000000086700000|100%| E|CS|TAMS 0x0000000086600000, 0x0000000086700000| Complete 
| 103|0x0000000086700000, 0x0000000086800000, 0x0000000086800000|100%| E|CS|TAMS 0x0000000086700000, 0x0000000086800000| Complete 
| 104|0x0000000086800000, 0x0000000086900000, 0x0000000086900000|100%| E|CS|TAMS 0x0000000086800000, 0x0000000086900000| Complete 
| 105|0x0000000086900000, 0x0000000086a00000, 0x0000000086a00000|100%| E|CS|TAMS 0x0000000086900000, 0x0000000086a00000| Complete 
| 106|0x0000000086a00000, 0x0000000086b00000, 0x0000000086b00000|100%| E|CS|TAMS 0x0000000086a00000, 0x0000000086b00000| Complete 
| 107|0x0000000086b00000, 0x0000000086c00000, 0x0000000086c00000|100%| E|CS|TAMS 0x0000000086b00000, 0x0000000086c00000| Complete 
| 108|0x0000000086c00000, 0x0000000086d00000, 0x0000000086d00000|100%| E|CS|TAMS 0x0000000086c00000, 0x0000000086d00000| Complete 
| 109|0x0000000086d00000, 0x0000000086e00000, 0x0000000086e00000|100%| E|CS|TAMS 0x0000000086d00000, 0x0000000086e00000| Complete 
| 110|0x0000000086e00000, 0x0000000086f00000, 0x0000000086f00000|100%| E|CS|TAMS 0x0000000086e00000, 0x0000000086f00000| Complete 
| 111|0x0000000086f00000, 0x0000000087000000, 0x0000000087000000|100%| E|CS|TAMS 0x0000000086f00000, 0x0000000087000000| Complete 
| 112|0x0000000087000000, 0x0000000087100000, 0x0000000087100000|100%| E|CS|TAMS 0x0000000087000000, 0x0000000087100000| Complete 
| 113|0x0000000087100000, 0x0000000087200000, 0x0000000087200000|100%| E|CS|TAMS 0x0000000087100000, 0x0000000087200000| Complete 

Card table byte_map: [0x000001e67d200000,0x000001e67d600000] _byte_map_base: 0x000001e67ce00000

Marking Bits (Prev, Next): (CMBitMap*) 0x000001e6776bb1c8, (CMBitMap*) 0x000001e6776bb200
 Prev Bits: [0x000001e67da00000, 0x000001e67fa00000)
 Next Bits: [0x000001e60f000000, 0x000001e611000000)

Polling page: 0x000001e677470000

Metaspace:

Usage:
  Non-class:     66.41 MB capacity,    65.33 MB ( 98%) used,   925.63 KB (  1%) free+waste,   180.13 KB ( <1%) overhead. 
      Class:     10.10 MB capacity,     9.51 MB ( 94%) used,   521.09 KB (  5%) free+waste,    82.69 KB ( <1%) overhead. 
       Both:     76.50 MB capacity,    74.83 MB ( 98%) used,     1.41 MB (  2%) free+waste,   262.81 KB ( <1%) overhead. 

Virtual space:
  Non-class space:       68.00 MB reserved,      66.50 MB ( 98%) committed 
      Class space:        1.00 GB reserved,      10.13 MB ( <1%) committed 
             Both:        1.07 GB reserved,      76.63 MB (  7%) committed 

Chunk freelists:
   Non-Class:  32.00 KB
       Class:  29.00 KB
        Both:  61.00 KB

MaxMetaspaceSize: 17179869184.00 GB
CompressedClassSpaceSize: 1.00 GB

CodeHeap 'non-profiled nmethods': size=120064Kb used=3586Kb max_used=3586Kb free=116477Kb
 bounds [0x000001e607ac0000, 0x000001e607e50000, 0x000001e60f000000]
CodeHeap 'profiled nmethods': size=120000Kb used=15692Kb max_used=15692Kb free=104307Kb
 bounds [0x000001e600590000, 0x000001e6014f0000, 0x000001e607ac0000]
CodeHeap 'non-nmethods': size=5696Kb used=2246Kb max_used=2286Kb free=3449Kb
 bounds [0x000001e600000000, 0x000001e600270000, 0x000001e600590000]
 total_blobs=8159 nmethods=7327 adapters=743
 compilation: enabled
              stopped_count=0, restarted_count=0
 full_count=0

Compilation events (20 events):
Event: 87.082 Thread 0x000001e6131de800 7562       2       org.gradle.internal.instantiation.generator.AsmBackedClassGenerator$ClassBuilderImpl::putServiceRegistryOnStack (65 bytes)
Event: 87.084 Thread 0x000001e6131de800 nmethod 7562 0x000001e6014cec90 code [0x000001e6014ceea0, 0x000001e6014cf138]
Event: 87.121 Thread 0x000001e6131de800 7563       2       java.lang.invoke.DelegatingMethodHandle::<init> (10 bytes)
Event: 87.122 Thread 0x000001e6131de800 nmethod 7563 0x000001e6014cf310 code [0x000001e6014cf4e0, 0x000001e6014cf6b8]
Event: 87.122 Thread 0x000001e6131de800 7564       2       java.lang.invoke.DelegatingMethodHandle::chooseDelegatingForm (24 bytes)
Event: 87.122 Thread 0x000001e6131de800 nmethod 7564 0x000001e6014cf810 code [0x000001e6014cf9c0, 0x000001e6014cfb48]
Event: 87.124 Thread 0x000001e6131de800 7565       2       org.gradle.api.internal.model.DefaultObjectFactory::fileCollection (10 bytes)
Event: 87.125 Thread 0x000001e6131de800 nmethod 7565 0x000001e6014cfc10 code [0x000001e6014cfde0, 0x000001e6014cffc8]
Event: 87.125 Thread 0x000001e6131de800 7566       2       org.gradle.api.internal.file.DefaultFileCollectionFactory::configurableFiles (25 bytes)
Event: 87.125 Thread 0x000001e6131de800 nmethod 7566 0x000001e6014d0110 code [0x000001e6014d02c0, 0x000001e6014d0468]
Event: 87.144 Thread 0x000001e6131de800 7567       2       org.gradle.internal.serialize.InputStreamBackedDecoder::readInt (8 bytes)
Event: 87.144 Thread 0x000001e6131de800 nmethod 7567 0x000001e6014d0510 code [0x000001e6014d06c0, 0x000001e6014d07e8]
Event: 87.144 Thread 0x000001e6131de800 7568       2       com.android.build.api.component.impl.ComponentImpl::getVariantType (10 bytes)
Event: 87.144 Thread 0x000001e6131de800 nmethod 7568 0x000001e6014d0890 code [0x000001e6014d0a40, 0x000001e6014d0ba8]
Event: 87.167 Thread 0x000001e6131de800 7569       2       org.gradle.api.internal.provider.Collectors$TypedCollector::isProvidedBy (32 bytes)
Event: 87.168 Thread 0x000001e6131de800 nmethod 7569 0x000001e6014d0c90 code [0x000001e6014d0e60, 0x000001e6014d1048]
Event: 87.168 Thread 0x000001e6131de800 7570       2       org.gradle.api.internal.provider.Collectors$ElementFromProvider::isProvidedBy (9 bytes)
Event: 87.168 Thread 0x000001e6131de800 nmethod 7570 0x000001e6014d1110 code [0x000001e6014d12c0, 0x000001e6014d1428]
Event: 87.170 Thread 0x000001e6131de800 7571       2       org.gradle.internal.reflect.MutableClassDetails::<init> (65 bytes)
Event: 87.172 Thread 0x000001e6131de800 nmethod 7571 0x000001e6014d1510 code [0x000001e6014d1740, 0x000001e6014d1f08]

GC Heap History (20 events):
Event: 54.613 GC heap before
{Heap before GC invocations=37 (full 0):
 garbage-first heap   total 78848K, used 66599K [0x0000000080000000, 0x0000000100000000)
  region size 1024K, 14 young (14336K), 2 survivors (2048K)
 Metaspace       used 61970K, capacity 63436K, committed 63488K, reserved 1103872K
  class space    used 7866K, capacity 8403K, committed 8448K, reserved 1048576K
}
Event: 54.625 GC heap after
{Heap after GC invocations=38 (full 0):
 garbage-first heap   total 78848K, used 56123K [0x0000000080000000, 0x0000000100000000)
  region size 1024K, 2 young (2048K), 2 survivors (2048K)
 Metaspace       used 61970K, capacity 63436K, committed 63488K, reserved 1103872K
  class space    used 7866K, capacity 8403K, committed 8448K, reserved 1048576K
}
Event: 54.878 GC heap before
{Heap before GC invocations=39 (full 0):
 garbage-first heap   total 78848K, used 67387K [0x0000000080000000, 0x0000000100000000)
  region size 1024K, 13 young (13312K), 2 survivors (2048K)
 Metaspace       used 62157K, capacity 63628K, committed 63744K, reserved 1103872K
  class space    used 7875K, capacity 8403K, committed 8448K, reserved 1048576K
}
Event: 54.887 GC heap after
{Heap after GC invocations=40 (full 0):
 garbage-first heap   total 78848K, used 57281K [0x0000000080000000, 0x0000000100000000)
  region size 1024K, 2 young (2048K), 2 survivors (2048K)
 Metaspace       used 62157K, capacity 63628K, committed 63744K, reserved 1103872K
  class space    used 7875K, capacity 8403K, committed 8448K, reserved 1048576K
}
Event: 55.244 GC heap before
{Heap before GC invocations=40 (full 0):
 garbage-first heap   total 78848K, used 66497K [0x0000000080000000, 0x0000000100000000)
  region size 1024K, 11 young (11264K), 2 survivors (2048K)
 Metaspace       used 63165K, capacity 64664K, committed 64896K, reserved 1105920K
  class space    used 7997K, capacity 8534K, committed 8576K, reserved 1048576K
}
Event: 55.251 GC heap after
{Heap after GC invocations=41 (full 0):
 garbage-first heap   total 78848K, used 57922K [0x0000000080000000, 0x0000000100000000)
  region size 1024K, 1 young (1024K), 1 survivors (1024K)
 Metaspace       used 63165K, capacity 64664K, committed 64896K, reserved 1105920K
  class space    used 7997K, capacity 8534K, committed 8576K, reserved 1048576K
}
Event: 55.610 GC heap before
{Heap before GC invocations=42 (full 0):
 garbage-first heap   total 78848K, used 67138K [0x0000000080000000, 0x0000000100000000)
  region size 1024K, 10 young (10240K), 1 survivors (1024K)
 Metaspace       used 64158K, capacity 65627K, committed 65792K, reserved 1105920K
  class space    used 8135K, capacity 8663K, committed 8704K, reserved 1048576K
}
Event: 55.615 GC heap after
{Heap after GC invocations=43 (full 0):
 garbage-first heap   total 78848K, used 58220K [0x0000000080000000, 0x0000000100000000)
  region size 1024K, 1 young (1024K), 1 survivors (1024K)
 Metaspace       used 64158K, capacity 65627K, committed 65792K, reserved 1105920K
  class space    used 8135K, capacity 8663K, committed 8704K, reserved 1048576K
}
Event: 56.193 GC heap before
{Heap before GC invocations=43 (full 0):
 garbage-first heap   total 78848K, used 67436K [0x0000000080000000, 0x0000000100000000)
  region size 1024K, 10 young (10240K), 1 survivors (1024K)
 Metaspace       used 65447K, capacity 66918K, committed 67072K, reserved 1107968K
  class space    used 8387K, capacity 8924K, committed 8960K, reserved 1048576K
}
Event: 56.212 GC heap after
{Heap after GC invocations=44 (full 0):
 garbage-first heap   total 95232K, used 58560K [0x0000000080000000, 0x0000000100000000)
  region size 1024K, 2 young (2048K), 2 survivors (2048K)
 Metaspace       used 65447K, capacity 66918K, committed 67072K, reserved 1107968K
  class space    used 8387K, capacity 8924K, committed 8960K, reserved 1048576K
}
Event: 56.884 GC heap before
{Heap before GC invocations=45 (full 0):
 garbage-first heap   total 95232K, used 72896K [0x0000000080000000, 0x0000000100000000)
  region size 1024K, 17 young (17408K), 2 survivors (2048K)
 Metaspace       used 67295K, capacity 68768K, committed 68992K, reserved 1110016K
  class space    used 8713K, capacity 9262K, committed 9344K, reserved 1048576K
}
Event: 56.893 GC heap after
{Heap after GC invocations=46 (full 0):
 garbage-first heap   total 95232K, used 59660K [0x0000000080000000, 0x0000000100000000)
  region size 1024K, 3 young (3072K), 3 survivors (3072K)
 Metaspace       used 67295K, capacity 68768K, committed 68992K, reserved 1110016K
  class space    used 8713K, capacity 9262K, committed 9344K, reserved 1048576K
}
Event: 57.457 GC heap before
{Heap before GC invocations=46 (full 0):
 garbage-first heap   total 95232K, used 75020K [0x0000000080000000, 0x0000000100000000)
  region size 1024K, 18 young (18432K), 3 survivors (3072K)
 Metaspace       used 68722K, capacity 70287K, committed 70400K, reserved 1110016K
  class space    used 8903K, capacity 9443K, committed 9472K, reserved 1048576K
}
Event: 57.467 GC heap after
{Heap after GC invocations=47 (full 0):
 garbage-first heap   total 95232K, used 60860K [0x0000000080000000, 0x0000000100000000)
  region size 1024K, 3 young (3072K), 3 survivors (3072K)
 Metaspace       used 68722K, capacity 70287K, committed 70400K, reserved 1110016K
  class space    used 8903K, capacity 9443K, committed 9472K, reserved 1048576K
}
Event: 58.321 GC heap before
{Heap before GC invocations=48 (full 0):
 garbage-first heap   total 95232K, used 75196K [0x0000000080000000, 0x0000000100000000)
  region size 1024K, 18 young (18432K), 3 survivors (3072K)
 Metaspace       used 71143K, capacity 72827K, committed 73088K, reserved 1112064K
  class space    used 9225K, capacity 9828K, committed 9856K, reserved 1048576K
}
Event: 58.334 GC heap after
{Heap after GC invocations=49 (full 0):
 garbage-first heap   total 95232K, used 61984K [0x0000000080000000, 0x0000000100000000)
  region size 1024K, 3 young (3072K), 3 survivors (3072K)
 Metaspace       used 71143K, capacity 72827K, committed 73088K, reserved 1112064K
  class space    used 9225K, capacity 9828K, committed 9856K, reserved 1048576K
}
Event: 77.604 GC heap before
{Heap before GC invocations=49 (full 0):
 garbage-first heap   total 95232K, used 75296K [0x0000000080000000, 0x0000000100000000)
  region size 1024K, 17 young (17408K), 3 survivors (3072K)
 Metaspace       used 73198K, capacity 74800K, committed 75008K, reserved 1114112K
  class space    used 9422K, capacity 9973K, committed 9984K, reserved 1048576K
}
Event: 77.619 GC heap after
{Heap after GC invocations=50 (full 0):
 garbage-first heap   total 116736K, used 62160K [0x0000000080000000, 0x0000000100000000)
  region size 1024K, 2 young (2048K), 2 survivors (2048K)
 Metaspace       used 73198K, capacity 74800K, committed 75008K, reserved 1114112K
  class space    used 9422K, capacity 9973K, committed 9984K, reserved 1048576K
}
Event: 86.166 GC heap before
{Heap before GC invocations=51 (full 0):
 garbage-first heap   total 116736K, used 88784K [0x0000000080000000, 0x0000000100000000)
  region size 1024K, 28 young (28672K), 2 survivors (2048K)
 Metaspace       used 74928K, capacity 76624K, committed 76672K, reserved 1116160K
  class space    used 9518K, capacity 10076K, committed 10112K, reserved 1048576K
}
Event: 86.180 GC heap after
{Heap after GC invocations=52 (full 0):
 garbage-first heap   total 116736K, used 63604K [0x0000000080000000, 0x0000000100000000)
  region size 1024K, 3 young (3072K), 3 survivors (3072K)
 Metaspace       used 74928K, capacity 76624K, committed 76672K, reserved 1116160K
  class space    used 9518K, capacity 10076K, committed 10112K, reserved 1048576K
}

Deoptimization events (20 events):
Event: 86.730 Thread 0x000001e614010800 Uncommon trap: trap_request=0xffffffbe fr.pc=0x000001e607df9454 relative=0x0000000000000b34
Event: 86.730 Thread 0x000001e614010800 Uncommon trap: reason=profile_predicate action=maybe_recompile pc=0x000001e607df9454 method=com.google.common.collect.ImmutableSet.construct(I[Ljava/lang/Object;)Lcom/google/common/collect/ImmutableSet; @ 68 c2
Event: 86.730 Thread 0x000001e614010800 DEOPT PACKING pc=0x000001e607df9454 sp=0x000000831c2f94a0
Event: 86.730 Thread 0x000001e614010800 DEOPT UNPACKING pc=0x000001e60002742f sp=0x000000831c2f9440 mode 2
Event: 86.746 Thread 0x000001e614010800 Uncommon trap: trap_request=0xffffffbe fr.pc=0x000001e607df9454 relative=0x0000000000000b34
Event: 86.746 Thread 0x000001e614010800 Uncommon trap: reason=profile_predicate action=maybe_recompile pc=0x000001e607df9454 method=com.google.common.collect.ImmutableSet.construct(I[Ljava/lang/Object;)Lcom/google/common/collect/ImmutableSet; @ 68 c2
Event: 86.747 Thread 0x000001e614010800 DEOPT PACKING pc=0x000001e607df9454 sp=0x000000831c2f94a0
Event: 86.747 Thread 0x000001e614010800 DEOPT UNPACKING pc=0x000001e60002742f sp=0x000000831c2f9440 mode 2
Event: 86.761 Thread 0x000001e614010800 Uncommon trap: trap_request=0xffffffbe fr.pc=0x000001e607df9454 relative=0x0000000000000b34
Event: 86.761 Thread 0x000001e614010800 Uncommon trap: reason=profile_predicate action=maybe_recompile pc=0x000001e607df9454 method=com.google.common.collect.ImmutableSet.construct(I[Ljava/lang/Object;)Lcom/google/common/collect/ImmutableSet; @ 68 c2
Event: 86.761 Thread 0x000001e614010800 DEOPT PACKING pc=0x000001e607df9454 sp=0x000000831c2f94a0
Event: 86.761 Thread 0x000001e614010800 DEOPT UNPACKING pc=0x000001e60002742f sp=0x000000831c2f9440 mode 2
Event: 87.166 Thread 0x000001e614010800 Uncommon trap: trap_request=0xffffff4d fr.pc=0x000001e607c71aa8 relative=0x00000000000000c8
Event: 87.166 Thread 0x000001e614010800 Uncommon trap: reason=unstable_if action=reinterpret pc=0x000001e607c71aa8 method=java.io.WinNTFileSystem.normalize(Ljava/lang/String;)Ljava/lang/String; @ 74 c2
Event: 87.166 Thread 0x000001e614010800 DEOPT PACKING pc=0x000001e607c71aa8 sp=0x000000831c2f9d20
Event: 87.166 Thread 0x000001e614010800 DEOPT UNPACKING pc=0x000001e60002742f sp=0x000000831c2f9c98 mode 2
Event: 87.166 Thread 0x000001e614010800 Uncommon trap: trap_request=0xffffff4d fr.pc=0x000001e607ba1f24 relative=0x0000000000002044
Event: 87.166 Thread 0x000001e614010800 Uncommon trap: reason=unstable_if action=reinterpret pc=0x000001e607ba1f24 method=java.io.WinNTFileSystem.normalize(Ljava/lang/String;II)Ljava/lang/String; @ 100 c2
Event: 87.166 Thread 0x000001e614010800 DEOPT PACKING pc=0x000001e607ba1f24 sp=0x000000831c2f9bf0
Event: 87.166 Thread 0x000001e614010800 DEOPT UNPACKING pc=0x000001e60002742f sp=0x000000831c2f9bf8 mode 2

Classes redefined (0 events):
No events

Internal exceptions (20 events):
Event: 57.035 Thread 0x000001e614010800 Exception <a 'java/lang/ClassNotFoundException'{0x00000000857b7420}: com/android/build/gradle/internal/api/ReadOnlyBaseConfigBeanInfo> (0x00000000857b7420) thrown at [./src/hotspot/share/classfile/systemDictionary.cpp, line 231]
Event: 57.035 Thread 0x000001e614010800 Exception <a 'java/lang/ClassNotFoundException'{0x00000000857cecd8}: com/android/build/gradle/internal/api/ReadOnlyBaseConfigCustomizer> (0x00000000857cecd8) thrown at [./src/hotspot/share/classfile/systemDictionary.cpp, line 231]
Event: 57.037 Thread 0x000001e614010800 Exception <a 'java/lang/ClassNotFoundException'{0x00000000857f70a0}: com/android/build/gradle/internal/api/ReadOnlyBuildTypeCustomizer> (0x00000000857f70a0) thrown at [./src/hotspot/share/classfile/systemDictionary.cpp, line 231]
Event: 57.750 Thread 0x000001e614010800 Exception <a 'java/lang/NoSuchMethodError'{0x00000000858cc530}: <clinit>> (0x00000000858cc530) thrown at [./src/hotspot/share/prims/jni.cpp, line 1362]
Event: 57.757 Thread 0x000001e614010800 Exception <a 'java/lang/NoSuchMethodError'{0x0000000085702f68}: <clinit>> (0x0000000085702f68) thrown at [./src/hotspot/share/prims/jni.cpp, line 1362]
Event: 57.927 Thread 0x000001e614010800 Exception <a 'sun/nio/fs/WindowsException'{0x00000000855a2d28}> (0x00000000855a2d28) thrown at [./src/hotspot/share/prims/jni.cpp, line 615]
Event: 58.021 Thread 0x000001e613d3f000 Exception <a 'java/lang/NoSuchMethodError'{0x00000000853f69e8}: <clinit>> (0x00000000853f69e8) thrown at [./src/hotspot/share/prims/jni.cpp, line 1362]
Event: 58.024 Thread 0x000001e613d3f000 Exception <a 'java/lang/NoSuchMethodError'{0x0000000085205350}: <clinit>> (0x0000000085205350) thrown at [./src/hotspot/share/prims/jni.cpp, line 1362]
Event: 58.076 Thread 0x000001e617eee800 Exception <a 'java/lang/NoSuchMethodError'{0x000000008515fd60}: 'void java.lang.invoke.DirectMethodHandle$Holder.invokeVirtual(java.lang.Object, java.lang.Object)'> (0x000000008515fd60) thrown at [./src/hotspot/share/interpreter/linkResolver.cpp, line 773]
Event: 58.168 Thread 0x000001e613d3f000 Exception <a 'java/lang/NoSuchMethodError'{0x00000000850b7e40}: <clinit>> (0x00000000850b7e40) thrown at [./src/hotspot/share/prims/jni.cpp, line 1362]
Event: 58.170 Thread 0x000001e613d3f000 Exception <a 'java/lang/NoSuchMethodError'{0x00000000850dedf8}: <clinit>> (0x00000000850dedf8) thrown at [./src/hotspot/share/prims/jni.cpp, line 1362]
Event: 58.171 Thread 0x000001e613d3f000 Exception <a 'java/lang/NoSuchMethodError'{0x00000000850e0550}: <clinit>> (0x00000000850e0550) thrown at [./src/hotspot/share/prims/jni.cpp, line 1362]
Event: 58.181 Thread 0x000001e613d3f000 Exception <a 'java/lang/NoSuchMethodError'{0x0000000084f37440}: <clinit>> (0x0000000084f37440) thrown at [./src/hotspot/share/prims/jni.cpp, line 1362]
Event: 58.276 Thread 0x000001e617eef000 Exception <a 'java/lang/NoSuchMethodError'{0x0000000084e380f8}: <clinit>> (0x0000000084e380f8) thrown at [./src/hotspot/share/prims/jni.cpp, line 1362]
Event: 58.279 Thread 0x000001e617eef000 Exception <a 'java/lang/NoSuchMethodError'{0x0000000084e782d8}: <clinit>> (0x0000000084e782d8) thrown at [./src/hotspot/share/prims/jni.cpp, line 1362]
Event: 76.236 Thread 0x000001e617ef0000 Exception <a 'sun/nio/fs/WindowsException'{0x0000000085500fe0}> (0x0000000085500fe0) thrown at [./src/hotspot/share/prims/jni.cpp, line 615]
Event: 76.309 Thread 0x000001e614010800 Exception <a 'java/lang/NoSuchMethodError'{0x000000008543ccf0}: 'java.lang.Object java.lang.invoke.DirectMethodHandle$Holder.invokeSpecial(java.lang.Object, java.lang.Object, java.lang.Object, int, int, java.lang.Object, java.lang.Object)'> (0x000000008543ccf0) thrown at [./src/hotspot/share/interpreter/linkResolver.cpp, line 773]
Event: 76.310 Thread 0x000001e614010800 Exception <a 'java/lang/NoSuchMethodError'{0x0000000085445e58}: 'java.lang.Object java.lang.invoke.DirectMethodHandle$Holder.invokeStatic(java.lang.Object, java.lang.Object, java.lang.Object, int, int, java.lang.Object)'> (0x0000000085445e58) thrown at [./src/hotspot/share/interpreter/linkResolver.cpp, line 773]
Event: 76.310 Thread 0x000001e614010800 Exception <a 'java/lang/NoSuchMethodError'{0x0000000085449b78}: 'java.lang.Object java.lang.invoke.DirectMethodHandle$Holder.invokeSpecial(java.lang.Object, java.lang.Object, java.lang.Object, java.lang.Object, int, int, java.lang.Object)'> (0x0000000085449b78) thrown at [./src/hotspot/share/interpreter/linkResolver.cpp, line 773]
Event: 76.312 Thread 0x000001e614010800 Exception <a 'java/lang/NoSuchMethodError'{0x000000008544d098}: 'java.lang.Object java.lang.invoke.Invokers$Holder.linkToTargetMethod(java.lang.Object, java.lang.Object, int, int, java.lang.Object, java.lang.Object)'> (0x000000008544d098) thrown at [./src/hotspot/share/interpreter/linkResolver.cpp, line 773]

Events (20 events):
Event: 87.164 loading class org/gradle/api/internal/file/FileCollectionBackedFileTree
Event: 87.164 loading class org/gradle/api/internal/file/FileCollectionBackedFileTree done
Event: 87.164 loading class com/android/build/gradle/internal/scope/ArtifactTypeUtil
Event: 87.164 loading class com/android/build/gradle/internal/scope/ArtifactTypeUtil done
Event: 87.165 loading class kotlin/jvm/internal/SpreadBuilder
Event: 87.165 loading class kotlin/jvm/internal/SpreadBuilder done
Event: 87.165 loading class kotlin/jvm/internal/SpreadBuilder
Event: 87.165 loading class kotlin/jvm/internal/SpreadBuilder done
Event: 87.168 loading class org/gradle/api/internal/tasks/WorkDependencyResolver$1
Event: 87.168 loading class org/gradle/api/internal/tasks/WorkDependencyResolver$1 done
Event: 87.169 loading class org/gradle/api/Action
Event: 87.169 loading class org/gradle/api/Action done
Event: 87.169 loading class org/gradle/api/Task
Event: 87.169 loading class org/gradle/api/Task done
Event: 87.169 loading class org/gradle/execution/plan/TaskNodeDependencyResolver
Event: 87.169 loading class org/gradle/execution/plan/TaskNodeDependencyResolver done
Event: 87.171 loading class org/gradle/api/internal/tasks/compile/JavaCompileSpec
Event: 87.171 loading class org/gradle/api/internal/tasks/compile/JavaCompileSpec done
Event: 87.172 loading class org/gradle/api/internal/tasks/compile/JvmLanguageCompileSpec
Event: 87.172 loading class org/gradle/api/internal/tasks/compile/JvmLanguageCompileSpec done


Dynamic libraries:
0x00007ff6f8500000 - 0x00007ff6f850a000 	C:\Program Files\Android\Android Studio\jre\bin\java.exe
0x00007ff897890000 - 0x00007ff897a85000 	C:\WINDOWS\SYSTEM32\ntdll.dll
0x00007ff897790000 - 0x00007ff89784e000 	C:\WINDOWS\System32\KERNEL32.DLL
0x00007ff8953e0000 - 0x00007ff8956a9000 	C:\WINDOWS\System32\KERNELBASE.dll
0x00007ff8952e0000 - 0x00007ff8953e0000 	C:\WINDOWS\System32\ucrtbase.dll
0x00007ff882460000 - 0x00007ff882479000 	C:\Program Files\Android\Android Studio\jre\bin\jli.dll
0x00007ff880630000 - 0x00007ff880647000 	C:\Program Files\Android\Android Studio\jre\bin\VCRUNTIME140.dll
0x00007ff896620000 - 0x00007ff8967c1000 	C:\WINDOWS\System32\USER32.dll
0x00007ff8952b0000 - 0x00007ff8952d2000 	C:\WINDOWS\System32\win32u.dll
0x00007ff895a50000 - 0x00007ff895a7b000 	C:\WINDOWS\System32\GDI32.dll
0x00007ff895110000 - 0x00007ff89521b000 	C:\WINDOWS\System32\gdi32full.dll
0x00007ff895840000 - 0x00007ff8958dd000 	C:\WINDOWS\System32\msvcp_win.dll
0x00007ff894350000 - 0x00007ff8945ea000 	C:\WINDOWS\WinSxS\amd64_microsoft.windows.common-controls_6595b64144ccf1df_6.0.19041.1110_none_60b5254171f9507e\COMCTL32.dll
0x00007ff896830000 - 0x00007ff8968ce000 	C:\WINDOWS\System32\msvcrt.dll
0x00007ff8968d0000 - 0x00007ff896900000 	C:\WINDOWS\System32\IMM32.DLL
0x00007ff876240000 - 0x00007ff8762dd000 	C:\Program Files\Android\Android Studio\jre\bin\msvcp140.dll
0x00007ff8644d0000 - 0x00007ff864f8c000 	C:\Program Files\Android\Android Studio\jre\bin\server\jvm.dll
0x00007ff895940000 - 0x00007ff8959ec000 	C:\WINDOWS\System32\ADVAPI32.dll
0x00007ff896900000 - 0x00007ff89699b000 	C:\WINDOWS\System32\sechost.dll
0x00007ff8962e0000 - 0x00007ff89640a000 	C:\WINDOWS\System32\RPCRT4.dll
0x00007ff896410000 - 0x00007ff896418000 	C:\WINDOWS\System32\PSAPI.DLL
0x00007ff88c8d0000 - 0x00007ff88c8d9000 	C:\WINDOWS\SYSTEM32\WSOCK32.dll
0x00007ff885110000 - 0x00007ff88511a000 	C:\WINDOWS\SYSTEM32\VERSION.dll
0x00007ff8849b0000 - 0x00007ff8849d7000 	C:\WINDOWS\SYSTEM32\WINMM.dll
0x00007ff8974f0000 - 0x00007ff89755b000 	C:\WINDOWS\System32\WS2_32.dll
0x00007ff892100000 - 0x00007ff892112000 	C:\WINDOWS\SYSTEM32\kernel.appcore.dll
0x00007ff88c8b0000 - 0x00007ff88c8c1000 	C:\Program Files\Android\Android Studio\jre\bin\verify.dll
0x00007ff894950000 - 0x00007ff894b34000 	C:\WINDOWS\SYSTEM32\DBGHELP.DLL
0x00007ff894700000 - 0x00007ff89472c000 	C:\WINDOWS\SYSTEM32\dbgcore.DLL
0x00007ff895220000 - 0x00007ff8952a3000 	C:\WINDOWS\System32\bcryptPrimitives.dll
0x00007ff88af00000 - 0x00007ff88af29000 	C:\Program Files\Android\Android Studio\jre\bin\java.dll
0x00007ff88c8a0000 - 0x00007ff88c8ab000 	C:\Program Files\Android\Android Studio\jre\bin\jimage.dll
0x00007ff88aad0000 - 0x00007ff88aae8000 	C:\Program Files\Android\Android Studio\jre\bin\zip.dll
0x00007ff8969a0000 - 0x00007ff8970df000 	C:\WINDOWS\System32\SHELL32.dll
0x00007ff8923e0000 - 0x00007ff892b70000 	C:\WINDOWS\SYSTEM32\windows.storage.dll
0x00007ff8970e0000 - 0x00007ff897435000 	C:\WINDOWS\System32\combase.dll
0x00007ff8942b0000 - 0x00007ff8942dc000 	C:\WINDOWS\SYSTEM32\Wldp.dll
0x00007ff897440000 - 0x00007ff8974ee000 	C:\WINDOWS\System32\SHCORE.dll
0x00007ff8959f0000 - 0x00007ff895a45000 	C:\WINDOWS\System32\shlwapi.dll
0x00007ff894ef0000 - 0x00007ff894f0f000 	C:\WINDOWS\SYSTEM32\profapi.dll
0x00007ff887390000 - 0x00007ff8873aa000 	C:\Program Files\Android\Android Studio\jre\bin\net.dll
0x00007ff8869b0000 - 0x00007ff886ab8000 	C:\WINDOWS\SYSTEM32\WINHTTP.dll
0x00007ff894150000 - 0x00007ff8941ba000 	C:\WINDOWS\system32\mswsock.dll
0x00007ff887370000 - 0x00007ff887384000 	C:\Program Files\Android\Android Studio\jre\bin\nio.dll
0x00007ff87c360000 - 0x00007ff87c387000 	C:\Users\mohamad\.gradle\native\fdc75f09e3144964f2cf3f50f0aa648679c211496f362492102eb8c894070792\windows-amd64\native-platform.dll
0x00007ff868890000 - 0x00007ff868a26000 	C:\Users\mohamad\.gradle\native\12488b8bf47d2d4c9fbf2f6322a914ad602e24e48041cd04a747c6da556b65c4\windows-amd64\native-platform-file-events.dll
0x00007ff88ba00000 - 0x00007ff88ba0a000 	C:\Program Files\Android\Android Studio\jre\bin\management.dll
0x00007ff88b720000 - 0x00007ff88b72c000 	C:\Program Files\Android\Android Studio\jre\bin\management_ext.dll
0x00007ff894c60000 - 0x00007ff894c78000 	C:\WINDOWS\SYSTEM32\CRYPTSP.dll
0x00007ff8939b0000 - 0x00007ff8939e4000 	C:\WINDOWS\system32\rsaenh.dll
0x00007ff8956b0000 - 0x00007ff8956d7000 	C:\WINDOWS\System32\bcrypt.dll
0x00007ff894e70000 - 0x00007ff894e9e000 	C:\WINDOWS\SYSTEM32\USERENV.dll
0x00007ff8940f0000 - 0x00007ff8940fc000 	C:\WINDOWS\SYSTEM32\CRYPTBASE.dll
0x00007ff893d00000 - 0x00007ff893d3b000 	C:\WINDOWS\SYSTEM32\IPHLPAPI.DLL
0x00007ff8962a0000 - 0x00007ff8962a8000 	C:\WINDOWS\System32\NSI.dll
0x00007ff88dc30000 - 0x00007ff88dc47000 	C:\WINDOWS\SYSTEM32\dhcpcsvc6.DLL
0x00007ff88dd00000 - 0x00007ff88dd1d000 	C:\WINDOWS\SYSTEM32\dhcpcsvc.DLL
0x00007ff893d40000 - 0x00007ff893e0c000 	C:\WINDOWS\SYSTEM32\DNSAPI.dll
0x00007ff88e180000 - 0x00007ff88e18b000 	C:\WINDOWS\SYSTEM32\WINNSI.DLL

dbghelp: loaded successfully - version: 4.0.5 - missing functions: none
symbol engine: initialized successfully - sym options: 0x614 - pdb path: .;C:\Program Files\Android\Android Studio\jre\bin;C:\WINDOWS\SYSTEM32;C:\WINDOWS\WinSxS\amd64_microsoft.windows.common-controls_6595b64144ccf1df_6.0.19041.1110_none_60b5254171f9507e;C:\Program Files\Android\Android Studio\jre\bin\server;C:\Users\mohamad\.gradle\native\fdc75f09e3144964f2cf3f50f0aa648679c211496f362492102eb8c894070792\windows-amd64;C:\Users\mohamad\.gradle\native\12488b8bf47d2d4c9fbf2f6322a914ad602e24e48041cd04a747c6da556b65c4\windows-amd64

VM Arguments:
jvm_args: --add-opens=java.base/java.util=ALL-UNNAMED --add-opens=java.base/java.lang=ALL-UNNAMED --add-opens=java.base/java.lang.invoke=ALL-UNNAMED --add-opens=java.prefs/java.util.prefs=ALL-UNNAMED -Xmx2048m -Dfile.encoding=UTF-8 -Duser.country=US -Duser.language=en -Duser.variant 
java_command: org.gradle.launcher.daemon.bootstrap.GradleDaemon 6.7.1
java_class_path (initial): C:\Users\mohamad\.gradle\wrapper\dists\gradle-6.7.1-all\2moa8rlfac5eqlcfgk98k0deb\gradle-6.7.1\lib\gradle-launcher-6.7.1.jar
Launcher Type: SUN_STANDARD

[Global flags]
     intx CICompilerCount                          = 3                                         {product} {ergonomic}
     uint ConcGCThreads                            = 1                                         {product} {ergonomic}
     uint G1ConcRefinementThreads                  = 4                                         {product} {ergonomic}
   size_t G1HeapRegionSize                         = 1048576                                   {product} {ergonomic}
    uintx GCDrainStackTargetSize                   = 64                                        {product} {ergonomic}
   size_t InitialHeapSize                          = 67108864                                  {product} {ergonomic}
   size_t MarkStackSize                            = 4194304                                   {product} {ergonomic}
   size_t MaxHeapSize                              = 2147483648                                {product} {command line}
   size_t MaxNewSize                               = 1287651328                                {product} {ergonomic}
   size_t MinHeapDeltaBytes                        = 1048576                                   {product} {ergonomic}
    uintx NonNMethodCodeHeapSize                   = 5830732                                {pd product} {ergonomic}
    uintx NonProfiledCodeHeapSize                  = 122913754                              {pd product} {ergonomic}
    uintx ProfiledCodeHeapSize                     = 122913754                              {pd product} {ergonomic}
    uintx ReservedCodeCacheSize                    = 251658240                              {pd product} {ergonomic}
     bool SegmentedCodeCache                       = true                                      {product} {ergonomic}
     bool UseCompressedClassPointers               = true                                 {lp64_product} {ergonomic}
     bool UseCompressedOops                        = true                                 {lp64_product} {ergonomic}
     bool UseG1GC                                  = true                                      {product} {ergonomic}
     bool UseLargePagesIndividualAllocation        = false                                  {pd product} {ergonomic}

Logging:
Log output configuration:
 #0: stdout all=warning uptime,level,tags
 #1: stderr all=off uptime,level,tags

Environment Variables:
PATH=C:\WINDOWS\system32;C:\WINDOWS;C:\WINDOWS\System32\Wbem;C:\WINDOWS\System32\WindowsPowerShell\v1.0\;C:\WINDOWS\System32\OpenSSH\;C:\Program Files\nodejs\;C:\Program Files\Git\cmd;C:\flutter\bin;C:\Users\mohamad\AppData\Local\Microsoft\WindowsApps;C:\Users\mohamad\AppData\Roaming\npm;C:\Program Files\Git\cmd\git.exe;C:\Program Files\mingw-w64\x86_64-8.1.0-posix-seh-rt_v6-rev0\mingw64\bin;
USERNAME=mohamad
OS=Windows_NT
PROCESSOR_IDENTIFIER=Intel64 Family 6 Model 42 Stepping 7, GenuineIntel



---------------  S Y S T E M  ---------------

OS: Windows 10 , 64 bit Build 19041 (10.0.19041.1202)
OS uptime: 2 days 18:06 hours

CPU:total 4 (initial active 4) (2 cores per cpu, 2 threads per core) family 6 model 42 stepping 7, cmov, cx8, fxsr, mmx, sse, sse2, sse3, ssse3, sse4.1, sse4.2, popcnt, avx, clmul, ht, tsc, tscinvbit

Memory: 4k page, system-wide physical 4030M (144M free)
TotalPageFile size 8375M (AvailPageFile size 2426M)
current process WorkingSet (physical memory assigned to process): 320M, peak: 320M
current process commit charge ("private bytes"): 358M, peak: 358M

vm_info: OpenJDK 64-Bit Server VM (11.0.8+10-b944.6842174) for windows-amd64 JRE (11.0.8+10-b944.6842174), built on Sep 19 2020 01:11:42 by "builder" with MS VC++ 14.0 (VS2015)

END.
