#
# A fatal error has been detected by the Java Runtime Environment:
#
#  EXCEPTION_ACCESS_VIOLATION (0xc0000005) at pc=0x0000023f2078584c, pid=6844, tid=3208
#
# JRE version: OpenJDK Runtime Environment (11.0.8+10) (build 11.0.8+10-b944.6842174)
# Java VM: OpenJDK 64-Bit Server VM (11.0.8+10-b944.6842174, mixed mode, tiered, compressed oops, g1 gc, windows-amd64)
# Problematic frame:
# J 7387 c2 java.util.HashMap.put(Ljava/lang/Object;Ljava/lang/Object;)Ljava/lang/Object; java.base@11.0.8 (13 bytes) @ 0x0000023f2078584c [0x0000023f20785800+0x000000000000004c]
#
# No core dump will be written. Minidumps are not enabled by default on client versions of Windows
#
# If you would like to submit a bug report, please visit:
#   https://bugreport.java.com/bugreport/crash.jsp
#

---------------  S U M M A R Y ------------

Command Line: --add-opens=java.base/java.util=ALL-UNNAMED --add-opens=java.base/java.lang=ALL-UNNAMED --add-opens=java.base/java.lang.invoke=ALL-UNNAMED --add-opens=java.prefs/java.util.prefs=ALL-UNNAMED -Xmx2048m -Dfile.encoding=UTF-8 -Duser.country=US -Duser.language=en -Duser.variant org.gradle.launcher.daemon.bootstrap.GradleDaemon 6.7.1

Host: Intel(R) Core(TM) i3-2310M CPU @ 2.10GHz, 4 cores, 3G,  Windows 10 , 64 bit Build 19041 (10.0.19041.1151)
Time: Mon Sep  6 13:39:10 2021 Iran Daylight Time elapsed time: 357 seconds (0d 0h 5m 57s)

---------------  T H R E A D  ---------------

Current thread (0x0000023f3626d800):  JavaThread "Daemon worker Thread 3" [_thread_in_Java, id=3208, stack(0x000000ef00700000,0x000000ef00800000)]

Stack: [0x000000ef00700000,0x000000ef00800000],  sp=0x000000ef007f6040,  free space=984k
Native frames: (J=compiled Java code, j=interpreted, Vv=VM code, C=native code)
C  0x0000023f2078584c


siginfo: EXCEPTION_ACCESS_VIOLATION (0xc0000005), reading address 0x000000032ba2e588


Register to memory mapping:

RIP=0x0000023f2078584c is at entry_point+76 in (nmethod*)0x0000023f20785610
RAX=0x0000000100019628 is a pointer to class: 
java.util.HashMap {0x0000000100019630}
RBX=0x0000000100019628 is a pointer to class: 
java.util.HashMap {0x0000000100019630}
RCX=0x0000000000006d78 is an unknown value
RDX=0x000000008bc3bca8 is an oop: java.util.HashMap 
{0x000000008bc3bca8} - klass: 'java/util/HashMap'
RSP=0x000000ef007f6040 is pointing into the stack for thread: 0x0000023f3626d800
RBP=0x000000008d0122a8 is an oop: org.gradle.internal.snapshot.RegularFileSnapshot 
{0x000000008d0122a8} - klass: 'org/gradle/internal/snapshot/RegularFileSnapshot'
RSI=0x00000000843e3350 is pointing into object: [B 
{0x00000000843e32d8} - klass: {type array byte}
 - length: 147
RDI=0x000000008bc3bca8 is an oop: java.util.HashMap 
{0x000000008bc3bca8} - klass: 'java/util/HashMap'
R8 =0x00000000843e3350 is pointing into object: [B 
{0x00000000843e32d8} - klass: {type array byte}
 - length: 147
R9 =0x0000000080893560 is an oop: java.lang.Object 
{0x0000000080893560} - klass: 'java/lang/Object'
R10=0x000000032ba2e3a0 is an unknown value
R11=0x000000008452c6d0 is an oop: org.gradle.internal.hash.HashCode 
{0x000000008452c6d0} - klass: 'org/gradle/internal/hash/HashCode'
R12=0x0 is NULL
R13=0x0000000000000010 is an unknown value
R14=0x0000000080faacf8 is an oop: [Ljava.lang.Object; 
{0x0000000080faacf8} - klass: 'java/lang/Object'[]
 - length: 16
R15=0x0000023f3626d800 is a thread


Registers:
RAX=0x0000000100019628, RBX=0x0000000100019628, RCX=0x0000000000006d78, RDX=0x000000008bc3bca8
RSP=0x000000ef007f6040, RBP=0x000000008d0122a8, RSI=0x00000000843e3350, RDI=0x000000008bc3bca8
R8 =0x00000000843e3350, R9 =0x0000000080893560, R10=0x000000032ba2e3a0, R11=0x000000008452c6d0
R12=0x0000000000000000, R13=0x0000000000000010, R14=0x0000000080faacf8, R15=0x0000023f3626d800
RIP=0x0000023f2078584c, EFLAGS=0x0000000000010206

Top of Stack: (sp=0x000000ef007f6040)
0x000000ef007f6040:   0000000080f83730 00000000840b3040
0x000000ef007f6050:   0000000084455530 000000008bc4c0e8
0x000000ef007f6060:   000000008bc3bca8 0000015e6251155e
0x000000ef007f6070:   00000000843e3350 0000000080893560
0x000000ef007f6080:   0000000084505940 0000000080f83720
0x000000ef007f6090:   000000008bc4c0e8 000000008472d4d8
0x000000ef007f60a0:   0000023f27ed0000 000000008d0122a8
0x000000ef007f60b0:   000000008d0122a8 0000023f1a7375c4
0x000000ef007f60c0:   0000001080faacf8 000000008bc3bd48
0x000000ef007f60d0:   0000002484469c00 000000008bc3c618
0x000000ef007f60e0:   000000008bc3bca8 000000097cebbe19
0x000000ef007f60f0:   0000000084469c00 000000008bc3bcf0
0x000000ef007f6100:   000000008bc3bcf0 000000008d0122a8
0x000000ef007f6110:   000000008452c6d0 00000000843e3350
0x000000ef007f6120:   000000008bc3bd10 000000008d169d10
0x000000ef007f6130:   000000008d0122a8 0000023f1a735dc4 

Instructions: (pc=0x0000023f2078584c)
0x0000023f2078574c:   68 0c 00 00 98 0d 00 00 a0 0d 00 00 a8 0e 00 00
0x0000023f2078575c:   b8 0e 00 00 60 00 00 00 db 1c 00 00 04 00 00 00
0x0000023f2078576c:   00 00 00 00 02 00 00 00 00 00 00 00 00 00 00 00
0x0000023f2078577c:   df 01 00 00 ff ff ff ff ff ff ff ff 0b 60 48 c0
0x0000023f2078578c:   01 f0 af cc 21 34 0a f0 c4 24 0a f0 38 24 04 f0
0x0000023f2078579c:   11 cc 0a f0 cb 24 13 b0 09 34 0a f0 4c 24 2c 34
0x0000023f207857ac:   0a f0 90 24 5b a0 0a f0 55 24 ac 34 0a f0 28 24
0x0000023f207857bc:   ec 64 14 64 40 64 60 64 0c 64 24 64 0d 00 01 f8
0x0000023f207857cc:   dd fe 00 50 00 c0 0a 64 01 f8 e9 fc 05 50 00 c0
0x0000023f207857dc:   0a 64 01 f8 71 fc 05 50 00 c0 0a 64 01 f8 85 fa
0x0000023f207857ec:   05 50 00 c0 0a 64 05 64 0f 64 00 00 00 00 00 00
0x0000023f207857fc:   00 00 00 00 44 8b 52 08 49 c1 e2 03 49 3b c2 0f
0x0000023f2078580c:   85 ef fe 14 f8 66 66 90 0f 1f 84 00 00 00 00 00
0x0000023f2078581c:   66 66 66 90 89 84 24 00 90 ff ff 55 48 83 ec 70
0x0000023f2078582c:   48 89 54 24 20 4c 89 4c 24 38 4c 89 44 24 30 4d
0x0000023f2078583c:   85 c0 0f 84 41 05 00 00 45 8b 50 08 49 c1 e2 03
0x0000023f2078584c:   4d 8b 92 e8 01 00 00 49 bb 88 07 16 2f 3f 02 00
0x0000023f2078585c:   00 4d 3b d3 0f 85 2c 05 00 00 4d 8b 10 4d 8b da
0x0000023f2078586c:   49 83 e3 07 49 83 fb 01 0f 85 18 05 00 00 49 c1
0x0000023f2078587c:   ea 08 41 8b c2 81 e0 ff ff ff 7f 85 c0 0f 84 03
0x0000023f2078588c:   05 00 00 44 8b d8 41 c1 eb 10 44 33 d8 44 89 5c
0x0000023f2078589c:   24 28 4c 8b 54 24 20 45 8b 52 24 45 85 d2 0f 84
0x0000023f207858ac:   62 02 00 00 45 8b 5a 0c 45 85 db 0f 86 eb 05 00
0x0000023f207858bc:   00 49 8b c2 41 8b cb ff c9 23 4c 24 28 45 85 db
0x0000023f207858cc:   0f 8e 83 05 00 00 4c 8b c8 48 8d 6c 88 10 44 8b
0x0000023f207858dc:   55 00 45 85 d2 0f 84 0d 01 00 00 45 8b 42 0c 49
0x0000023f207858ec:   8b ca 44 3b 44 24 28 0f 84 2c 02 00 00 48 8b 74
0x0000023f207858fc:   24 30 45 8b 5a 08 41 81 fb a0 65 00 20 0f 85 8a
0x0000023f2078590c:   02 00 00 48 8b d1 4c 8b 44 24 20 8b 7c 24 28 48
0x0000023f2078591c:   8b 4c 24 38 66 66 90 e8 58 00 15 f8 48 85 c0 0f
0x0000023f2078592c:   84 8d 01 00 00 48 bb 00 00 ed 27 3f 02 00 00 eb
0x0000023f2078593c:   12 48 8b 4c 24 48 48 8b c1 48 bb 00 00 ed 27 3f 


Stack slot to memory mapping:
stack at sp + 0 slots: 0x0000000080f83730 is an oop: com.google.common.collect.Interners$InternerImpl 
{0x0000000080f83730} - klass: 'com/google/common/collect/Interners$InternerImpl'
stack at sp + 1 slots: 0x00000000840b3040 is an oop: java.lang.String 
{0x00000000840b3040} - klass: 'java/lang/String'
stack at sp + 2 slots: 0x0000000084455530 is an oop: java.lang.String 
{0x0000000084455530} - klass: 'java/lang/String'
stack at sp + 3 slots: 0x000000008bc4c0e8 is an oop: org.gradle.internal.fingerprint.impl.DefaultFileSystemLocationFingerprint 
{0x000000008bc4c0e8} - klass: 'org/gradle/internal/fingerprint/impl/DefaultFileSystemLocationFingerprint'
stack at sp + 4 slots: 0x000000008bc3bca8 is an oop: java.util.HashMap 
{0x000000008bc3bca8} - klass: 'java/util/HashMap'
stack at sp + 5 slots: 0x0000015e6251155e is an unknown value
stack at sp + 6 slots: 0x00000000843e3350 is pointing into object: [B 
{0x00000000843e32d8} - klass: {type array byte}
 - length: 147
stack at sp + 7 slots: 0x0000000080893560 is an oop: java.lang.Object 
{0x0000000080893560} - klass: 'java/lang/Object'



---------------  P R O C E S S  ---------------

Threads class SMR info:
_java_thread_list=0x0000023f37700490, length=173, elements={
0x0000023f14f29800, 0x0000023f2f0d5800, 0x0000023f2f0da800, 0x0000023f2f130800,
0x0000023f2f131800, 0x0000023f2f136000, 0x0000023f2f13c800, 0x0000023f2f144800,
0x0000023f2fba1000, 0x0000023f2fbcb000, 0x0000023f30dd7000, 0x0000023f30ada800,
0x0000023f2fe3c000, 0x0000023f311e5000, 0x0000023f311e6800, 0x0000023f311e6000,
0x0000023f2ff6b000, 0x0000023f2ff71800, 0x0000023f30103800, 0x0000023f30107800,
0x0000023f2ff6d000, 0x0000023f2ff79000, 0x0000023f2ff75800, 0x0000023f2ff77800,
0x0000023f3627a800, 0x0000023f36272000, 0x0000023f36273000, 0x0000023f36271800,
0x0000023f3626d800, 0x0000023f36270800, 0x0000023f3626f800, 0x0000023f36274000,
0x0000023f3626e000, 0x0000023f3626f000, 0x0000023f36276000, 0x0000023f36274800,
0x0000023f36278800, 0x0000023f36277000, 0x0000023f36279800, 0x0000023f3627b000,
0x0000023f36275800, 0x0000023f3627c000, 0x0000023f36278000, 0x0000023f33fe6800,
0x0000023f33feb800, 0x0000023f33fe5800, 0x0000023f33fe8000, 0x0000023f33fea000,
0x0000023f33fec800, 0x0000023f33fed000, 0x0000023f33fe7800, 0x0000023f33fee800,
0x0000023f33fe9000, 0x0000023f33fef800, 0x0000023f33ff0800, 0x0000023f33ff2000,
0x0000023f33ff3000, 0x0000023f33ff1000, 0x0000023f33ff3800, 0x0000023f33fee000,
0x0000023f33ff4800, 0x0000023f30102000, 0x0000023f30105000, 0x0000023f30102800,
0x0000023f30100000, 0x0000023f300ff800, 0x0000023f30107000, 0x0000023f30106000,
0x0000023f30101000, 0x0000023f3010c800, 0x0000023f30109000, 0x0000023f30108800,
0x0000023f3010b800, 0x0000023f3010e000, 0x0000023f3010b000, 0x0000023f3010d800,
0x0000023f3010a000, 0x0000023f2ff6a800, 0x0000023f2ff6c000, 0x0000023f2ff6d800,
0x0000023f2ff74000, 0x0000023f2ff72800, 0x0000023f2ff73800, 0x0000023f2ff75000,
0x0000023f2ff6f000, 0x0000023f2ff78000, 0x0000023f2ff76800, 0x0000023f35e80800,
0x0000023f35e82800, 0x0000023f35e83800, 0x0000023f35e86000, 0x0000023f35e81000,
0x0000023f35e87000, 0x0000023f35e84800, 0x0000023f311e7800, 0x0000023f37d2e000,
0x0000023f37d2c800, 0x0000023f37d2f000, 0x0000023f37d2a000, 0x0000023f37d2d800,
0x0000023f37d29000, 0x0000023f37d2f800, 0x0000023f37d2b800, 0x0000023f37d30800,
0x0000023f37d2b000, 0x0000023f37d37000, 0x0000023f37d36800, 0x0000023f37d31800,
0x0000023f37d38000, 0x0000023f37d32000, 0x0000023f37d34800, 0x0000023f37d33000,
0x0000023f37d34000, 0x0000023f37d35800, 0x0000023f321c0000, 0x0000023f321bc800,
0x0000023f321c2800, 0x0000023f321c1800, 0x0000023f321bf000, 0x0000023f321be000,
0x0000023f321c0800, 0x0000023f321c3000, 0x0000023f321bd800, 0x0000023f321c5000,
0x0000023f321c6800, 0x0000023f321c7000, 0x0000023f321c8000, 0x0000023f321c5800,
0x0000023f321c9000, 0x0000023f321c4000, 0x0000023f321c9800, 0x0000023f321ca800,
0x0000023f321cb800, 0x0000023f37e49000, 0x0000023f37e46800, 0x0000023f37e45000,
0x0000023f37e47800, 0x0000023f37e4a000, 0x0000023f37e4b800, 0x0000023f37e48800,
0x0000023f37e4b000, 0x0000023f37e46000, 0x0000023f37e4f000, 0x0000023f37e4f800,
0x0000023f37e50800, 0x0000023f37e52000, 0x0000023f37e51800, 0x0000023f37e4d800,
0x0000023f37e4c800, 0x0000023f37e53000, 0x0000023f37e54000, 0x0000023f37e4e000,
0x0000023f3625e000, 0x0000023f36263000, 0x0000023f36262000, 0x0000023f3625f000,
0x0000023f3625f800, 0x0000023f3625d800, 0x0000023f36264800, 0x0000023f36264000,
0x0000023f36265800, 0x0000023f36261800, 0x0000023f36260800, 0x0000023f36266000,
0x0000023f3626b000, 0x0000023f3626a800, 0x0000023f36267000, 0x0000023f36268000,
0x0000023f36268800, 0x0000023f3626c000, 0x0000023f36269800, 0x0000023f33fea800,
0x0000023f35897000
}

Java Threads: ( => current thread )
  0x0000023f14f29800 JavaThread "main" [_thread_blocked, id=5220, stack(0x000000ef76a00000,0x000000ef76b00000)]
  0x0000023f2f0d5800 JavaThread "Reference Handler" daemon [_thread_blocked, id=2252, stack(0x000000ef77100000,0x000000ef77200000)]
  0x0000023f2f0da800 JavaThread "Finalizer" daemon [_thread_blocked, id=8108, stack(0x000000ef77200000,0x000000ef77300000)]
  0x0000023f2f130800 JavaThread "Signal Dispatcher" daemon [_thread_blocked, id=3384, stack(0x000000ef77300000,0x000000ef77400000)]
  0x0000023f2f131800 JavaThread "Attach Listener" daemon [_thread_blocked, id=2192, stack(0x000000ef77400000,0x000000ef77500000)]
  0x0000023f2f136000 JavaThread "C2 CompilerThread0" daemon [_thread_blocked, id=1672, stack(0x000000ef77500000,0x000000ef77600000)]
  0x0000023f2f13c800 JavaThread "C1 CompilerThread0" daemon [_thread_blocked, id=7392, stack(0x000000ef77600000,0x000000ef77700000)]
  0x0000023f2f144800 JavaThread "Sweeper thread" daemon [_thread_blocked, id=1336, stack(0x000000ef77700000,0x000000ef77800000)]
  0x0000023f2fba1000 JavaThread "Common-Cleaner" daemon [_thread_blocked, id=1028, stack(0x000000ef77800000,0x000000ef77900000)]
  0x0000023f2fbcb000 JavaThread "Service Thread" daemon [_thread_blocked, id=5836, stack(0x000000ef77900000,0x000000ef77a00000)]
  0x0000023f30dd7000 JavaThread "Daemon health stats" [_thread_blocked, id=1468, stack(0x000000ef77d00000,0x000000ef77e00000)]
  0x0000023f30ada800 JavaThread "Incoming local TCP Connector on port 62294" [_thread_in_native, id=4140, stack(0x000000ef78100000,0x000000ef78200000)]
  0x0000023f2fe3c000 JavaThread "Daemon periodic checks" [_thread_blocked, id=788, stack(0x000000ef78200000,0x000000ef78300000)]
  0x0000023f311e5000 JavaThread "Cache worker for file hash cache (C:\Users\mohamad\.gradle\caches\6.7.1\fileHashes)" [_thread_blocked, id=1056, stack(0x000000ef78a00000,0x000000ef78b00000)]
  0x0000023f311e6800 JavaThread "File lock request listener" [_thread_in_native, id=3748, stack(0x000000ef78b00000,0x000000ef78c00000)]
  0x0000023f311e6000 JavaThread "Cache worker for journal cache (C:\Users\mohamad\.gradle\caches\journal-1)" [_thread_blocked, id=4888, stack(0x000000ef78c00000,0x000000ef78d00000)]
  0x0000023f2ff6b000 JavaThread "Cache worker for execution history cache (C:\Users\mohamad\.gradle\caches\6.7.1\executionHistory)" [_thread_blocked, id=7632, stack(0x000000ef79200000,0x000000ef79300000)]
  0x0000023f2ff71800 JavaThread "Cache worker for file content cache (C:\Users\mohamad\.gradle\caches\6.7.1\fileContent)" [_thread_blocked, id=6724, stack(0x000000ef79300000,0x000000ef79400000)]
  0x0000023f30103800 JavaThread "Memory manager" [_thread_blocked, id=1684, stack(0x000000ef01600000,0x000000ef01700000)]
  0x0000023f30107800 JavaThread "pool-3-thread-1" [_thread_blocked, id=1156, stack(0x000000ef01800000,0x000000ef01900000)]
  0x0000023f2ff6d000 JavaThread "RMI Scheduler(0)" daemon [_thread_blocked, id=5244, stack(0x000000ef00000000,0x000000ef00100000)]
  0x0000023f2ff79000 JavaThread "RMI GC Daemon" daemon [_thread_blocked, id=6192, stack(0x000000ef00200000,0x000000ef00300000)]
  0x0000023f2ff75800 JavaThread "RMI TCP Accept-0" daemon [_thread_in_native, id=6620, stack(0x000000ef00400000,0x000000ef00500000)]
  0x0000023f2ff77800 JavaThread "RMI Reaper" [_thread_blocked, id=452, stack(0x000000ef00500000,0x000000ef00600000)]
  0x0000023f3627a800 JavaThread "pool-7-thread-1" [_thread_blocked, id=7744, stack(0x000000ef09500000,0x000000ef09600000)]
  0x0000023f36272000 JavaThread "Daemon Thread 3" [_thread_blocked, id=8052, stack(0x000000ef00100000,0x000000ef00200000)]
  0x0000023f36273000 JavaThread "Handler for socket connection from /127.0.0.1:62294 to /127.0.0.1:62330" [_thread_in_native, id=5980, stack(0x000000ef00300000,0x000000ef00400000)]
  0x0000023f36271800 JavaThread "Cancel handler" [_thread_blocked, id=2952, stack(0x000000ef00600000,0x000000ef00700000)]
=>0x0000023f3626d800 JavaThread "Daemon worker Thread 3" [_thread_in_Java, id=3208, stack(0x000000ef00700000,0x000000ef00800000)]
  0x0000023f36270800 JavaThread "Asynchronous log dispatcher for DefaultDaemonConnection: socket connection from /127.0.0.1:62294 to /127.0.0.1:62330" [_thread_blocked, id=6584, stack(0x000000ef00800000,0x000000ef00900000)]
  0x0000023f3626f800 JavaThread "Stdin handler" [_thread_blocked, id=4796, stack(0x000000ef00900000,0x000000ef00a00000)]
  0x0000023f36274000 JavaThread "Thread-311" [_thread_blocked, id=4484, stack(0x000000ef00a00000,0x000000ef00b00000)]
  0x0000023f3626e000 JavaThread "Cache worker for file hash cache (C:\Users\mohamad\AndroidStudioProjects\EnglishMusic\.gradle\6.7.1\fileHashes)" [_thread_blocked, id=1040, stack(0x000000ef00b00000,0x000000ef00c00000)]
  0x0000023f3626f000 JavaThread "Cache worker for checksums cache (C:\Users\mohamad\AndroidStudioProjects\EnglishMusic\.gradle\checksums)" [_thread_blocked, id=3584, stack(0x000000ef00c00000,0x000000ef00d00000)]
  0x0000023f36276000 JavaThread "Cache worker for cache directory md-supplier (C:\Users\mohamad\.gradle\caches\6.7.1\md-supplier)" [_thread_blocked, id=3032, stack(0x000000ef00d00000,0x000000ef00e00000)]
  0x0000023f36274800 JavaThread "Cache worker for cache directory md-rule (C:\Users\mohamad\.gradle\caches\6.7.1\md-rule)" [_thread_blocked, id=7848, stack(0x000000ef00e00000,0x000000ef00f00000)]
  0x0000023f36278800 JavaThread "Cache worker for Build Output Cleanup Cache (C:\Users\mohamad\AndroidStudioProjects\EnglishMusic\.gradle\buildOutputCleanup)" [_thread_blocked, id=6172, stack(0x000000ef00f00000,0x000000ef01000000)]
  0x0000023f36277000 JavaThread "Build operations" [_thread_in_vm, id=1624, stack(0x000000ef01000000,0x000000ef01100000)]
  0x0000023f36279800 JavaThread "Build operations Thread 2" [_thread_in_vm, id=4916, stack(0x000000ef01100000,0x000000ef01200000)]
  0x0000023f3627b000 JavaThread "Build operations Thread 3" [_thread_blocked, id=5432, stack(0x000000ef01200000,0x000000ef01300000)]
  0x0000023f36275800 JavaThread "Build operations Thread 4" [_thread_in_vm, id=6948, stack(0x000000ef01300000,0x000000ef01400000)]
  0x0000023f3627c000 JavaThread "jar transforms Thread 251" [_thread_blocked, id=6848, stack(0x000000ef01400000,0x000000ef01500000)]
  0x0000023f36278000 JavaThread "jar transforms Thread 252" [_thread_blocked, id=6004, stack(0x000000ef01500000,0x000000ef01600000)]
  0x0000023f33fe6800 JavaThread "jar transforms Thread 253" [_thread_blocked, id=2768, stack(0x000000ef01700000,0x000000ef01800000)]
  0x0000023f33feb800 JavaThread "jar transforms Thread 254" [_thread_blocked, id=4328, stack(0x000000ef01900000,0x000000ef01a00000)]
  0x0000023f33fe5800 JavaThread "jar transforms Thread 255" [_thread_blocked, id=5892, stack(0x000000ef01a00000,0x000000ef01b00000)]
  0x0000023f33fe8000 JavaThread "jar transforms Thread 256" [_thread_blocked, id=7540, stack(0x000000ef01b00000,0x000000ef01c00000)]
  0x0000023f33fea000 JavaThread "jar transforms Thread 257" [_thread_blocked, id=7892, stack(0x000000ef01c00000,0x000000ef01d00000)]
  0x0000023f33fec800 JavaThread "jar transforms Thread 258" [_thread_blocked, id=3104, stack(0x000000ef01d00000,0x000000ef01e00000)]
  0x0000023f33fed000 JavaThread "jar transforms Thread 259" [_thread_blocked, id=6936, stack(0x000000ef01e00000,0x000000ef01f00000)]
  0x0000023f33fe7800 JavaThread "jar transforms Thread 260" [_thread_blocked, id=4824, stack(0x000000ef01f00000,0x000000ef02000000)]
  0x0000023f33fee800 JavaThread "jar transforms Thread 261" [_thread_blocked, id=1268, stack(0x000000ef02000000,0x000000ef02100000)]
  0x0000023f33fe9000 JavaThread "jar transforms Thread 262" [_thread_blocked, id=1064, stack(0x000000ef02100000,0x000000ef02200000)]
  0x0000023f33fef800 JavaThread "jar transforms Thread 263" [_thread_blocked, id=740, stack(0x000000ef02200000,0x000000ef02300000)]
  0x0000023f33ff0800 JavaThread "jar transforms Thread 264" [_thread_blocked, id=4528, stack(0x000000ef02300000,0x000000ef02400000)]
  0x0000023f33ff2000 JavaThread "jar transforms Thread 265" [_thread_blocked, id=6152, stack(0x000000ef02400000,0x000000ef02500000)]
  0x0000023f33ff3000 JavaThread "jar transforms Thread 266" [_thread_blocked, id=3772, stack(0x000000ef02500000,0x000000ef02600000)]
  0x0000023f33ff1000 JavaThread "jar transforms Thread 267" [_thread_blocked, id=1736, stack(0x000000ef02600000,0x000000ef02700000)]
  0x0000023f33ff3800 JavaThread "jar transforms Thread 268" [_thread_blocked, id=2932, stack(0x000000ef02700000,0x000000ef02800000)]
  0x0000023f33fee000 JavaThread "jar transforms Thread 269" [_thread_blocked, id=2656, stack(0x000000ef02800000,0x000000ef02900000)]
  0x0000023f33ff4800 JavaThread "jar transforms Thread 270" [_thread_blocked, id=3812, stack(0x000000ef02900000,0x000000ef02a00000)]
  0x0000023f30102000 JavaThread "jar transforms Thread 271" [_thread_blocked, id=6668, stack(0x000000ef02a00000,0x000000ef02b00000)]
  0x0000023f30105000 JavaThread "jar transforms Thread 272" [_thread_blocked, id=3116, stack(0x000000ef02b00000,0x000000ef02c00000)]
  0x0000023f30102800 JavaThread "jar transforms Thread 273" [_thread_blocked, id=7580, stack(0x000000ef02c00000,0x000000ef02d00000)]
  0x0000023f30100000 JavaThread "jar transforms Thread 274" [_thread_blocked, id=3144, stack(0x000000ef02d00000,0x000000ef02e00000)]
  0x0000023f300ff800 JavaThread "jar transforms Thread 275" [_thread_blocked, id=3044, stack(0x000000ef02e00000,0x000000ef02f00000)]
  0x0000023f30107000 JavaThread "jar transforms Thread 276" [_thread_blocked, id=7088, stack(0x000000ef02f00000,0x000000ef03000000)]
  0x0000023f30106000 JavaThread "jar transforms Thread 277" [_thread_blocked, id=1616, stack(0x000000ef03000000,0x000000ef03100000)]
  0x0000023f30101000 JavaThread "jar transforms Thread 278" [_thread_blocked, id=872, stack(0x000000ef03100000,0x000000ef03200000)]
  0x0000023f3010c800 JavaThread "jar transforms Thread 279" [_thread_blocked, id=4876, stack(0x000000ef03200000,0x000000ef03300000)]
  0x0000023f30109000 JavaThread "jar transforms Thread 280" [_thread_blocked, id=6164, stack(0x000000ef03300000,0x000000ef03400000)]
  0x0000023f30108800 JavaThread "jar transforms Thread 281" [_thread_blocked, id=4880, stack(0x000000ef03400000,0x000000ef03500000)]
  0x0000023f3010b800 JavaThread "jar transforms Thread 282" [_thread_blocked, id=3040, stack(0x000000ef03500000,0x000000ef03600000)]
  0x0000023f3010e000 JavaThread "jar transforms Thread 283" [_thread_blocked, id=6236, stack(0x000000ef03600000,0x000000ef03700000)]
  0x0000023f3010b000 JavaThread "jar transforms Thread 284" [_thread_blocked, id=7560, stack(0x000000ef03700000,0x000000ef03800000)]
  0x0000023f3010d800 JavaThread "jar transforms Thread 285" [_thread_blocked, id=3752, stack(0x000000ef03800000,0x000000ef03900000)]
  0x0000023f3010a000 JavaThread "jar transforms Thread 286" [_thread_blocked, id=5844, stack(0x000000ef03900000,0x000000ef03a00000)]
  0x0000023f2ff6a800 JavaThread "jar transforms Thread 287" [_thread_blocked, id=8076, stack(0x000000ef03a00000,0x000000ef03b00000)]
  0x0000023f2ff6c000 JavaThread "jar transforms Thread 288" [_thread_blocked, id=7424, stack(0x000000ef03b00000,0x000000ef03c00000)]
  0x0000023f2ff6d800 JavaThread "jar transforms Thread 289" [_thread_blocked, id=7476, stack(0x000000ef03c00000,0x000000ef03d00000)]
  0x0000023f2ff74000 JavaThread "jar transforms Thread 290" [_thread_blocked, id=6664, stack(0x000000ef03d00000,0x000000ef03e00000)]
  0x0000023f2ff72800 JavaThread "jar transforms Thread 291" [_thread_blocked, id=4444, stack(0x000000ef03e00000,0x000000ef03f00000)]
  0x0000023f2ff73800 JavaThread "jar transforms Thread 292" [_thread_blocked, id=7548, stack(0x000000ef03f00000,0x000000ef04000000)]
  0x0000023f2ff75000 JavaThread "jar transforms Thread 293" [_thread_blocked, id=1644, stack(0x000000ef04000000,0x000000ef04100000)]
  0x0000023f2ff6f000 JavaThread "jar transforms Thread 294" [_thread_blocked, id=1676, stack(0x000000ef04100000,0x000000ef04200000)]
  0x0000023f2ff78000 JavaThread "jar transforms Thread 295" [_thread_blocked, id=1892, stack(0x000000ef04200000,0x000000ef04300000)]
  0x0000023f2ff76800 JavaThread "jar transforms Thread 296" [_thread_blocked, id=1160, stack(0x000000ef04300000,0x000000ef04400000)]
  0x0000023f35e80800 JavaThread "jar transforms Thread 297" [_thread_blocked, id=6740, stack(0x000000ef04400000,0x000000ef04500000)]
  0x0000023f35e82800 JavaThread "jar transforms Thread 298" [_thread_blocked, id=1916, stack(0x000000ef04500000,0x000000ef04600000)]
  0x0000023f35e83800 JavaThread "jar transforms Thread 299" [_thread_blocked, id=2908, stack(0x000000ef04600000,0x000000ef04700000)]
  0x0000023f35e86000 JavaThread "jar transforms Thread 300" [_thread_blocked, id=7528, stack(0x000000ef04700000,0x000000ef04800000)]
  0x0000023f35e81000 JavaThread "jar transforms Thread 301" [_thread_blocked, id=7788, stack(0x000000ef04800000,0x000000ef04900000)]
  0x0000023f35e87000 JavaThread "jar transforms Thread 302" [_thread_blocked, id=7076, stack(0x000000ef04900000,0x000000ef04a00000)]
  0x0000023f35e84800 JavaThread "jar transforms Thread 303" [_thread_blocked, id=7656, stack(0x000000ef04a00000,0x000000ef04b00000)]
  0x0000023f311e7800 JavaThread "jar transforms Thread 304" [_thread_blocked, id=900, stack(0x000000ef04b00000,0x000000ef04c00000)]
  0x0000023f37d2e000 JavaThread "jar transforms Thread 305" [_thread_blocked, id=2584, stack(0x000000ef04c00000,0x000000ef04d00000)]
  0x0000023f37d2c800 JavaThread "jar transforms Thread 306" [_thread_blocked, id=6012, stack(0x000000ef04d00000,0x000000ef04e00000)]
  0x0000023f37d2f000 JavaThread "jar transforms Thread 307" [_thread_blocked, id=3220, stack(0x000000ef04e00000,0x000000ef04f00000)]
  0x0000023f37d2a000 JavaThread "jar transforms Thread 308" [_thread_blocked, id=516, stack(0x000000ef04f00000,0x000000ef05000000)]
  0x0000023f37d2d800 JavaThread "jar transforms Thread 309" [_thread_blocked, id=7772, stack(0x000000ef05000000,0x000000ef05100000)]
  0x0000023f37d29000 JavaThread "jar transforms Thread 310" [_thread_blocked, id=2548, stack(0x000000ef05100000,0x000000ef05200000)]
  0x0000023f37d2f800 JavaThread "jar transforms Thread 311" [_thread_blocked, id=3204, stack(0x000000ef05200000,0x000000ef05300000)]
  0x0000023f37d2b800 JavaThread "jar transforms Thread 312" [_thread_blocked, id=8180, stack(0x000000ef05300000,0x000000ef05400000)]
  0x0000023f37d30800 JavaThread "jar transforms Thread 313" [_thread_blocked, id=2016, stack(0x000000ef05400000,0x000000ef05500000)]
  0x0000023f37d2b000 JavaThread "jar transforms Thread 314" [_thread_blocked, id=6676, stack(0x000000ef05500000,0x000000ef05600000)]
  0x0000023f37d37000 JavaThread "jar transforms Thread 315" [_thread_blocked, id=6920, stack(0x000000ef05600000,0x000000ef05700000)]
  0x0000023f37d36800 JavaThread "jar transforms Thread 316" [_thread_blocked, id=2292, stack(0x000000ef05700000,0x000000ef05800000)]
  0x0000023f37d31800 JavaThread "jar transforms Thread 317" [_thread_blocked, id=1272, stack(0x000000ef05800000,0x000000ef05900000)]
  0x0000023f37d38000 JavaThread "jar transforms Thread 318" [_thread_blocked, id=6832, stack(0x000000ef05900000,0x000000ef05a00000)]
  0x0000023f37d32000 JavaThread "jar transforms Thread 319" [_thread_blocked, id=1460, stack(0x000000ef05a00000,0x000000ef05b00000)]
  0x0000023f37d34800 JavaThread "jar transforms Thread 320" [_thread_blocked, id=1352, stack(0x000000ef05b00000,0x000000ef05c00000)]
  0x0000023f37d33000 JavaThread "jar transforms Thread 321" [_thread_blocked, id=6016, stack(0x000000ef05c00000,0x000000ef05d00000)]
  0x0000023f37d34000 JavaThread "jar transforms Thread 322" [_thread_blocked, id=1224, stack(0x000000ef05d00000,0x000000ef05e00000)]
  0x0000023f37d35800 JavaThread "jar transforms Thread 323" [_thread_blocked, id=5288, stack(0x000000ef05e00000,0x000000ef05f00000)]
  0x0000023f321c0000 JavaThread "jar transforms Thread 324" [_thread_blocked, id=2088, stack(0x000000ef05f00000,0x000000ef06000000)]
  0x0000023f321bc800 JavaThread "jar transforms Thread 325" [_thread_blocked, id=3444, stack(0x000000ef06000000,0x000000ef06100000)]
  0x0000023f321c2800 JavaThread "jar transforms Thread 326" [_thread_blocked, id=2840, stack(0x000000ef06100000,0x000000ef06200000)]
  0x0000023f321c1800 JavaThread "jar transforms Thread 327" [_thread_blocked, id=4452, stack(0x000000ef06200000,0x000000ef06300000)]
  0x0000023f321bf000 JavaThread "jar transforms Thread 328" [_thread_blocked, id=1060, stack(0x000000ef06300000,0x000000ef06400000)]
  0x0000023f321be000 JavaThread "jar transforms Thread 329" [_thread_blocked, id=5592, stack(0x000000ef06400000,0x000000ef06500000)]
  0x0000023f321c0800 JavaThread "jar transforms Thread 330" [_thread_blocked, id=1012, stack(0x000000ef06500000,0x000000ef06600000)]
  0x0000023f321c3000 JavaThread "jar transforms Thread 331" [_thread_blocked, id=5164, stack(0x000000ef06600000,0x000000ef06700000)]
  0x0000023f321bd800 JavaThread "jar transforms Thread 332" [_thread_blocked, id=6448, stack(0x000000ef06700000,0x000000ef06800000)]
  0x0000023f321c5000 JavaThread "jar transforms Thread 333" [_thread_blocked, id=1180, stack(0x000000ef06800000,0x000000ef06900000)]
  0x0000023f321c6800 JavaThread "jar transforms Thread 334" [_thread_blocked, id=908, stack(0x000000ef06900000,0x000000ef06a00000)]
  0x0000023f321c7000 JavaThread "jar transforms Thread 335" [_thread_blocked, id=4112, stack(0x000000ef06a00000,0x000000ef06b00000)]
  0x0000023f321c8000 JavaThread "jar transforms Thread 336" [_thread_blocked, id=6252, stack(0x000000ef06b00000,0x000000ef06c00000)]
  0x0000023f321c5800 JavaThread "jar transforms Thread 337" [_thread_blocked, id=6268, stack(0x000000ef06c00000,0x000000ef06d00000)]
  0x0000023f321c9000 JavaThread "jar transforms Thread 338" [_thread_blocked, id=2936, stack(0x000000ef06d00000,0x000000ef06e00000)]
  0x0000023f321c4000 JavaThread "jar transforms Thread 339" [_thread_blocked, id=8044, stack(0x000000ef06e00000,0x000000ef06f00000)]
  0x0000023f321c9800 JavaThread "jar transforms Thread 340" [_thread_blocked, id=376, stack(0x000000ef06f00000,0x000000ef07000000)]
  0x0000023f321ca800 JavaThread "jar transforms Thread 341" [_thread_blocked, id=1112, stack(0x000000ef07000000,0x000000ef07100000)]
  0x0000023f321cb800 JavaThread "jar transforms Thread 342" [_thread_blocked, id=5496, stack(0x000000ef07100000,0x000000ef07200000)]
  0x0000023f37e49000 JavaThread "jar transforms Thread 343" [_thread_blocked, id=8060, stack(0x000000ef07200000,0x000000ef07300000)]
  0x0000023f37e46800 JavaThread "jar transforms Thread 344" [_thread_blocked, id=3284, stack(0x000000ef07300000,0x000000ef07400000)]
  0x0000023f37e45000 JavaThread "jar transforms Thread 345" [_thread_blocked, id=2820, stack(0x000000ef07400000,0x000000ef07500000)]
  0x0000023f37e47800 JavaThread "jar transforms Thread 346" [_thread_blocked, id=6852, stack(0x000000ef07500000,0x000000ef07600000)]
  0x0000023f37e4a000 JavaThread "jar transforms Thread 347" [_thread_blocked, id=4312, stack(0x000000ef07600000,0x000000ef07700000)]
  0x0000023f37e4b800 JavaThread "jar transforms Thread 348" [_thread_blocked, id=1536, stack(0x000000ef07700000,0x000000ef07800000)]
  0x0000023f37e48800 JavaThread "jar transforms Thread 349" [_thread_blocked, id=380, stack(0x000000ef07800000,0x000000ef07900000)]
  0x0000023f37e4b000 JavaThread "jar transforms Thread 350" [_thread_blocked, id=7108, stack(0x000000ef07900000,0x000000ef07a00000)]
  0x0000023f37e46000 JavaThread "jar transforms Thread 351" [_thread_blocked, id=748, stack(0x000000ef07a00000,0x000000ef07b00000)]
  0x0000023f37e4f000 JavaThread "jar transforms Thread 352" [_thread_blocked, id=1776, stack(0x000000ef07b00000,0x000000ef07c00000)]
  0x0000023f37e4f800 JavaThread "jar transforms Thread 353" [_thread_blocked, id=4992, stack(0x000000ef07c00000,0x000000ef07d00000)]
  0x0000023f37e50800 JavaThread "jar transforms Thread 354" [_thread_blocked, id=1436, stack(0x000000ef07d00000,0x000000ef07e00000)]
  0x0000023f37e52000 JavaThread "jar transforms Thread 355" [_thread_blocked, id=8004, stack(0x000000ef07e00000,0x000000ef07f00000)]
  0x0000023f37e51800 JavaThread "jar transforms Thread 356" [_thread_blocked, id=1324, stack(0x000000ef07f00000,0x000000ef08000000)]
  0x0000023f37e4d800 JavaThread "jar transforms Thread 357" [_thread_blocked, id=5424, stack(0x000000ef08000000,0x000000ef08100000)]
  0x0000023f37e4c800 JavaThread "jar transforms Thread 358" [_thread_blocked, id=1396, stack(0x000000ef08100000,0x000000ef08200000)]
  0x0000023f37e53000 JavaThread "jar transforms Thread 359" [_thread_blocked, id=3484, stack(0x000000ef08200000,0x000000ef08300000)]
  0x0000023f37e54000 JavaThread "jar transforms Thread 360" [_thread_blocked, id=7644, stack(0x000000ef08300000,0x000000ef08400000)]
  0x0000023f37e4e000 JavaThread "jar transforms Thread 361" [_thread_blocked, id=7160, stack(0x000000ef08400000,0x000000ef08500000)]
  0x0000023f3625e000 JavaThread "jar transforms Thread 362" [_thread_blocked, id=2136, stack(0x000000ef08500000,0x000000ef08600000)]
  0x0000023f36263000 JavaThread "jar transforms Thread 363" [_thread_blocked, id=7544, stack(0x000000ef08600000,0x000000ef08700000)]
  0x0000023f36262000 JavaThread "jar transforms Thread 364" [_thread_blocked, id=3884, stack(0x000000ef08700000,0x000000ef08800000)]
  0x0000023f3625f000 JavaThread "jar transforms Thread 365" [_thread_blocked, id=5796, stack(0x000000ef08800000,0x000000ef08900000)]
  0x0000023f3625f800 JavaThread "jar transforms Thread 366" [_thread_blocked, id=6804, stack(0x000000ef08900000,0x000000ef08a00000)]
  0x0000023f3625d800 JavaThread "jar transforms Thread 367" [_thread_blocked, id=4896, stack(0x000000ef08a00000,0x000000ef08b00000)]
  0x0000023f36264800 JavaThread "jar transforms Thread 368" [_thread_blocked, id=7504, stack(0x000000ef08b00000,0x000000ef08c00000)]
  0x0000023f36264000 JavaThread "jar transforms Thread 369" [_thread_blocked, id=7928, stack(0x000000ef08c00000,0x000000ef08d00000)]
  0x0000023f36265800 JavaThread "jar transforms Thread 370" [_thread_blocked, id=6132, stack(0x000000ef08d00000,0x000000ef08e00000)]
  0x0000023f36261800 JavaThread "jar transforms Thread 371" [_thread_blocked, id=7672, stack(0x000000ef08e00000,0x000000ef08f00000)]
  0x0000023f36260800 JavaThread "jar transforms Thread 372" [_thread_blocked, id=2072, stack(0x000000ef08f00000,0x000000ef09000000)]
  0x0000023f36266000 JavaThread "jar transforms Thread 373" [_thread_blocked, id=3192, stack(0x000000ef09000000,0x000000ef09100000)]
  0x0000023f3626b000 JavaThread "jar transforms Thread 374" [_thread_blocked, id=1520, stack(0x000000ef09100000,0x000000ef09200000)]
  0x0000023f3626a800 JavaThread "jar transforms Thread 375" [_thread_blocked, id=4808, stack(0x000000ef09200000,0x000000ef09300000)]
  0x0000023f36267000 JavaThread "build event listener" [_thread_blocked, id=5280, stack(0x000000ef09300000,0x000000ef09400000)]
  0x0000023f36268000 JavaThread "pool-10-thread-1" [_thread_blocked, id=5212, stack(0x000000ef09400000,0x000000ef09500000)]
  0x0000023f36268800 JavaThread "build event listener" [_thread_blocked, id=5852, stack(0x000000ef09600000,0x000000ef09700000)]
  0x0000023f3626c000 JavaThread "Execution worker for ':'" [_thread_blocked, id=7240, stack(0x000000ef09700000,0x000000ef09800000)]
  0x0000023f36269800 JavaThread "Execution worker for ':' Thread 2" [_thread_blocked, id=6952, stack(0x000000ef09800000,0x000000ef09900000)]
  0x0000023f33fea800 JavaThread "Execution worker for ':' Thread 3" [_thread_blocked, id=1120, stack(0x000000ef09900000,0x000000ef09a00000)]
  0x0000023f35897000 JavaThread "Cache worker for execution history cache (C:\Users\mohamad\AndroidStudioProjects\EnglishMusic\.gradle\6.7.1\executionHistory)" [_thread_blocked, id=5012, stack(0x000000ef09a00000,0x000000ef09b00000)]

Other Threads:
  0x0000023f2f0d1000 VMThread "VM Thread" [stack: 0x000000ef77000000,0x000000ef77100000] [id=5960] _threads_hazard_ptr=0x0000023f37700490
  0x0000023f2fbcc000 WatcherThread [stack: 0x000000ef77a00000,0x000000ef77b00000] [id=7100]
  0x0000023f14f42000 GCTaskThread "GC Thread#0" [stack: 0x000000ef76b00000,0x000000ef76c00000] [id=4560]
  0x0000023f2ff0a000 GCTaskThread "GC Thread#1" [stack: 0x000000ef77c00000,0x000000ef77d00000] [id=564]
  0x0000023f31a35000 GCTaskThread "GC Thread#2" [stack: 0x000000ef77e00000,0x000000ef77f00000] [id=836]
  0x0000023f30e73000 GCTaskThread "GC Thread#3" [stack: 0x000000ef77f00000,0x000000ef78000000] [id=7444]
  0x0000023f14f73800 ConcurrentGCThread "G1 Main Marker" [stack: 0x000000ef76c00000,0x000000ef76d00000] [id=3916]
  0x0000023f14f76800 ConcurrentGCThread "G1 Conc#0" [stack: 0x000000ef76d00000,0x000000ef76e00000] [id=7668]
  0x0000023f14fce000 ConcurrentGCThread "G1 Refine#0" [stack: 0x000000ef76e00000,0x000000ef76f00000] [id=6552]
  0x0000023f14fcf000 ConcurrentGCThread "G1 Young RemSet Sampling" [stack: 0x000000ef76f00000,0x000000ef77000000] [id=5196]

Threads with active compile tasks:
C2 CompilerThread0 357869 18571       4       org.gradle.internal.fingerprint.classpath.impl.ClasspathFingerprintingStrategy$ClasspathFingerprintVisitor::visit (61 bytes)

VM state:synchronizing (normal execution)

VM Mutex/Monitor currently owned by a thread:  ([mutex/lock_event])
[0x0000023f14f26b00] Safepoint_lock - owner thread: 0x0000023f2f0d1000
[0x0000023f14f271c0] Threads_lock - owner thread: 0x0000023f2f0d1000
[0x0000023f14f255a0] Heap_lock - owner thread: 0x0000023f36279800

Heap address: 0x0000000080000000, size: 2048 MB, Compressed Oops mode: 32-bit
Narrow klass base: 0x0000000000000000, Narrow klass shift: 3
Compressed class space size: 1073741824 Address: 0x0000000100000000

Heap:
 garbage-first heap   total 239616K, used 204709K [0x0000000080000000, 0x0000000100000000)
  region size 1024K, 55 young (56320K), 5 survivors (5120K)
 Metaspace       used 125005K, capacity 128310K, committed 128640K, reserved 1161216K
  class space    used 15264K, capacity 16423K, committed 16512K, reserved 1048576K
Heap Regions: E=young(eden), S=young(survivor), O=old, HS=humongous(starts), HC=humongous(continues), CS=collection set, F=free, A=archive, TAMS=top-at-mark-start (previous, next)
|   0|0x0000000080000000, 0x0000000080100000, 0x0000000080100000|100%| O|  |TAMS 0x0000000080100000, 0x0000000080000000| Untracked 
|   1|0x0000000080100000, 0x0000000080200000, 0x0000000080200000|100%| O|  |TAMS 0x0000000080200000, 0x0000000080100000| Untracked 
|   2|0x0000000080200000, 0x0000000080300000, 0x0000000080300000|100%| O|  |TAMS 0x0000000080300000, 0x0000000080200000| Untracked 
|   3|0x0000000080300000, 0x0000000080400000, 0x0000000080400000|100%|HS|  |TAMS 0x0000000080400000, 0x0000000080300000| Complete 
|   4|0x0000000080400000, 0x0000000080500000, 0x0000000080500000|100%|HC|  |TAMS 0x0000000080500000, 0x0000000080400000| Complete 
|   5|0x0000000080500000, 0x0000000080600000, 0x0000000080600000|100%|HC|  |TAMS 0x0000000080600000, 0x0000000080500000| Complete 
|   6|0x0000000080600000, 0x0000000080700000, 0x0000000080700000|100%| O|  |TAMS 0x0000000080700000, 0x0000000080600000| Untracked 
|   7|0x0000000080700000, 0x0000000080800000, 0x0000000080800000|100%| O|  |TAMS 0x0000000080800000, 0x0000000080700000| Untracked 
|   8|0x0000000080800000, 0x0000000080900000, 0x0000000080900000|100%| O|  |TAMS 0x0000000080900000, 0x0000000080800000| Untracked 
|   9|0x0000000080900000, 0x0000000080a00000, 0x0000000080a00000|100%| O|  |TAMS 0x0000000080a00000, 0x0000000080900000| Untracked 
|  10|0x0000000080a00000, 0x0000000080b00000, 0x0000000080b00000|100%| O|  |TAMS 0x0000000080b00000, 0x0000000080a00000| Untracked 
|  11|0x0000000080b00000, 0x0000000080c00000, 0x0000000080c00000|100%| O|  |TAMS 0x0000000080c00000, 0x0000000080b00000| Untracked 
|  12|0x0000000080c00000, 0x0000000080d00000, 0x0000000080d00000|100%| O|  |TAMS 0x0000000080d00000, 0x0000000080c00000| Untracked 
|  13|0x0000000080d00000, 0x0000000080e00000, 0x0000000080e00000|100%| O|  |TAMS 0x0000000080e00000, 0x0000000080d00000| Untracked 
|  14|0x0000000080e00000, 0x0000000080f00000, 0x0000000080f00000|100%| O|  |TAMS 0x0000000080f00000, 0x0000000080e00000| Untracked 
|  15|0x0000000080f00000, 0x0000000081000000, 0x0000000081000000|100%| O|  |TAMS 0x0000000081000000, 0x0000000080f00000| Untracked 
|  16|0x0000000081000000, 0x0000000081100000, 0x0000000081100000|100%| O|  |TAMS 0x0000000081100000, 0x0000000081000000| Untracked 
|  17|0x0000000081100000, 0x0000000081200000, 0x0000000081200000|100%| O|  |TAMS 0x0000000081200000, 0x0000000081100000| Untracked 
|  18|0x0000000081200000, 0x0000000081300000, 0x0000000081300000|100%| O|  |TAMS 0x0000000081300000, 0x0000000081200000| Untracked 
|  19|0x0000000081300000, 0x0000000081400000, 0x0000000081400000|100%| O|  |TAMS 0x0000000081400000, 0x0000000081300000| Untracked 
|  20|0x0000000081400000, 0x0000000081500000, 0x0000000081500000|100%| O|  |TAMS 0x0000000081500000, 0x0000000081400000| Untracked 
|  21|0x0000000081500000, 0x0000000081600000, 0x0000000081600000|100%| O|  |TAMS 0x0000000081600000, 0x0000000081500000| Untracked 
|  22|0x0000000081600000, 0x0000000081700000, 0x0000000081700000|100%| O|  |TAMS 0x0000000081700000, 0x0000000081600000| Untracked 
|  23|0x0000000081700000, 0x0000000081800000, 0x0000000081800000|100%| O|  |TAMS 0x0000000081800000, 0x0000000081700000| Untracked 
|  24|0x0000000081800000, 0x0000000081900000, 0x0000000081900000|100%| O|  |TAMS 0x0000000081900000, 0x0000000081800000| Untracked 
|  25|0x0000000081900000, 0x0000000081a00000, 0x0000000081a00000|100%|HS|  |TAMS 0x0000000081a00000, 0x0000000081900000| Complete 
|  26|0x0000000081a00000, 0x0000000081b00000, 0x0000000081b00000|100%|HS|  |TAMS 0x0000000081b00000, 0x0000000081a00000| Complete 
|  27|0x0000000081b00000, 0x0000000081c00000, 0x0000000081c00000|100%|HC|  |TAMS 0x0000000081c00000, 0x0000000081b00000| Complete 
|  28|0x0000000081c00000, 0x0000000081d00000, 0x0000000081d00000|100%|HC|  |TAMS 0x0000000081d00000, 0x0000000081c00000| Complete 
|  29|0x0000000081d00000, 0x0000000081e00000, 0x0000000081e00000|100%|HS|  |TAMS 0x0000000081e00000, 0x0000000081d00000| Complete 
|  30|0x0000000081e00000, 0x0000000081f00000, 0x0000000081f00000|100%|HC|  |TAMS 0x0000000081f00000, 0x0000000081e00000| Complete 
|  31|0x0000000081f00000, 0x0000000082000000, 0x0000000082000000|100%| O|  |TAMS 0x0000000082000000, 0x0000000081f00000| Untracked 
|  32|0x0000000082000000, 0x0000000082100000, 0x0000000082100000|100%| O|  |TAMS 0x0000000082100000, 0x0000000082000000| Untracked 
|  33|0x0000000082100000, 0x0000000082200000, 0x0000000082200000|100%| O|  |TAMS 0x0000000082200000, 0x0000000082100000| Untracked 
|  34|0x0000000082200000, 0x0000000082300000, 0x0000000082300000|100%| O|  |TAMS 0x0000000082300000, 0x0000000082200000| Untracked 
|  35|0x0000000082300000, 0x0000000082400000, 0x0000000082400000|100%| O|  |TAMS 0x0000000082400000, 0x0000000082300000| Untracked 
|  36|0x0000000082400000, 0x0000000082500000, 0x0000000082500000|100%| O|  |TAMS 0x0000000082500000, 0x0000000082400000| Untracked 
|  37|0x0000000082500000, 0x0000000082600000, 0x0000000082600000|100%| O|  |TAMS 0x0000000082600000, 0x0000000082500000| Untracked 
|  38|0x0000000082600000, 0x0000000082700000, 0x0000000082700000|100%| O|  |TAMS 0x0000000082700000, 0x0000000082600000| Untracked 
|  39|0x0000000082700000, 0x0000000082800000, 0x0000000082800000|100%| O|  |TAMS 0x0000000082800000, 0x0000000082700000| Untracked 
|  40|0x0000000082800000, 0x0000000082900000, 0x0000000082900000|100%| O|  |TAMS 0x0000000082900000, 0x0000000082800000| Untracked 
|  41|0x0000000082900000, 0x0000000082a00000, 0x0000000082a00000|100%| O|  |TAMS 0x0000000082a00000, 0x0000000082900000| Untracked 
|  42|0x0000000082a00000, 0x0000000082b00000, 0x0000000082b00000|100%| O|  |TAMS 0x0000000082b00000, 0x0000000082a00000| Untracked 
|  43|0x0000000082b00000, 0x0000000082c00000, 0x0000000082c00000|100%| O|  |TAMS 0x0000000082c00000, 0x0000000082b00000| Untracked 
|  44|0x0000000082c00000, 0x0000000082d00000, 0x0000000082d00000|100%| O|  |TAMS 0x0000000082d00000, 0x0000000082c00000| Untracked 
|  45|0x0000000082d00000, 0x0000000082e00000, 0x0000000082e00000|100%| O|  |TAMS 0x0000000082e00000, 0x0000000082d00000| Untracked 
|  46|0x0000000082e00000, 0x0000000082f00000, 0x0000000082f00000|100%| O|  |TAMS 0x0000000082f00000, 0x0000000082e00000| Untracked 
|  47|0x0000000082f00000, 0x0000000083000000, 0x0000000083000000|100%| O|  |TAMS 0x0000000083000000, 0x0000000082f00000| Untracked 
|  48|0x0000000083000000, 0x0000000083100000, 0x0000000083100000|100%| O|  |TAMS 0x0000000083100000, 0x0000000083000000| Untracked 
|  49|0x0000000083100000, 0x0000000083200000, 0x0000000083200000|100%| O|  |TAMS 0x0000000083200000, 0x0000000083100000| Untracked 
|  50|0x0000000083200000, 0x0000000083300000, 0x0000000083300000|100%| O|  |TAMS 0x0000000083300000, 0x0000000083200000| Untracked 
|  51|0x0000000083300000, 0x0000000083400000, 0x0000000083400000|100%| O|  |TAMS 0x0000000083400000, 0x0000000083300000| Untracked 
|  52|0x0000000083400000, 0x0000000083500000, 0x0000000083500000|100%| O|  |TAMS 0x0000000083500000, 0x0000000083400000| Untracked 
|  53|0x0000000083500000, 0x0000000083600000, 0x0000000083600000|100%| O|  |TAMS 0x0000000083600000, 0x0000000083500000| Untracked 
|  54|0x0000000083600000, 0x0000000083700000, 0x0000000083700000|100%| O|  |TAMS 0x0000000083700000, 0x0000000083600000| Untracked 
|  55|0x0000000083700000, 0x0000000083800000, 0x0000000083800000|100%| O|  |TAMS 0x0000000083800000, 0x0000000083700000| Untracked 
|  56|0x0000000083800000, 0x0000000083900000, 0x0000000083900000|100%| O|  |TAMS 0x0000000083900000, 0x0000000083800000| Untracked 
|  57|0x0000000083900000, 0x0000000083a00000, 0x0000000083a00000|100%| O|  |TAMS 0x0000000083a00000, 0x0000000083900000| Untracked 
|  58|0x0000000083a00000, 0x0000000083b00000, 0x0000000083b00000|100%| O|  |TAMS 0x0000000083b00000, 0x0000000083a00000| Untracked 
|  59|0x0000000083b00000, 0x0000000083c00000, 0x0000000083c00000|100%| O|  |TAMS 0x0000000083c00000, 0x0000000083b00000| Untracked 
|  60|0x0000000083c00000, 0x0000000083d00000, 0x0000000083d00000|100%| O|  |TAMS 0x0000000083d00000, 0x0000000083c00000| Untracked 
|  61|0x0000000083d00000, 0x0000000083e00000, 0x0000000083e00000|100%| O|  |TAMS 0x0000000083e00000, 0x0000000083d00000| Untracked 
|  62|0x0000000083e00000, 0x0000000083f00000, 0x0000000083f00000|100%| O|  |TAMS 0x0000000083f00000, 0x0000000083e00000| Untracked 
|  63|0x0000000083f00000, 0x0000000084000000, 0x0000000084000000|100%| O|  |TAMS 0x0000000084000000, 0x0000000083f00000| Untracked 
|  64|0x0000000084000000, 0x0000000084100000, 0x0000000084100000|100%| O|  |TAMS 0x0000000084100000, 0x0000000084000000| Untracked 
|  65|0x0000000084100000, 0x0000000084200000, 0x0000000084200000|100%| O|  |TAMS 0x0000000084200000, 0x0000000084100000| Untracked 
|  66|0x0000000084200000, 0x0000000084300000, 0x0000000084300000|100%| O|  |TAMS 0x0000000084300000, 0x0000000084200000| Untracked 
|  67|0x0000000084300000, 0x0000000084400000, 0x0000000084400000|100%| O|  |TAMS 0x0000000084400000, 0x0000000084300000| Untracked 
|  68|0x0000000084400000, 0x0000000084500000, 0x0000000084500000|100%| O|  |TAMS 0x0000000084500000, 0x0000000084400000| Untracked 
|  69|0x0000000084500000, 0x0000000084600000, 0x0000000084600000|100%| O|  |TAMS 0x0000000084600000, 0x0000000084500000| Untracked 
|  70|0x0000000084600000, 0x0000000084700000, 0x0000000084700000|100%| O|  |TAMS 0x0000000084600000, 0x0000000084600000| Untracked 
|  71|0x0000000084700000, 0x0000000084800000, 0x0000000084800000|100%| O|  |TAMS 0x0000000084800000, 0x0000000084700000| Untracked 
|  72|0x0000000084800000, 0x0000000084900000, 0x0000000084900000|100%| O|  |TAMS 0x0000000084900000, 0x0000000084800000| Untracked 
|  73|0x0000000084900000, 0x0000000084a00000, 0x0000000084a00000|100%| O|  |TAMS 0x0000000084900000, 0x0000000084900000| Untracked 
|  74|0x0000000084a00000, 0x0000000084b00000, 0x0000000084b00000|100%| O|  |TAMS 0x0000000084b00000, 0x0000000084a00000| Untracked 
|  75|0x0000000084b00000, 0x0000000084c00000, 0x0000000084c00000|100%| O|  |TAMS 0x0000000084b00000, 0x0000000084b00000| Untracked 
|  76|0x0000000084c00000, 0x0000000084d00000, 0x0000000084d00000|100%| O|  |TAMS 0x0000000084c00000, 0x0000000084c00000| Untracked 
|  77|0x0000000084d00000, 0x0000000084e00000, 0x0000000084e00000|100%| O|  |TAMS 0x0000000084e00000, 0x0000000084d00000| Untracked 
|  78|0x0000000084e00000, 0x0000000084f00000, 0x0000000084f00000|100%| O|  |TAMS 0x0000000084f00000, 0x0000000084e00000| Untracked 
|  79|0x0000000084f00000, 0x0000000085000000, 0x0000000085000000|100%| O|  |TAMS 0x0000000084f7b400, 0x0000000084f00000| Untracked 
|  80|0x0000000085000000, 0x0000000085100000, 0x0000000085100000|100%| O|  |TAMS 0x0000000085000000, 0x0000000085000000| Untracked 
|  81|0x0000000085100000, 0x0000000085200000, 0x0000000085200000|100%| O|  |TAMS 0x0000000085100000, 0x0000000085100000| Untracked 
|  82|0x0000000085200000, 0x0000000085300000, 0x0000000085300000|100%| O|  |TAMS 0x0000000085200000, 0x0000000085200000| Untracked 
|  83|0x0000000085300000, 0x0000000085400000, 0x0000000085400000|100%| O|  |TAMS 0x0000000085300000, 0x0000000085300000| Untracked 
|  84|0x0000000085400000, 0x0000000085500000, 0x0000000085500000|100%| O|  |TAMS 0x0000000085400000, 0x0000000085400000| Untracked 
|  85|0x0000000085500000, 0x0000000085600000, 0x0000000085600000|100%| O|  |TAMS 0x0000000085500000, 0x0000000085500000| Untracked 
|  86|0x0000000085600000, 0x0000000085700000, 0x0000000085700000|100%| O|  |TAMS 0x0000000085600000, 0x0000000085600000| Untracked 
|  87|0x0000000085700000, 0x0000000085800000, 0x0000000085800000|100%| O|  |TAMS 0x0000000085700000, 0x0000000085700000| Untracked 
|  88|0x0000000085800000, 0x0000000085900000, 0x0000000085900000|100%| O|  |TAMS 0x0000000085800000, 0x0000000085800000| Untracked 
|  89|0x0000000085900000, 0x0000000085a00000, 0x0000000085a00000|100%| O|  |TAMS 0x0000000085900000, 0x0000000085900000| Untracked 
|  90|0x0000000085a00000, 0x0000000085b00000, 0x0000000085b00000|100%| O|  |TAMS 0x0000000085a00000, 0x0000000085a00000| Untracked 
|  91|0x0000000085b00000, 0x0000000085c00000, 0x0000000085c00000|100%| O|  |TAMS 0x0000000085b00000, 0x0000000085b00000| Untracked 
|  92|0x0000000085c00000, 0x0000000085d00000, 0x0000000085d00000|100%| O|  |TAMS 0x0000000085d00000, 0x0000000085c00000| Untracked 
|  93|0x0000000085d00000, 0x0000000085e00000, 0x0000000085e00000|100%| O|  |TAMS 0x0000000085d00000, 0x0000000085d00000| Untracked 
|  94|0x0000000085e00000, 0x0000000085f00000, 0x0000000085f00000|100%| O|  |TAMS 0x0000000085f00000, 0x0000000085e00000| Untracked 
|  95|0x0000000085f00000, 0x0000000086000000, 0x0000000086000000|100%| O|  |TAMS 0x0000000085f00000, 0x0000000085f00000| Untracked 
|  96|0x0000000086000000, 0x0000000086100000, 0x0000000086100000|100%| O|  |TAMS 0x0000000086000000, 0x0000000086000000| Untracked 
|  97|0x0000000086100000, 0x0000000086200000, 0x0000000086200000|100%| O|  |TAMS 0x0000000086200000, 0x0000000086100000| Untracked 
|  98|0x0000000086200000, 0x0000000086300000, 0x0000000086300000|100%|HS|  |TAMS 0x0000000086200000, 0x0000000086200000| Complete 
|  99|0x0000000086300000, 0x0000000086400000, 0x0000000086400000|100%|HC|  |TAMS 0x0000000086300000, 0x0000000086300000| Complete 
| 100|0x0000000086400000, 0x0000000086500000, 0x0000000086500000|100%|HC|  |TAMS 0x0000000086400000, 0x0000000086400000| Complete 
| 101|0x0000000086500000, 0x0000000086600000, 0x0000000086600000|100%|HS|  |TAMS 0x0000000086500000, 0x0000000086500000| Complete 
| 102|0x0000000086600000, 0x0000000086700000, 0x0000000086700000|100%|HC|  |TAMS 0x0000000086600000, 0x0000000086600000| Complete 
| 103|0x0000000086700000, 0x0000000086800000, 0x0000000086800000|100%| O|  |TAMS 0x0000000086700000, 0x0000000086700000| Untracked 
| 104|0x0000000086800000, 0x0000000086900000, 0x0000000086900000|100%| O|  |TAMS 0x0000000086800000, 0x0000000086800000| Untracked 
| 105|0x0000000086900000, 0x0000000086a00000, 0x0000000086a00000|100%| O|  |TAMS 0x0000000086900000, 0x0000000086900000| Untracked 
| 106|0x0000000086a00000, 0x0000000086b00000, 0x0000000086b00000|100%| O|  |TAMS 0x0000000086a00000, 0x0000000086a00000| Untracked 
| 107|0x0000000086b00000, 0x0000000086c00000, 0x0000000086c00000|100%| O|  |TAMS 0x0000000086b00000, 0x0000000086b00000| Untracked 
| 108|0x0000000086c00000, 0x0000000086d00000, 0x0000000086d00000|100%| O|  |TAMS 0x0000000086c00000, 0x0000000086c00000| Untracked 
| 109|0x0000000086d00000, 0x0000000086e00000, 0x0000000086e00000|100%| O|  |TAMS 0x0000000086d00000, 0x0000000086d00000| Untracked 
| 110|0x0000000086e00000, 0x0000000086f00000, 0x0000000086f00000|100%| O|  |TAMS 0x0000000086e00000, 0x0000000086e00000| Untracked 
| 111|0x0000000086f00000, 0x0000000087000000, 0x0000000087000000|100%| O|  |TAMS 0x0000000086f00000, 0x0000000086f00000| Untracked 
| 112|0x0000000087000000, 0x0000000087100000, 0x0000000087100000|100%| O|  |TAMS 0x0000000087000000, 0x0000000087000000| Untracked 
| 113|0x0000000087100000, 0x0000000087200000, 0x0000000087200000|100%| O|  |TAMS 0x0000000087100000, 0x0000000087100000| Untracked 
| 114|0x0000000087200000, 0x0000000087300000, 0x0000000087300000|100%| O|  |TAMS 0x0000000087200000, 0x0000000087200000| Untracked 
| 115|0x0000000087300000, 0x0000000087400000, 0x0000000087400000|100%| O|  |TAMS 0x0000000087300000, 0x0000000087300000| Untracked 
| 116|0x0000000087400000, 0x0000000087500000, 0x0000000087500000|100%| O|  |TAMS 0x0000000087400000, 0x0000000087400000| Untracked 
| 117|0x0000000087500000, 0x0000000087600000, 0x0000000087600000|100%| O|  |TAMS 0x0000000087500000, 0x0000000087500000| Untracked 
| 118|0x0000000087600000, 0x0000000087700000, 0x0000000087700000|100%| O|  |TAMS 0x0000000087600000, 0x0000000087600000| Untracked 
| 119|0x0000000087700000, 0x0000000087800000, 0x0000000087800000|100%| O|  |TAMS 0x0000000087700000, 0x0000000087700000| Untracked 
| 120|0x0000000087800000, 0x0000000087900000, 0x0000000087900000|100%| O|  |TAMS 0x0000000087800000, 0x0000000087800000| Untracked 
| 121|0x0000000087900000, 0x0000000087a00000, 0x0000000087a00000|100%| O|  |TAMS 0x0000000087900000, 0x0000000087900000| Untracked 
| 122|0x0000000087a00000, 0x0000000087b00000, 0x0000000087b00000|100%| O|  |TAMS 0x0000000087a00000, 0x0000000087a00000| Untracked 
| 123|0x0000000087b00000, 0x0000000087c00000, 0x0000000087c00000|100%| O|  |TAMS 0x0000000087b00000, 0x0000000087b00000| Untracked 
| 124|0x0000000087c00000, 0x0000000087d00000, 0x0000000087d00000|100%| O|  |TAMS 0x0000000087c00000, 0x0000000087c00000| Untracked 
| 125|0x0000000087d00000, 0x0000000087e00000, 0x0000000087e00000|100%| O|  |TAMS 0x0000000087d00000, 0x0000000087d00000| Untracked 
| 126|0x0000000087e00000, 0x0000000087f00000, 0x0000000087f00000|100%| O|  |TAMS 0x0000000087e00000, 0x0000000087e00000| Untracked 
| 127|0x0000000087f00000, 0x0000000088000000, 0x0000000088000000|100%| O|  |TAMS 0x0000000087f00000, 0x0000000087f00000| Untracked 
| 128|0x0000000088000000, 0x0000000088100000, 0x0000000088100000|100%| O|  |TAMS 0x0000000088000000, 0x0000000088000000| Untracked 
| 129|0x0000000088100000, 0x0000000088200000, 0x0000000088200000|100%| O|  |TAMS 0x0000000088100000, 0x0000000088100000| Untracked 
| 130|0x0000000088200000, 0x0000000088300000, 0x0000000088300000|100%| O|  |TAMS 0x0000000088200000, 0x0000000088200000| Untracked 
| 131|0x0000000088300000, 0x0000000088400000, 0x0000000088400000|100%| O|  |TAMS 0x0000000088300000, 0x0000000088300000| Untracked 
| 132|0x0000000088400000, 0x0000000088500000, 0x0000000088500000|100%| O|  |TAMS 0x0000000088400000, 0x0000000088400000| Untracked 
| 133|0x0000000088500000, 0x0000000088600000, 0x0000000088600000|100%| O|  |TAMS 0x0000000088500000, 0x0000000088500000| Untracked 
| 134|0x0000000088600000, 0x0000000088700000, 0x0000000088700000|100%| O|  |TAMS 0x0000000088600000, 0x0000000088600000| Untracked 
| 135|0x0000000088700000, 0x0000000088800000, 0x0000000088800000|100%| O|  |TAMS 0x0000000088700000, 0x0000000088700000| Untracked 
| 136|0x0000000088800000, 0x0000000088900000, 0x0000000088900000|100%|HS|  |TAMS 0x0000000088800000, 0x0000000088800000| Complete 
| 137|0x0000000088900000, 0x0000000088a00000, 0x0000000088a00000|100%|HC|  |TAMS 0x0000000088900000, 0x0000000088900000| Complete 
| 138|0x0000000088a00000, 0x0000000088b00000, 0x0000000088b00000|100%| O|  |TAMS 0x0000000088a00000, 0x0000000088a00000| Untracked 
| 139|0x0000000088b00000, 0x0000000088c00000, 0x0000000088c00000|100%| O|  |TAMS 0x0000000088b00000, 0x0000000088b00000| Untracked 
| 140|0x0000000088c00000, 0x0000000088d00000, 0x0000000088d00000|100%| O|  |TAMS 0x0000000088c00000, 0x0000000088c00000| Untracked 
| 141|0x0000000088d00000, 0x0000000088e00000, 0x0000000088e00000|100%| O|  |TAMS 0x0000000088d00000, 0x0000000088d00000| Untracked 
| 142|0x0000000088e00000, 0x0000000088f00000, 0x0000000088f00000|100%| O|  |TAMS 0x0000000088e00000, 0x0000000088e00000| Untracked 
| 143|0x0000000088f00000, 0x0000000089000000, 0x0000000089000000|100%| O|  |TAMS 0x0000000088f00000, 0x0000000088f00000| Untracked 
| 144|0x0000000089000000, 0x0000000089100000, 0x0000000089100000|100%| O|  |TAMS 0x0000000089000000, 0x0000000089000000| Untracked 
| 145|0x0000000089100000, 0x00000000891e9400, 0x0000000089200000| 91%| O|  |TAMS 0x0000000089100000, 0x0000000089100000| Untracked 
| 146|0x0000000089200000, 0x0000000089200000, 0x0000000089300000|  0%| F|  |TAMS 0x0000000089200000, 0x0000000089200000| Untracked 
| 147|0x0000000089300000, 0x0000000089300000, 0x0000000089400000|  0%| F|  |TAMS 0x0000000089300000, 0x0000000089300000| Untracked 
| 148|0x0000000089400000, 0x0000000089400000, 0x0000000089500000|  0%| F|  |TAMS 0x0000000089400000, 0x0000000089400000| Untracked 
| 149|0x0000000089500000, 0x0000000089500000, 0x0000000089600000|  0%| F|  |TAMS 0x0000000089500000, 0x0000000089500000| Untracked 
| 150|0x0000000089600000, 0x0000000089600000, 0x0000000089700000|  0%| F|  |TAMS 0x0000000089600000, 0x0000000089600000| Untracked 
| 151|0x0000000089700000, 0x0000000089700000, 0x0000000089800000|  0%| F|  |TAMS 0x0000000089700000, 0x0000000089700000| Untracked 
| 152|0x0000000089800000, 0x0000000089800000, 0x0000000089900000|  0%| F|  |TAMS 0x0000000089800000, 0x0000000089800000| Untracked 
| 153|0x0000000089900000, 0x0000000089900000, 0x0000000089a00000|  0%| F|  |TAMS 0x0000000089900000, 0x0000000089900000| Untracked 
| 154|0x0000000089a00000, 0x0000000089a00000, 0x0000000089b00000|  0%| F|  |TAMS 0x0000000089a00000, 0x0000000089a00000| Untracked 
| 155|0x0000000089b00000, 0x0000000089b00000, 0x0000000089c00000|  0%| F|  |TAMS 0x0000000089b00000, 0x0000000089b00000| Untracked 
| 156|0x0000000089c00000, 0x0000000089c00000, 0x0000000089d00000|  0%| F|  |TAMS 0x0000000089c00000, 0x0000000089c00000| Untracked 
| 157|0x0000000089d00000, 0x0000000089d00000, 0x0000000089e00000|  0%| F|  |TAMS 0x0000000089d00000, 0x0000000089d00000| Untracked 
| 158|0x0000000089e00000, 0x0000000089e00000, 0x0000000089f00000|  0%| F|  |TAMS 0x0000000089e00000, 0x0000000089e00000| Untracked 
| 159|0x0000000089f00000, 0x0000000089f00000, 0x000000008a000000|  0%| F|  |TAMS 0x0000000089f00000, 0x0000000089f00000| Untracked 
| 160|0x000000008a000000, 0x000000008a000000, 0x000000008a100000|  0%| F|  |TAMS 0x000000008a000000, 0x000000008a000000| Untracked 
| 161|0x000000008a100000, 0x000000008a100000, 0x000000008a200000|  0%| F|  |TAMS 0x000000008a100000, 0x000000008a100000| Untracked 
| 162|0x000000008a200000, 0x000000008a200000, 0x000000008a300000|  0%| F|  |TAMS 0x000000008a200000, 0x000000008a200000| Untracked 
| 163|0x000000008a300000, 0x000000008a300000, 0x000000008a400000|  0%| F|  |TAMS 0x000000008a300000, 0x000000008a300000| Untracked 
| 164|0x000000008a400000, 0x000000008a400000, 0x000000008a500000|  0%| F|  |TAMS 0x000000008a400000, 0x000000008a400000| Untracked 
| 165|0x000000008a500000, 0x000000008a500000, 0x000000008a600000|  0%| F|  |TAMS 0x000000008a500000, 0x000000008a500000| Untracked 
| 166|0x000000008a600000, 0x000000008a600000, 0x000000008a700000|  0%| F|  |TAMS 0x000000008a600000, 0x000000008a600000| Untracked 
| 167|0x000000008a700000, 0x000000008a700000, 0x000000008a800000|  0%| F|  |TAMS 0x000000008a700000, 0x000000008a700000| Untracked 
| 168|0x000000008a800000, 0x000000008a800000, 0x000000008a900000|  0%| F|  |TAMS 0x000000008a800000, 0x000000008a800000| Untracked 
| 169|0x000000008a900000, 0x000000008a900000, 0x000000008aa00000|  0%| F|  |TAMS 0x000000008a900000, 0x000000008a900000| Untracked 
| 170|0x000000008aa00000, 0x000000008aa00000, 0x000000008ab00000|  0%| F|  |TAMS 0x000000008aa00000, 0x000000008aa00000| Untracked 
| 171|0x000000008ab00000, 0x000000008ab00000, 0x000000008ac00000|  0%| F|  |TAMS 0x000000008ab00000, 0x000000008ab00000| Untracked 
| 172|0x000000008ac00000, 0x000000008ac00000, 0x000000008ad00000|  0%| F|  |TAMS 0x000000008ac00000, 0x000000008ac00000| Untracked 
| 173|0x000000008ad00000, 0x000000008ad00000, 0x000000008ae00000|  0%| F|  |TAMS 0x000000008ad00000, 0x000000008ad00000| Untracked 
| 174|0x000000008ae00000, 0x000000008ae00000, 0x000000008af00000|  0%| F|  |TAMS 0x000000008ae00000, 0x000000008ae00000| Untracked 
| 175|0x000000008af00000, 0x000000008b000000, 0x000000008b000000|100%| S|CS|TAMS 0x000000008af00000, 0x000000008af00000| Complete 
| 176|0x000000008b000000, 0x000000008b100000, 0x000000008b100000|100%| S|CS|TAMS 0x000000008b000000, 0x000000008b000000| Complete 
| 177|0x000000008b100000, 0x000000008b200000, 0x000000008b200000|100%| S|CS|TAMS 0x000000008b100000, 0x000000008b100000| Complete 
| 178|0x000000008b200000, 0x000000008b200000, 0x000000008b300000|  0%| F|  |TAMS 0x000000008b200000, 0x000000008b200000| Untracked 
| 179|0x000000008b300000, 0x000000008b300000, 0x000000008b400000|  0%| F|  |TAMS 0x000000008b300000, 0x000000008b300000| Untracked 
| 180|0x000000008b400000, 0x000000008b400000, 0x000000008b500000|  0%| F|  |TAMS 0x000000008b400000, 0x000000008b400000| Untracked 
| 181|0x000000008b500000, 0x000000008b600000, 0x000000008b600000|100%| S|CS|TAMS 0x000000008b500000, 0x000000008b500000| Complete 
| 182|0x000000008b600000, 0x000000008b700000, 0x000000008b700000|100%| S|CS|TAMS 0x000000008b600000, 0x000000008b600000| Complete 
| 183|0x000000008b700000, 0x000000008b700000, 0x000000008b800000|  0%| F|  |TAMS 0x000000008b700000, 0x000000008b700000| Untracked 
| 184|0x000000008b800000, 0x000000008b900000, 0x000000008b900000|100%| E|CS|TAMS 0x000000008b800000, 0x000000008b800000| Complete 
| 185|0x000000008b900000, 0x000000008ba00000, 0x000000008ba00000|100%| E|CS|TAMS 0x000000008b900000, 0x000000008b900000| Complete 
| 186|0x000000008ba00000, 0x000000008bb00000, 0x000000008bb00000|100%| E|CS|TAMS 0x000000008ba00000, 0x000000008ba00000| Complete 
| 187|0x000000008bb00000, 0x000000008bc00000, 0x000000008bc00000|100%| E|CS|TAMS 0x000000008bb00000, 0x000000008bb00000| Complete 
| 188|0x000000008bc00000, 0x000000008bd00000, 0x000000008bd00000|100%| E|CS|TAMS 0x000000008bc00000, 0x000000008bc00000| Complete 
| 189|0x000000008bd00000, 0x000000008be00000, 0x000000008be00000|100%| E|CS|TAMS 0x000000008bd00000, 0x000000008bd00000| Complete 
| 190|0x000000008be00000, 0x000000008bf00000, 0x000000008bf00000|100%| E|CS|TAMS 0x000000008be00000, 0x000000008be00000| Complete 
| 191|0x000000008bf00000, 0x000000008c000000, 0x000000008c000000|100%| E|  |TAMS 0x000000008bf00000, 0x000000008bf00000| Complete 
| 192|0x000000008c000000, 0x000000008c100000, 0x000000008c100000|100%| E|CS|TAMS 0x000000008c000000, 0x000000008c000000| Complete 
| 193|0x000000008c100000, 0x000000008c200000, 0x000000008c200000|100%| E|CS|TAMS 0x000000008c100000, 0x000000008c100000| Complete 
| 194|0x000000008c200000, 0x000000008c300000, 0x000000008c300000|100%| E|CS|TAMS 0x000000008c200000, 0x000000008c200000| Complete 
| 195|0x000000008c300000, 0x000000008c400000, 0x000000008c400000|100%| E|CS|TAMS 0x000000008c300000, 0x000000008c300000| Complete 
| 196|0x000000008c400000, 0x000000008c500000, 0x000000008c500000|100%| E|CS|TAMS 0x000000008c400000, 0x000000008c400000| Complete 
| 197|0x000000008c500000, 0x000000008c600000, 0x000000008c600000|100%| E|CS|TAMS 0x000000008c500000, 0x000000008c500000| Complete 
| 198|0x000000008c600000, 0x000000008c700000, 0x000000008c700000|100%| E|CS|TAMS 0x000000008c600000, 0x000000008c600000| Complete 
| 199|0x000000008c700000, 0x000000008c800000, 0x000000008c800000|100%| E|CS|TAMS 0x000000008c700000, 0x000000008c700000| Complete 
| 200|0x000000008c800000, 0x000000008c900000, 0x000000008c900000|100%| E|CS|TAMS 0x000000008c800000, 0x000000008c800000| Complete 
| 201|0x000000008c900000, 0x000000008ca00000, 0x000000008ca00000|100%| E|CS|TAMS 0x000000008c900000, 0x000000008c900000| Complete 
| 202|0x000000008ca00000, 0x000000008cb00000, 0x000000008cb00000|100%| E|CS|TAMS 0x000000008ca00000, 0x000000008ca00000| Complete 
| 203|0x000000008cb00000, 0x000000008cc00000, 0x000000008cc00000|100%| E|CS|TAMS 0x000000008cb00000, 0x000000008cb00000| Complete 
| 204|0x000000008cc00000, 0x000000008cd00000, 0x000000008cd00000|100%| E|CS|TAMS 0x000000008cc00000, 0x000000008cc00000| Complete 
| 205|0x000000008cd00000, 0x000000008ce00000, 0x000000008ce00000|100%| E|CS|TAMS 0x000000008cd00000, 0x000000008cd00000| Complete 
| 206|0x000000008ce00000, 0x000000008cf00000, 0x000000008cf00000|100%| E|CS|TAMS 0x000000008ce00000, 0x000000008ce00000| Complete 
| 207|0x000000008cf00000, 0x000000008d000000, 0x000000008d000000|100%| E|CS|TAMS 0x000000008cf00000, 0x000000008cf00000| Complete 
| 208|0x000000008d000000, 0x000000008d100000, 0x000000008d100000|100%| E|CS|TAMS 0x000000008d000000, 0x000000008d000000| Complete 
| 209|0x000000008d100000, 0x000000008d200000, 0x000000008d200000|100%| E|CS|TAMS 0x000000008d100000, 0x000000008d100000| Complete 
| 210|0x000000008d200000, 0x000000008d300000, 0x000000008d300000|100%| E|CS|TAMS 0x000000008d200000, 0x000000008d200000| Complete 
| 211|0x000000008d300000, 0x000000008d400000, 0x000000008d400000|100%| E|CS|TAMS 0x000000008d300000, 0x000000008d300000| Complete 
| 212|0x000000008d400000, 0x000000008d500000, 0x000000008d500000|100%| E|CS|TAMS 0x000000008d400000, 0x000000008d400000| Complete 
| 213|0x000000008d500000, 0x000000008d600000, 0x000000008d600000|100%| E|CS|TAMS 0x000000008d500000, 0x000000008d500000| Complete 
| 214|0x000000008d600000, 0x000000008d700000, 0x000000008d700000|100%| E|CS|TAMS 0x000000008d600000, 0x000000008d600000| Complete 
| 215|0x000000008d700000, 0x000000008d800000, 0x000000008d800000|100%| E|CS|TAMS 0x000000008d700000, 0x000000008d700000| Complete 
| 216|0x000000008d800000, 0x000000008d900000, 0x000000008d900000|100%| E|CS|TAMS 0x000000008d800000, 0x000000008d800000| Complete 
| 217|0x000000008d900000, 0x000000008da00000, 0x000000008da00000|100%| E|CS|TAMS 0x000000008d900000, 0x000000008d900000| Complete 
| 218|0x000000008da00000, 0x000000008db00000, 0x000000008db00000|100%| E|CS|TAMS 0x000000008da00000, 0x000000008da00000| Complete 
| 219|0x000000008db00000, 0x000000008dc00000, 0x000000008dc00000|100%| E|CS|TAMS 0x000000008db00000, 0x000000008db00000| Complete 
| 220|0x000000008dc00000, 0x000000008dd00000, 0x000000008dd00000|100%| E|CS|TAMS 0x000000008dc00000, 0x000000008dc00000| Complete 
| 221|0x000000008dd00000, 0x000000008de00000, 0x000000008de00000|100%| E|CS|TAMS 0x000000008dd00000, 0x000000008dd00000| Complete 
| 222|0x000000008de00000, 0x000000008df00000, 0x000000008df00000|100%| E|CS|TAMS 0x000000008de00000, 0x000000008de00000| Complete 
| 223|0x000000008df00000, 0x000000008e000000, 0x000000008e000000|100%| E|CS|TAMS 0x000000008df00000, 0x000000008df00000| Complete 
| 224|0x000000008e000000, 0x000000008e100000, 0x000000008e100000|100%| E|CS|TAMS 0x000000008e000000, 0x000000008e000000| Complete 
| 225|0x000000008e100000, 0x000000008e200000, 0x000000008e200000|100%| E|CS|TAMS 0x000000008e100000, 0x000000008e100000| Complete 
| 226|0x000000008e200000, 0x000000008e300000, 0x000000008e300000|100%| E|CS|TAMS 0x000000008e200000, 0x000000008e200000| Complete 
| 227|0x000000008e300000, 0x000000008e400000, 0x000000008e400000|100%| E|CS|TAMS 0x000000008e300000, 0x000000008e300000| Complete 
| 228|0x000000008e400000, 0x000000008e500000, 0x000000008e500000|100%| E|CS|TAMS 0x000000008e400000, 0x000000008e400000| Complete 
| 229|0x000000008e500000, 0x000000008e600000, 0x000000008e600000|100%| E|CS|TAMS 0x000000008e500000, 0x000000008e500000| Complete 
| 230|0x000000008e600000, 0x000000008e700000, 0x000000008e700000|100%| E|CS|TAMS 0x000000008e600000, 0x000000008e600000| Complete 
| 231|0x000000008e700000, 0x000000008e800000, 0x000000008e800000|100%| E|CS|TAMS 0x000000008e700000, 0x000000008e700000| Complete 
| 232|0x000000008e800000, 0x000000008e900000, 0x000000008e900000|100%| E|CS|TAMS 0x000000008e800000, 0x000000008e800000| Complete 
| 233|0x000000008e900000, 0x000000008ea00000, 0x000000008ea00000|100%| E|CS|TAMS 0x000000008e900000, 0x000000008e900000| Complete 

Card table byte_map: [0x0000023f282d0000,0x0000023f286d0000] _byte_map_base: 0x0000023f27ed0000

Marking Bits (Prev, Next): (CMBitMap*) 0x0000023f14f6a920, (CMBitMap*) 0x0000023f14f6a8e8
 Prev Bits: [0x0000023f2aad0000, 0x0000023f2cad0000)
 Next Bits: [0x0000023f28ad0000, 0x0000023f2aad0000)

Polling page: 0x0000023f13700000

Metaspace:

Usage:
  Non-class:    109.26 MB capacity,   107.17 MB ( 98%) used,     1.72 MB (  2%) free+waste,   381.31 KB ( <1%) overhead. 
      Class:     16.04 MB capacity,    14.91 MB ( 93%) used,   990.75 KB (  6%) free+waste,   167.94 KB (  1%) overhead. 
       Both:    125.30 MB capacity,   122.08 MB ( 97%) used,     2.69 MB (  2%) free+waste,   549.25 KB ( <1%) overhead. 

Virtual space:
  Non-class space:      110.00 MB reserved,     109.50 MB (>99%) committed 
      Class space:        1.00 GB reserved,      16.13 MB (  2%) committed 
             Both:        1.11 GB reserved,     125.63 MB ( 11%) committed 

Chunk freelists:
   Non-Class:  0 bytes
       Class:  0 bytes
        Both:  0 bytes

MaxMetaspaceSize: 17179869184.00 GB
CompressedClassSpaceSize: 1.00 GB

CodeHeap 'non-profiled nmethods': size=120064Kb used=10650Kb max_used=10734Kb free=109413Kb
 bounds [0x0000023f20370000, 0x0000023f20e00000, 0x0000023f278b0000]
CodeHeap 'profiled nmethods': size=120000Kb used=35638Kb max_used=36767Kb free=84362Kb
 bounds [0x0000023f18e40000, 0x0000023f1b250000, 0x0000023f20370000]
CodeHeap 'non-nmethods': size=5696Kb used=2324Kb max_used=2385Kb free=3371Kb
 bounds [0x0000023f188b0000, 0x0000023f18b20000, 0x0000023f18e40000]
 total_blobs=17689 nmethods=16748 adapters=851
 compilation: enabled
              stopped_count=0, restarted_count=0
 full_count=0

Compilation events (20 events):
Event: 357.096 Thread 0x0000023f2f13c800 18565       1       org.gradle.api.internal.artifacts.ivyservice.modulecache.artifacts.DefaultCachedArtifacts::getAgeMillis (5 bytes)
Event: 357.096 Thread 0x0000023f2f13c800 nmethod 18565 0x0000023f20667090 code [0x0000023f20667240, 0x0000023f206672f8]
Event: 357.096 Thread 0x0000023f2f13c800 18566       1       org.gradle.api.internal.artifacts.ivyservice.modulecache.artifacts.DefaultCachedArtifacts::getDescriptorHash (5 bytes)
Event: 357.097 Thread 0x0000023f2f13c800 nmethod 18566 0x0000023f20666d90 code [0x0000023f20666f40, 0x0000023f20666ff8]
Event: 357.097 Thread 0x0000023f2f13c800 18567       1       org.gradle.api.internal.artifacts.ivyservice.modulecache.artifacts.DefaultCachedArtifacts::getArtifacts (5 bytes)
Event: 357.097 Thread 0x0000023f2f13c800 nmethod 18567 0x0000023f20673310 code [0x0000023f206734c0, 0x0000023f20673578]
Event: 357.155 Thread 0x0000023f2f13c800 18569       3       java.util.TimSort::gallopLeft (335 bytes)
Event: 357.156 Thread 0x0000023f2f13c800 nmethod 18569 0x0000023f195fcd90 code [0x0000023f195fcfe0, 0x0000023f195fdab8]
Event: 357.449 Thread 0x0000023f2f13c800 18574       2       org.gradle.api.internal.artifacts.DefaultResolverResults::getVisitedArtifacts (9 bytes)
Event: 357.450 Thread 0x0000023f2f13c800 nmethod 18574 0x0000023f195d9710 code [0x0000023f195d98e0, 0x0000023f195d9ac8]
Event: 357.450 Thread 0x0000023f2f13c800 18575       2       org.gradle.api.internal.artifacts.DefaultResolverResults::assertHasVisitResult (22 bytes)
Event: 357.450 Thread 0x0000023f2f13c800 nmethod 18575 0x0000023f195e0790 code [0x0000023f195e0960, 0x0000023f195e0b48]
Event: 357.465 Thread 0x0000023f2f13c800 18576       1       org.gradle.api.internal.changedetection.TaskExecutionMode::isTaskHistoryMaintained (5 bytes)
Event: 357.465 Thread 0x0000023f2f13c800 nmethod 18576 0x0000023f20673010 code [0x0000023f206731c0, 0x0000023f20673278]
Event: 357.469 Thread 0x0000023f2f13c800 18578       2       org.gradle.internal.reflect.MessageFormattingTypeValidationContext::<init> (10 bytes)
Event: 357.469 Thread 0x0000023f2f13c800 nmethod 18578 0x0000023f1958bd10 code [0x0000023f1958bec0, 0x0000023f1958bff8]
Event: 357.471 Thread 0x0000023f2f13c800 18579   !   2       com.google.common.collect.Synchronized$SynchronizedMultimap::put (28 bytes)
Event: 357.471 Thread 0x0000023f2f13c800 nmethod 18579 0x0000023f195e4f10 code [0x0000023f195e50e0, 0x0000023f195e53d8]
Event: 357.488 Thread 0x0000023f2f136000 nmethod 18526 0x0000023f20debe10 code [0x0000023f20dec360, 0x0000023f20df14d8]
Event: 357.488 Thread 0x0000023f2f136000 18571       4       org.gradle.internal.fingerprint.classpath.impl.ClasspathFingerprintingStrategy$ClasspathFingerprintVisitor::visit (61 bytes)

GC Heap History (20 events):
Event: 123.849 GC heap before
{Heap before GC invocations=65 (full 0):
 garbage-first heap   total 239616K, used 199458K [0x0000000080000000, 0x0000000100000000)
  region size 1024K, 90 young (92160K), 11 survivors (11264K)
 Metaspace       used 107939K, capacity 110329K, committed 110592K, reserved 1144832K
  class space    used 13451K, capacity 14315K, committed 14336K, reserved 1048576K
}
Event: 123.893 GC heap after
{Heap after GC invocations=66 (full 0):
 garbage-first heap   total 239616K, used 129750K [0x0000000080000000, 0x0000000100000000)
  region size 1024K, 12 young (12288K), 12 survivors (12288K)
 Metaspace       used 107939K, capacity 110329K, committed 110592K, reserved 1144832K
  class space    used 13451K, capacity 14315K, committed 14336K, reserved 1048576K
}
Event: 126.399 GC heap before
{Heap before GC invocations=66 (full 0):
 garbage-first heap   total 239616K, used 195286K [0x0000000080000000, 0x0000000100000000)
  region size 1024K, 74 young (75776K), 12 survivors (12288K)
 Metaspace       used 114859K, capacity 117503K, committed 117632K, reserved 1150976K
  class space    used 14174K, capacity 15123K, committed 15232K, reserved 1048576K
}
Event: 126.438 GC heap after
{Heap after GC invocations=67 (full 0):
 garbage-first heap   total 239616K, used 139702K [0x0000000080000000, 0x0000000100000000)
  region size 1024K, 7 young (7168K), 7 survivors (7168K)
 Metaspace       used 114859K, capacity 117503K, committed 117632K, reserved 1150976K
  class space    used 14174K, capacity 15123K, committed 15232K, reserved 1048576K
}
Event: 127.950 GC heap before
{Heap before GC invocations=67 (full 0):
 garbage-first heap   total 239616K, used 196022K [0x0000000080000000, 0x0000000100000000)
  region size 1024K, 62 young (63488K), 7 survivors (7168K)
 Metaspace       used 117549K, capacity 120374K, committed 120576K, reserved 1155072K
  class space    used 14563K, capacity 15608K, committed 15616K, reserved 1048576K
}
Event: 127.969 GC heap after
{Heap after GC invocations=68 (full 0):
 garbage-first heap   total 239616K, used 142029K [0x0000000080000000, 0x0000000100000000)
  region size 1024K, 3 young (3072K), 3 survivors (3072K)
 Metaspace       used 117549K, capacity 120374K, committed 120576K, reserved 1155072K
  class space    used 14563K, capacity 15608K, committed 15616K, reserved 1048576K
}
Event: 129.241 GC heap before
{Heap before GC invocations=68 (full 0):
 garbage-first heap   total 239616K, used 200397K [0x0000000080000000, 0x0000000100000000)
  region size 1024K, 58 young (59392K), 3 survivors (3072K)
 Metaspace       used 120286K, capacity 123474K, committed 123648K, reserved 1157120K
  class space    used 14956K, capacity 16107K, committed 16128K, reserved 1048576K
}
Event: 129.254 GC heap after
{Heap after GC invocations=69 (full 0):
 garbage-first heap   total 239616K, used 144553K [0x0000000080000000, 0x0000000100000000)
  region size 1024K, 5 young (5120K), 5 survivors (5120K)
 Metaspace       used 120286K, capacity 123474K, committed 123648K, reserved 1157120K
  class space    used 14956K, capacity 16107K, committed 16128K, reserved 1048576K
}
Event: 133.133 GC heap before
{Heap before GC invocations=69 (full 0):
 garbage-first heap   total 239616K, used 198825K [0x0000000080000000, 0x0000000100000000)
  region size 1024K, 59 young (60416K), 5 survivors (5120K)
 Metaspace       used 120493K, capacity 123695K, committed 123904K, reserved 1157120K
  class space    used 14965K, capacity 16112K, committed 16128K, reserved 1048576K
}
Event: 133.148 GC heap after
{Heap after GC invocations=70 (full 0):
 garbage-first heap   total 239616K, used 144757K [0x0000000080000000, 0x0000000100000000)
  region size 1024K, 7 young (7168K), 7 survivors (7168K)
 Metaspace       used 120493K, capacity 123695K, committed 123904K, reserved 1157120K
  class space    used 14965K, capacity 16112K, committed 16128K, reserved 1048576K
}
Event: 227.871 GC heap before
{Heap before GC invocations=70 (full 0):
 garbage-first heap   total 239616K, used 200053K [0x0000000080000000, 0x0000000100000000)
  region size 1024K, 62 young (63488K), 7 survivors (7168K)
 Metaspace       used 124009K, capacity 127350K, committed 127616K, reserved 1161216K
  class space    used 15246K, capacity 16393K, committed 16512K, reserved 1048576K
}
Event: 227.894 GC heap after
{Heap after GC invocations=71 (full 0):
 garbage-first heap   total 239616K, used 145432K [0x0000000080000000, 0x0000000100000000)
  region size 1024K, 4 young (4096K), 4 survivors (4096K)
 Metaspace       used 124009K, capacity 127350K, committed 127616K, reserved 1161216K
  class space    used 15246K, capacity 16393K, committed 16512K, reserved 1048576K
}
Event: 230.758 GC heap before
{Heap before GC invocations=71 (full 0):
 garbage-first heap   total 239616K, used 200728K [0x0000000080000000, 0x0000000100000000)
  region size 1024K, 59 young (60416K), 4 survivors (4096K)
 Metaspace       used 124467K, capacity 127760K, committed 127872K, reserved 1161216K
  class space    used 15253K, capacity 16407K, committed 16512K, reserved 1048576K
}
Event: 230.780 GC heap after
{Heap after GC invocations=72 (full 0):
 garbage-first heap   total 239616K, used 149835K [0x0000000080000000, 0x0000000100000000)
  region size 1024K, 8 young (8192K), 8 survivors (8192K)
 Metaspace       used 124467K, capacity 127760K, committed 127872K, reserved 1161216K
  class space    used 15253K, capacity 16407K, committed 16512K, reserved 1048576K
}
Event: 231.733 GC heap before
{Heap before GC invocations=72 (full 0):
 garbage-first heap   total 239616K, used 201035K [0x0000000080000000, 0x0000000100000000)
  region size 1024K, 59 young (60416K), 8 survivors (8192K)
 Metaspace       used 124526K, capacity 127826K, committed 128128K, reserved 1161216K
  class space    used 15253K, capacity 16407K, committed 16512K, reserved 1048576K
}
Event: 231.759 GC heap after
{Heap after GC invocations=73 (full 0):
 garbage-first heap   total 239616K, used 151449K [0x0000000080000000, 0x0000000100000000)
  region size 1024K, 2 young (2048K), 2 survivors (2048K)
 Metaspace       used 124526K, capacity 127826K, committed 128128K, reserved 1161216K
  class space    used 15253K, capacity 16407K, committed 16512K, reserved 1048576K
}
Event: 238.148 GC heap before
{Heap before GC invocations=73 (full 0):
 garbage-first heap   total 239616K, used 202649K [0x0000000080000000, 0x0000000100000000)
  region size 1024K, 53 young (54272K), 2 survivors (2048K)
 Metaspace       used 124609K, capacity 128028K, committed 128384K, reserved 1161216K
  class space    used 15254K, capacity 16408K, committed 16512K, reserved 1048576K
}
Event: 238.156 GC heap after
{Heap after GC invocations=74 (full 0):
 garbage-first heap   total 239616K, used 151855K [0x0000000080000000, 0x0000000100000000)
  region size 1024K, 3 young (3072K), 3 survivors (3072K)
 Metaspace       used 124609K, capacity 128028K, committed 128384K, reserved 1161216K
  class space    used 15254K, capacity 16408K, committed 16512K, reserved 1048576K
}
Event: 356.503 GC heap before
{Heap before GC invocations=74 (full 0):
 garbage-first heap   total 239616K, used 203055K [0x0000000080000000, 0x0000000100000000)
  region size 1024K, 54 young (55296K), 3 survivors (3072K)
 Metaspace       used 124887K, capacity 128227K, committed 128384K, reserved 1161216K
  class space    used 15263K, capacity 16421K, committed 16512K, reserved 1048576K
}
Event: 356.523 GC heap after
{Heap after GC invocations=75 (full 0):
 garbage-first heap   total 239616K, used 154533K [0x0000000080000000, 0x0000000100000000)
  region size 1024K, 5 young (5120K), 5 survivors (5120K)
 Metaspace       used 124887K, capacity 128227K, committed 128384K, reserved 1161216K
  class space    used 15263K, capacity 16421K, committed 16512K, reserved 1048576K
}

Deoptimization events (20 events):
Event: 356.047 Thread 0x0000023f3626d800 DEOPT PACKING pc=0x0000023f209e7a68 sp=0x000000ef007fa720
Event: 356.047 Thread 0x0000023f3626d800 DEOPT UNPACKING pc=0x0000023f188d742f sp=0x000000ef007fa6e0 mode 2
Event: 356.051 Thread 0x0000023f33fea000 DEOPT PACKING pc=0x0000023f19669aee sp=0x000000ef01cfe670
Event: 356.051 Thread 0x0000023f33fea000 DEOPT UNPACKING pc=0x0000023f188d724e sp=0x000000ef01cfdc28 mode 0
Event: 356.057 Thread 0x0000023f30102800 DEOPT PACKING pc=0x0000023f19669aee sp=0x000000ef02cfe880
Event: 356.057 Thread 0x0000023f30102800 DEOPT UNPACKING pc=0x0000023f188d724e sp=0x000000ef02cfde38 mode 0
Event: 356.065 Thread 0x0000023f2ff6d800 DEOPT PACKING pc=0x0000023f19669aee sp=0x000000ef03cfe850
Event: 356.065 Thread 0x0000023f2ff6d800 DEOPT UNPACKING pc=0x0000023f188d724e sp=0x000000ef03cfde08 mode 0
Event: 356.071 Thread 0x0000023f37d2e000 DEOPT PACKING pc=0x0000023f19669aee sp=0x000000ef04cfe3f0
Event: 356.071 Thread 0x0000023f37d2e000 DEOPT UNPACKING pc=0x0000023f188d724e sp=0x000000ef04cfd9a8 mode 0
Event: 356.078 Thread 0x0000023f37d33000 DEOPT PACKING pc=0x0000023f19669aee sp=0x000000ef05cfe9a0
Event: 356.078 Thread 0x0000023f37d33000 DEOPT UNPACKING pc=0x0000023f188d724e sp=0x000000ef05cfdf58 mode 0
Event: 356.085 Thread 0x0000023f321c8000 DEOPT PACKING pc=0x0000023f19669aee sp=0x000000ef06bfe920
Event: 356.085 Thread 0x0000023f321c8000 DEOPT UNPACKING pc=0x0000023f188d724e sp=0x000000ef06bfded8 mode 0
Event: 356.091 Thread 0x0000023f37e4f000 DEOPT PACKING pc=0x0000023f19669aee sp=0x000000ef07bfebe0
Event: 356.091 Thread 0x0000023f37e4f000 DEOPT UNPACKING pc=0x0000023f188d724e sp=0x000000ef07bfe198 mode 0
Event: 356.159 Thread 0x0000023f3626d800 DEOPT PACKING pc=0x0000023f19319396 sp=0x000000ef007f9730
Event: 356.159 Thread 0x0000023f3626d800 DEOPT UNPACKING pc=0x0000023f188d724e sp=0x000000ef007f8c48 mode 0
Event: 356.569 Thread 0x0000023f3626d800 DEOPT PACKING pc=0x0000023f19ba413b sp=0x000000ef007f7190
Event: 356.569 Thread 0x0000023f3626d800 DEOPT UNPACKING pc=0x0000023f188d724e sp=0x000000ef007f66d0 mode 0

Classes redefined (0 events):
No events

Internal exceptions (20 events):
Event: 154.567 Thread 0x0000023f30a3e000 Exception <a 'java/lang/NoSuchMethodError'{0x000000008d723e80}: <clinit>> (0x000000008d723e80) thrown at [./src/hotspot/share/prims/jni.cpp, line 1362]
Event: 154.570 Thread 0x0000023f30a3e000 Exception <a 'java/lang/NoSuchMethodError'{0x000000008d734c78}: <clinit>> (0x000000008d734c78) thrown at [./src/hotspot/share/prims/jni.cpp, line 1362]
Event: 154.570 Thread 0x0000023f30a3e000 Exception <a 'java/lang/NoSuchMethodError'{0x000000008d736360}: <clinit>> (0x000000008d736360) thrown at [./src/hotspot/share/prims/jni.cpp, line 1362]
Event: 154.573 Thread 0x0000023f30a3e000 Exception <a 'java/lang/NoSuchMethodError'{0x000000008d7484b8}: <clinit>> (0x000000008d7484b8) thrown at [./src/hotspot/share/prims/jni.cpp, line 1362]
Event: 154.574 Thread 0x0000023f30a3e000 Exception <a 'java/lang/NoSuchMethodError'{0x000000008d754628}: <clinit>> (0x000000008d754628) thrown at [./src/hotspot/share/prims/jni.cpp, line 1362]
Event: 226.563 Thread 0x0000023f35e84800 Implicit null exception at 0x0000023f209ca6a9 to 0x0000023f209ca93c
Event: 226.564 Thread 0x0000023f35e84800 Implicit null exception at 0x0000023f20824adf to 0x0000023f208255b8
Event: 226.564 Thread 0x0000023f35e84800 Implicit null exception at 0x0000023f20a40044 to 0x0000023f20a4544c
Event: 228.536 Thread 0x0000023f35e84800 Exception <a 'sun/nio/fs/WindowsException'{0x000000008d7e73d8}> (0x000000008d7e73d8) thrown at [./src/hotspot/share/prims/jni.cpp, line 615]
Event: 228.833 Thread 0x0000023f35e84800 Exception <a 'sun/nio/fs/WindowsException'{0x000000008d0d0368}> (0x000000008d0d0368) thrown at [./src/hotspot/share/prims/jni.cpp, line 615]
Event: 232.819 Thread 0x0000023f36279800 Exception <a 'sun/nio/fs/WindowsException'{0x000000008ccb51f8}> (0x000000008ccb51f8) thrown at [./src/hotspot/share/prims/jni.cpp, line 615]
Event: 232.820 Thread 0x0000023f36279800 Exception <a 'sun/nio/fs/WindowsException'{0x000000008ccb5e48}> (0x000000008ccb5e48) thrown at [./src/hotspot/share/prims/jni.cpp, line 615]
Event: 236.200 Thread 0x0000023f33fe9000 Exception <a 'java/lang/InterruptedException'{0x000000008c59c840}> (0x000000008c59c840) thrown at [./src/hotspot/share/runtime/objectMonitor.cpp, line 1635]
Event: 238.413 Thread 0x0000023f33fea800 Exception <a 'java/lang/InterruptedException'{0x000000008e000000}> (0x000000008e000000) thrown at [./src/hotspot/share/runtime/objectMonitor.cpp, line 1635]
Event: 251.710 Thread 0x0000023f36279800 Exception <a 'java/lang/reflect/InvocationTargetException'{0x000000008df33270}> (0x000000008df33270) thrown at [./src/hotspot/share/runtime/reflection.cpp, line 1247]
Event: 251.868 Thread 0x0000023f33fe5800 Exception <a 'sun/nio/fs/WindowsException'{0x000000008da1cca0}> (0x000000008da1cca0) thrown at [./src/hotspot/share/prims/jni.cpp, line 615]
Event: 355.734 Thread 0x0000023f3626d800 Implicit null exception at 0x0000023f20d20bed to 0x0000023f20d2749c
Event: 355.734 Thread 0x0000023f3626d800 Implicit null exception at 0x0000023f20a58bd7 to 0x0000023f20a5af38
Event: 356.527 Thread 0x0000023f3626d800 Exception <a 'sun/nio/fs/WindowsException'{0x000000008e91c720}> (0x000000008e91c720) thrown at [./src/hotspot/share/prims/jni.cpp, line 615]
Event: 356.800 Thread 0x0000023f3626d800 Exception <a 'sun/nio/fs/WindowsException'{0x000000008e3ee9b8}> (0x000000008e3ee9b8) thrown at [./src/hotspot/share/prims/jni.cpp, line 615]

Events (20 events):
Event: 356.523 Executing VM operation: G1CollectForAllocation done
Event: 356.525 Executing VM operation: RevokeBias
Event: 356.525 Executing VM operation: RevokeBias done
Event: 356.525 Executing VM operation: RevokeBias
Event: 356.526 Executing VM operation: RevokeBias done
Event: 356.555 Thread 0x0000023f33fea800 Thread exited: 0x0000023f33fea800
Event: 356.781 Thread 0x0000023f36267000 Thread added: 0x0000023f36267000
Event: 356.819 Thread 0x0000023f36268000 Thread added: 0x0000023f36268000
Event: 356.820 Thread 0x0000023f36268800 Thread added: 0x0000023f36268800
Event: 356.822 Thread 0x0000023f3626c000 Thread added: 0x0000023f3626c000
Event: 356.822 Thread 0x0000023f36269800 Thread added: 0x0000023f36269800
Event: 356.822 Thread 0x0000023f33fea800 Thread added: 0x0000023f33fea800
Event: 356.826 Thread 0x0000023f35897000 Thread added: 0x0000023f35897000
Event: 357.125 Executing VM operation: RevokeBias
Event: 357.125 Executing VM operation: RevokeBias done
Event: 357.125 Executing VM operation: RevokeBias
Event: 357.126 Executing VM operation: RevokeBias done
Event: 357.126 Executing VM operation: RevokeBias
Event: 357.126 Executing VM operation: RevokeBias done
Event: 357.535 Executing VM operation: G1CollectForAllocation


Dynamic libraries:
0x00007ff6dfec0000 - 0x00007ff6dfeca000 	C:\Program Files\Android\Android Studio\jre\bin\java.exe
0x00007ffa92070000 - 0x00007ffa92265000 	C:\WINDOWS\SYSTEM32\ntdll.dll
0x00007ffa911b0000 - 0x00007ffa9126d000 	C:\WINDOWS\System32\KERNEL32.DLL
0x00007ffa8fd00000 - 0x00007ffa8ffc9000 	C:\WINDOWS\System32\KERNELBASE.dll
0x00007ffa8f800000 - 0x00007ffa8f900000 	C:\WINDOWS\System32\ucrtbase.dll
0x00007ffa89a90000 - 0x00007ffa89aa7000 	C:\Program Files\Android\Android Studio\jre\bin\VCRUNTIME140.dll
0x00007ffa787c0000 - 0x00007ffa787d9000 	C:\Program Files\Android\Android Studio\jre\bin\jli.dll
0x00007ffa912d0000 - 0x00007ffa91470000 	C:\WINDOWS\System32\USER32.dll
0x00007ffa8ffd0000 - 0x00007ffa8fff2000 	C:\WINDOWS\System32\win32u.dll
0x00007ffa91ca0000 - 0x00007ffa91cca000 	C:\WINDOWS\System32\GDI32.dll
0x00007ffa8fbf0000 - 0x00007ffa8fcfb000 	C:\WINDOWS\System32\gdi32full.dll
0x00007ffa90000000 - 0x00007ffa9009d000 	C:\WINDOWS\System32\msvcp_win.dll
0x00007ffa7e5d0000 - 0x00007ffa7e86a000 	C:\WINDOWS\WinSxS\amd64_microsoft.windows.common-controls_6595b64144ccf1df_6.0.19041.1110_none_60b5254171f9507e\COMCTL32.dll
0x00007ffa916b0000 - 0x00007ffa9174e000 	C:\WINDOWS\System32\msvcrt.dll
0x00007ffa91680000 - 0x00007ffa916b0000 	C:\WINDOWS\System32\IMM32.DLL
0x00007ffa632c0000 - 0x00007ffa6335d000 	C:\Program Files\Android\Android Studio\jre\bin\msvcp140.dll
0x00007ffa5ec00000 - 0x00007ffa5f6bc000 	C:\Program Files\Android\Android Studio\jre\bin\server\jvm.dll
0x00007ffa90c50000 - 0x00007ffa90cfc000 	C:\WINDOWS\System32\ADVAPI32.dll
0x00007ffa90200000 - 0x00007ffa9029b000 	C:\WINDOWS\System32\sechost.dll
0x00007ffa91470000 - 0x00007ffa9159a000 	C:\WINDOWS\System32\RPCRT4.dll
0x00007ffa90e70000 - 0x00007ffa90e78000 	C:\WINDOWS\System32\PSAPI.DLL
0x00007ffa8ce20000 - 0x00007ffa8ce29000 	C:\WINDOWS\SYSTEM32\WSOCK32.dll
0x00007ffa80bb0000 - 0x00007ffa80bd7000 	C:\WINDOWS\SYSTEM32\WINMM.dll
0x00007ffa90e80000 - 0x00007ffa90eeb000 	C:\WINDOWS\System32\WS2_32.dll
0x00007ffa83b40000 - 0x00007ffa83b4a000 	C:\WINDOWS\SYSTEM32\VERSION.dll
0x00007ffa8d5d0000 - 0x00007ffa8d5e2000 	C:\WINDOWS\SYSTEM32\kernel.appcore.dll
0x00007ffa7f6c0000 - 0x00007ffa7f6d1000 	C:\Program Files\Android\Android Studio\jre\bin\verify.dll
0x00007ffa80c40000 - 0x00007ffa80e24000 	C:\WINDOWS\SYSTEM32\DBGHELP.DLL
0x00007ffa80ab0000 - 0x00007ffa80adc000 	C:\WINDOWS\SYSTEM32\dbgcore.DLL
0x00007ffa8f900000 - 0x00007ffa8f983000 	C:\WINDOWS\System32\bcryptPrimitives.dll
0x00007ffa7a600000 - 0x00007ffa7a629000 	C:\Program Files\Android\Android Studio\jre\bin\java.dll
0x00007ffa89d50000 - 0x00007ffa89d5b000 	C:\Program Files\Android\Android Studio\jre\bin\jimage.dll
0x00007ffa795f0000 - 0x00007ffa79608000 	C:\Program Files\Android\Android Studio\jre\bin\zip.dll
0x00007ffa90510000 - 0x00007ffa90c4f000 	C:\WINDOWS\System32\SHELL32.dll
0x00007ffa8d8b0000 - 0x00007ffa8e040000 	C:\WINDOWS\SYSTEM32\windows.storage.dll
0x00007ffa91cd0000 - 0x00007ffa92025000 	C:\WINDOWS\System32\combase.dll
0x00007ffa8f170000 - 0x00007ffa8f19c000 	C:\WINDOWS\SYSTEM32\Wldp.dll
0x00007ffa90fd0000 - 0x00007ffa9107e000 	C:\WINDOWS\System32\SHCORE.dll
0x00007ffa90e10000 - 0x00007ffa90e65000 	C:\WINDOWS\System32\shlwapi.dll
0x00007ffa8f6e0000 - 0x00007ffa8f6ff000 	C:\WINDOWS\SYSTEM32\profapi.dll
0x00007ffa795d0000 - 0x00007ffa795ea000 	C:\Program Files\Android\Android Studio\jre\bin\net.dll
0x00007ffa851a0000 - 0x00007ffa852a8000 	C:\WINDOWS\SYSTEM32\WINHTTP.dll
0x00007ffa8ee90000 - 0x00007ffa8eefa000 	C:\WINDOWS\system32\mswsock.dll
0x00007ffa78b80000 - 0x00007ffa78b94000 	C:\Program Files\Android\Android Studio\jre\bin\nio.dll
0x00007ffa75d60000 - 0x00007ffa75d87000 	C:\Users\mohamad\.gradle\native\fdc75f09e3144964f2cf3f50f0aa648679c211496f362492102eb8c894070792\windows-amd64\native-platform.dll
0x00007ffa628f0000 - 0x00007ffa62a86000 	C:\Users\mohamad\.gradle\native\12488b8bf47d2d4c9fbf2f6322a914ad602e24e48041cd04a747c6da556b65c4\windows-amd64\native-platform-file-events.dll
0x00007ffa8ce00000 - 0x00007ffa8ce0a000 	C:\Program Files\Android\Android Studio\jre\bin\management.dll
0x00007ffa8a240000 - 0x00007ffa8a24c000 	C:\Program Files\Android\Android Studio\jre\bin\management_ext.dll
0x00007ffa8f080000 - 0x00007ffa8f098000 	C:\WINDOWS\SYSTEM32\CRYPTSP.dll
0x00007ffa8e810000 - 0x00007ffa8e844000 	C:\WINDOWS\system32\rsaenh.dll
0x00007ffa900a0000 - 0x00007ffa900c7000 	C:\WINDOWS\System32\bcrypt.dll
0x00007ffa8f6a0000 - 0x00007ffa8f6ce000 	C:\WINDOWS\SYSTEM32\USERENV.dll
0x00007ffa8f0a0000 - 0x00007ffa8f0ac000 	C:\WINDOWS\SYSTEM32\CRYPTBASE.dll
0x00007ffa8eb80000 - 0x00007ffa8ebbb000 	C:\WINDOWS\SYSTEM32\IPHLPAPI.DLL
0x00007ffa91080000 - 0x00007ffa91088000 	C:\WINDOWS\System32\NSI.dll
0x00007ffa85b10000 - 0x00007ffa85b27000 	C:\WINDOWS\SYSTEM32\dhcpcsvc6.DLL
0x00007ffa86890000 - 0x00007ffa868ad000 	C:\WINDOWS\SYSTEM32\dhcpcsvc.DLL
0x00007ffa8ebc0000 - 0x00007ffa8ec8c000 	C:\WINDOWS\SYSTEM32\DNSAPI.dll
0x00007ffa87d20000 - 0x00007ffa87d2b000 	C:\WINDOWS\SYSTEM32\WINNSI.DLL
0x00007ffa75d40000 - 0x00007ffa75d5e000 	C:\Users\mohamad\AppData\Local\Temp\native-platform6480541972569502953dir\native-platform.dll
0x00007ffa89b80000 - 0x00007ffa89b88000 	C:\Program Files\Android\Android Studio\jre\bin\rmi.dll

dbghelp: loaded successfully - version: 4.0.5 - missing functions: none
symbol engine: initialized successfully - sym options: 0x614 - pdb path: .;C:\Program Files\Android\Android Studio\jre\bin;C:\WINDOWS\SYSTEM32;C:\WINDOWS\WinSxS\amd64_microsoft.windows.common-controls_6595b64144ccf1df_6.0.19041.1110_none_60b5254171f9507e;C:\Program Files\Android\Android Studio\jre\bin\server;C:\Users\mohamad\.gradle\native\fdc75f09e3144964f2cf3f50f0aa648679c211496f362492102eb8c894070792\windows-amd64;C:\Users\mohamad\.gradle\native\12488b8bf47d2d4c9fbf2f6322a914ad602e24e48041cd04a747c6da556b65c4\windows-amd64;C:\Users\mohamad\AppData\Local\Temp\native-platform6480541972569502953dir

VM Arguments:
jvm_args: --add-opens=java.base/java.util=ALL-UNNAMED --add-opens=java.base/java.lang=ALL-UNNAMED --add-opens=java.base/java.lang.invoke=ALL-UNNAMED --add-opens=java.prefs/java.util.prefs=ALL-UNNAMED -Xmx2048m -Dfile.encoding=UTF-8 -Duser.country=US -Duser.language=en -Duser.variant 
java_command: org.gradle.launcher.daemon.bootstrap.GradleDaemon 6.7.1
java_class_path (initial): C:\Users\mohamad\.gradle\wrapper\dists\gradle-6.7.1-all\2moa8rlfac5eqlcfgk98k0deb\gradle-6.7.1\lib\gradle-launcher-6.7.1.jar
Launcher Type: SUN_STANDARD

[Global flags]
     intx CICompilerCount                          = 3                                         {product} {ergonomic}
     uint ConcGCThreads                            = 1                                         {product} {ergonomic}
     uint G1ConcRefinementThreads                  = 4                                         {product} {ergonomic}
   size_t G1HeapRegionSize                         = 1048576                                   {product} {ergonomic}
    uintx GCDrainStackTargetSize                   = 64                                        {product} {ergonomic}
   size_t InitialHeapSize                          = 67108864                                  {product} {ergonomic}
   size_t MarkStackSize                            = 4194304                                   {product} {ergonomic}
   size_t MaxHeapSize                              = 2147483648                                {product} {command line}
   size_t MaxNewSize                               = 1287651328                                {product} {ergonomic}
   size_t MinHeapDeltaBytes                        = 1048576                                   {product} {ergonomic}
    uintx NonNMethodCodeHeapSize                   = 5830732                                {pd product} {ergonomic}
    uintx NonProfiledCodeHeapSize                  = 122913754                              {pd product} {ergonomic}
    uintx ProfiledCodeHeapSize                     = 122913754                              {pd product} {ergonomic}
    uintx ReservedCodeCacheSize                    = 251658240                              {pd product} {ergonomic}
     bool SegmentedCodeCache                       = true                                      {product} {ergonomic}
     bool UseCompressedClassPointers               = true                                 {lp64_product} {ergonomic}
     bool UseCompressedOops                        = true                                 {lp64_product} {ergonomic}
     bool UseG1GC                                  = true                                      {product} {ergonomic}
     bool UseLargePagesIndividualAllocation        = false                                  {pd product} {ergonomic}

Logging:
Log output configuration:
 #0: stdout all=warning uptime,level,tags
 #1: stderr all=off uptime,level,tags

Environment Variables:
PATH=C:\WINDOWS\system32;C:\WINDOWS;C:\WINDOWS\System32\Wbem;C:\WINDOWS\System32\WindowsPowerShell\v1.0\;C:\WINDOWS\System32\OpenSSH\;C:\Program Files\nodejs\;C:\Program Files\Git\cmd;C:\flutter\bin;C:\Users\mohamad\AppData\Local\Microsoft\WindowsApps;C:\Users\mohamad\AppData\Roaming\npm;C:\Program Files\Git\cmd\git.exe;C:\Program Files\mingw-w64\x86_64-8.1.0-posix-seh-rt_v6-rev0\mingw64\bin;
USERNAME=mohamad
OS=Windows_NT
PROCESSOR_IDENTIFIER=Intel64 Family 6 Model 42 Stepping 7, GenuineIntel



---------------  S Y S T E M  ---------------

OS: Windows 10 , 64 bit Build 19041 (10.0.19041.1151)
OS uptime: 0 days 17:13 hours

CPU:total 4 (initial active 4) (2 cores per cpu, 2 threads per core) family 6 model 42 stepping 7, cmov, cx8, fxsr, mmx, sse, sse2, sse3, ssse3, sse4.1, sse4.2, popcnt, avx, clmul, ht, tsc, tscinvbit

Memory: 4k page, system-wide physical 4030M (131M free)
TotalPageFile size 7102M (AvailPageFile size 2332M)
current process WorkingSet (physical memory assigned to process): 519M, peak: 565M
current process commit charge ("private bytes"): 581M, peak: 595M

vm_info: OpenJDK 64-Bit Server VM (11.0.8+10-b944.6842174) for windows-amd64 JRE (11.0.8+10-b944.6842174), built on Sep 19 2020 01:11:42 by "builder" with MS VC++ 14.0 (VS2015)

END.
