#
# A fatal error has been detected by the Java Runtime Environment:
#
#  EXCEPTION_ACCESS_VIOLATION (0xc0000005) at pc=0x00007ff86a47f15f, pid=5576, tid=3400
#
# JRE version: OpenJDK Runtime Environment (11.0.8+10) (build 11.0.8+10-b944.6842174)
# Java VM: OpenJDK 64-Bit Server VM (11.0.8+10-b944.6842174, mixed mode, tiered, compressed oops, g1 gc, windows-amd64)
# Problematic frame:
# V  [jvm.dll+0x60f15f]
#
# No core dump will be written. Minidumps are not enabled by default on client versions of Windows
#
# If you would like to submit a bug report, please visit:
#   https://bugreport.java.com/bugreport/crash.jsp
#

---------------  S U M M A R Y ------------

Command Line: --add-opens=java.base/java.util=ALL-UNNAMED --add-opens=java.base/java.lang=ALL-UNNAMED --add-opens=java.base/java.lang.invoke=ALL-UNNAMED --add-opens=java.prefs/java.util.prefs=ALL-UNNAMED -Xmx2048m -Dfile.encoding=UTF-8 -Duser.country=US -Duser.language=en -Duser.variant org.gradle.launcher.daemon.bootstrap.GradleDaemon 6.7.1

Host: Intel(R) Core(TM) i3-2310M CPU @ 2.10GHz, 4 cores, 3G,  Windows 10 , 64 bit Build 19041 (10.0.19041.1202)
Time: Sat Oct  2 15:52:42 2021 Iran Standard Time elapsed time: 382 seconds (0d 0h 6m 22s)

---------------  T H R E A D  ---------------

Current thread (0x000001edc6f66800):  JavaThread "C2 CompilerThread0" daemon [_thread_in_native, id=3400, stack(0x0000005828a00000,0x0000005828b00000)]


Current CompileTask:
C2: 382691 11456   !   4       org.gradle.internal.operations.DefaultBuildOperationRunner$3::execute (110 bytes)

Stack: [0x0000005828a00000,0x0000005828b00000],  sp=0x0000005828afbbc0,  free space=1006k
Native frames: (J=compiled Java code, j=interpreted, Vv=VM code, C=native code)
V  [jvm.dll+0x60f15f]
V  [jvm.dll+0x193f88]
V  [jvm.dll+0x1f780e]
V  [jvm.dll+0x1f68d4]
V  [jvm.dll+0x17f32c]
V  [jvm.dll+0x205047]
V  [jvm.dll+0x203891]
V  [jvm.dll+0x6dad3f]
V  [jvm.dll+0x6d3895]
V  [jvm.dll+0x5dd4a6]
C  [ucrtbase.dll+0x21bb2]
C  [KERNEL32.DLL+0x17034]
C  [ntdll.dll+0x52651]


siginfo: EXCEPTION_ACCESS_VIOLATION (0xc0000005), reading address 0x00007f786a5ff3d0


Register to memory mapping:

RIP=0x00007ff86a47f15f jvm.dll
RAX=0x00007f786a5ff2e8 is an unknown value
RBX=0x0000000000000001 is an unknown value
RCX=0x000001edcc3f52b0 points into unknown readable memory: e8 f2 5f 6a 78 7f 00 00
RDX=0x0 is NULL
RSP=0x0000005828afbbc0 is pointing into the stack for thread: 0x000001edc6f66800
RBP=0x0000005828afbcc0 is pointing into the stack for thread: 0x000001edc6f66800
RSI=0x000001edcc3f5b00 points into unknown readable memory: c8 77 64 6a f8 7f 00 00
RDI=0x0 is NULL
R8 =0x000000000004ff60 is an unknown value
R9 =0x0 is NULL
R10=0x000000000000000a is an unknown value
R11=0x0000000000000003 is an unknown value
R12=0x0000005828afc270 is pointing into the stack for thread: 0x000001edc6f66800
R13=0x000001edd007da00 points into unknown readable memory: 50 51 f6 c6 ed 01 00 00
R14=0x000001edd007da40 points into unknown readable memory: 50 51 f6 c6 ed 01 00 00
R15=0x000001edcc3f52b0 points into unknown readable memory: e8 f2 5f 6a 78 7f 00 00


Registers:
RAX=0x00007f786a5ff2e8, RBX=0x0000000000000001, RCX=0x000001edcc3f52b0, RDX=0x0000000000000000
RSP=0x0000005828afbbc0, RBP=0x0000005828afbcc0, RSI=0x000001edcc3f5b00, RDI=0x0000000000000000
R8 =0x000000000004ff60, R9 =0x0000000000000000, R10=0x000000000000000a, R11=0x0000000000000003
R12=0x0000005828afc270, R13=0x000001edd007da00, R14=0x000001edd007da40, R15=0x000001edcc3f52b0
RIP=0x00007ff86a47f15f, EFLAGS=0x0000000000010246

Top of Stack: (sp=0x0000005828afbbc0)
0x0000005828afbbc0:   0000000000000005 000001edcb3e9ed8
0x0000005828afbbd0:   0000005800000003 000001edcc3f5b00
0x0000005828afbbe0:   000001edd007da40 000001edd007da00
0x0000005828afbbf0:   0000000000000001 00007ff80000001c
0x0000005828afbc00:   000001edcc3f5b00 000001edcc3f52b0
0x0000005828afbc10:   0000004000000004 0000000000000000
0x0000005828afbc20:   00000e3900000007 000001edce190e00
0x0000005828afbc30:   000001edcfdbaba0 00007ff80000052e
0x0000005828afbc40:   000001edcc3f55c0 00000000000007ff
0x0000005828afbc50:   000001edcc3f55c0 000001edcfdb7fb0
0x0000005828afbc60:   000001edacd3f720 000001edc6f08768
0x0000005828afbc70:   000001edc6f65150 000001edce0fbfa0
0x0000005828afbc80:   000001edce103b70 000001edce103f88
0x0000005828afbc90:   00000000001f9da8 00007ff86a1c0800
0x0000005828afbca0:   0000000000000000 0000000000000000
0x0000005828afbcb0:   0000000000000000 0000000000000000 

Instructions: (pc=0x00007ff86a47f15f)
0x00007ff86a47f05f:   fa ff 49 8b 45 10 48 8b ce 48 89 34 07 48 8b 06
0x00007ff86a47f06f:   ff 50 68 8b c8 e8 67 58 02 00 83 f8 01 0f 8e a3
0x00007ff86a47f07f:   00 00 00 ff cb 44 8d 78 ff 0f 1f 84 00 00 00 00
0x00007ff86a47f08f:   00 45 8b 4e 08 41 3b d9 73 0b 49 8b 46 10 48 83
0x00007ff86a47f09f:   3c d8 00 75 70 81 fb bf 02 00 00 7d 31 48 8b 45
0x00007ff86a47f0af:   88 48 63 cb 48 c1 f9 05 48 8d 04 80 4c 8d 04 c1
0x00007ff86a47f0bf:   48 8b 85 50 01 00 00 8b cb 83 e1 1f 48 8b 40 70
0x00007ff86a47f0cf:   48 8b 50 20 42 8b 44 82 38 0f a3 c8 73 37 41 3b
0x00007ff86a47f0df:   d9 72 0a 8b d3 49 8b ce e8 14 f2 fa ff 49 8b 46
0x00007ff86a47f0ef:   10 48 8d 3c dd 00 00 00 00 4c 89 24 07 41 3b 5d
0x00007ff86a47f0ff:   08 72 0a 8b d3 49 8b cd e8 f4 f1 fa ff 49 8b 45
0x00007ff86a47f10f:   10 48 89 34 07 ff cb 49 83 ef 01 0f 85 70 ff ff
0x00007ff86a47f11f:   ff 4c 8b 7c 24 48 4c 8b a5 50 01 00 00 8b 85 58
0x00007ff86a47f12f:   01 00 00 ff c0 89 85 58 01 00 00 41 3b 47 18 0f
0x00007ff86a47f13f:   82 1c fe ff ff 48 8b 74 24 40 bb 01 00 00 00 41
0x00007ff86a47f14f:   0f b6 47 2c 24 03 3c 02 75 10 49 8b 07 49 8b cf
0x00007ff86a47f15f:   ff 90 e8 00 00 00 8b f8 eb 02 33 ff 41 83 7f 18
0x00007ff86a47f16f:   01 76 3f 3b fb 4c 8b ce 44 8b c3 49 8b d7 0f 95
0x00007ff86a47f17f:   c0 49 8b cc 88 44 24 30 4c 89 6c 24 28 4c 89 74
0x00007ff86a47f18f:   24 20 e8 2a e5 ff ff 44 8b 95 60 01 00 00 ff c3
0x00007ff86a47f19f:   44 2b d0 44 89 95 60 01 00 00 41 3b 5f 18 72 c3
0x00007ff86a47f1af:   eb 07 44 8b 95 60 01 00 00 49 63 4f 28 49 8b 84
0x00007ff86a47f1bf:   24 28 01 00 00 8b 14 88 85 d2 0f 84 a6 05 00 00
0x00007ff86a47f1cf:   49 8b 44 24 70 4c 8d 3c 92 8b f2 49 c1 e7 05 48
0x00007ff86a47f1df:   8b 54 24 48 48 8b 48 20 42 8b 7c 39 30 49 8b cc
0x00007ff86a47f1ef:   e8 ac 06 00 00 4c 8b e0 41 3b 7d 08 73 3a 49 8b
0x00007ff86a47f1ff:   55 10 48 8d 1c fd 00 00 00 00 48 8b 0c 1a 48 85
0x00007ff86a47f20f:   c9 74 25 83 79 20 00 75 1f 45 33 ed 4c 89 2c 1a
0x00007ff86a47f21f:   41 3b 7e 08 72 0a 8b d7 49 8b ce e8 d1 f0 fa ff
0x00007ff86a47f22f:   49 8b 46 10 4c 89 2c 03 48 8b 4c 24 48 48 8b 01
0x00007ff86a47f23f:   ff 50 68 8b c8 89 85 58 01 00 00 e8 91 56 02 00
0x00007ff86a47f24f:   44 8b e8 83 f8 01 0f 85 e4 00 00 00 41 3b 7e 08 


Stack slot to memory mapping:
stack at sp + 0 slots: 0x0000000000000005 is an unknown value
stack at sp + 1 slots: 0x000001edcb3e9ed8 points into unknown readable memory: 18 8c 5d 6a f8 7f 00 00
stack at sp + 2 slots: 0x0000005800000003 is an unknown value
stack at sp + 3 slots: 0x000001edcc3f5b00 points into unknown readable memory: c8 77 64 6a f8 7f 00 00
stack at sp + 4 slots: 0x000001edd007da40 points into unknown readable memory: 50 51 f6 c6 ed 01 00 00
stack at sp + 5 slots: 0x000001edd007da00 points into unknown readable memory: 50 51 f6 c6 ed 01 00 00
stack at sp + 6 slots: 0x0000000000000001 is an unknown value
stack at sp + 7 slots: 0x00007ff80000001c is an unknown value


---------------  P R O C E S S  ---------------

Threads class SMR info:
_java_thread_list=0x000001edd01e09a0, length=46, elements={
0x000001edacd2a800, 0x000001edc6f05800, 0x000001edc6f15800, 0x000001edc6f60800,
0x000001edc6f61800, 0x000001edc6f66800, 0x000001edc6f6c000, 0x000001edc6f73800,
0x000001edc79e3800, 0x000001edc7a10800, 0x000001edc8922000, 0x000001edc7b72800,
0x000001edc8939800, 0x000001edc899a800, 0x000001edc79a3800, 0x000001edc7d3e000,
0x000001edc9504800, 0x000001edc89f4800, 0x000001edc89fe000, 0x000001edc926b800,
0x000001edc926a000, 0x000001edc926d000, 0x000001edc926e000, 0x000001edc926a800,
0x000001edc926c800, 0x000001edc926e800, 0x000001edc9269000, 0x000001edca603800,
0x000001edca603000, 0x000001edca607000, 0x000001edca608000, 0x000001edca604800,
0x000001edca605800, 0x000001edcb8b9000, 0x000001edcbb13000, 0x000001edcbb12800,
0x000001edcbb15000, 0x000001edcbb19000, 0x000001edcbb14000, 0x000001edcbb18000,
0x000001edcbb1a800, 0x000001edcb8b2800, 0x000001edcb8b2000, 0x000001edcb8b1000,
0x000001edcb8b3800, 0x000001edcb8b5000
}

Java Threads: ( => current thread )
  0x000001edacd2a800 JavaThread "main" [_thread_blocked, id=8176, stack(0x0000005827f00000,0x0000005828000000)]
  0x000001edc6f05800 JavaThread "Reference Handler" daemon [_thread_blocked, id=6164, stack(0x0000005828600000,0x0000005828700000)]
  0x000001edc6f15800 JavaThread "Finalizer" daemon [_thread_blocked, id=3728, stack(0x0000005828700000,0x0000005828800000)]
  0x000001edc6f60800 JavaThread "Signal Dispatcher" daemon [_thread_blocked, id=4044, stack(0x0000005828800000,0x0000005828900000)]
  0x000001edc6f61800 JavaThread "Attach Listener" daemon [_thread_blocked, id=6796, stack(0x0000005828900000,0x0000005828a00000)]
=>0x000001edc6f66800 JavaThread "C2 CompilerThread0" daemon [_thread_in_native, id=3400, stack(0x0000005828a00000,0x0000005828b00000)]
  0x000001edc6f6c000 JavaThread "C1 CompilerThread0" daemon [_thread_blocked, id=1652, stack(0x0000005828b00000,0x0000005828c00000)]
  0x000001edc6f73800 JavaThread "Sweeper thread" daemon [_thread_blocked, id=8680, stack(0x0000005828c00000,0x0000005828d00000)]
  0x000001edc79e3800 JavaThread "Common-Cleaner" daemon [_thread_blocked, id=8624, stack(0x0000005828d00000,0x0000005828e00000)]
  0x000001edc7a10800 JavaThread "Service Thread" daemon [_thread_blocked, id=488, stack(0x0000005828e00000,0x0000005828f00000)]
  0x000001edc8922000 JavaThread "Daemon health stats" [_thread_blocked, id=944, stack(0x0000005829100000,0x0000005829200000)]
  0x000001edc7b72800 JavaThread "Incoming local TCP Connector on port 63018" [_thread_in_native, id=4808, stack(0x0000005829600000,0x0000005829700000)]
  0x000001edc8939800 JavaThread "Daemon periodic checks" [_thread_blocked, id=6584, stack(0x0000005829700000,0x0000005829800000)]
  0x000001edc899a800 JavaThread "Daemon" [_thread_blocked, id=1120, stack(0x0000005829800000,0x0000005829900000)]
  0x000001edc79a3800 JavaThread "Handler for socket connection from /127.0.0.1:63018 to /127.0.0.1:63019" [_thread_in_native, id=6064, stack(0x0000005829900000,0x0000005829a00000)]
  0x000001edc7d3e000 JavaThread "Cancel handler" [_thread_blocked, id=6448, stack(0x0000005829a00000,0x0000005829b00000)]
  0x000001edc9504800 JavaThread "Daemon worker" [_thread_blocked, id=8928, stack(0x0000005829b00000,0x0000005829c00000)]
  0x000001edc89f4800 JavaThread "Asynchronous log dispatcher for DefaultDaemonConnection: socket connection from /127.0.0.1:63018 to /127.0.0.1:63019" [_thread_blocked, id=6132, stack(0x0000005829c00000,0x0000005829d00000)]
  0x000001edc89fe000 JavaThread "Thread-8" [_thread_blocked, id=8636, stack(0x0000005829e00000,0x0000005829f00000)]
  0x000001edc926b800 JavaThread "Cache worker for file hash cache (C:\Users\mohamad\.gradle\caches\6.7.1\fileHashes)" [_thread_blocked, id=2276, stack(0x0000005829f00000,0x000000582a000000)]
  0x000001edc926a000 JavaThread "File lock request listener" [_thread_in_native, id=5796, stack(0x000000582a000000,0x000000582a100000)]
  0x000001edc926d000 JavaThread "Cache worker for journal cache (C:\Users\mohamad\.gradle\caches\journal-1)" [_thread_blocked, id=8864, stack(0x000000582a100000,0x000000582a200000)]
  0x000001edc926e000 JavaThread "Cache worker for file hash cache (C:\Users\mohamad\AndroidStudioProjects\EnglishMusic\.gradle\6.7.1\fileHashes)" [_thread_blocked, id=4688, stack(0x000000582a200000,0x000000582a300000)]
  0x000001edc926a800 JavaThread "Cache worker for checksums cache (C:\Users\mohamad\AndroidStudioProjects\EnglishMusic\.gradle\checksums)" [_thread_blocked, id=6316, stack(0x000000582a300000,0x000000582a400000)]
  0x000001edc926c800 JavaThread "Cache worker for cache directory md-supplier (C:\Users\mohamad\.gradle\caches\6.7.1\md-supplier)" [_thread_blocked, id=7744, stack(0x000000582a400000,0x000000582a500000)]
  0x000001edc926e800 JavaThread "Cache worker for cache directory md-rule (C:\Users\mohamad\.gradle\caches\6.7.1\md-rule)" [_thread_blocked, id=1668, stack(0x000000582a500000,0x000000582a600000)]
  0x000001edc9269000 JavaThread "Cache worker for execution history cache (C:\Users\mohamad\.gradle\caches\6.7.1\executionHistory)" [_thread_blocked, id=7816, stack(0x000000582a600000,0x000000582a700000)]
  0x000001edca603800 JavaThread "Cache worker for file content cache (C:\Users\mohamad\.gradle\caches\6.7.1\fileContent)" [_thread_blocked, id=9212, stack(0x000000582a800000,0x000000582a900000)]
  0x000001edca603000 JavaThread "Cache worker for Build Output Cleanup Cache (C:\Users\mohamad\AndroidStudioProjects\EnglishMusic\.gradle\buildOutputCleanup)" [_thread_blocked, id=6384, stack(0x000000582a900000,0x000000582aa00000)]
  0x000001edca607000 JavaThread "Build operations" [_thread_blocked, id=3000, stack(0x000000582aa00000,0x000000582ab00000)]
  0x000001edca608000 JavaThread "Build operations Thread 2" [_thread_in_native, id=7840, stack(0x000000582ab00000,0x000000582ac00000)]
  0x000001edca604800 JavaThread "Build operations Thread 3" [_thread_blocked, id=4708, stack(0x000000582ac00000,0x000000582ad00000)]
  0x000001edca605800 JavaThread "Build operations Thread 4" [_thread_blocked, id=6944, stack(0x000000582ad00000,0x000000582ae00000)]
  0x000001edcb8b9000 JavaThread "Memory manager" [_thread_blocked, id=7344, stack(0x0000005827c00000,0x0000005827d00000)]
  0x000001edcbb13000 JavaThread "build event listener" [_thread_blocked, id=8016, stack(0x0000005827d00000,0x0000005827e00000)]
  0x000001edcbb12800 JavaThread "pool-3-thread-1" [_thread_blocked, id=7556, stack(0x0000005827e00000,0x0000005827f00000)]
  0x000001edcbb15000 JavaThread "build event listener" [_thread_blocked, id=4296, stack(0x0000005829d00000,0x0000005829e00000)]
  0x000001edcbb19000 JavaThread "Execution worker for ':'" [_thread_blocked, id=5852, stack(0x0000005832b00000,0x0000005832c00000)]
  0x000001edcbb14000 JavaThread "Execution worker for ':' Thread 2" [_thread_blocked, id=8360, stack(0x0000005832c00000,0x0000005832d00000)]
  0x000001edcbb18000 JavaThread "Execution worker for ':' Thread 3" [_thread_blocked, id=4500, stack(0x0000005832d00000,0x0000005832e00000)]
  0x000001edcbb1a800 JavaThread "Cache worker for execution history cache (C:\Users\mohamad\AndroidStudioProjects\EnglishMusic\.gradle\6.7.1\executionHistory)" [_thread_blocked, id=5212, stack(0x0000005832e00000,0x0000005832f00000)]
  0x000001edcb8b2800 JavaThread "RMI Scheduler(0)" daemon [_thread_blocked, id=7920, stack(0x0000005829500000,0x0000005829600000)]
  0x000001edcb8b2000 JavaThread "RMI GC Daemon" daemon [_thread_blocked, id=6912, stack(0x000000582ae00000,0x000000582af00000)]
  0x000001edcb8b1000 JavaThread "RMI TCP Accept-0" daemon [_thread_in_native, id=5028, stack(0x000000582af00000,0x000000582b000000)]
  0x000001edcb8b3800 JavaThread "RMI Reaper" [_thread_blocked, id=1264, stack(0x000000582b000000,0x000000582b100000)]
  0x000001edcb8b5000 JavaThread "RMI TCP Connection(idle)" daemon [_thread_blocked, id=2580, stack(0x0000005829400000,0x0000005829500000)]

Other Threads:
  0x000001edc6f01000 VMThread "VM Thread" [stack: 0x0000005828500000,0x0000005828600000] [id=6308]
  0x000001edc7a11800 WatcherThread [stack: 0x0000005828f00000,0x0000005829000000] [id=4820]
  0x000001edacd43000 GCTaskThread "GC Thread#0" [stack: 0x0000005828000000,0x0000005828100000] [id=8852]
  0x000001edc81ce800 GCTaskThread "GC Thread#1" [stack: 0x0000005829000000,0x0000005829100000] [id=5952]
  0x000001edc8b9b000 GCTaskThread "GC Thread#2" [stack: 0x0000005829200000,0x0000005829300000] [id=4384]
  0x000001edc9642800 GCTaskThread "GC Thread#3" [stack: 0x0000005829300000,0x0000005829400000] [id=4388]
  0x000001edacd74000 ConcurrentGCThread "G1 Main Marker" [stack: 0x0000005828100000,0x0000005828200000] [id=6152]
  0x000001edacd77800 ConcurrentGCThread "G1 Conc#0" [stack: 0x0000005828200000,0x0000005828300000] [id=5008]
  0x000001edacdcf000 ConcurrentGCThread "G1 Refine#0" [stack: 0x0000005828300000,0x0000005828400000] [id=7332]
  0x000001edacdd0000 ConcurrentGCThread "G1 Young RemSet Sampling" [stack: 0x0000005828400000,0x0000005828500000] [id=924]

Threads with active compile tasks:
C2 CompilerThread0 386995 11456   !   4       org.gradle.internal.operations.DefaultBuildOperationRunner$3::execute (110 bytes)

VM state:at safepoint (normal execution)

VM Mutex/Monitor currently owned by a thread:  ([mutex/lock_event])
[0x000001edacd27b70] Threads_lock - owner thread: 0x000001edc6f01000
[0x000001edacd25e30] Heap_lock - owner thread: 0x000001edc926b800

Heap address: 0x0000000080000000, size: 2048 MB, Compressed Oops mode: 32-bit
Narrow klass base: 0x0000000000000000, Narrow klass shift: 3
Compressed class space size: 1073741824 Address: 0x0000000100000000

Heap:
 garbage-first heap   total 147456K, used 123031K [0x0000000080000000, 0x0000000100000000)
  region size 1024K, 24 young (24576K), 1 survivors (1024K)
 Metaspace       used 90270K, capacity 92372K, committed 92544K, reserved 1130496K
  class space    used 11633K, capacity 12373K, committed 12416K, reserved 1048576K
Heap Regions: E=young(eden), S=young(survivor), O=old, HS=humongous(starts), HC=humongous(continues), CS=collection set, F=free, A=archive, TAMS=top-at-mark-start (previous, next)
|   0|0x0000000080000000, 0x0000000080100000, 0x0000000080100000|100%| O|  |TAMS 0x0000000080100000, 0x0000000080000000| Untracked 
|   1|0x0000000080100000, 0x0000000080200000, 0x0000000080200000|100%| O|  |TAMS 0x0000000080200000, 0x0000000080100000| Untracked 
|   2|0x0000000080200000, 0x0000000080300000, 0x0000000080300000|100%| O|  |TAMS 0x0000000080300000, 0x0000000080200000| Untracked 
|   3|0x0000000080300000, 0x0000000080400000, 0x0000000080400000|100%|HS|  |TAMS 0x0000000080400000, 0x0000000080300000| Complete 
|   4|0x0000000080400000, 0x0000000080500000, 0x0000000080500000|100%|HC|  |TAMS 0x0000000080500000, 0x0000000080400000| Complete 
|   5|0x0000000080500000, 0x0000000080600000, 0x0000000080600000|100%|HC|  |TAMS 0x0000000080600000, 0x0000000080500000| Complete 
|   6|0x0000000080600000, 0x0000000080700000, 0x0000000080700000|100%| O|  |TAMS 0x0000000080700000, 0x0000000080600000| Untracked 
|   7|0x0000000080700000, 0x0000000080800000, 0x0000000080800000|100%| O|  |TAMS 0x0000000080800000, 0x0000000080700000| Untracked 
|   8|0x0000000080800000, 0x0000000080900000, 0x0000000080900000|100%| O|  |TAMS 0x0000000080900000, 0x0000000080800000| Untracked 
|   9|0x0000000080900000, 0x0000000080a00000, 0x0000000080a00000|100%| O|  |TAMS 0x0000000080a00000, 0x0000000080900000| Untracked 
|  10|0x0000000080a00000, 0x0000000080b00000, 0x0000000080b00000|100%| O|  |TAMS 0x0000000080b00000, 0x0000000080a00000| Untracked 
|  11|0x0000000080b00000, 0x0000000080c00000, 0x0000000080c00000|100%| O|  |TAMS 0x0000000080c00000, 0x0000000080b00000| Untracked 
|  12|0x0000000080c00000, 0x0000000080d00000, 0x0000000080d00000|100%| O|  |TAMS 0x0000000080d00000, 0x0000000080c00000| Untracked 
|  13|0x0000000080d00000, 0x0000000080e00000, 0x0000000080e00000|100%| O|  |TAMS 0x0000000080e00000, 0x0000000080d00000| Untracked 
|  14|0x0000000080e00000, 0x0000000080f00000, 0x0000000080f00000|100%| O|  |TAMS 0x0000000080f00000, 0x0000000080e00000| Untracked 
|  15|0x0000000080f00000, 0x0000000081000000, 0x0000000081000000|100%| O|  |TAMS 0x0000000081000000, 0x0000000080f00000| Untracked 
|  16|0x0000000081000000, 0x0000000081100000, 0x0000000081100000|100%| O|  |TAMS 0x0000000081100000, 0x0000000081000000| Untracked 
|  17|0x0000000081100000, 0x0000000081200000, 0x0000000081200000|100%| O|  |TAMS 0x0000000081200000, 0x0000000081100000| Untracked 
|  18|0x0000000081200000, 0x0000000081300000, 0x0000000081300000|100%| O|  |TAMS 0x0000000081300000, 0x0000000081200000| Untracked 
|  19|0x0000000081300000, 0x0000000081400000, 0x0000000081400000|100%| O|  |TAMS 0x0000000081400000, 0x0000000081300000| Untracked 
|  20|0x0000000081400000, 0x0000000081500000, 0x0000000081500000|100%| O|  |TAMS 0x0000000081500000, 0x0000000081400000| Untracked 
|  21|0x0000000081500000, 0x0000000081600000, 0x0000000081600000|100%| O|  |TAMS 0x0000000081600000, 0x0000000081500000| Untracked 
|  22|0x0000000081600000, 0x0000000081700000, 0x0000000081700000|100%| O|  |TAMS 0x0000000081700000, 0x0000000081600000| Untracked 
|  23|0x0000000081700000, 0x0000000081800000, 0x0000000081800000|100%| O|  |TAMS 0x0000000081800000, 0x0000000081700000| Untracked 
|  24|0x0000000081800000, 0x0000000081900000, 0x0000000081900000|100%| O|  |TAMS 0x0000000081900000, 0x0000000081800000| Untracked 
|  25|0x0000000081900000, 0x0000000081a00000, 0x0000000081a00000|100%| O|  |TAMS 0x0000000081a00000, 0x0000000081900000| Untracked 
|  26|0x0000000081a00000, 0x0000000081b00000, 0x0000000081b00000|100%|HS|  |TAMS 0x0000000081b00000, 0x0000000081a00000| Complete 
|  27|0x0000000081b00000, 0x0000000081c00000, 0x0000000081c00000|100%|HS|  |TAMS 0x0000000081c00000, 0x0000000081b00000| Complete 
|  28|0x0000000081c00000, 0x0000000081d00000, 0x0000000081d00000|100%| O|  |TAMS 0x0000000081c00000, 0x0000000081c00000| Untracked 
|  29|0x0000000081d00000, 0x0000000081e00000, 0x0000000081e00000|100%| O|  |TAMS 0x0000000081e00000, 0x0000000081d00000| Untracked 
|  30|0x0000000081e00000, 0x0000000081f00000, 0x0000000081f00000|100%| O|  |TAMS 0x0000000081f00000, 0x0000000081e00000| Untracked 
|  31|0x0000000081f00000, 0x0000000082000000, 0x0000000082000000|100%| O|  |TAMS 0x0000000082000000, 0x0000000081f00000| Untracked 
|  32|0x0000000082000000, 0x0000000082100000, 0x0000000082100000|100%|HS|  |TAMS 0x0000000082100000, 0x0000000082000000| Complete 
|  33|0x0000000082100000, 0x0000000082200000, 0x0000000082200000|100%|HC|  |TAMS 0x0000000082200000, 0x0000000082100000| Complete 
|  34|0x0000000082200000, 0x0000000082300000, 0x0000000082300000|100%|HC|  |TAMS 0x0000000082300000, 0x0000000082200000| Complete 
|  35|0x0000000082300000, 0x0000000082400000, 0x0000000082400000|100%| O|  |TAMS 0x0000000082400000, 0x0000000082300000| Untracked 
|  36|0x0000000082400000, 0x0000000082500000, 0x0000000082500000|100%| O|  |TAMS 0x0000000082500000, 0x0000000082400000| Untracked 
|  37|0x0000000082500000, 0x0000000082600000, 0x0000000082600000|100%| O|  |TAMS 0x0000000082500000, 0x0000000082500000| Untracked 
|  38|0x0000000082600000, 0x0000000082700000, 0x0000000082700000|100%| O|  |TAMS 0x0000000082700000, 0x0000000082600000| Untracked 
|  39|0x0000000082700000, 0x0000000082800000, 0x0000000082800000|100%| O|  |TAMS 0x0000000082800000, 0x0000000082700000| Untracked 
|  40|0x0000000082800000, 0x0000000082900000, 0x0000000082900000|100%|HS|  |TAMS 0x0000000082900000, 0x0000000082800000| Complete 
|  41|0x0000000082900000, 0x0000000082a00000, 0x0000000082a00000|100%|HC|  |TAMS 0x0000000082a00000, 0x0000000082900000| Complete 
|  42|0x0000000082a00000, 0x0000000082b00000, 0x0000000082b00000|100%| O|  |TAMS 0x0000000082b00000, 0x0000000082a00000| Untracked 
|  43|0x0000000082b00000, 0x0000000082c00000, 0x0000000082c00000|100%| O|  |TAMS 0x0000000082c00000, 0x0000000082b00000| Untracked 
|  44|0x0000000082c00000, 0x0000000082d00000, 0x0000000082d00000|100%| O|  |TAMS 0x0000000082d00000, 0x0000000082c00000| Untracked 
|  45|0x0000000082d00000, 0x0000000082e00000, 0x0000000082e00000|100%| O|  |TAMS 0x0000000082e00000, 0x0000000082d00000| Untracked 
|  46|0x0000000082e00000, 0x0000000082f00000, 0x0000000082f00000|100%| O|  |TAMS 0x0000000082f00000, 0x0000000082e00000| Untracked 
|  47|0x0000000082f00000, 0x0000000083000000, 0x0000000083000000|100%| O|  |TAMS 0x0000000083000000, 0x0000000082f00000| Untracked 
|  48|0x0000000083000000, 0x0000000083100000, 0x0000000083100000|100%| O|  |TAMS 0x0000000083100000, 0x0000000083000000| Untracked 
|  49|0x0000000083100000, 0x0000000083200000, 0x0000000083200000|100%| O|  |TAMS 0x0000000083200000, 0x0000000083100000| Untracked 
|  50|0x0000000083200000, 0x0000000083300000, 0x0000000083300000|100%| O|  |TAMS 0x0000000083300000, 0x0000000083200000| Untracked 
|  51|0x0000000083300000, 0x0000000083400000, 0x0000000083400000|100%| O|  |TAMS 0x0000000083400000, 0x0000000083300000| Untracked 
|  52|0x0000000083400000, 0x0000000083500000, 0x0000000083500000|100%| O|  |TAMS 0x0000000083500000, 0x0000000083400000| Untracked 
|  53|0x0000000083500000, 0x0000000083600000, 0x0000000083600000|100%| O|  |TAMS 0x0000000083600000, 0x0000000083500000| Untracked 
|  54|0x0000000083600000, 0x0000000083700000, 0x0000000083700000|100%| O|  |TAMS 0x0000000083700000, 0x0000000083600000| Untracked 
|  55|0x0000000083700000, 0x0000000083800000, 0x0000000083800000|100%| O|  |TAMS 0x0000000083800000, 0x0000000083700000| Untracked 
|  56|0x0000000083800000, 0x0000000083900000, 0x0000000083900000|100%| O|  |TAMS 0x0000000083900000, 0x0000000083800000| Untracked 
|  57|0x0000000083900000, 0x0000000083a00000, 0x0000000083a00000|100%| O|  |TAMS 0x0000000083a00000, 0x0000000083900000| Untracked 
|  58|0x0000000083a00000, 0x0000000083b00000, 0x0000000083b00000|100%| O|  |TAMS 0x0000000083b00000, 0x0000000083a00000| Untracked 
|  59|0x0000000083b00000, 0x0000000083c00000, 0x0000000083c00000|100%| O|  |TAMS 0x0000000083c00000, 0x0000000083b00000| Untracked 
|  60|0x0000000083c00000, 0x0000000083d00000, 0x0000000083d00000|100%| O|  |TAMS 0x0000000083d00000, 0x0000000083c00000| Untracked 
|  61|0x0000000083d00000, 0x0000000083e00000, 0x0000000083e00000|100%| O|  |TAMS 0x0000000083e00000, 0x0000000083d00000| Untracked 
|  62|0x0000000083e00000, 0x0000000083f00000, 0x0000000083f00000|100%| O|  |TAMS 0x0000000083f00000, 0x0000000083e00000| Untracked 
|  63|0x0000000083f00000, 0x0000000084000000, 0x0000000084000000|100%| O|  |TAMS 0x0000000084000000, 0x0000000083f00000| Untracked 
|  64|0x0000000084000000, 0x0000000084100000, 0x0000000084100000|100%| O|  |TAMS 0x0000000084100000, 0x0000000084000000| Untracked 
|  65|0x0000000084100000, 0x0000000084200000, 0x0000000084200000|100%| O|  |TAMS 0x0000000084200000, 0x0000000084100000| Untracked 
|  66|0x0000000084200000, 0x0000000084300000, 0x0000000084300000|100%| O|  |TAMS 0x0000000084300000, 0x0000000084200000| Untracked 
|  67|0x0000000084300000, 0x0000000084400000, 0x0000000084400000|100%| O|  |TAMS 0x0000000084300000, 0x0000000084300000| Untracked 
|  68|0x0000000084400000, 0x0000000084500000, 0x0000000084500000|100%| O|  |TAMS 0x0000000084500000, 0x0000000084400000| Untracked 
|  69|0x0000000084500000, 0x0000000084600000, 0x0000000084600000|100%| O|  |TAMS 0x0000000084500000, 0x0000000084500000| Untracked 
|  70|0x0000000084600000, 0x0000000084700000, 0x0000000084700000|100%| O|  |TAMS 0x0000000084700000, 0x0000000084600000| Untracked 
|  71|0x0000000084700000, 0x0000000084800000, 0x0000000084800000|100%| O|  |TAMS 0x0000000084800000, 0x0000000084700000| Untracked 
|  72|0x0000000084800000, 0x0000000084900000, 0x0000000084900000|100%| O|  |TAMS 0x0000000084900000, 0x0000000084800000| Untracked 
|  73|0x0000000084900000, 0x0000000084a00000, 0x0000000084a00000|100%| O|  |TAMS 0x0000000084a00000, 0x0000000084900000| Untracked 
|  74|0x0000000084a00000, 0x0000000084b00000, 0x0000000084b00000|100%| O|  |TAMS 0x0000000084b00000, 0x0000000084a00000| Untracked 
|  75|0x0000000084b00000, 0x0000000084c00000, 0x0000000084c00000|100%| O|  |TAMS 0x0000000084b00000, 0x0000000084b00000| Untracked 
|  76|0x0000000084c00000, 0x0000000084d00000, 0x0000000084d00000|100%| O|  |TAMS 0x0000000084d00000, 0x0000000084c00000| Untracked 
|  77|0x0000000084d00000, 0x0000000084e00000, 0x0000000084e00000|100%| O|  |TAMS 0x0000000084e00000, 0x0000000084d00000| Untracked 
|  78|0x0000000084e00000, 0x0000000084f00000, 0x0000000084f00000|100%| O|  |TAMS 0x0000000084e00000, 0x0000000084e00000| Untracked 
|  79|0x0000000084f00000, 0x0000000085000000, 0x0000000085000000|100%| O|  |TAMS 0x0000000084f00000, 0x0000000084f00000| Untracked 
|  80|0x0000000085000000, 0x0000000085100000, 0x0000000085100000|100%| O|  |TAMS 0x0000000085000000, 0x0000000085000000| Untracked 
|  81|0x0000000085100000, 0x0000000085200000, 0x0000000085200000|100%| O|  |TAMS 0x0000000085100000, 0x0000000085100000| Untracked 
|  82|0x0000000085200000, 0x0000000085300000, 0x0000000085300000|100%| O|  |TAMS 0x0000000085200000, 0x0000000085200000| Untracked 
|  83|0x0000000085300000, 0x0000000085400000, 0x0000000085400000|100%| O|  |TAMS 0x0000000085300000, 0x0000000085300000| Untracked 
|  84|0x0000000085400000, 0x0000000085500000, 0x0000000085500000|100%| O|  |TAMS 0x0000000085400000, 0x0000000085400000| Untracked 
|  85|0x0000000085500000, 0x00000000855a15d8, 0x0000000085600000| 63%| O|  |TAMS 0x0000000085500000, 0x0000000085500000| Untracked 
|  86|0x0000000085600000, 0x0000000085600000, 0x0000000085700000|  0%| F|  |TAMS 0x0000000085600000, 0x0000000085600000| Untracked 
|  87|0x0000000085700000, 0x0000000085700000, 0x0000000085800000|  0%| F|  |TAMS 0x0000000085700000, 0x0000000085700000| Untracked 
|  88|0x0000000085800000, 0x0000000085900000, 0x0000000085900000|100%| O|  |TAMS 0x00000000858cfa00, 0x0000000085800000| Untracked 
|  89|0x0000000085900000, 0x0000000085a00000, 0x0000000085a00000|100%| O|  |TAMS 0x0000000085900000, 0x0000000085900000| Untracked 
|  90|0x0000000085a00000, 0x0000000085b00000, 0x0000000085b00000|100%| O|  |TAMS 0x0000000085a00000, 0x0000000085a00000| Untracked 
|  91|0x0000000085b00000, 0x0000000085c00000, 0x0000000085c00000|100%| O|  |TAMS 0x0000000085b00000, 0x0000000085b00000| Untracked 
|  92|0x0000000085c00000, 0x0000000085d00000, 0x0000000085d00000|100%| O|  |TAMS 0x0000000085c00000, 0x0000000085c00000| Untracked 
|  93|0x0000000085d00000, 0x0000000085e00000, 0x0000000085e00000|100%| O|  |TAMS 0x0000000085d00000, 0x0000000085d00000| Untracked 
|  94|0x0000000085e00000, 0x0000000085f00000, 0x0000000085f00000|100%| O|  |TAMS 0x0000000085e00000, 0x0000000085e00000| Untracked 
|  95|0x0000000085f00000, 0x0000000086000000, 0x0000000086000000|100%| O|  |TAMS 0x0000000085f00000, 0x0000000085f00000| Untracked 
|  96|0x0000000086000000, 0x0000000086000000, 0x0000000086100000|  0%| F|  |TAMS 0x0000000086000000, 0x0000000086000000| Untracked 
|  97|0x0000000086100000, 0x0000000086100000, 0x0000000086200000|  0%| F|  |TAMS 0x0000000086100000, 0x0000000086100000| Untracked 
|  98|0x0000000086200000, 0x0000000086200000, 0x0000000086300000|  0%| F|  |TAMS 0x0000000086200000, 0x0000000086200000| Untracked 
|  99|0x0000000086300000, 0x0000000086300000, 0x0000000086400000|  0%| F|  |TAMS 0x0000000086300000, 0x0000000086300000| Untracked 
| 100|0x0000000086400000, 0x0000000086400000, 0x0000000086500000|  0%| F|  |TAMS 0x0000000086400000, 0x0000000086400000| Untracked 
| 101|0x0000000086500000, 0x0000000086500000, 0x0000000086600000|  0%| F|  |TAMS 0x0000000086500000, 0x0000000086500000| Untracked 
| 102|0x0000000086600000, 0x0000000086600000, 0x0000000086700000|  0%| F|  |TAMS 0x0000000086600000, 0x0000000086600000| Untracked 
| 103|0x0000000086700000, 0x0000000086700000, 0x0000000086800000|  0%| F|  |TAMS 0x0000000086700000, 0x0000000086700000| Untracked 
| 104|0x0000000086800000, 0x0000000086800000, 0x0000000086900000|  0%| F|  |TAMS 0x0000000086800000, 0x0000000086800000| Untracked 
| 105|0x0000000086900000, 0x0000000086900000, 0x0000000086a00000|  0%| F|  |TAMS 0x0000000086900000, 0x0000000086900000| Untracked 
| 106|0x0000000086a00000, 0x0000000086a00000, 0x0000000086b00000|  0%| F|  |TAMS 0x0000000086a00000, 0x0000000086a00000| Untracked 
| 107|0x0000000086b00000, 0x0000000086b00000, 0x0000000086c00000|  0%| F|  |TAMS 0x0000000086b00000, 0x0000000086b00000| Untracked 
| 108|0x0000000086c00000, 0x0000000086c00000, 0x0000000086d00000|  0%| F|  |TAMS 0x0000000086c00000, 0x0000000086c00000| Untracked 
| 109|0x0000000086d00000, 0x0000000086d00000, 0x0000000086e00000|  0%| F|  |TAMS 0x0000000086d00000, 0x0000000086d00000| Untracked 
| 110|0x0000000086e00000, 0x0000000086e00000, 0x0000000086f00000|  0%| F|  |TAMS 0x0000000086e00000, 0x0000000086e00000| Untracked 
| 111|0x0000000086f00000, 0x0000000086f00000, 0x0000000087000000|  0%| F|  |TAMS 0x0000000086f00000, 0x0000000086f00000| Untracked 
| 112|0x0000000087000000, 0x0000000087000000, 0x0000000087100000|  0%| F|  |TAMS 0x0000000087000000, 0x0000000087000000| Untracked 
| 113|0x0000000087100000, 0x0000000087100000, 0x0000000087200000|  0%| F|  |TAMS 0x0000000087100000, 0x0000000087100000| Untracked 
| 114|0x0000000087200000, 0x00000000872ccc50, 0x0000000087300000| 79%| E|CS|TAMS 0x0000000087200000, 0x0000000087200000| Complete 
| 115|0x0000000087300000, 0x0000000087400000, 0x0000000087400000|100%| E|CS|TAMS 0x0000000087300000, 0x0000000087300000| Complete 
| 116|0x0000000087400000, 0x0000000087500000, 0x0000000087500000|100%| E|CS|TAMS 0x0000000087400000, 0x0000000087400000| Complete 
| 117|0x0000000087500000, 0x0000000087500000, 0x0000000087600000|  0%| F|  |TAMS 0x0000000087500000, 0x0000000087500000| Untracked 
| 118|0x0000000087600000, 0x0000000087700000, 0x0000000087700000|100%| E|CS|TAMS 0x0000000087600000, 0x0000000087600000| Complete 
| 119|0x0000000087700000, 0x0000000087700000, 0x0000000087800000|  0%| F|  |TAMS 0x0000000087700000, 0x0000000087700000| Untracked 
| 120|0x0000000087800000, 0x000000008789d6c0, 0x0000000087900000| 61%| S|  |TAMS 0x0000000087800000, 0x0000000087800000| Complete 
| 121|0x0000000087900000, 0x00000000879ff4e8, 0x0000000087a00000| 99%| E|CS|TAMS 0x0000000087900000, 0x0000000087900000| Complete 
| 122|0x0000000087a00000, 0x0000000087b00000, 0x0000000087b00000|100%| E|CS|TAMS 0x0000000087a00000, 0x0000000087a00000| Complete 
| 123|0x0000000087b00000, 0x0000000087c00000, 0x0000000087c00000|100%| E|CS|TAMS 0x0000000087b00000, 0x0000000087b00000| Complete 
| 124|0x0000000087c00000, 0x0000000087d00000, 0x0000000087d00000|100%| E|CS|TAMS 0x0000000087c00000, 0x0000000087c00000| Complete 
| 125|0x0000000087d00000, 0x0000000087e00000, 0x0000000087e00000|100%| E|CS|TAMS 0x0000000087d00000, 0x0000000087d00000| Complete 
| 126|0x0000000087e00000, 0x0000000087f00000, 0x0000000087f00000|100%| E|CS|TAMS 0x0000000087e00000, 0x0000000087e00000| Complete 
| 127|0x0000000087f00000, 0x0000000088000000, 0x0000000088000000|100%| E|CS|TAMS 0x0000000087f00000, 0x0000000087f00000| Complete 
| 128|0x0000000088000000, 0x0000000088100000, 0x0000000088100000|100%| E|CS|TAMS 0x0000000088000000, 0x0000000088000000| Complete 
| 129|0x0000000088100000, 0x0000000088200000, 0x0000000088200000|100%| E|CS|TAMS 0x0000000088100000, 0x0000000088100000| Complete 
| 130|0x0000000088200000, 0x0000000088300000, 0x0000000088300000|100%| E|CS|TAMS 0x0000000088200000, 0x0000000088200000| Complete 
| 131|0x0000000088300000, 0x0000000088400000, 0x0000000088400000|100%| E|CS|TAMS 0x0000000088300000, 0x0000000088300000| Complete 
| 132|0x0000000088400000, 0x0000000088500000, 0x0000000088500000|100%| E|CS|TAMS 0x0000000088400000, 0x0000000088400000| Complete 
| 133|0x0000000088500000, 0x0000000088600000, 0x0000000088600000|100%| E|CS|TAMS 0x0000000088500000, 0x0000000088500000| Complete 
| 134|0x0000000088600000, 0x0000000088700000, 0x0000000088700000|100%| E|CS|TAMS 0x0000000088600000, 0x0000000088600000| Complete 
| 135|0x0000000088700000, 0x0000000088800000, 0x0000000088800000|100%| E|CS|TAMS 0x0000000088700000, 0x0000000088700000| Complete 
| 136|0x0000000088800000, 0x0000000088900000, 0x0000000088900000|100%| E|CS|TAMS 0x0000000088800000, 0x0000000088800000| Complete 
| 137|0x0000000088900000, 0x0000000088a00000, 0x0000000088a00000|100%| E|CS|TAMS 0x0000000088900000, 0x0000000088900000| Complete 
| 138|0x0000000088a00000, 0x0000000088b00000, 0x0000000088b00000|100%| E|CS|TAMS 0x0000000088a00000, 0x0000000088a00000| Complete 
| 139|0x0000000088b00000, 0x0000000088c00000, 0x0000000088c00000|100%| E|CS|TAMS 0x0000000088b00000, 0x0000000088b00000| Complete 
| 140|0x0000000088c00000, 0x0000000088d00000, 0x0000000088d00000|100%| E|CS|TAMS 0x0000000088c00000, 0x0000000088c00000| Complete 
| 141|0x0000000088d00000, 0x0000000088e00000, 0x0000000088e00000|100%| E|CS|TAMS 0x0000000088d00000, 0x0000000088d00000| Complete 
| 142|0x0000000088e00000, 0x0000000088f00000, 0x0000000088f00000|100%| E|CS|TAMS 0x0000000088e00000, 0x0000000088e00000| Complete 
| 143|0x0000000088f00000, 0x0000000089000000, 0x0000000089000000|100%| E|CS|TAMS 0x0000000088f00000, 0x0000000088f00000| Complete 

Card table byte_map: [0x000001edc0100000,0x000001edc0500000] _byte_map_base: 0x000001edbfd00000

Marking Bits (Prev, Next): (CMBitMap*) 0x000001edacd6b2b0, (CMBitMap*) 0x000001edacd6b278
 Prev Bits: [0x000001edc2900000, 0x000001edc4900000)
 Next Bits: [0x000001edc0900000, 0x000001edc2900000)

Polling page: 0x000001edb06b0000

Metaspace:

Usage:
  Non-class:     78.12 MB capacity,    76.79 MB ( 98%) used,     1.10 MB (  1%) free+waste,   235.75 KB ( <1%) overhead. 
      Class:     12.08 MB capacity,    11.36 MB ( 94%) used,   634.46 KB (  5%) free+waste,   105.19 KB ( <1%) overhead. 
       Both:     90.21 MB capacity,    88.15 MB ( 98%) used,     1.72 MB (  2%) free+waste,   340.94 KB ( <1%) overhead. 

Virtual space:
  Non-class space:       80.00 MB reserved,      78.25 MB ( 98%) committed 
      Class space:        1.00 GB reserved,      12.13 MB (  1%) committed 
             Both:        1.08 GB reserved,      90.38 MB (  8%) committed 

Chunk freelists:
   Non-Class:  1.00 KB
       Class:  11.00 KB
        Both:  12.00 KB

MaxMetaspaceSize: 17179869184.00 GB
CompressedClassSpaceSize: 1.00 GB

CodeHeap 'non-profiled nmethods': size=120064Kb used=6431Kb max_used=6506Kb free=113632Kb
 bounds [0x000001edb8190000, 0x000001edb8810000, 0x000001edbf6d0000]
CodeHeap 'profiled nmethods': size=120000Kb used=21002Kb max_used=23026Kb free=98997Kb
 bounds [0x000001edb0c60000, 0x000001edb22e0000, 0x000001edb8190000]
CodeHeap 'non-nmethods': size=5696Kb used=2288Kb max_used=2328Kb free=3407Kb
 bounds [0x000001edb06d0000, 0x000001edb0940000, 0x000001edb0c60000]
 total_blobs=11128 nmethods=10233 adapters=806
 compilation: enabled
              stopped_count=0, restarted_count=0
 full_count=0

Compilation events (20 events):
Event: 378.830 Thread 0x000001edc6f66800 nmethod 11447 0x000001edb82f3e90 code [0x000001edb82f4020, 0x000001edb82f4618]
Event: 379.383 Thread 0x000001edc6f66800 11448       4       org.gradle.internal.hash.Hashing$DefaultHasher::hash (47 bytes)
Event: 379.401 Thread 0x000001edc6f66800 nmethod 11448 0x000001edb82f3590 code [0x000001edb82f3760, 0x000001edb82f3b28]
Event: 379.464 Thread 0x000001edc6f66800 11449       4       org.gradle.internal.logging.sink.OutputEventRenderer$LazyListener::onOutput (95 bytes)
Event: 379.494 Thread 0x000001edc6f66800 nmethod 11449 0x000001edb82f2310 code [0x000001edb82f25a0, 0x000001edb82f2e18]
Event: 380.164 Thread 0x000001edc6f66800 11450       4       org.gradle.internal.logging.progress.DefaultProgressLoggerFactory::newOperation (107 bytes)
Event: 380.185 Thread 0x000001edc6f66800 nmethod 11450 0x000001edb830a610 code [0x000001edb830a7e0, 0x000001edb830b128]
Event: 380.185 Thread 0x000001edc6f66800 11451       4       org.gradle.tooling.internal.provider.runner.ClientForwardingTestOperationListener::started (107 bytes)
Event: 380.210 Thread 0x000001edc6f6c000 11452       1       org.gradle.process.internal.health.memory.OsMemoryStatusSnapshot::getTotalPhysicalMemory (5 bytes)
Event: 380.210 Thread 0x000001edc6f6c000 nmethod 11452 0x000001edb8303310 code [0x000001edb83034c0, 0x000001edb8303578]
Event: 380.224 Thread 0x000001edc6f66800 nmethod 11451 0x000001edb8302e10 code [0x000001edb8302fc0, 0x000001edb8303138]
Event: 380.349 Thread 0x000001edc6f66800 11453       4       org.gradle.internal.logging.progress.DefaultProgressLoggerFactory$ProgressLoggerImpl::assertCanConfigure (32 bytes)
Event: 380.351 Thread 0x000001edc6f66800 nmethod 11453 0x000001edb82b9690 code [0x000001edb82b9820, 0x000001edb82b9898]
Event: 380.351 Thread 0x000001edc6f66800 11454       4       org.gradle.internal.operations.BuildOperationDescriptor$Builder::build (54 bytes)
Event: 380.359 Thread 0x000001edc6f66800 nmethod 11454 0x000001edb8303d10 code [0x000001edb8303ec0, 0x000001edb8304048]
Event: 380.359 Thread 0x000001edc6f66800 11455       4       org.gradle.internal.logging.progress.DefaultProgressLoggerFactory$ProgressLoggerImpl::assertRunning (63 bytes)
Event: 380.360 Thread 0x000001edc6f66800 nmethod 11455 0x000001edb830a310 code [0x000001edb830a4a0, 0x000001edb830a538]
Event: 380.446 Thread 0x000001edc6f66800 11456   !   4       org.gradle.internal.operations.DefaultBuildOperationRunner$3::execute (110 bytes)
Event: 381.068 Thread 0x000001edc6f6c000 11459   !   3       com.google.common.cache.LocalCache$Segment::get (210 bytes)
Event: 381.104 Thread 0x000001edc6f6c000 nmethod 11459 0x000001edb0fffc90 code [0x000001edb10001a0, 0x000001edb1002a38]

GC Heap History (20 events):
Event: 138.794 GC heap before
{Heap before GC invocations=101 (full 0):
 garbage-first heap   total 122880K, used 98184K [0x0000000080000000, 0x0000000100000000)
  region size 1024K, 6 young (6144K), 2 survivors (2048K)
 Metaspace       used 82811K, capacity 84647K, committed 84864K, reserved 1122304K
  class space    used 10652K, capacity 11327K, committed 11392K, reserved 1048576K
}
Event: 138.828 GC heap after
{Heap after GC invocations=102 (full 0):
 garbage-first heap   total 122880K, used 85958K [0x0000000080000000, 0x0000000100000000)
  region size 1024K, 1 young (1024K), 1 survivors (1024K)
 Metaspace       used 82811K, capacity 84647K, committed 84864K, reserved 1122304K
  class space    used 10652K, capacity 11327K, committed 11392K, reserved 1048576K
}
Event: 140.392 GC heap before
{Heap before GC invocations=102 (full 0):
 garbage-first heap   total 122880K, used 91078K [0x0000000080000000, 0x0000000100000000)
  region size 1024K, 6 young (6144K), 1 survivors (1024K)
 Metaspace       used 83223K, capacity 85095K, committed 85248K, reserved 1122304K
  class space    used 10715K, capacity 11391K, committed 11520K, reserved 1048576K
}
Event: 140.415 GC heap after
{Heap after GC invocations=103 (full 0):
 garbage-first heap   total 122880K, used 85223K [0x0000000080000000, 0x0000000100000000)
  region size 1024K, 1 young (1024K), 1 survivors (1024K)
 Metaspace       used 83223K, capacity 85095K, committed 85248K, reserved 1122304K
  class space    used 10715K, capacity 11391K, committed 11520K, reserved 1048576K
}
Event: 143.332 GC heap before
{Heap before GC invocations=103 (full 0):
 garbage-first heap   total 122880K, used 99559K [0x0000000080000000, 0x0000000100000000)
  region size 1024K, 15 young (15360K), 1 survivors (1024K)
 Metaspace       used 84664K, capacity 86503K, committed 86656K, reserved 1124352K
  class space    used 10910K, capacity 11583K, committed 11648K, reserved 1048576K
}
Event: 143.345 GC heap after
{Heap after GC invocations=104 (full 0):
 garbage-first heap   total 147456K, used 85440K [0x0000000080000000, 0x0000000100000000)
  region size 1024K, 1 young (1024K), 1 survivors (1024K)
 Metaspace       used 84664K, capacity 86503K, committed 86656K, reserved 1124352K
  class space    used 10910K, capacity 11583K, committed 11648K, reserved 1048576K
}
Event: 146.739 GC heap before
{Heap before GC invocations=104 (full 0):
 garbage-first heap   total 147456K, used 112064K [0x0000000080000000, 0x0000000100000000)
  region size 1024K, 27 young (27648K), 1 survivors (1024K)
 Metaspace       used 86938K, capacity 88775K, committed 88960K, reserved 1126400K
  class space    used 11162K, capacity 11807K, committed 11904K, reserved 1048576K
}
Event: 146.747 GC heap after
{Heap after GC invocations=105 (full 0):
 garbage-first heap   total 147456K, used 88059K [0x0000000080000000, 0x0000000100000000)
  region size 1024K, 4 young (4096K), 4 survivors (4096K)
 Metaspace       used 86938K, capacity 88775K, committed 88960K, reserved 1126400K
  class space    used 11162K, capacity 11807K, committed 11904K, reserved 1048576K
}
Event: 167.694 GC heap before
{Heap before GC invocations=105 (full 0):
 garbage-first heap   total 147456K, used 112635K [0x0000000080000000, 0x0000000100000000)
  region size 1024K, 29 young (29696K), 4 survivors (4096K)
 Metaspace       used 87871K, capacity 89750K, committed 89856K, reserved 1126400K
  class space    used 11304K, capacity 11980K, committed 12032K, reserved 1048576K
}
Event: 167.707 GC heap after
{Heap after GC invocations=106 (full 0):
 garbage-first heap   total 147456K, used 91626K [0x0000000080000000, 0x0000000100000000)
  region size 1024K, 4 young (4096K), 4 survivors (4096K)
 Metaspace       used 87871K, capacity 89750K, committed 89856K, reserved 1126400K
  class space    used 11304K, capacity 11980K, committed 12032K, reserved 1048576K
}
Event: 174.816 GC heap before
{Heap before GC invocations=106 (full 0):
 garbage-first heap   total 147456K, used 116202K [0x0000000080000000, 0x0000000100000000)
  region size 1024K, 28 young (28672K), 4 survivors (4096K)
 Metaspace       used 89680K, capacity 91805K, committed 92032K, reserved 1128448K
  class space    used 11565K, capacity 12300K, committed 12416K, reserved 1048576K
}
Event: 174.831 GC heap after
{Heap after GC invocations=107 (full 0):
 garbage-first heap   total 147456K, used 92610K [0x0000000080000000, 0x0000000100000000)
  region size 1024K, 1 young (1024K), 1 survivors (1024K)
 Metaspace       used 89680K, capacity 91805K, committed 92032K, reserved 1128448K
  class space    used 11565K, capacity 12300K, committed 12416K, reserved 1048576K
}
Event: 318.195 GC heap before
{Heap before GC invocations=107 (full 0):
 garbage-first heap   total 147456K, used 117185K [0x0000000080000000, 0x0000000100000000)
  region size 1024K, 26 young (26624K), 1 survivors (1024K)
 Metaspace       used 89958K, capacity 92144K, committed 92288K, reserved 1128448K
  class space    used 11605K, capacity 12364K, committed 12416K, reserved 1048576K
}
Event: 318.282 GC heap after
{Heap after GC invocations=108 (full 0):
 garbage-first heap   total 147456K, used 94977K [0x0000000080000000, 0x0000000100000000)
  region size 1024K, 4 young (4096K), 4 survivors (4096K)
 Metaspace       used 89958K, capacity 92144K, committed 92288K, reserved 1128448K
  class space    used 11605K, capacity 12364K, committed 12416K, reserved 1048576K
}
Event: 345.861 GC heap before
{Heap before GC invocations=108 (full 0):
 garbage-first heap   total 147456K, used 118529K [0x0000000080000000, 0x0000000100000000)
  region size 1024K, 28 young (28672K), 4 survivors (4096K)
 Metaspace       used 90056K, capacity 92219K, committed 92288K, reserved 1128448K
  class space    used 11612K, capacity 12368K, committed 12416K, reserved 1048576K
}
Event: 345.999 GC heap after
{Heap after GC invocations=109 (full 0):
 garbage-first heap   total 147456K, used 97953K [0x0000000080000000, 0x0000000100000000)
  region size 1024K, 4 young (4096K), 4 survivors (4096K)
 Metaspace       used 90056K, capacity 92219K, committed 92288K, reserved 1128448K
  class space    used 11612K, capacity 12368K, committed 12416K, reserved 1048576K
}
Event: 366.285 GC heap before
{Heap before GC invocations=109 (full 0):
 garbage-first heap   total 147456K, used 120481K [0x0000000080000000, 0x0000000100000000)
  region size 1024K, 27 young (27648K), 4 survivors (4096K)
 Metaspace       used 90250K, capacity 92304K, committed 92544K, reserved 1130496K
  class space    used 11632K, capacity 12372K, committed 12416K, reserved 1048576K
}
Event: 366.557 GC heap after
{Heap after GC invocations=110 (full 0):
 garbage-first heap   total 147456K, used 97116K [0x0000000080000000, 0x0000000100000000)
  region size 1024K, 2 young (2048K), 2 survivors (2048K)
 Metaspace       used 90250K, capacity 92304K, committed 92544K, reserved 1130496K
  class space    used 11632K, capacity 12372K, committed 12416K, reserved 1048576K
}
Event: 380.051 GC heap before
{Heap before GC invocations=110 (full 0):
 garbage-first heap   total 147456K, used 120668K [0x0000000080000000, 0x0000000100000000)
  region size 1024K, 26 young (26624K), 2 survivors (2048K)
 Metaspace       used 90260K, capacity 92368K, committed 92544K, reserved 1130496K
  class space    used 11632K, capacity 12372K, committed 12416K, reserved 1048576K
}
Event: 380.164 GC heap after
{Heap after GC invocations=111 (full 0):
 garbage-first heap   total 147456K, used 99482K [0x0000000080000000, 0x0000000100000000)
  region size 1024K, 4 young (4096K), 4 survivors (4096K)
 Metaspace       used 90260K, capacity 92368K, committed 92544K, reserved 1130496K
  class space    used 11632K, capacity 12372K, committed 12416K, reserved 1048576K
}

Deoptimization events (20 events):
Event: 365.350 Thread 0x000001edc9504800 Uncommon trap: trap_request=0xffffffc6 fr.pc=0x000001edb820631c relative=0x000000000000087c
Event: 365.350 Thread 0x000001edc9504800 Uncommon trap: reason=bimorphic_or_optimized_type_check action=maybe_recompile pc=0x000001edb820631c method=com.google.common.collect.Iterators$5.computeNext()Ljava/lang/Object; @ 27 c2
Event: 365.350 Thread 0x000001edc9504800 DEOPT PACKING pc=0x000001edb820631c sp=0x0000005829bf9e90
Event: 365.350 Thread 0x000001edc9504800 DEOPT UNPACKING pc=0x000001edb06f742f sp=0x0000005829bf9d90 mode 2
Event: 365.350 Thread 0x000001edc9504800 Uncommon trap: trap_request=0xffffffc6 fr.pc=0x000001edb820631c relative=0x000000000000087c
Event: 365.350 Thread 0x000001edc9504800 Uncommon trap: reason=bimorphic_or_optimized_type_check action=maybe_recompile pc=0x000001edb820631c method=com.google.common.collect.Iterators$5.computeNext()Ljava/lang/Object; @ 27 c2
Event: 365.350 Thread 0x000001edc9504800 DEOPT PACKING pc=0x000001edb820631c sp=0x0000005829bf9e90
Event: 365.350 Thread 0x000001edc9504800 DEOPT UNPACKING pc=0x000001edb06f742f sp=0x0000005829bf9d90 mode 2
Event: 365.371 Thread 0x000001edc9504800 Uncommon trap: trap_request=0xffffffc6 fr.pc=0x000001edb820631c relative=0x000000000000087c
Event: 365.371 Thread 0x000001edc9504800 Uncommon trap: reason=bimorphic_or_optimized_type_check action=maybe_recompile pc=0x000001edb820631c method=com.google.common.collect.Iterators$5.computeNext()Ljava/lang/Object; @ 27 c2
Event: 365.371 Thread 0x000001edc9504800 DEOPT PACKING pc=0x000001edb820631c sp=0x0000005829bf9e90
Event: 365.371 Thread 0x000001edc9504800 DEOPT UNPACKING pc=0x000001edb06f742f sp=0x0000005829bf9d90 mode 2
Event: 365.371 Thread 0x000001edc9504800 Uncommon trap: trap_request=0xffffffc6 fr.pc=0x000001edb820631c relative=0x000000000000087c
Event: 365.371 Thread 0x000001edc9504800 Uncommon trap: reason=bimorphic_or_optimized_type_check action=maybe_recompile pc=0x000001edb820631c method=com.google.common.collect.Iterators$5.computeNext()Ljava/lang/Object; @ 27 c2
Event: 365.371 Thread 0x000001edc9504800 DEOPT PACKING pc=0x000001edb820631c sp=0x0000005829bf9e90
Event: 365.371 Thread 0x000001edc9504800 DEOPT UNPACKING pc=0x000001edb06f742f sp=0x0000005829bf9d90 mode 2
Event: 379.712 Thread 0x000001edca607000 Uncommon trap: trap_request=0xffffff4d fr.pc=0x000001edb86b542c relative=0x0000000000000a4c
Event: 379.712 Thread 0x000001edca607000 Uncommon trap: reason=unstable_if action=reinterpret pc=0x000001edb86b542c method=java.util.concurrent.ConcurrentLinkedQueue.offer(Ljava/lang/Object;)Z @ 42 c2
Event: 379.712 Thread 0x000001edca607000 DEOPT PACKING pc=0x000001edb86b542c sp=0x000000582aafc020
Event: 379.713 Thread 0x000001edca607000 DEOPT UNPACKING pc=0x000001edb06f742f sp=0x000000582aafbe80 mode 2

Classes redefined (0 events):
No events

Internal exceptions (20 events):
Event: 171.018 Thread 0x000001edcbb18000 Exception <a 'java/lang/NoSuchMethodError'{0x0000000087ddee80}: 'java.lang.Object java.lang.invoke.DirectMethodHandle$Holder.invokeSpecial(java.lang.Object, java.lang.Object, int, int, java.lang.Object, int, java.lang.Object, java.lang.Object)'> (0x0000000087ddee80) thrown at [./src/hotspot/share/interpreter/linkResolver.cpp, line 773]
Event: 171.019 Thread 0x000001edcbb18000 Exception <a 'java/lang/NoSuchMethodError'{0x0000000087de2f60}: 'java.lang.Object java.lang.invoke.DelegatingMethodHandle$Holder.reinvoke_L(java.lang.Object, int, int, java.lang.Object, int, java.lang.Object, java.lang.Object)'> (0x0000000087de2f60) thrown at [./src/hotspot/share/interpreter/linkResolver.cpp, line 773]
Event: 171.024 Thread 0x000001edcbb18000 Exception <a 'java/lang/NoSuchMethodError'{0x0000000087c0ec48}: 'java.lang.Object java.lang.invoke.DirectMethodHandle$Holder.invokeStatic(java.lang.Object, java.lang.Object, java.lang.Object, java.lang.Object, java.lang.Object, java.lang.Object, java.lang.Object, java.lang.Object, int)'> (0x0000000087c0ec48) thrown at [./src/hotspot/share/interpreter/linkResolver.cpp, line 773]
Event: 171.027 Thread 0x000001edcbb18000 Exception <a 'java/lang/NoSuchMethodError'{0x0000000087c29c40}: 'java.lang.Object java.lang.invoke.DirectMethodHandle$Holder.invokeStatic(java.lang.Object, java.lang.Object, java.lang.Object, java.lang.Object, java.lang.Object, java.lang.Object, java.lang.Object, java.lang.Object, int, int)'> (0x0000000087c29c40) thrown at [./src/hotspot/share/interpreter/linkResolver.cpp, line 773]
Event: 171.030 Thread 0x000001edcbb18000 Exception <a 'java/lang/NoSuchMethodError'{0x0000000087c45948}: 'java.lang.Object java.lang.invoke.DirectMethodHandle$Holder.invokeStatic(java.lang.Object, java.lang.Object, java.lang.Object, java.lang.Object, java.lang.Object, java.lang.Object, java.lang.Object, java.lang.Object, int, int, java.lang.Object)'> (0x0000000087c45948) thrown at [./src/hotspot/share/interpreter/linkResolver.cpp, line 773]
Event: 171.033 Thread 0x000001edcbb18000 Exception <a 'java/lang/NoSuchMethodError'{0x0000000087c62c18}: 'java.lang.Object java.lang.invoke.DirectMethodHandle$Holder.invokeStatic(java.lang.Object, java.lang.Object, java.lang.Object, java.lang.Object, java.lang.Object, java.lang.Object, java.lang.Object, java.lang.Object, int, int, java.lang.Object, java.lang.Object)'> (0x0000000087c62c18) thrown at [./src/hotspot/share/interpreter/linkResolver.cpp, line 773]
Event: 171.302 Thread 0x000001edcbb18000 Exception <a 'java/lang/NoSuchMethodError'{0x0000000087c95878}: <clinit>> (0x0000000087c95878) thrown at [./src/hotspot/share/prims/jni.cpp, line 1362]
Event: 171.312 Thread 0x000001edcbb18000 Exception <a 'java/lang/NoSuchMethodError'{0x0000000087cc2880}: <clinit>> (0x0000000087cc2880) thrown at [./src/hotspot/share/prims/jni.cpp, line 1362]
Event: 171.496 Thread 0x000001edcb8b4000 Exception <a 'java/lang/InterruptedException'{0x0000000087cddd38}> (0x0000000087cddd38) thrown at [./src/hotspot/share/runtime/objectMonitor.cpp, line 1635]
Event: 171.500 Thread 0x000001edcb8b4000 Exception <a 'java/lang/NoSuchMethodError'{0x0000000087ce5b40}: 'java.lang.Object java.lang.invoke.DirectMethodHandle$Holder.invokeStatic(java.lang.Object, java.lang.Object, int, java.lang.Object, long)'> (0x0000000087ce5b40) thrown at [./src/hotspot/share/interpreter/linkResolver.cpp, line 773]
Event: 172.241 Thread 0x000001edcbb18000 Exception <a 'java/lang/NoSuchMethodError'{0x0000000087b37e58}: <clinit>> (0x0000000087b37e58) thrown at [./src/hotspot/share/prims/jni.cpp, line 1362]
Event: 172.244 Thread 0x000001edcbb18000 Exception <a 'java/lang/NoSuchMethodError'{0x0000000087b47f60}: <clinit>> (0x0000000087b47f60) thrown at [./src/hotspot/share/prims/jni.cpp, line 1362]
Event: 172.247 Thread 0x000001edcbb18000 Exception <a 'java/lang/NoSuchMethodError'{0x0000000087b582a0}: <clinit>> (0x0000000087b582a0) thrown at [./src/hotspot/share/prims/jni.cpp, line 1362]
Event: 172.382 Thread 0x000001edcbb18000 Exception <a 'java/lang/NoSuchMethodError'{0x0000000087ba8918}: <clinit>> (0x0000000087ba8918) thrown at [./src/hotspot/share/prims/jni.cpp, line 1362]
Event: 172.768 Thread 0x000001edcbb18000 Exception <a 'java/lang/NoSuchMethodError'{0x000000008793dfb8}: <clinit>> (0x000000008793dfb8) thrown at [./src/hotspot/share/prims/jni.cpp, line 1362]
Event: 174.835 Thread 0x000001edcb8b5000 Exception <a 'java/lang/NoSuchMethodError'{0x0000000088f21480}: 'java.lang.Object java.lang.invoke.DirectMethodHandle$Holder.invokeStatic(java.lang.Object, java.lang.Object, java.lang.Object, java.lang.Object, java.lang.Object, java.lang.Object, java.lang.Object, java.lang.Object, java.lang.Object, java.lang.Object, java.lang.Object, java.lang.Object, java.lang.Object, int)'> (0x0000000088f21480) thrown at [./src/hotspot/share/interpreter/linkResolver.cpp, line 773]
Event: 174.838 Thread 0x000001edcb8b5000 Exception <a 'java/lang/NoSuchMethodError'{0x0000000088f2e280}: 'java.lang.Object java.lang.invoke.DirectMethodHandle$Holder.invokeStatic(java.lang.Object, java.lang.Object, java.lang.Object, java.lang.Object, java.lang.Object, java.lang.Object, java.lang.Object, java.lang.Object, java.lang.Object, java.lang.Object, java.lang.Object, java.lang.Object, java.lang.Object, int, int)'> (0x0000000088f2e280) thrown at [./src/hotspot/share/interpreter/linkResolver.cpp, line 773]
Event: 312.846 Thread 0x000001edc89fe000 Exception <a 'java/lang/NoSuchMethodError'{0x0000000088ab1070}: <clinit>> (0x0000000088ab1070) thrown at [./src/hotspot/share/prims/jni.cpp, line 1362]
Event: 321.546 Thread 0x000001edc9504800 Exception <a 'java/lang/NoSuchMethodError'{0x00000000886d0830}: 'int java.lang.invoke.DirectMethodHandle$Holder.invokeSpecial(java.lang.Object, java.lang.Object, java.lang.Object, java.lang.Object, java.lang.Object)'> (0x00000000886d0830) thrown at [./src/hotspot/share/interpreter/linkResolver.cpp, line 773]
Event: 346.285 Thread 0x000001edcb8b4000 Exception <a 'java/lang/InterruptedException'{0x0000000088744b60}> (0x0000000088744b60) thrown at [./src/hotspot/share/runtime/objectMonitor.cpp, line 1635]

Events (20 events):
Event: 365.450 Executing VM operation: RevokeBias done
Event: 365.518 Executing VM operation: RevokeBias
Event: 365.518 Executing VM operation: RevokeBias done
Event: 366.285 Executing VM operation: G1CollectForAllocation
Event: 366.557 Executing VM operation: G1CollectForAllocation done
Event: 366.561 Executing VM operation: RevokeBias
Event: 366.762 Executing VM operation: RevokeBias done
Event: 366.762 Executing VM operation: RevokeBias
Event: 366.764 Executing VM operation: RevokeBias done
Event: 366.771 Executing VM operation: RevokeBias
Event: 366.879 Executing VM operation: RevokeBias done
Event: 366.879 Thread 0x000001edcb8b4000 Thread exited: 0x000001edcb8b4000
Event: 376.259 Executing VM operation: RevokeBias
Event: 376.259 Executing VM operation: RevokeBias done
Event: 376.260 Executing VM operation: RevokeBias
Event: 376.260 Executing VM operation: RevokeBias done
Event: 377.303 Executing VM operation: RevokeBias
Event: 377.303 Executing VM operation: RevokeBias done
Event: 380.050 Executing VM operation: G1CollectForAllocation
Event: 380.164 Executing VM operation: G1CollectForAllocation done


Dynamic libraries:
0x00007ff727460000 - 0x00007ff72746a000 	C:\Program Files\Android\Android Studio\jre\bin\java.exe
0x00007ff897890000 - 0x00007ff897a85000 	C:\WINDOWS\SYSTEM32\ntdll.dll
0x00007ff897790000 - 0x00007ff89784e000 	C:\WINDOWS\System32\KERNEL32.DLL
0x00007ff8953e0000 - 0x00007ff8956a9000 	C:\WINDOWS\System32\KERNELBASE.dll
0x00007ff8952e0000 - 0x00007ff8953e0000 	C:\WINDOWS\System32\ucrtbase.dll
0x00007ff8852a0000 - 0x00007ff8852b9000 	C:\Program Files\Android\Android Studio\jre\bin\jli.dll
0x00007ff88e5c0000 - 0x00007ff88e5d7000 	C:\Program Files\Android\Android Studio\jre\bin\VCRUNTIME140.dll
0x00007ff896620000 - 0x00007ff8967c1000 	C:\WINDOWS\System32\USER32.dll
0x00007ff894350000 - 0x00007ff8945ea000 	C:\WINDOWS\WinSxS\amd64_microsoft.windows.common-controls_6595b64144ccf1df_6.0.19041.1110_none_60b5254171f9507e\COMCTL32.dll
0x00007ff8952b0000 - 0x00007ff8952d2000 	C:\WINDOWS\System32\win32u.dll
0x00007ff895a50000 - 0x00007ff895a7b000 	C:\WINDOWS\System32\GDI32.dll
0x00007ff895110000 - 0x00007ff89521b000 	C:\WINDOWS\System32\gdi32full.dll
0x00007ff895840000 - 0x00007ff8958dd000 	C:\WINDOWS\System32\msvcp_win.dll
0x00007ff896830000 - 0x00007ff8968ce000 	C:\WINDOWS\System32\msvcrt.dll
0x00007ff8968d0000 - 0x00007ff896900000 	C:\WINDOWS\System32\IMM32.DLL
0x00007ff875f60000 - 0x00007ff875ffd000 	C:\Program Files\Android\Android Studio\jre\bin\msvcp140.dll
0x00007ff869e70000 - 0x00007ff86a92c000 	C:\Program Files\Android\Android Studio\jre\bin\server\jvm.dll
0x00007ff895940000 - 0x00007ff8959ec000 	C:\WINDOWS\System32\ADVAPI32.dll
0x00007ff896900000 - 0x00007ff89699b000 	C:\WINDOWS\System32\sechost.dll
0x00007ff8962e0000 - 0x00007ff89640a000 	C:\WINDOWS\System32\RPCRT4.dll
0x00007ff896410000 - 0x00007ff896418000 	C:\WINDOWS\System32\PSAPI.DLL
0x00007ff893180000 - 0x00007ff893189000 	C:\WINDOWS\SYSTEM32\WSOCK32.dll
0x00007ff885110000 - 0x00007ff88511a000 	C:\WINDOWS\SYSTEM32\VERSION.dll
0x00007ff8849b0000 - 0x00007ff8849d7000 	C:\WINDOWS\SYSTEM32\WINMM.dll
0x00007ff8974f0000 - 0x00007ff89755b000 	C:\WINDOWS\System32\WS2_32.dll
0x00007ff892100000 - 0x00007ff892112000 	C:\WINDOWS\SYSTEM32\kernel.appcore.dll
0x00007ff891b60000 - 0x00007ff891b71000 	C:\Program Files\Android\Android Studio\jre\bin\verify.dll
0x00007ff894950000 - 0x00007ff894b34000 	C:\WINDOWS\SYSTEM32\DBGHELP.DLL
0x00007ff894700000 - 0x00007ff89472c000 	C:\WINDOWS\SYSTEM32\dbgcore.DLL
0x00007ff895220000 - 0x00007ff8952a3000 	C:\WINDOWS\System32\bcryptPrimitives.dll
0x00007ff891a70000 - 0x00007ff891a99000 	C:\Program Files\Android\Android Studio\jre\bin\java.dll
0x00007ff892f40000 - 0x00007ff892f4b000 	C:\Program Files\Android\Android Studio\jre\bin\jimage.dll
0x00007ff891a50000 - 0x00007ff891a68000 	C:\Program Files\Android\Android Studio\jre\bin\zip.dll
0x00007ff8969a0000 - 0x00007ff8970df000 	C:\WINDOWS\System32\SHELL32.dll
0x00007ff8923e0000 - 0x00007ff892b70000 	C:\WINDOWS\SYSTEM32\windows.storage.dll
0x00007ff8970e0000 - 0x00007ff897435000 	C:\WINDOWS\System32\combase.dll
0x00007ff8942b0000 - 0x00007ff8942dc000 	C:\WINDOWS\SYSTEM32\Wldp.dll
0x00007ff897440000 - 0x00007ff8974ee000 	C:\WINDOWS\System32\SHCORE.dll
0x00007ff8959f0000 - 0x00007ff895a45000 	C:\WINDOWS\System32\shlwapi.dll
0x00007ff894ef0000 - 0x00007ff894f0f000 	C:\WINDOWS\SYSTEM32\profapi.dll
0x00007ff891a30000 - 0x00007ff891a4a000 	C:\Program Files\Android\Android Studio\jre\bin\net.dll
0x00007ff8869b0000 - 0x00007ff886ab8000 	C:\WINDOWS\SYSTEM32\WINHTTP.dll
0x00007ff894150000 - 0x00007ff8941ba000 	C:\WINDOWS\system32\mswsock.dll
0x00007ff891a10000 - 0x00007ff891a24000 	C:\Program Files\Android\Android Studio\jre\bin\nio.dll
0x00007ff8843f0000 - 0x00007ff884417000 	C:\Users\mohamad\.gradle\native\fdc75f09e3144964f2cf3f50f0aa648679c211496f362492102eb8c894070792\windows-amd64\native-platform.dll
0x00007ff872890000 - 0x00007ff872a26000 	C:\Users\mohamad\.gradle\native\12488b8bf47d2d4c9fbf2f6322a914ad602e24e48041cd04a747c6da556b65c4\windows-amd64\native-platform-file-events.dll
0x00007ff891b00000 - 0x00007ff891b0a000 	C:\Program Files\Android\Android Studio\jre\bin\management.dll
0x00007ff8913a0000 - 0x00007ff8913ac000 	C:\Program Files\Android\Android Studio\jre\bin\management_ext.dll
0x00007ff894c60000 - 0x00007ff894c78000 	C:\WINDOWS\SYSTEM32\CRYPTSP.dll
0x00007ff8939b0000 - 0x00007ff8939e4000 	C:\WINDOWS\system32\rsaenh.dll
0x00007ff8956b0000 - 0x00007ff8956d7000 	C:\WINDOWS\System32\bcrypt.dll
0x00007ff894e70000 - 0x00007ff894e9e000 	C:\WINDOWS\SYSTEM32\USERENV.dll
0x00007ff8940f0000 - 0x00007ff8940fc000 	C:\WINDOWS\SYSTEM32\CRYPTBASE.dll
0x00007ff893d00000 - 0x00007ff893d3b000 	C:\WINDOWS\SYSTEM32\IPHLPAPI.DLL
0x00007ff8962a0000 - 0x00007ff8962a8000 	C:\WINDOWS\System32\NSI.dll
0x00007ff88dc30000 - 0x00007ff88dc47000 	C:\WINDOWS\SYSTEM32\dhcpcsvc6.DLL
0x00007ff88dd00000 - 0x00007ff88dd1d000 	C:\WINDOWS\SYSTEM32\dhcpcsvc.DLL
0x00007ff893d40000 - 0x00007ff893e0c000 	C:\WINDOWS\SYSTEM32\DNSAPI.dll
0x00007ff88e180000 - 0x00007ff88e18b000 	C:\WINDOWS\SYSTEM32\WINNSI.DLL
0x00007ff8902c0000 - 0x00007ff8902c8000 	C:\Program Files\Android\Android Studio\jre\bin\rmi.dll

dbghelp: loaded successfully - version: 4.0.5 - missing functions: none
symbol engine: initialized successfully - sym options: 0x614 - pdb path: .;C:\Program Files\Android\Android Studio\jre\bin;C:\WINDOWS\SYSTEM32;C:\WINDOWS\WinSxS\amd64_microsoft.windows.common-controls_6595b64144ccf1df_6.0.19041.1110_none_60b5254171f9507e;C:\Program Files\Android\Android Studio\jre\bin\server;C:\Users\mohamad\.gradle\native\fdc75f09e3144964f2cf3f50f0aa648679c211496f362492102eb8c894070792\windows-amd64;C:\Users\mohamad\.gradle\native\12488b8bf47d2d4c9fbf2f6322a914ad602e24e48041cd04a747c6da556b65c4\windows-amd64

VM Arguments:
jvm_args: --add-opens=java.base/java.util=ALL-UNNAMED --add-opens=java.base/java.lang=ALL-UNNAMED --add-opens=java.base/java.lang.invoke=ALL-UNNAMED --add-opens=java.prefs/java.util.prefs=ALL-UNNAMED -Xmx2048m -Dfile.encoding=UTF-8 -Duser.country=US -Duser.language=en -Duser.variant 
java_command: org.gradle.launcher.daemon.bootstrap.GradleDaemon 6.7.1
java_class_path (initial): C:\Users\mohamad\.gradle\wrapper\dists\gradle-6.7.1-all\2moa8rlfac5eqlcfgk98k0deb\gradle-6.7.1\lib\gradle-launcher-6.7.1.jar
Launcher Type: SUN_STANDARD

[Global flags]
     intx CICompilerCount                          = 3                                         {product} {ergonomic}
     uint ConcGCThreads                            = 1                                         {product} {ergonomic}
     uint G1ConcRefinementThreads                  = 4                                         {product} {ergonomic}
   size_t G1HeapRegionSize                         = 1048576                                   {product} {ergonomic}
    uintx GCDrainStackTargetSize                   = 64                                        {product} {ergonomic}
   size_t InitialHeapSize                          = 67108864                                  {product} {ergonomic}
   size_t MarkStackSize                            = 4194304                                   {product} {ergonomic}
   size_t MaxHeapSize                              = 2147483648                                {product} {command line}
   size_t MaxNewSize                               = 1287651328                                {product} {ergonomic}
   size_t MinHeapDeltaBytes                        = 1048576                                   {product} {ergonomic}
    uintx NonNMethodCodeHeapSize                   = 5830732                                {pd product} {ergonomic}
    uintx NonProfiledCodeHeapSize                  = 122913754                              {pd product} {ergonomic}
    uintx ProfiledCodeHeapSize                     = 122913754                              {pd product} {ergonomic}
    uintx ReservedCodeCacheSize                    = 251658240                              {pd product} {ergonomic}
     bool SegmentedCodeCache                       = true                                      {product} {ergonomic}
     bool UseCompressedClassPointers               = true                                 {lp64_product} {ergonomic}
     bool UseCompressedOops                        = true                                 {lp64_product} {ergonomic}
     bool UseG1GC                                  = true                                      {product} {ergonomic}
     bool UseLargePagesIndividualAllocation        = false                                  {pd product} {ergonomic}

Logging:
Log output configuration:
 #0: stdout all=warning uptime,level,tags
 #1: stderr all=off uptime,level,tags

Environment Variables:
PATH=C:\WINDOWS\system32;C:\WINDOWS;C:\WINDOWS\System32\Wbem;C:\WINDOWS\System32\WindowsPowerShell\v1.0\;C:\WINDOWS\System32\OpenSSH\;C:\Program Files\nodejs\;C:\Program Files\Git\cmd;C:\flutter\bin;C:\Users\mohamad\AppData\Local\Microsoft\WindowsApps;C:\Users\mohamad\AppData\Roaming\npm;C:\Program Files\Git\cmd\git.exe;C:\Program Files\mingw-w64\x86_64-8.1.0-posix-seh-rt_v6-rev0\mingw64\bin;
USERNAME=mohamad
OS=Windows_NT
PROCESSOR_IDENTIFIER=Intel64 Family 6 Model 42 Stepping 7, GenuineIntel



---------------  S Y S T E M  ---------------

OS: Windows 10 , 64 bit Build 19041 (10.0.19041.1202)
OS uptime: 12 days 22:47 hours

CPU:total 4 (initial active 4) (2 cores per cpu, 2 threads per core) family 6 model 42 stepping 7, cmov, cx8, fxsr, mmx, sse, sse2, sse3, ssse3, sse4.1, sse4.2, popcnt, avx, clmul, ht, tsc, tscinvbit

Memory: 4k page, system-wide physical 4030M (148M free)
TotalPageFile size 10127M (AvailPageFile size 3150M)
current process WorkingSet (physical memory assigned to process): 206M, peak: 366M
current process commit charge ("private bytes"): 410M, peak: 412M

vm_info: OpenJDK 64-Bit Server VM (11.0.8+10-b944.6842174) for windows-amd64 JRE (11.0.8+10-b944.6842174), built on Sep 19 2020 01:11:42 by "builder" with MS VC++ 14.0 (VS2015)

END.
